[0.048s] Invoking command in '/home/starry1n/WUTA/WUTA-FSD/ros2_ws/build/mission_manager': AMENT_PREFIX_PATH=/home/starry1n/WUTA/WUTA-FSD/ros2_ws/install/wuta_msgs:${AMENT_PREFIX_PATH} CMAKE_PREFIX_PATH=/home/starry1n/WUTA/WUTA-FSD/ros2_ws/install/wuta_msgs:/opt/ros/humble LD_LIBRARY_PATH=/home/starry1n/WUTA/WUTA-FSD/ros2_ws/install/wuta_msgs/lib:${LD_LIBRARY_PATH} PYTHONPATH=/home/starry1n/WUTA/WUTA-FSD/ros2_ws/install/wuta_msgs/local/lib/python3.10/dist-packages:${PYTHONPATH} /usr/bin/cmake /home/starry1n/WUTA/WUTA-FSD/ros2_ws/src/system/mission_manager -DCMAKE_MODULE_PATH=/home/starry1n/WUTA/WUTA-FSD/ros2_ws/cmake -DAMENT_CMAKE_SYMLINK_INSTALL=1 -DCMAKE_INSTALL_PREFIX=/home/starry1n/WUTA/WUTA-FSD/ros2_ws/install/mission_manager
[3.677s] -- The C compiler identification is GNU 11.4.0
[3.677s] -- The CXX compiler identification is GNU 11.4.0
[3.677s] -- Detecting C compiler ABI info
[3.677s] -- Detecting C compiler ABI info - done
[3.677s] -- Check for working C compiler: /usr/bin/cc - skipped
[3.677s] -- Detecting C compile features
[3.677s] -- Detecting C compile features - done
[3.677s] -- Detecting CXX compiler ABI info
[3.677s] -- Detecting CXX compiler ABI info - done
[3.677s] -- Check for working CXX compiler: /usr/bin/c++ - skipped
[3.677s] -- Detecting CXX compile features
[3.678s] -- Detecting CXX compile features - done
[3.678s] -- Found ament_cmake: 1.3.14 (/opt/ros/humble/share/ament_cmake/cmake)
[3.678s] -- Found Python3: /usr/bin/python3 (found version "3.10.12") found components: Interpreter
[3.678s] -- Override CMake install command with custom implementation using symlinks instead of copying resources
[3.678s] -- Found rclcpp: 16.0.19 (/opt/ros/humble/share/rclcpp/cmake)
[3.678s] -- Found rosidl_generator_c: 3.1.9 (/opt/ros/humble/share/rosidl_generator_c/cmake)
[3.678s] -- Found rosidl_adapter: 3.1.9 (/opt/ros/humble/share/rosidl_adapter/cmake)
[3.678s] -- Found rosidl_generator_cpp: 3.1.9 (/opt/ros/humble/share/rosidl_generator_cpp/cmake)
[3.678s] -- Using all available rosidl_typesupport_c: rosidl_typesupport_fastrtps_c;rosidl_typesupport_introspection_c
[3.684s] -- Using all available rosidl_typesupport_cpp: rosidl_typesupport_fastrtps_cpp;rosidl_typesupport_introspection_cpp
[3.684s] -- Found rmw_implementation_cmake: 6.1.2 (/opt/ros/humble/share/rmw_implementation_cmake/cmake)
[3.684s] -- Found rmw_fastrtps_cpp: 6.2.10 (/opt/ros/humble/share/rmw_fastrtps_cpp/cmake)
[3.684s] -- Found OpenSSL: /usr/lib/x86_64-linux-gnu/libcrypto.so (found version "3.0.2")
[3.684s] -- Found FastRTPS: /opt/ros/humble/include
[3.684s] -- Using RMW implementation 'rmw_fastrtps_cpp' as default
[3.684s] -- Performing Test CMAKE_HAVE_LIBC_PTHREAD
[3.684s] -- Performing Test CMAKE_HAVE_LIBC_PTHREAD - Success
[3.684s] -- Found Threads: TRUE
[3.684s] -- Found wuta_msgs: 1.0.0 (/home/starry1n/WUTA/WUTA-FSD/ros2_ws/install/wuta_msgs/share/wuta_msgs/cmake)
[3.684s] [0mCMake Deprecation Warning at CMakeLists.txt:1 (cmake_minimum_required):
[3.684s]   Compatibility with CMake < 3.10 will be removed from a future version of
[3.684s]   CMake.
[3.684s] 
[3.684s]   Update the VERSION argument <min> value.  Or, use the <min>...<max> syntax
[3.685s]   to tell CMake that the project requires at least <min> but has been updated
[3.685s]   to work with policies introduced by <max> or earlier.
[3.685s] 
[3.685s] [0m
[3.731s] -- Configuring done (3.6s)
[3.745s] -- Generating done (0.0s)
[3.791s] -- Build files have been written to: /home/starry1n/WUTA/WUTA-FSD/ros2_ws/build/mission_manager
