[0.094s] DEBUG:colcon:Command line arguments: ['/usr/bin/colcon', 'build', '--base-paths', '.', '--symlink-install', '--packages-up-to', 'simulator_bringup']
[0.094s] DEBUG:colcon:Parsed command line arguments: Namespace(log_base=None, log_level=None, verb_name='build', build_base='build', install_base='install', merge_install=False, symlink_install=True, test_result_base=None, continue_on_error=False, executor='parallel', parallel_workers=8, event_handlers=None, ignore_user_meta=False, metas=['./colcon.meta'], base_paths=['.'], packages_ignore=None, packages_ignore_regex=None, paths=None, packages_up_to=['simulator_bringup'], packages_up_to_regex=None, packages_above=None, packages_above_and_dependencies=None, packages_above_depth=None, packages_select_by_dep=None, packages_skip_by_dep=None, packages_skip_up_to=None, packages_select_build_failed=False, packages_skip_build_finished=False, packages_select_test_failures=False, packages_skip_test_passed=False, packages_select=None, packages_skip=None, packages_select_regex=None, packages_skip_regex=None, packages_start=None, packages_end=None, allow_overriding=[], cmake_args=None, cmake_target=None, cmake_target_skip_unavailable=False, cmake_clean_cache=False, cmake_clean_first=False, cmake_force_configure=False, ament_cmake_args=None, catkin_cmake_args=None, catkin_skip_building_tests=False, verb_parser=<colcon_defaults.argument_parser.defaults.DefaultArgumentsDecorator object at 0x76775d1eb970>, verb_extension=<colcon_core.verb.build.BuildVerb object at 0x76775d3d9840>, main=<bound method BuildVerb.main of <colcon_core.verb.build.BuildVerb object at 0x76775d3d9840>>)
[0.223s] Level 1:colcon.colcon_core.package_discovery:discover_packages(colcon_meta) check parameters
[0.223s] Level 1:colcon.colcon_core.package_discovery:discover_packages(recursive) check parameters
[0.223s] Level 1:colcon.colcon_core.package_discovery:discover_packages(ignore) check parameters
[0.223s] Level 1:colcon.colcon_core.package_discovery:discover_packages(path) check parameters
[0.223s] Level 1:colcon.colcon_core.package_discovery:discover_packages(recursive) discover
[0.223s] INFO:colcon.colcon_core.package_discovery:Crawling recursively for packages in '/home/starry1n/WUTA/WUTA-SIM'
[0.223s] Level 1:colcon.colcon_core.package_identification:_identify(.) by extensions ['ignore', 'ignore_ament_install']
[0.223s] Level 1:colcon.colcon_core.package_identification:_identify(.) by extension 'ignore'
[0.223s] Level 1:colcon.colcon_core.package_identification:_identify(.) by extension 'ignore_ament_install'
[0.223s] Level 1:colcon.colcon_core.package_identification:_identify(.) by extensions ['colcon_pkg']
[0.223s] Level 1:colcon.colcon_core.package_identification:_identify(.) by extension 'colcon_pkg'
[0.223s] Level 1:colcon.colcon_core.package_identification:_identify(.) by extensions ['colcon_meta']
[0.223s] Level 1:colcon.colcon_core.package_identification:_identify(.) by extension 'colcon_meta'
[0.224s] Level 1:colcon.colcon_core.package_identification:_identify(.) by extensions ['ros']
[0.224s] Level 1:colcon.colcon_core.package_identification:_identify(.) by extension 'ros'
[0.232s] Level 1:colcon.colcon_core.package_identification:_identify(.) by extensions ['cmake', 'python']
[0.232s] Level 1:colcon.colcon_core.package_identification:_identify(.) by extension 'cmake'
[0.232s] Level 1:colcon.colcon_core.package_identification:_identify(.) by extension 'python'
[0.232s] Level 1:colcon.colcon_core.package_identification:_identify(.) by extensions ['python_setup_py']
[0.232s] Level 1:colcon.colcon_core.package_identification:_identify(.) by extension 'python_setup_py'
[0.232s] Level 1:colcon.colcon_core.package_identification:_identify(build) by extensions ['ignore', 'ignore_ament_install']
[0.232s] Level 1:colcon.colcon_core.package_identification:_identify(build) by extension 'ignore'
[0.232s] Level 1:colcon.colcon_core.package_identification:_identify(build) ignored
[0.233s] Level 1:colcon.colcon_core.package_identification:_identify(can_simulator) by extensions ['ignore', 'ignore_ament_install']
[0.233s] Level 1:colcon.colcon_core.package_identification:_identify(can_simulator) by extension 'ignore'
[0.233s] Level 1:colcon.colcon_core.package_identification:_identify(can_simulator) by extension 'ignore_ament_install'
[0.233s] Level 1:colcon.colcon_core.package_identification:_identify(can_simulator) by extensions ['colcon_pkg']
[0.233s] Level 1:colcon.colcon_core.package_identification:_identify(can_simulator) by extension 'colcon_pkg'
[0.233s] Level 1:colcon.colcon_core.package_identification:_identify(can_simulator) by extensions ['colcon_meta']
[0.233s] Level 1:colcon.colcon_core.package_identification:_identify(can_simulator) by extension 'colcon_meta'
[0.233s] Level 1:colcon.colcon_core.package_identification:_identify(can_simulator) by extensions ['ros']
[0.233s] Level 1:colcon.colcon_core.package_identification:_identify(can_simulator) by extension 'ros'
[0.233s] Level 1:colcon.colcon_core.package_identification:_identify(can_simulator) by extensions ['cmake', 'python']
[0.233s] Level 1:colcon.colcon_core.package_identification:_identify(can_simulator) by extension 'cmake'
[0.233s] Level 1:colcon.colcon_core.package_identification:_identify(can_simulator) by extension 'python'
[0.233s] Level 1:colcon.colcon_core.package_identification:_identify(can_simulator) by extensions ['python_setup_py']
[0.233s] Level 1:colcon.colcon_core.package_identification:_identify(can_simulator) by extension 'python_setup_py'
[0.233s] Level 1:colcon.colcon_core.package_identification:_identify(can_simulator/src) by extensions ['ignore', 'ignore_ament_install']
[0.233s] Level 1:colcon.colcon_core.package_identification:_identify(can_simulator/src) by extension 'ignore'
[0.233s] Level 1:colcon.colcon_core.package_identification:_identify(can_simulator/src) by extension 'ignore_ament_install'
[0.233s] Level 1:colcon.colcon_core.package_identification:_identify(can_simulator/src) by extensions ['colcon_pkg']
[0.233s] Level 1:colcon.colcon_core.package_identification:_identify(can_simulator/src) by extension 'colcon_pkg'
[0.233s] Level 1:colcon.colcon_core.package_identification:_identify(can_simulator/src) by extensions ['colcon_meta']
[0.233s] Level 1:colcon.colcon_core.package_identification:_identify(can_simulator/src) by extension 'colcon_meta'
[0.233s] Level 1:colcon.colcon_core.package_identification:_identify(can_simulator/src) by extensions ['ros']
[0.233s] Level 1:colcon.colcon_core.package_identification:_identify(can_simulator/src) by extension 'ros'
[0.233s] Level 1:colcon.colcon_core.package_identification:_identify(can_simulator/src) by extensions ['cmake', 'python']
[0.233s] Level 1:colcon.colcon_core.package_identification:_identify(can_simulator/src) by extension 'cmake'
[0.233s] Level 1:colcon.colcon_core.package_identification:_identify(can_simulator/src) by extension 'python'
[0.233s] Level 1:colcon.colcon_core.package_identification:_identify(can_simulator/src) by extensions ['python_setup_py']
[0.233s] Level 1:colcon.colcon_core.package_identification:_identify(can_simulator/src) by extension 'python_setup_py'
[0.234s] Level 1:colcon.colcon_core.package_identification:_identify(can_simulator/src/can_simulator) by extensions ['ignore', 'ignore_ament_install']
[0.234s] Level 1:colcon.colcon_core.package_identification:_identify(can_simulator/src/can_simulator) by extension 'ignore'
[0.234s] Level 1:colcon.colcon_core.package_identification:_identify(can_simulator/src/can_simulator) by extension 'ignore_ament_install'
[0.234s] Level 1:colcon.colcon_core.package_identification:_identify(can_simulator/src/can_simulator) by extensions ['colcon_pkg']
[0.234s] Level 1:colcon.colcon_core.package_identification:_identify(can_simulator/src/can_simulator) by extension 'colcon_pkg'
[0.234s] Level 1:colcon.colcon_core.package_identification:_identify(can_simulator/src/can_simulator) by extensions ['colcon_meta']
[0.234s] Level 1:colcon.colcon_core.package_identification:_identify(can_simulator/src/can_simulator) by extension 'colcon_meta'
[0.234s] Level 1:colcon.colcon_core.package_identification:_identify(can_simulator/src/can_simulator) by extensions ['ros']
[0.234s] Level 1:colcon.colcon_core.package_identification:_identify(can_simulator/src/can_simulator) by extension 'ros'
[0.236s] DEBUG:colcon.colcon_core.package_identification:Package 'can_simulator/src/can_simulator' with type 'ros.ament_python' and name 'can_simulator'
[0.236s] Level 1:colcon.colcon_core.package_identification:_identify(docs) by extensions ['ignore', 'ignore_ament_install']
[0.236s] Level 1:colcon.colcon_core.package_identification:_identify(docs) by extension 'ignore'
[0.236s] Level 1:colcon.colcon_core.package_identification:_identify(docs) by extension 'ignore_ament_install'
[0.236s] Level 1:colcon.colcon_core.package_identification:_identify(docs) by extensions ['colcon_pkg']
[0.236s] Level 1:colcon.colcon_core.package_identification:_identify(docs) by extension 'colcon_pkg'
[0.236s] Level 1:colcon.colcon_core.package_identification:_identify(docs) by extensions ['colcon_meta']
[0.236s] Level 1:colcon.colcon_core.package_identification:_identify(docs) by extension 'colcon_meta'
[0.236s] Level 1:colcon.colcon_core.package_identification:_identify(docs) by extensions ['ros']
[0.237s] Level 1:colcon.colcon_core.package_identification:_identify(docs) by extension 'ros'
[0.237s] Level 1:colcon.colcon_core.package_identification:_identify(docs) by extensions ['cmake', 'python']
[0.237s] Level 1:colcon.colcon_core.package_identification:_identify(docs) by extension 'cmake'
[0.237s] Level 1:colcon.colcon_core.package_identification:_identify(docs) by extension 'python'
[0.237s] Level 1:colcon.colcon_core.package_identification:_identify(docs) by extensions ['python_setup_py']
[0.237s] Level 1:colcon.colcon_core.package_identification:_identify(docs) by extension 'python_setup_py'
[0.237s] Level 1:colcon.colcon_core.package_identification:_identify(install) by extensions ['ignore', 'ignore_ament_install']
[0.237s] Level 1:colcon.colcon_core.package_identification:_identify(install) by extension 'ignore'
[0.237s] Level 1:colcon.colcon_core.package_identification:_identify(install) ignored
[0.237s] Level 1:colcon.colcon_core.package_identification:_identify(log) by extensions ['ignore', 'ignore_ament_install']
[0.237s] Level 1:colcon.colcon_core.package_identification:_identify(log) by extension 'ignore'
[0.237s] Level 1:colcon.colcon_core.package_identification:_identify(log) ignored
[0.237s] Level 1:colcon.colcon_core.package_identification:_identify(perception_simulation) by extensions ['ignore', 'ignore_ament_install']
[0.237s] Level 1:colcon.colcon_core.package_identification:_identify(perception_simulation) by extension 'ignore'
[0.237s] Level 1:colcon.colcon_core.package_identification:_identify(perception_simulation) by extension 'ignore_ament_install'
[0.237s] Level 1:colcon.colcon_core.package_identification:_identify(perception_simulation) by extensions ['colcon_pkg']
[0.237s] Level 1:colcon.colcon_core.package_identification:_identify(perception_simulation) by extension 'colcon_pkg'
[0.237s] Level 1:colcon.colcon_core.package_identification:_identify(perception_simulation) by extensions ['colcon_meta']
[0.237s] Level 1:colcon.colcon_core.package_identification:_identify(perception_simulation) by extension 'colcon_meta'
[0.237s] Level 1:colcon.colcon_core.package_identification:_identify(perception_simulation) by extensions ['ros']
[0.237s] Level 1:colcon.colcon_core.package_identification:_identify(perception_simulation) by extension 'ros'
[0.238s] DEBUG:colcon.colcon_core.package_identification:Package 'perception_simulation' with type 'ros.ament_python' and name 'lidar_sim'
[0.238s] Level 1:colcon.colcon_core.package_identification:_identify(simulator_bringup) by extensions ['ignore', 'ignore_ament_install']
[0.238s] Level 1:colcon.colcon_core.package_identification:_identify(simulator_bringup) by extension 'ignore'
[0.238s] Level 1:colcon.colcon_core.package_identification:_identify(simulator_bringup) by extension 'ignore_ament_install'
[0.238s] Level 1:colcon.colcon_core.package_identification:_identify(simulator_bringup) by extensions ['colcon_pkg']
[0.238s] Level 1:colcon.colcon_core.package_identification:_identify(simulator_bringup) by extension 'colcon_pkg'
[0.238s] Level 1:colcon.colcon_core.package_identification:_identify(simulator_bringup) by extensions ['colcon_meta']
[0.239s] Level 1:colcon.colcon_core.package_identification:_identify(simulator_bringup) by extension 'colcon_meta'
[0.239s] Level 1:colcon.colcon_core.package_identification:_identify(simulator_bringup) by extensions ['ros']
[0.239s] Level 1:colcon.colcon_core.package_identification:_identify(simulator_bringup) by extension 'ros'
[0.239s] DEBUG:colcon.colcon_core.package_identification:Package 'simulator_bringup' with type 'ros.ament_python' and name 'simulator_bringup'
[0.239s] Level 1:colcon.colcon_core.package_identification:_identify(vehicle_model) by extensions ['ignore', 'ignore_ament_install']
[0.239s] Level 1:colcon.colcon_core.package_identification:_identify(vehicle_model) by extension 'ignore'
[0.239s] Level 1:colcon.colcon_core.package_identification:_identify(vehicle_model) by extension 'ignore_ament_install'
[0.239s] Level 1:colcon.colcon_core.package_identification:_identify(vehicle_model) by extensions ['colcon_pkg']
[0.240s] Level 1:colcon.colcon_core.package_identification:_identify(vehicle_model) by extension 'colcon_pkg'
[0.240s] Level 1:colcon.colcon_core.package_identification:_identify(vehicle_model) by extensions ['colcon_meta']
[0.240s] Level 1:colcon.colcon_core.package_identification:_identify(vehicle_model) by extension 'colcon_meta'
[0.240s] Level 1:colcon.colcon_core.package_identification:_identify(vehicle_model) by extensions ['ros']
[0.240s] Level 1:colcon.colcon_core.package_identification:_identify(vehicle_model) by extension 'ros'
[0.240s] Level 1:colcon.colcon_core.package_identification:_identify(vehicle_model) by extensions ['cmake', 'python']
[0.240s] Level 1:colcon.colcon_core.package_identification:_identify(vehicle_model) by extension 'cmake'
[0.240s] Level 1:colcon.colcon_core.package_identification:_identify(vehicle_model) by extension 'python'
[0.240s] Level 1:colcon.colcon_core.package_identification:_identify(vehicle_model) by extensions ['python_setup_py']
[0.240s] Level 1:colcon.colcon_core.package_identification:_identify(vehicle_model) by extension 'python_setup_py'
[0.240s] Level 1:colcon.colcon_core.package_identification:_identify(vehicle_model/src) by extensions ['ignore', 'ignore_ament_install']
[0.240s] Level 1:colcon.colcon_core.package_identification:_identify(vehicle_model/src) by extension 'ignore'
[0.240s] Level 1:colcon.colcon_core.package_identification:_identify(vehicle_model/src) by extension 'ignore_ament_install'
[0.240s] Level 1:colcon.colcon_core.package_identification:_identify(vehicle_model/src) by extensions ['colcon_pkg']
[0.240s] Level 1:colcon.colcon_core.package_identification:_identify(vehicle_model/src) by extension 'colcon_pkg'
[0.240s] Level 1:colcon.colcon_core.package_identification:_identify(vehicle_model/src) by extensions ['colcon_meta']
[0.240s] Level 1:colcon.colcon_core.package_identification:_identify(vehicle_model/src) by extension 'colcon_meta'
[0.240s] Level 1:colcon.colcon_core.package_identification:_identify(vehicle_model/src) by extensions ['ros']
[0.240s] Level 1:colcon.colcon_core.package_identification:_identify(vehicle_model/src) by extension 'ros'
[0.240s] Level 1:colcon.colcon_core.package_identification:_identify(vehicle_model/src) by extensions ['cmake', 'python']
[0.240s] Level 1:colcon.colcon_core.package_identification:_identify(vehicle_model/src) by extension 'cmake'
[0.240s] Level 1:colcon.colcon_core.package_identification:_identify(vehicle_model/src) by extension 'python'
[0.240s] Level 1:colcon.colcon_core.package_identification:_identify(vehicle_model/src) by extensions ['python_setup_py']
[0.240s] Level 1:colcon.colcon_core.package_identification:_identify(vehicle_model/src) by extension 'python_setup_py'
[0.240s] Level 1:colcon.colcon_core.package_identification:_identify(vehicle_model/src/vehicle_model) by extensions ['ignore', 'ignore_ament_install']
[0.241s] Level 1:colcon.colcon_core.package_identification:_identify(vehicle_model/src/vehicle_model) by extension 'ignore'
[0.241s] Level 1:colcon.colcon_core.package_identification:_identify(vehicle_model/src/vehicle_model) by extension 'ignore_ament_install'
[0.241s] Level 1:colcon.colcon_core.package_identification:_identify(vehicle_model/src/vehicle_model) by extensions ['colcon_pkg']
[0.241s] Level 1:colcon.colcon_core.package_identification:_identify(vehicle_model/src/vehicle_model) by extension 'colcon_pkg'
[0.241s] Level 1:colcon.colcon_core.package_identification:_identify(vehicle_model/src/vehicle_model) by extensions ['colcon_meta']
[0.241s] Level 1:colcon.colcon_core.package_identification:_identify(vehicle_model/src/vehicle_model) by extension 'colcon_meta'
[0.241s] Level 1:colcon.colcon_core.package_identification:_identify(vehicle_model/src/vehicle_model) by extensions ['ros']
[0.241s] Level 1:colcon.colcon_core.package_identification:_identify(vehicle_model/src/vehicle_model) by extension 'ros'
[0.241s] DEBUG:colcon.colcon_core.package_identification:Package 'vehicle_model/src/vehicle_model' with type 'ros.ament_python' and name 'vehicle_model'
[0.241s] Level 1:colcon.colcon_core.package_discovery:discover_packages(recursive) using defaults
[0.260s] Level 1:colcon.colcon_core.package_discovery:discover_packages(prefix_path) check parameters
[0.260s] Level 1:colcon.colcon_core.package_discovery:discover_packages(prefix_path) discover
[0.262s] DEBUG:colcon.colcon_installed_package_information.package_discovery:Found 16 installed packages in /home/starry1n/WUTA/WUTA-FSD/ros2_ws/install
[0.263s] DEBUG:colcon.colcon_installed_package_information.package_discovery:Found 289 installed packages in /opt/ros/humble
[0.271s] Level 1:colcon.colcon_core.package_discovery:discover_packages(prefix_path) using defaults
[0.300s] Level 5:colcon.colcon_core.verb:set package 'can_simulator' build argument 'cmake_args' from command line to 'None'
[0.300s] Level 5:colcon.colcon_core.verb:set package 'can_simulator' build argument 'cmake_target' from command line to 'None'
[0.300s] Level 5:colcon.colcon_core.verb:set package 'can_simulator' build argument 'cmake_target_skip_unavailable' from command line to 'False'
[0.300s] Level 5:colcon.colcon_core.verb:set package 'can_simulator' build argument 'cmake_clean_cache' from command line to 'False'
[0.300s] Level 5:colcon.colcon_core.verb:set package 'can_simulator' build argument 'cmake_clean_first' from command line to 'False'
[0.300s] Level 5:colcon.colcon_core.verb:set package 'can_simulator' build argument 'cmake_force_configure' from command line to 'False'
[0.300s] Level 5:colcon.colcon_core.verb:set package 'can_simulator' build argument 'ament_cmake_args' from command line to 'None'
[0.300s] Level 5:colcon.colcon_core.verb:set package 'can_simulator' build argument 'catkin_cmake_args' from command line to 'None'
[0.300s] Level 5:colcon.colcon_core.verb:set package 'can_simulator' build argument 'catkin_skip_building_tests' from command line to 'False'
[0.300s] DEBUG:colcon.colcon_core.verb:Building package 'can_simulator' with the following arguments: {'ament_cmake_args': None, 'build_base': '/home/starry1n/WUTA/WUTA-SIM/build/can_simulator', 'catkin_cmake_args': None, 'catkin_skip_building_tests': False, 'cmake_args': None, 'cmake_clean_cache': False, 'cmake_clean_first': False, 'cmake_force_configure': False, 'cmake_target': None, 'cmake_target_skip_unavailable': False, 'install_base': '/home/starry1n/WUTA/WUTA-SIM/install/can_simulator', 'merge_install': False, 'path': '/home/starry1n/WUTA/WUTA-SIM/can_simulator/src/can_simulator', 'symlink_install': True, 'test_result_base': None}
[0.301s] Level 5:colcon.colcon_core.verb:set package 'lidar_sim' build argument 'cmake_args' from command line to 'None'
[0.301s] Level 5:colcon.colcon_core.verb:set package 'lidar_sim' build argument 'cmake_target' from command line to 'None'
[0.301s] Level 5:colcon.colcon_core.verb:set package 'lidar_sim' build argument 'cmake_target_skip_unavailable' from command line to 'False'
[0.301s] Level 5:colcon.colcon_core.verb:set package 'lidar_sim' build argument 'cmake_clean_cache' from command line to 'False'
[0.301s] Level 5:colcon.colcon_core.verb:set package 'lidar_sim' build argument 'cmake_clean_first' from command line to 'False'
[0.301s] Level 5:colcon.colcon_core.verb:set package 'lidar_sim' build argument 'cmake_force_configure' from command line to 'False'
[0.301s] Level 5:colcon.colcon_core.verb:set package 'lidar_sim' build argument 'ament_cmake_args' from command line to 'None'
[0.301s] Level 5:colcon.colcon_core.verb:set package 'lidar_sim' build argument 'catkin_cmake_args' from command line to 'None'
[0.301s] Level 5:colcon.colcon_core.verb:set package 'lidar_sim' build argument 'catkin_skip_building_tests' from command line to 'False'
[0.301s] DEBUG:colcon.colcon_core.verb:Building package 'lidar_sim' with the following arguments: {'ament_cmake_args': None, 'build_base': '/home/starry1n/WUTA/WUTA-SIM/build/lidar_sim', 'catkin_cmake_args': None, 'catkin_skip_building_tests': False, 'cmake_args': None, 'cmake_clean_cache': False, 'cmake_clean_first': False, 'cmake_force_configure': False, 'cmake_target': None, 'cmake_target_skip_unavailable': False, 'install_base': '/home/starry1n/WUTA/WUTA-SIM/install/lidar_sim', 'merge_install': False, 'path': '/home/starry1n/WUTA/WUTA-SIM/perception_simulation', 'symlink_install': True, 'test_result_base': None}
[0.301s] Level 5:colcon.colcon_core.verb:set package 'vehicle_model' build argument 'cmake_args' from command line to 'None'
[0.301s] Level 5:colcon.colcon_core.verb:set package 'vehicle_model' build argument 'cmake_target' from command line to 'None'
[0.301s] Level 5:colcon.colcon_core.verb:set package 'vehicle_model' build argument 'cmake_target_skip_unavailable' from command line to 'False'
[0.301s] Level 5:colcon.colcon_core.verb:set package 'vehicle_model' build argument 'cmake_clean_cache' from command line to 'False'
[0.301s] Level 5:colcon.colcon_core.verb:set package 'vehicle_model' build argument 'cmake_clean_first' from command line to 'False'
[0.301s] Level 5:colcon.colcon_core.verb:set package 'vehicle_model' build argument 'cmake_force_configure' from command line to 'False'
[0.301s] Level 5:colcon.colcon_core.verb:set package 'vehicle_model' build argument 'ament_cmake_args' from command line to 'None'
[0.301s] Level 5:colcon.colcon_core.verb:set package 'vehicle_model' build argument 'catkin_cmake_args' from command line to 'None'
[0.301s] Level 5:colcon.colcon_core.verb:set package 'vehicle_model' build argument 'catkin_skip_building_tests' from command line to 'False'
[0.301s] DEBUG:colcon.colcon_core.verb:Building package 'vehicle_model' with the following arguments: {'ament_cmake_args': None, 'build_base': '/home/starry1n/WUTA/WUTA-SIM/build/vehicle_model', 'catkin_cmake_args': None, 'catkin_skip_building_tests': False, 'cmake_args': None, 'cmake_clean_cache': False, 'cmake_clean_first': False, 'cmake_force_configure': False, 'cmake_target': None, 'cmake_target_skip_unavailable': False, 'install_base': '/home/starry1n/WUTA/WUTA-SIM/install/vehicle_model', 'merge_install': False, 'path': '/home/starry1n/WUTA/WUTA-SIM/vehicle_model/src/vehicle_model', 'symlink_install': True, 'test_result_base': None}
[0.302s] Level 5:colcon.colcon_core.verb:set package 'simulator_bringup' build argument 'cmake_args' from command line to 'None'
[0.302s] Level 5:colcon.colcon_core.verb:set package 'simulator_bringup' build argument 'cmake_target' from command line to 'None'
[0.302s] Level 5:colcon.colcon_core.verb:set package 'simulator_bringup' build argument 'cmake_target_skip_unavailable' from command line to 'False'
[0.302s] Level 5:colcon.colcon_core.verb:set package 'simulator_bringup' build argument 'cmake_clean_cache' from command line to 'False'
[0.302s] Level 5:colcon.colcon_core.verb:set package 'simulator_bringup' build argument 'cmake_clean_first' from command line to 'False'
[0.302s] Level 5:colcon.colcon_core.verb:set package 'simulator_bringup' build argument 'cmake_force_configure' from command line to 'False'
[0.302s] Level 5:colcon.colcon_core.verb:set package 'simulator_bringup' build argument 'ament_cmake_args' from command line to 'None'
[0.302s] Level 5:colcon.colcon_core.verb:set package 'simulator_bringup' build argument 'catkin_cmake_args' from command line to 'None'
[0.302s] Level 5:colcon.colcon_core.verb:set package 'simulator_bringup' build argument 'catkin_skip_building_tests' from command line to 'False'
[0.302s] DEBUG:colcon.colcon_core.verb:Building package 'simulator_bringup' with the following arguments: {'ament_cmake_args': None, 'build_base': '/home/starry1n/WUTA/WUTA-SIM/build/simulator_bringup', 'catkin_cmake_args': None, 'catkin_skip_building_tests': False, 'cmake_args': None, 'cmake_clean_cache': False, 'cmake_clean_first': False, 'cmake_force_configure': False, 'cmake_target': None, 'cmake_target_skip_unavailable': False, 'install_base': '/home/starry1n/WUTA/WUTA-SIM/install/simulator_bringup', 'merge_install': False, 'path': '/home/starry1n/WUTA/WUTA-SIM/simulator_bringup', 'symlink_install': True, 'test_result_base': None}
[0.302s] INFO:colcon.colcon_core.executor:Executing jobs using 'parallel' executor
[0.304s] DEBUG:colcon.colcon_parallel_executor.executor.parallel:run_until_complete
[0.304s] INFO:colcon.colcon_ros.task.ament_python.build:Building ROS package in '/home/starry1n/WUTA/WUTA-SIM/can_simulator/src/can_simulator' with build type 'ament_python'
[0.304s] Level 1:colcon.colcon_core.shell:create_environment_hook('can_simulator', 'ament_prefix_path')
[0.306s] INFO:colcon.colcon_core.plugin_system:Skipping extension 'colcon_core.shell.bat': Not used on non-Windows systems
[0.306s] INFO:colcon.colcon_core.shell:Creating environment hook '/home/starry1n/WUTA/WUTA-SIM/install/can_simulator/share/can_simulator/hook/ament_prefix_path.ps1'
[0.307s] INFO:colcon.colcon_core.shell:Creating environment descriptor '/home/starry1n/WUTA/WUTA-SIM/install/can_simulator/share/can_simulator/hook/ament_prefix_path.dsv'
[0.307s] INFO:colcon.colcon_core.shell:Creating environment hook '/home/starry1n/WUTA/WUTA-SIM/install/can_simulator/share/can_simulator/hook/ament_prefix_path.sh'
[0.308s] INFO:colcon.colcon_core.shell:Skip shell extension 'powershell' for command environment: Not usable outside of PowerShell
[0.308s] DEBUG:colcon.colcon_core.shell:Skip shell extension 'dsv' for command environment
[0.311s] INFO:colcon.colcon_ros.task.ament_python.build:Building ROS package in '/home/starry1n/WUTA/WUTA-SIM/perception_simulation' with build type 'ament_python'
[0.311s] Level 1:colcon.colcon_core.shell:create_environment_hook('lidar_sim', 'ament_prefix_path')
[0.311s] INFO:colcon.colcon_core.shell:Creating environment hook '/home/starry1n/WUTA/WUTA-SIM/install/lidar_sim/share/lidar_sim/hook/ament_prefix_path.ps1'
[0.312s] INFO:colcon.colcon_core.shell:Creating environment descriptor '/home/starry1n/WUTA/WUTA-SIM/install/lidar_sim/share/lidar_sim/hook/ament_prefix_path.dsv'
[0.312s] INFO:colcon.colcon_core.shell:Creating environment hook '/home/starry1n/WUTA/WUTA-SIM/install/lidar_sim/share/lidar_sim/hook/ament_prefix_path.sh'
[0.313s] INFO:colcon.colcon_core.shell:Skip shell extension 'powershell' for command environment: Not usable outside of PowerShell
[0.313s] DEBUG:colcon.colcon_core.shell:Skip shell extension 'dsv' for command environment
[0.316s] INFO:colcon.colcon_ros.task.ament_python.build:Building ROS package in '/home/starry1n/WUTA/WUTA-SIM/vehicle_model/src/vehicle_model' with build type 'ament_python'
[0.317s] Level 1:colcon.colcon_core.shell:create_environment_hook('vehicle_model', 'ament_prefix_path')
[0.317s] INFO:colcon.colcon_core.shell:Creating environment hook '/home/starry1n/WUTA/WUTA-SIM/install/vehicle_model/share/vehicle_model/hook/ament_prefix_path.ps1'
[0.318s] INFO:colcon.colcon_core.shell:Creating environment descriptor '/home/starry1n/WUTA/WUTA-SIM/install/vehicle_model/share/vehicle_model/hook/ament_prefix_path.dsv'
[0.319s] INFO:colcon.colcon_core.shell:Creating environment hook '/home/starry1n/WUTA/WUTA-SIM/install/vehicle_model/share/vehicle_model/hook/ament_prefix_path.sh'
[0.320s] INFO:colcon.colcon_core.shell:Skip shell extension 'powershell' for command environment: Not usable outside of PowerShell
[0.320s] DEBUG:colcon.colcon_core.shell:Skip shell extension 'dsv' for command environment
[0.523s] INFO:colcon.colcon_core.task.python.build:Building Python package in '/home/starry1n/WUTA/WUTA-SIM/can_simulator/src/can_simulator'
[0.523s] INFO:colcon.colcon_core.shell:Skip shell extension 'powershell' for command environment: Not usable outside of PowerShell
[0.523s] DEBUG:colcon.colcon_core.shell:Skip shell extension 'dsv' for command environment
[0.719s] INFO:colcon.colcon_core.task.python.build:Building Python package in '/home/starry1n/WUTA/WUTA-SIM/perception_simulation'
[0.720s] INFO:colcon.colcon_core.shell:Skip shell extension 'powershell' for command environment: Not usable outside of PowerShell
[0.720s] DEBUG:colcon.colcon_core.shell:Skip shell extension 'dsv' for command environment
[0.931s] INFO:colcon.colcon_core.task.python.build:Building Python package in '/home/starry1n/WUTA/WUTA-SIM/vehicle_model/src/vehicle_model'
[0.931s] INFO:colcon.colcon_core.shell:Skip shell extension 'powershell' for command environment: Not usable outside of PowerShell
[0.931s] DEBUG:colcon.colcon_core.shell:Skip shell extension 'dsv' for command environment
[1.208s] DEBUG:colcon.colcon_core.task.python.build:Available setuptools commands: build_clib, bdist, upload_docs, sdist, bdist_egg, saveopts, symlink_data, install, upload, register, egg_info, setopt, rotate, install_scripts, build_ext, check, clean, test, install_lib, build_scripts, develop, build, alias, easy_install, install_egg_info, install_headers, bdist_rpm, build_py, install_data, bdist_dumb, dist_info
[1.211s] DEBUG:colcon.colcon_core.task.python.build:Available setuptools commands: build_clib, bdist, upload_docs, sdist, bdist_egg, saveopts, symlink_data, install, upload, register, egg_info, setopt, rotate, install_scripts, build_ext, check, clean, test, install_lib, build_scripts, develop, build, alias, easy_install, install_egg_info, install_headers, bdist_rpm, build_py, install_data, bdist_dumb, dist_info
[1.226s] DEBUG:colcon.colcon_core.task.python.build:Available setuptools commands: build_clib, bdist, upload_docs, sdist, bdist_egg, saveopts, symlink_data, install, upload, register, egg_info, setopt, rotate, install_scripts, build_ext, check, clean, test, install_lib, build_scripts, develop, build, alias, easy_install, install_egg_info, install_headers, bdist_rpm, build_py, install_data, bdist_dumb, dist_info
[1.471s] DEBUG:colcon.colcon_core.task.python.build:Available setuptools 'develop' options: --zip-ok, --force-installation-into-system-dir, --egg-path, --script-dir, --always-copy, --no-user-cfg, --verbose, --allow-hosts, --build-directory, --version, --user, --editable, --index-url, --exclude-scripts, --no-deps, --site-dirs, --help, --local-snapshots-ok, --prefix, --quiet, --find-links, --dry-run, --upgrade, --multi-version, --install-dir, --uninstall, --install-layout, --record, --no-find-links, --optimize, --always-unzip
[1.478s] DEBUG:colcon.colcon_core.event_handler.log_command:Invoking command in '/home/starry1n/WUTA/WUTA-SIM/build/lidar_sim': PYTHONPATH=/home/starry1n/WUTA/WUTA-SIM/build/lidar_sim/prefix_override:/usr/lib/python3/dist-packages/colcon_core/task/python/colcon_distutils_commands:/home/starry1n/WUTA/WUTA-SIM/install/lidar_sim/lib/python3.10/site-packages:${PYTHONPATH} /usr/bin/python3 -W ignore:setup.py install is deprecated -W ignore:easy_install command is deprecated setup.py develop --editable --build-directory /home/starry1n/WUTA/WUTA-SIM/build/lidar_sim/build --no-deps symlink_data
[1.478s] DEBUG:colcon.colcon_core.task.python.build:Available setuptools 'develop' options: --zip-ok, --force-installation-into-system-dir, --egg-path, --script-dir, --always-copy, --no-user-cfg, --verbose, --allow-hosts, --build-directory, --version, --user, --editable, --index-url, --exclude-scripts, --no-deps, --site-dirs, --help, --local-snapshots-ok, --prefix, --quiet, --find-links, --dry-run, --upgrade, --multi-version, --install-dir, --uninstall, --install-layout, --record, --no-find-links, --optimize, --always-unzip
[1.482s] DEBUG:colcon.colcon_core.task.python.build:Available setuptools 'develop' options: --zip-ok, --force-installation-into-system-dir, --egg-path, --script-dir, --always-copy, --no-user-cfg, --verbose, --allow-hosts, --build-directory, --version, --user, --editable, --index-url, --exclude-scripts, --no-deps, --site-dirs, --help, --local-snapshots-ok, --prefix, --quiet, --find-links, --dry-run, --upgrade, --multi-version, --install-dir, --uninstall, --install-layout, --record, --no-find-links, --optimize, --always-unzip
[1.484s] DEBUG:colcon.colcon_core.event_handler.log_command:Invoking command in '/home/starry1n/WUTA/WUTA-SIM/build/can_simulator': PYTHONPATH=/home/starry1n/WUTA/WUTA-SIM/build/can_simulator/prefix_override:/usr/lib/python3/dist-packages/colcon_core/task/python/colcon_distutils_commands:/home/starry1n/WUTA/WUTA-SIM/install/can_simulator/lib/python3.10/site-packages:${PYTHONPATH} /usr/bin/python3 -W ignore:setup.py install is deprecated -W ignore:easy_install command is deprecated setup.py develop --editable --build-directory /home/starry1n/WUTA/WUTA-SIM/build/can_simulator/build --no-deps symlink_data
[1.485s] DEBUG:colcon.colcon_core.event_handler.log_command:Invoking command in '/home/starry1n/WUTA/WUTA-SIM/build/vehicle_model': PYTHONPATH=/home/starry1n/WUTA/WUTA-SIM/build/vehicle_model/prefix_override:/usr/lib/python3/dist-packages/colcon_core/task/python/colcon_distutils_commands:/home/starry1n/WUTA/WUTA-SIM/install/vehicle_model/lib/python3.10/site-packages:${PYTHONPATH} /usr/bin/python3 -W ignore:setup.py install is deprecated -W ignore:easy_install command is deprecated setup.py develop --editable --build-directory /home/starry1n/WUTA/WUTA-SIM/build/vehicle_model/build --no-deps symlink_data
[1.850s] Level 1:colcon.colcon_core.shell:create_environment_hook('lidar_sim', 'pythonpath_develop')
[1.850s] INFO:colcon.colcon_core.shell:Creating environment hook '/home/starry1n/WUTA/WUTA-SIM/build/lidar_sim/share/lidar_sim/hook/pythonpath_develop.ps1'
[1.852s] DEBUG:colcon.colcon_core.event_handler.log_command:Invoked command in '/home/starry1n/WUTA/WUTA-SIM/build/lidar_sim' returned '0': PYTHONPATH=/home/starry1n/WUTA/WUTA-SIM/build/lidar_sim/prefix_override:/usr/lib/python3/dist-packages/colcon_core/task/python/colcon_distutils_commands:/home/starry1n/WUTA/WUTA-SIM/install/lidar_sim/lib/python3.10/site-packages:${PYTHONPATH} /usr/bin/python3 -W ignore:setup.py install is deprecated -W ignore:easy_install command is deprecated setup.py develop --editable --build-directory /home/starry1n/WUTA/WUTA-SIM/build/lidar_sim/build --no-deps symlink_data
[1.853s] INFO:colcon.colcon_core.shell:Creating environment descriptor '/home/starry1n/WUTA/WUTA-SIM/build/lidar_sim/share/lidar_sim/hook/pythonpath_develop.dsv'
[1.854s] INFO:colcon.colcon_core.shell:Creating environment hook '/home/starry1n/WUTA/WUTA-SIM/build/lidar_sim/share/lidar_sim/hook/pythonpath_develop.sh'
[1.858s] Level 1:colcon.colcon_core.environment:checking '/home/starry1n/WUTA/WUTA-SIM/install/lidar_sim' for CMake module files
[1.858s] Level 1:colcon.colcon_core.environment:checking '/home/starry1n/WUTA/WUTA-SIM/install/lidar_sim' for CMake config files
[1.859s] Level 1:colcon.colcon_core.environment:checking '/home/starry1n/WUTA/WUTA-SIM/install/lidar_sim/lib'
[1.859s] Level 1:colcon.colcon_core.environment:checking '/home/starry1n/WUTA/WUTA-SIM/install/lidar_sim/bin'
[1.859s] Level 1:colcon.colcon_core.environment:checking '/home/starry1n/WUTA/WUTA-SIM/install/lidar_sim/lib/pkgconfig/lidar_sim.pc'
[1.859s] Level 1:colcon.colcon_core.environment:checking '/home/starry1n/WUTA/WUTA-SIM/install/lidar_sim/lib/python3.10/site-packages'
[1.859s] Level 1:colcon.colcon_core.shell:create_environment_hook('lidar_sim', 'pythonpath')
[1.859s] INFO:colcon.colcon_core.shell:Creating environment hook '/home/starry1n/WUTA/WUTA-SIM/install/lidar_sim/share/lidar_sim/hook/pythonpath.ps1'
[1.860s] INFO:colcon.colcon_core.shell:Creating environment descriptor '/home/starry1n/WUTA/WUTA-SIM/install/lidar_sim/share/lidar_sim/hook/pythonpath.dsv'
[1.860s] INFO:colcon.colcon_core.shell:Creating environment hook '/home/starry1n/WUTA/WUTA-SIM/install/lidar_sim/share/lidar_sim/hook/pythonpath.sh'
[1.862s] Level 1:colcon.colcon_core.environment:checking '/home/starry1n/WUTA/WUTA-SIM/install/lidar_sim/bin'
[1.862s] Level 1:colcon.colcon_core.environment:create_environment_scripts_only(lidar_sim)
[1.862s] INFO:colcon.colcon_core.shell:Creating package script '/home/starry1n/WUTA/WUTA-SIM/install/lidar_sim/share/lidar_sim/package.ps1'
[1.864s] INFO:colcon.colcon_core.shell:Creating package descriptor '/home/starry1n/WUTA/WUTA-SIM/install/lidar_sim/share/lidar_sim/package.dsv'
[1.865s] INFO:colcon.colcon_core.shell:Creating package script '/home/starry1n/WUTA/WUTA-SIM/install/lidar_sim/share/lidar_sim/package.sh'
[1.867s] INFO:colcon.colcon_core.shell:Creating package script '/home/starry1n/WUTA/WUTA-SIM/install/lidar_sim/share/lidar_sim/package.bash'
[1.869s] INFO:colcon.colcon_core.shell:Creating package script '/home/starry1n/WUTA/WUTA-SIM/install/lidar_sim/share/lidar_sim/package.zsh'
[1.871s] Level 1:colcon.colcon_core.environment:create_file_with_runtime_dependencies(/home/starry1n/WUTA/WUTA-SIM/install/lidar_sim/share/colcon-core/packages/lidar_sim)
[1.882s] Level 1:colcon.colcon_core.shell:create_environment_hook('can_simulator', 'pythonpath_develop')
[1.883s] INFO:colcon.colcon_core.shell:Creating environment hook '/home/starry1n/WUTA/WUTA-SIM/build/can_simulator/share/can_simulator/hook/pythonpath_develop.ps1'
[1.882s] DEBUG:colcon.colcon_core.event_handler.log_command:Invoked command in '/home/starry1n/WUTA/WUTA-SIM/build/can_simulator' returned '0': PYTHONPATH=/home/starry1n/WUTA/WUTA-SIM/build/can_simulator/prefix_override:/usr/lib/python3/dist-packages/colcon_core/task/python/colcon_distutils_commands:/home/starry1n/WUTA/WUTA-SIM/install/can_simulator/lib/python3.10/site-packages:${PYTHONPATH} /usr/bin/python3 -W ignore:setup.py install is deprecated -W ignore:easy_install command is deprecated setup.py develop --editable --build-directory /home/starry1n/WUTA/WUTA-SIM/build/can_simulator/build --no-deps symlink_data
[1.884s] INFO:colcon.colcon_core.shell:Creating environment descriptor '/home/starry1n/WUTA/WUTA-SIM/build/can_simulator/share/can_simulator/hook/pythonpath_develop.dsv'
[1.885s] INFO:colcon.colcon_core.shell:Creating environment hook '/home/starry1n/WUTA/WUTA-SIM/build/can_simulator/share/can_simulator/hook/pythonpath_develop.sh'
[1.886s] Level 1:colcon.colcon_core.environment:checking '/home/starry1n/WUTA/WUTA-SIM/install/can_simulator' for CMake module files
[1.886s] Level 1:colcon.colcon_core.environment:checking '/home/starry1n/WUTA/WUTA-SIM/install/can_simulator' for CMake config files
[1.887s] Level 1:colcon.colcon_core.environment:checking '/home/starry1n/WUTA/WUTA-SIM/install/can_simulator/lib'
[1.887s] Level 1:colcon.colcon_core.environment:checking '/home/starry1n/WUTA/WUTA-SIM/install/can_simulator/bin'
[1.887s] Level 1:colcon.colcon_core.environment:checking '/home/starry1n/WUTA/WUTA-SIM/install/can_simulator/lib/pkgconfig/can_simulator.pc'
[1.887s] Level 1:colcon.colcon_core.environment:checking '/home/starry1n/WUTA/WUTA-SIM/install/can_simulator/lib/python3.10/site-packages'
[1.887s] Level 1:colcon.colcon_core.shell:create_environment_hook('can_simulator', 'pythonpath')
[1.888s] INFO:colcon.colcon_core.shell:Creating environment hook '/home/starry1n/WUTA/WUTA-SIM/install/can_simulator/share/can_simulator/hook/pythonpath.ps1'
[1.888s] INFO:colcon.colcon_core.shell:Creating environment descriptor '/home/starry1n/WUTA/WUTA-SIM/install/can_simulator/share/can_simulator/hook/pythonpath.dsv'
[1.889s] INFO:colcon.colcon_core.shell:Creating environment hook '/home/starry1n/WUTA/WUTA-SIM/install/can_simulator/share/can_simulator/hook/pythonpath.sh'
[1.890s] Level 1:colcon.colcon_core.environment:checking '/home/starry1n/WUTA/WUTA-SIM/install/can_simulator/bin'
[1.890s] Level 1:colcon.colcon_core.environment:create_environment_scripts_only(can_simulator)
[1.890s] INFO:colcon.colcon_core.shell:Creating package script '/home/starry1n/WUTA/WUTA-SIM/install/can_simulator/share/can_simulator/package.ps1'
[1.891s] INFO:colcon.colcon_core.shell:Creating package descriptor '/home/starry1n/WUTA/WUTA-SIM/install/can_simulator/share/can_simulator/package.dsv'
[1.891s] INFO:colcon.colcon_core.shell:Creating package script '/home/starry1n/WUTA/WUTA-SIM/install/can_simulator/share/can_simulator/package.sh'
[1.891s] INFO:colcon.colcon_core.shell:Creating package script '/home/starry1n/WUTA/WUTA-SIM/install/can_simulator/share/can_simulator/package.bash'
[1.892s] INFO:colcon.colcon_core.shell:Creating package script '/home/starry1n/WUTA/WUTA-SIM/install/can_simulator/share/can_simulator/package.zsh'
[1.892s] Level 1:colcon.colcon_core.environment:create_file_with_runtime_dependencies(/home/starry1n/WUTA/WUTA-SIM/install/can_simulator/share/colcon-core/packages/can_simulator)
[1.898s] Level 1:colcon.colcon_core.shell:create_environment_hook('vehicle_model', 'pythonpath_develop')
[1.898s] INFO:colcon.colcon_core.shell:Creating environment hook '/home/starry1n/WUTA/WUTA-SIM/build/vehicle_model/share/vehicle_model/hook/pythonpath_develop.ps1'
[1.899s] DEBUG:colcon.colcon_core.event_handler.log_command:Invoked command in '/home/starry1n/WUTA/WUTA-SIM/build/vehicle_model' returned '0': PYTHONPATH=/home/starry1n/WUTA/WUTA-SIM/build/vehicle_model/prefix_override:/usr/lib/python3/dist-packages/colcon_core/task/python/colcon_distutils_commands:/home/starry1n/WUTA/WUTA-SIM/install/vehicle_model/lib/python3.10/site-packages:${PYTHONPATH} /usr/bin/python3 -W ignore:setup.py install is deprecated -W ignore:easy_install command is deprecated setup.py develop --editable --build-directory /home/starry1n/WUTA/WUTA-SIM/build/vehicle_model/build --no-deps symlink_data
[1.900s] INFO:colcon.colcon_core.shell:Creating environment descriptor '/home/starry1n/WUTA/WUTA-SIM/build/vehicle_model/share/vehicle_model/hook/pythonpath_develop.dsv'
[1.900s] INFO:colcon.colcon_core.shell:Creating environment hook '/home/starry1n/WUTA/WUTA-SIM/build/vehicle_model/share/vehicle_model/hook/pythonpath_develop.sh'
[1.902s] Level 1:colcon.colcon_core.environment:checking '/home/starry1n/WUTA/WUTA-SIM/install/vehicle_model' for CMake module files
[1.902s] Level 1:colcon.colcon_core.environment:checking '/home/starry1n/WUTA/WUTA-SIM/install/vehicle_model' for CMake config files
[1.903s] Level 1:colcon.colcon_core.environment:checking '/home/starry1n/WUTA/WUTA-SIM/install/vehicle_model/lib'
[1.903s] Level 1:colcon.colcon_core.environment:checking '/home/starry1n/WUTA/WUTA-SIM/install/vehicle_model/bin'
[1.903s] Level 1:colcon.colcon_core.environment:checking '/home/starry1n/WUTA/WUTA-SIM/install/vehicle_model/lib/pkgconfig/vehicle_model.pc'
[1.903s] Level 1:colcon.colcon_core.environment:checking '/home/starry1n/WUTA/WUTA-SIM/install/vehicle_model/lib/python3.10/site-packages'
[1.903s] Level 1:colcon.colcon_core.shell:create_environment_hook('vehicle_model', 'pythonpath')
[1.904s] INFO:colcon.colcon_core.shell:Creating environment hook '/home/starry1n/WUTA/WUTA-SIM/install/vehicle_model/share/vehicle_model/hook/pythonpath.ps1'
[1.905s] INFO:colcon.colcon_core.shell:Creating environment descriptor '/home/starry1n/WUTA/WUTA-SIM/install/vehicle_model/share/vehicle_model/hook/pythonpath.dsv'
[1.905s] INFO:colcon.colcon_core.shell:Creating environment hook '/home/starry1n/WUTA/WUTA-SIM/install/vehicle_model/share/vehicle_model/hook/pythonpath.sh'
[1.907s] Level 1:colcon.colcon_core.environment:checking '/home/starry1n/WUTA/WUTA-SIM/install/vehicle_model/bin'
[1.907s] Level 1:colcon.colcon_core.environment:create_environment_scripts_only(vehicle_model)
[1.907s] INFO:colcon.colcon_core.shell:Creating package script '/home/starry1n/WUTA/WUTA-SIM/install/vehicle_model/share/vehicle_model/package.ps1'
[1.908s] INFO:colcon.colcon_core.shell:Creating package descriptor '/home/starry1n/WUTA/WUTA-SIM/install/vehicle_model/share/vehicle_model/package.dsv'
[1.909s] INFO:colcon.colcon_core.shell:Creating package script '/home/starry1n/WUTA/WUTA-SIM/install/vehicle_model/share/vehicle_model/package.sh'
[1.910s] INFO:colcon.colcon_core.shell:Creating package script '/home/starry1n/WUTA/WUTA-SIM/install/vehicle_model/share/vehicle_model/package.bash'
[1.910s] INFO:colcon.colcon_core.shell:Creating package script '/home/starry1n/WUTA/WUTA-SIM/install/vehicle_model/share/vehicle_model/package.zsh'
[1.911s] Level 1:colcon.colcon_core.environment:create_file_with_runtime_dependencies(/home/starry1n/WUTA/WUTA-SIM/install/vehicle_model/share/colcon-core/packages/vehicle_model)
[1.912s] INFO:colcon.colcon_ros.task.ament_python.build:Building ROS package in '/home/starry1n/WUTA/WUTA-SIM/simulator_bringup' with build type 'ament_python'
[1.912s] Level 1:colcon.colcon_core.shell:create_environment_hook('simulator_bringup', 'ament_prefix_path')
[1.912s] INFO:colcon.colcon_core.shell:Creating environment hook '/home/starry1n/WUTA/WUTA-SIM/install/simulator_bringup/share/simulator_bringup/hook/ament_prefix_path.ps1'
[1.913s] INFO:colcon.colcon_core.shell:Creating environment descriptor '/home/starry1n/WUTA/WUTA-SIM/install/simulator_bringup/share/simulator_bringup/hook/ament_prefix_path.dsv'
[1.914s] INFO:colcon.colcon_core.shell:Creating environment hook '/home/starry1n/WUTA/WUTA-SIM/install/simulator_bringup/share/simulator_bringup/hook/ament_prefix_path.sh'
[1.914s] INFO:colcon.colcon_core.shell:Skip shell extension 'powershell' for command environment: Not usable outside of PowerShell
[1.915s] DEBUG:colcon.colcon_core.shell:Skip shell extension 'dsv' for command environment
[2.147s] INFO:colcon.colcon_core.task.python.build:Building Python package in '/home/starry1n/WUTA/WUTA-SIM/simulator_bringup'
[2.147s] INFO:colcon.colcon_core.shell:Skip shell extension 'powershell' for command environment: Not usable outside of PowerShell
[2.147s] DEBUG:colcon.colcon_core.shell:Skip shell extension 'dsv' for command environment
[2.429s] DEBUG:colcon.colcon_core.task.python.build:Available setuptools commands: build_clib, bdist, upload_docs, sdist, bdist_egg, saveopts, symlink_data, install, upload, register, egg_info, setopt, rotate, install_scripts, build_ext, check, clean, test, install_lib, build_scripts, develop, build, alias, easy_install, install_egg_info, install_headers, bdist_rpm, build_py, install_data, bdist_dumb, dist_info
[2.655s] DEBUG:colcon.colcon_core.task.python.build:Available setuptools 'develop' options: --zip-ok, --force-installation-into-system-dir, --egg-path, --script-dir, --always-copy, --no-user-cfg, --verbose, --allow-hosts, --build-directory, --version, --user, --editable, --index-url, --exclude-scripts, --no-deps, --site-dirs, --help, --local-snapshots-ok, --prefix, --quiet, --find-links, --dry-run, --upgrade, --multi-version, --install-dir, --uninstall, --install-layout, --record, --no-find-links, --optimize, --always-unzip
[2.658s] DEBUG:colcon.colcon_core.event_handler.log_command:Invoking command in '/home/starry1n/WUTA/WUTA-SIM/build/simulator_bringup': AMENT_PREFIX_PATH=/home/starry1n/WUTA/WUTA-SIM/install/vehicle_model:/home/starry1n/WUTA/WUTA-SIM/install/lidar_sim:/home/starry1n/WUTA/WUTA-SIM/install/can_simulator:${AMENT_PREFIX_PATH} PYTHONPATH=/home/starry1n/WUTA/WUTA-SIM/build/simulator_bringup/prefix_override:/usr/lib/python3/dist-packages/colcon_core/task/python/colcon_distutils_commands:/home/starry1n/WUTA/WUTA-SIM/install/simulator_bringup/lib/python3.10/site-packages:/home/starry1n/WUTA/WUTA-SIM/build/vehicle_model:/home/starry1n/WUTA/WUTA-SIM/install/vehicle_model/lib/python3.10/site-packages:/home/starry1n/WUTA/WUTA-SIM/build/lidar_sim:/home/starry1n/WUTA/WUTA-SIM/install/lidar_sim/lib/python3.10/site-packages:/home/starry1n/WUTA/WUTA-SIM/build/can_simulator:/home/starry1n/WUTA/WUTA-SIM/install/can_simulator/lib/python3.10/site-packages:${PYTHONPATH} /usr/bin/python3 -W ignore:setup.py install is deprecated -W ignore:easy_install command is deprecated setup.py develop --editable --build-directory /home/starry1n/WUTA/WUTA-SIM/build/simulator_bringup/build --no-deps symlink_data
[3.019s] Level 1:colcon.colcon_core.shell:create_environment_hook('simulator_bringup', 'pythonpath_develop')
[3.019s] INFO:colcon.colcon_core.shell:Creating environment hook '/home/starry1n/WUTA/WUTA-SIM/build/simulator_bringup/share/simulator_bringup/hook/pythonpath_develop.ps1'
[3.020s] DEBUG:colcon.colcon_core.event_handler.log_command:Invoked command in '/home/starry1n/WUTA/WUTA-SIM/build/simulator_bringup' returned '0': AMENT_PREFIX_PATH=/home/starry1n/WUTA/WUTA-SIM/install/vehicle_model:/home/starry1n/WUTA/WUTA-SIM/install/lidar_sim:/home/starry1n/WUTA/WUTA-SIM/install/can_simulator:${AMENT_PREFIX_PATH} PYTHONPATH=/home/starry1n/WUTA/WUTA-SIM/build/simulator_bringup/prefix_override:/usr/lib/python3/dist-packages/colcon_core/task/python/colcon_distutils_commands:/home/starry1n/WUTA/WUTA-SIM/install/simulator_bringup/lib/python3.10/site-packages:/home/starry1n/WUTA/WUTA-SIM/build/vehicle_model:/home/starry1n/WUTA/WUTA-SIM/install/vehicle_model/lib/python3.10/site-packages:/home/starry1n/WUTA/WUTA-SIM/build/lidar_sim:/home/starry1n/WUTA/WUTA-SIM/install/lidar_sim/lib/python3.10/site-packages:/home/starry1n/WUTA/WUTA-SIM/build/can_simulator:/home/starry1n/WUTA/WUTA-SIM/install/can_simulator/lib/python3.10/site-packages:${PYTHONPATH} /usr/bin/python3 -W ignore:setup.py install is deprecated -W ignore:easy_install command is deprecated setup.py develop --editable --build-directory /home/starry1n/WUTA/WUTA-SIM/build/simulator_bringup/build --no-deps symlink_data
[3.020s] INFO:colcon.colcon_core.shell:Creating environment descriptor '/home/starry1n/WUTA/WUTA-SIM/build/simulator_bringup/share/simulator_bringup/hook/pythonpath_develop.dsv'
[3.021s] INFO:colcon.colcon_core.shell:Creating environment hook '/home/starry1n/WUTA/WUTA-SIM/build/simulator_bringup/share/simulator_bringup/hook/pythonpath_develop.sh'
[3.022s] Level 1:colcon.colcon_core.environment:checking '/home/starry1n/WUTA/WUTA-SIM/install/simulator_bringup' for CMake module files
[3.023s] Level 1:colcon.colcon_core.environment:checking '/home/starry1n/WUTA/WUTA-SIM/install/simulator_bringup' for CMake config files
[3.024s] Level 1:colcon.colcon_core.environment:checking '/home/starry1n/WUTA/WUTA-SIM/install/simulator_bringup/lib'
[3.024s] Level 1:colcon.colcon_core.environment:checking '/home/starry1n/WUTA/WUTA-SIM/install/simulator_bringup/bin'
[3.024s] Level 1:colcon.colcon_core.environment:checking '/home/starry1n/WUTA/WUTA-SIM/install/simulator_bringup/lib/pkgconfig/simulator_bringup.pc'
[3.024s] Level 1:colcon.colcon_core.environment:checking '/home/starry1n/WUTA/WUTA-SIM/install/simulator_bringup/lib/python3.10/site-packages'
[3.024s] Level 1:colcon.colcon_core.shell:create_environment_hook('simulator_bringup', 'pythonpath')
[3.024s] INFO:colcon.colcon_core.shell:Creating environment hook '/home/starry1n/WUTA/WUTA-SIM/install/simulator_bringup/share/simulator_bringup/hook/pythonpath.ps1'
[3.025s] INFO:colcon.colcon_core.shell:Creating environment descriptor '/home/starry1n/WUTA/WUTA-SIM/install/simulator_bringup/share/simulator_bringup/hook/pythonpath.dsv'
[3.025s] INFO:colcon.colcon_core.shell:Creating environment hook '/home/starry1n/WUTA/WUTA-SIM/install/simulator_bringup/share/simulator_bringup/hook/pythonpath.sh'
[3.026s] Level 1:colcon.colcon_core.environment:checking '/home/starry1n/WUTA/WUTA-SIM/install/simulator_bringup/bin'
[3.026s] Level 1:colcon.colcon_core.environment:create_environment_scripts_only(simulator_bringup)
[3.026s] INFO:colcon.colcon_core.shell:Creating package script '/home/starry1n/WUTA/WUTA-SIM/install/simulator_bringup/share/simulator_bringup/package.ps1'
[3.027s] INFO:colcon.colcon_core.shell:Creating package descriptor '/home/starry1n/WUTA/WUTA-SIM/install/simulator_bringup/share/simulator_bringup/package.dsv'
[3.027s] INFO:colcon.colcon_core.shell:Creating package script '/home/starry1n/WUTA/WUTA-SIM/install/simulator_bringup/share/simulator_bringup/package.sh'
[3.028s] INFO:colcon.colcon_core.shell:Creating package script '/home/starry1n/WUTA/WUTA-SIM/install/simulator_bringup/share/simulator_bringup/package.bash'
[3.028s] INFO:colcon.colcon_core.shell:Creating package script '/home/starry1n/WUTA/WUTA-SIM/install/simulator_bringup/share/simulator_bringup/package.zsh'
[3.028s] Level 1:colcon.colcon_core.environment:create_file_with_runtime_dependencies(/home/starry1n/WUTA/WUTA-SIM/install/simulator_bringup/share/colcon-core/packages/simulator_bringup)
[3.029s] DEBUG:colcon.colcon_parallel_executor.executor.parallel:closing loop
[3.029s] DEBUG:colcon.colcon_parallel_executor.executor.parallel:loop closed
[3.029s] DEBUG:colcon.colcon_parallel_executor.executor.parallel:run_until_complete finished with '0'
[3.029s] DEBUG:colcon.colcon_core.event_reactor:joining thread
[3.034s] INFO:colcon.colcon_core.plugin_system:Skipping extension 'colcon_notification.desktop_notification.terminal_notifier': Not used on non-Darwin systems
[3.034s] INFO:colcon.colcon_core.plugin_system:Skipping extension 'colcon_notification.desktop_notification.win32': Not used on non-Windows systems
[3.034s] INFO:colcon.colcon_notification.desktop_notification:Sending desktop notification using 'notify2'
[3.041s] DEBUG:colcon.colcon_core.event_reactor:joined thread
[3.041s] INFO:colcon.colcon_core.shell:Creating prefix script '/home/starry1n/WUTA/WUTA-SIM/install/local_setup.ps1'
[3.042s] INFO:colcon.colcon_core.shell:Creating prefix util module '/home/starry1n/WUTA/WUTA-SIM/install/_local_setup_util_ps1.py'
[3.044s] INFO:colcon.colcon_core.shell:Creating prefix chain script '/home/starry1n/WUTA/WUTA-SIM/install/setup.ps1'
[3.045s] INFO:colcon.colcon_core.shell:Creating prefix script '/home/starry1n/WUTA/WUTA-SIM/install/local_setup.sh'
[3.046s] INFO:colcon.colcon_core.shell:Creating prefix util module '/home/starry1n/WUTA/WUTA-SIM/install/_local_setup_util_sh.py'
[3.046s] INFO:colcon.colcon_core.shell:Creating prefix chain script '/home/starry1n/WUTA/WUTA-SIM/install/setup.sh'
[3.048s] INFO:colcon.colcon_core.shell:Creating prefix script '/home/starry1n/WUTA/WUTA-SIM/install/local_setup.bash'
[3.048s] INFO:colcon.colcon_core.shell:Creating prefix chain script '/home/starry1n/WUTA/WUTA-SIM/install/setup.bash'
[3.050s] INFO:colcon.colcon_core.shell:Creating prefix script '/home/starry1n/WUTA/WUTA-SIM/install/local_setup.zsh'
[3.050s] INFO:colcon.colcon_core.shell:Creating prefix chain script '/home/starry1n/WUTA/WUTA-SIM/install/setup.zsh'
