[0.067s] DEBUG:colcon:Command line arguments: ['/usr/bin/colcon', 'build', '--base-paths', 'WUTA-FSD/ros2_ws/src', 'WUTA-SIM', '--packages-select', 'autoware_msgs', 'wuta_msgs', '--symlink-install']
[0.068s] DEBUG:colcon:Parsed command line arguments: Namespace(log_base=None, log_level=None, verb_name='build', build_base='build', install_base='install', merge_install=False, symlink_install=True, test_result_base=None, continue_on_error=False, executor='parallel', parallel_workers=8, event_handlers=None, ignore_user_meta=False, metas=['./colcon.meta'], base_paths=['WUTA-FSD/ros2_ws/src', 'WUTA-SIM'], packages_ignore=None, packages_ignore_regex=None, paths=None, packages_up_to=None, packages_up_to_regex=None, packages_above=None, packages_above_and_dependencies=None, packages_above_depth=None, packages_select_by_dep=None, packages_skip_by_dep=None, packages_skip_up_to=None, packages_select_build_failed=False, packages_skip_build_finished=False, packages_select_test_failures=False, packages_skip_test_passed=False, packages_select=['autoware_msgs', 'wuta_msgs'], packages_skip=None, packages_select_regex=None, packages_skip_regex=None, packages_start=None, packages_end=None, allow_overriding=[], cmake_args=None, cmake_target=None, cmake_target_skip_unavailable=False, cmake_clean_cache=False, cmake_clean_first=False, cmake_force_configure=False, ament_cmake_args=None, catkin_cmake_args=None, catkin_skip_building_tests=False, verb_parser=<colcon_defaults.argument_parser.defaults.DefaultArgumentsDecorator object at 0x7093dcbeaf20>, verb_extension=<colcon_core.verb.build.BuildVerb object at 0x7093dcda3520>, main=<bound method BuildVerb.main of <colcon_core.verb.build.BuildVerb object at 0x7093dcda3520>>)
[0.162s] Level 1:colcon.colcon_core.package_discovery:discover_packages(colcon_meta) check parameters
[0.162s] Level 1:colcon.colcon_core.package_discovery:discover_packages(recursive) check parameters
[0.162s] Level 1:colcon.colcon_core.package_discovery:discover_packages(ignore) check parameters
[0.162s] Level 1:colcon.colcon_core.package_discovery:discover_packages(path) check parameters
[0.162s] Level 1:colcon.colcon_core.package_discovery:discover_packages(recursive) discover
[0.162s] INFO:colcon.colcon_core.package_discovery:Crawling recursively for packages in '/home/starry1n/WUTA/WUTA-FSD/ros2_ws/src', '/home/starry1n/WUTA/WUTA-SIM'
[0.162s] Level 1:colcon.colcon_core.package_identification:_identify(WUTA-FSD/ros2_ws/src) by extensions ['ignore', 'ignore_ament_install']
[0.162s] Level 1:colcon.colcon_core.package_identification:_identify(WUTA-FSD/ros2_ws/src) by extension 'ignore'
[0.162s] Level 1:colcon.colcon_core.package_identification:_identify(WUTA-FSD/ros2_ws/src) by extension 'ignore_ament_install'
[0.162s] Level 1:colcon.colcon_core.package_identification:_identify(WUTA-FSD/ros2_ws/src) by extensions ['colcon_pkg']
[0.162s] Level 1:colcon.colcon_core.package_identification:_identify(WUTA-FSD/ros2_ws/src) by extension 'colcon_pkg'
[0.162s] Level 1:colcon.colcon_core.package_identification:_identify(WUTA-FSD/ros2_ws/src) by extensions ['colcon_meta']
[0.162s] Level 1:colcon.colcon_core.package_identification:_identify(WUTA-FSD/ros2_ws/src) by extension 'colcon_meta'
[0.162s] Level 1:colcon.colcon_core.package_identification:_identify(WUTA-FSD/ros2_ws/src) by extensions ['ros']
[0.162s] Level 1:colcon.colcon_core.package_identification:_identify(WUTA-FSD/ros2_ws/src) by extension 'ros'
[0.170s] Level 1:colcon.colcon_core.package_identification:_identify(WUTA-FSD/ros2_ws/src) by extensions ['cmake', 'python']
[0.170s] Level 1:colcon.colcon_core.package_identification:_identify(WUTA-FSD/ros2_ws/src) by extension 'cmake'
[0.170s] Level 1:colcon.colcon_core.package_identification:_identify(WUTA-FSD/ros2_ws/src) by extension 'python'
[0.170s] Level 1:colcon.colcon_core.package_identification:_identify(WUTA-FSD/ros2_ws/src) by extensions ['python_setup_py']
[0.170s] Level 1:colcon.colcon_core.package_identification:_identify(WUTA-FSD/ros2_ws/src) by extension 'python_setup_py'
[0.170s] Level 1:colcon.colcon_core.package_identification:_identify(WUTA-FSD/ros2_ws/src/common) by extensions ['ignore', 'ignore_ament_install']
[0.171s] Level 1:colcon.colcon_core.package_identification:_identify(WUTA-FSD/ros2_ws/src/common) by extension 'ignore'
[0.171s] Level 1:colcon.colcon_core.package_identification:_identify(WUTA-FSD/ros2_ws/src/common) by extension 'ignore_ament_install'
[0.171s] Level 1:colcon.colcon_core.package_identification:_identify(WUTA-FSD/ros2_ws/src/common) by extensions ['colcon_pkg']
[0.171s] Level 1:colcon.colcon_core.package_identification:_identify(WUTA-FSD/ros2_ws/src/common) by extension 'colcon_pkg'
[0.171s] Level 1:colcon.colcon_core.package_identification:_identify(WUTA-FSD/ros2_ws/src/common) by extensions ['colcon_meta']
[0.171s] Level 1:colcon.colcon_core.package_identification:_identify(WUTA-FSD/ros2_ws/src/common) by extension 'colcon_meta'
[0.171s] Level 1:colcon.colcon_core.package_identification:_identify(WUTA-FSD/ros2_ws/src/common) by extensions ['ros']
[0.171s] Level 1:colcon.colcon_core.package_identification:_identify(WUTA-FSD/ros2_ws/src/common) by extension 'ros'
[0.171s] Level 1:colcon.colcon_core.package_identification:_identify(WUTA-FSD/ros2_ws/src/common) by extensions ['cmake', 'python']
[0.171s] Level 1:colcon.colcon_core.package_identification:_identify(WUTA-FSD/ros2_ws/src/common) by extension 'cmake'
[0.171s] Level 1:colcon.colcon_core.package_identification:_identify(WUTA-FSD/ros2_ws/src/common) by extension 'python'
[0.171s] Level 1:colcon.colcon_core.package_identification:_identify(WUTA-FSD/ros2_ws/src/common) by extensions ['python_setup_py']
[0.171s] Level 1:colcon.colcon_core.package_identification:_identify(WUTA-FSD/ros2_ws/src/common) by extension 'python_setup_py'
[0.171s] Level 1:colcon.colcon_core.package_identification:_identify(WUTA-FSD/ros2_ws/src/common/autoware_msgs) by extensions ['ignore', 'ignore_ament_install']
[0.171s] Level 1:colcon.colcon_core.package_identification:_identify(WUTA-FSD/ros2_ws/src/common/autoware_msgs) by extension 'ignore'
[0.171s] Level 1:colcon.colcon_core.package_identification:_identify(WUTA-FSD/ros2_ws/src/common/autoware_msgs) by extension 'ignore_ament_install'
[0.171s] Level 1:colcon.colcon_core.package_identification:_identify(WUTA-FSD/ros2_ws/src/common/autoware_msgs) by extensions ['colcon_pkg']
[0.171s] Level 1:colcon.colcon_core.package_identification:_identify(WUTA-FSD/ros2_ws/src/common/autoware_msgs) by extension 'colcon_pkg'
[0.171s] Level 1:colcon.colcon_core.package_identification:_identify(WUTA-FSD/ros2_ws/src/common/autoware_msgs) by extensions ['colcon_meta']
[0.171s] Level 1:colcon.colcon_core.package_identification:_identify(WUTA-FSD/ros2_ws/src/common/autoware_msgs) by extension 'colcon_meta'
[0.171s] Level 1:colcon.colcon_core.package_identification:_identify(WUTA-FSD/ros2_ws/src/common/autoware_msgs) by extensions ['ros']
[0.171s] Level 1:colcon.colcon_core.package_identification:_identify(WUTA-FSD/ros2_ws/src/common/autoware_msgs) by extension 'ros'
[0.173s] DEBUG:colcon.colcon_core.package_identification:Package 'WUTA-FSD/ros2_ws/src/common/autoware_msgs' with type 'ros.ament_cmake' and name 'autoware_msgs'
[0.173s] Level 1:colcon.colcon_core.package_identification:_identify(WUTA-FSD/ros2_ws/src/common/wuta_msgs) by extensions ['ignore', 'ignore_ament_install']
[0.173s] Level 1:colcon.colcon_core.package_identification:_identify(WUTA-FSD/ros2_ws/src/common/wuta_msgs) by extension 'ignore'
[0.173s] Level 1:colcon.colcon_core.package_identification:_identify(WUTA-FSD/ros2_ws/src/common/wuta_msgs) by extension 'ignore_ament_install'
[0.173s] Level 1:colcon.colcon_core.package_identification:_identify(WUTA-FSD/ros2_ws/src/common/wuta_msgs) by extensions ['colcon_pkg']
[0.173s] Level 1:colcon.colcon_core.package_identification:_identify(WUTA-FSD/ros2_ws/src/common/wuta_msgs) by extension 'colcon_pkg'
[0.173s] Level 1:colcon.colcon_core.package_identification:_identify(WUTA-FSD/ros2_ws/src/common/wuta_msgs) by extensions ['colcon_meta']
[0.173s] Level 1:colcon.colcon_core.package_identification:_identify(WUTA-FSD/ros2_ws/src/common/wuta_msgs) by extension 'colcon_meta'
[0.173s] Level 1:colcon.colcon_core.package_identification:_identify(WUTA-FSD/ros2_ws/src/common/wuta_msgs) by extensions ['ros']
[0.173s] Level 1:colcon.colcon_core.package_identification:_identify(WUTA-FSD/ros2_ws/src/common/wuta_msgs) by extension 'ros'
[0.174s] DEBUG:colcon.colcon_core.package_identification:Package 'WUTA-FSD/ros2_ws/src/common/wuta_msgs' with type 'ros.ament_cmake' and name 'wuta_msgs'
[0.174s] Level 1:colcon.colcon_core.package_identification:_identify(WUTA-FSD/ros2_ws/src/common/wuta_tools) by extensions ['ignore', 'ignore_ament_install']
[0.174s] Level 1:colcon.colcon_core.package_identification:_identify(WUTA-FSD/ros2_ws/src/common/wuta_tools) by extension 'ignore'
[0.174s] Level 1:colcon.colcon_core.package_identification:_identify(WUTA-FSD/ros2_ws/src/common/wuta_tools) by extension 'ignore_ament_install'
[0.174s] Level 1:colcon.colcon_core.package_identification:_identify(WUTA-FSD/ros2_ws/src/common/wuta_tools) by extensions ['colcon_pkg']
[0.174s] Level 1:colcon.colcon_core.package_identification:_identify(WUTA-FSD/ros2_ws/src/common/wuta_tools) by extension 'colcon_pkg'
[0.174s] Level 1:colcon.colcon_core.package_identification:_identify(WUTA-FSD/ros2_ws/src/common/wuta_tools) by extensions ['colcon_meta']
[0.174s] Level 1:colcon.colcon_core.package_identification:_identify(WUTA-FSD/ros2_ws/src/common/wuta_tools) by extension 'colcon_meta'
[0.174s] Level 1:colcon.colcon_core.package_identification:_identify(WUTA-FSD/ros2_ws/src/common/wuta_tools) by extensions ['ros']
[0.174s] Level 1:colcon.colcon_core.package_identification:_identify(WUTA-FSD/ros2_ws/src/common/wuta_tools) by extension 'ros'
[0.174s] DEBUG:colcon.colcon_core.package_identification:Package 'WUTA-FSD/ros2_ws/src/common/wuta_tools' with type 'ros.ament_cmake' and name 'wuta_tools'
[0.175s] Level 1:colcon.colcon_core.package_identification:_identify(WUTA-FSD/ros2_ws/src/control) by extensions ['ignore', 'ignore_ament_install']
[0.175s] Level 1:colcon.colcon_core.package_identification:_identify(WUTA-FSD/ros2_ws/src/control) by extension 'ignore'
[0.175s] Level 1:colcon.colcon_core.package_identification:_identify(WUTA-FSD/ros2_ws/src/control) by extension 'ignore_ament_install'
[0.175s] Level 1:colcon.colcon_core.package_identification:_identify(WUTA-FSD/ros2_ws/src/control) by extensions ['colcon_pkg']
[0.175s] Level 1:colcon.colcon_core.package_identification:_identify(WUTA-FSD/ros2_ws/src/control) by extension 'colcon_pkg'
[0.175s] Level 1:colcon.colcon_core.package_identification:_identify(WUTA-FSD/ros2_ws/src/control) by extensions ['colcon_meta']
[0.175s] Level 1:colcon.colcon_core.package_identification:_identify(WUTA-FSD/ros2_ws/src/control) by extension 'colcon_meta'
[0.175s] Level 1:colcon.colcon_core.package_identification:_identify(WUTA-FSD/ros2_ws/src/control) by extensions ['ros']
[0.175s] Level 1:colcon.colcon_core.package_identification:_identify(WUTA-FSD/ros2_ws/src/control) by extension 'ros'
[0.175s] Level 1:colcon.colcon_core.package_identification:_identify(WUTA-FSD/ros2_ws/src/control) by extensions ['cmake', 'python']
[0.175s] Level 1:colcon.colcon_core.package_identification:_identify(WUTA-FSD/ros2_ws/src/control) by extension 'cmake'
[0.175s] Level 1:colcon.colcon_core.package_identification:_identify(WUTA-FSD/ros2_ws/src/control) by extension 'python'
[0.175s] Level 1:colcon.colcon_core.package_identification:_identify(WUTA-FSD/ros2_ws/src/control) by extensions ['python_setup_py']
[0.175s] Level 1:colcon.colcon_core.package_identification:_identify(WUTA-FSD/ros2_ws/src/control) by extension 'python_setup_py'
[0.175s] Level 1:colcon.colcon_core.package_identification:_identify(WUTA-FSD/ros2_ws/src/control/controller) by extensions ['ignore', 'ignore_ament_install']
[0.175s] Level 1:colcon.colcon_core.package_identification:_identify(WUTA-FSD/ros2_ws/src/control/controller) by extension 'ignore'
[0.175s] Level 1:colcon.colcon_core.package_identification:_identify(WUTA-FSD/ros2_ws/src/control/controller) by extension 'ignore_ament_install'
[0.175s] Level 1:colcon.colcon_core.package_identification:_identify(WUTA-FSD/ros2_ws/src/control/controller) by extensions ['colcon_pkg']
[0.175s] Level 1:colcon.colcon_core.package_identification:_identify(WUTA-FSD/ros2_ws/src/control/controller) by extension 'colcon_pkg'
[0.175s] Level 1:colcon.colcon_core.package_identification:_identify(WUTA-FSD/ros2_ws/src/control/controller) by extensions ['colcon_meta']
[0.175s] Level 1:colcon.colcon_core.package_identification:_identify(WUTA-FSD/ros2_ws/src/control/controller) by extension 'colcon_meta'
[0.175s] Level 1:colcon.colcon_core.package_identification:_identify(WUTA-FSD/ros2_ws/src/control/controller) by extensions ['ros']
[0.175s] Level 1:colcon.colcon_core.package_identification:_identify(WUTA-FSD/ros2_ws/src/control/controller) by extension 'ros'
[0.176s] DEBUG:colcon.colcon_core.package_identification:Package 'WUTA-FSD/ros2_ws/src/control/controller' with type 'ros.ament_cmake' and name 'controller'
[0.176s] Level 1:colcon.colcon_core.package_identification:_identify(WUTA-FSD/ros2_ws/src/localization) by extensions ['ignore', 'ignore_ament_install']
[0.176s] Level 1:colcon.colcon_core.package_identification:_identify(WUTA-FSD/ros2_ws/src/localization) by extension 'ignore'
[0.176s] Level 1:colcon.colcon_core.package_identification:_identify(WUTA-FSD/ros2_ws/src/localization) by extension 'ignore_ament_install'
[0.176s] Level 1:colcon.colcon_core.package_identification:_identify(WUTA-FSD/ros2_ws/src/localization) by extensions ['colcon_pkg']
[0.176s] Level 1:colcon.colcon_core.package_identification:_identify(WUTA-FSD/ros2_ws/src/localization) by extension 'colcon_pkg'
[0.176s] Level 1:colcon.colcon_core.package_identification:_identify(WUTA-FSD/ros2_ws/src/localization) by extensions ['colcon_meta']
[0.176s] Level 1:colcon.colcon_core.package_identification:_identify(WUTA-FSD/ros2_ws/src/localization) by extension 'colcon_meta'
[0.176s] Level 1:colcon.colcon_core.package_identification:_identify(WUTA-FSD/ros2_ws/src/localization) by extensions ['ros']
[0.176s] Level 1:colcon.colcon_core.package_identification:_identify(WUTA-FSD/ros2_ws/src/localization) by extension 'ros'
[0.176s] Level 1:colcon.colcon_core.package_identification:_identify(WUTA-FSD/ros2_ws/src/localization) by extensions ['cmake', 'python']
[0.176s] Level 1:colcon.colcon_core.package_identification:_identify(WUTA-FSD/ros2_ws/src/localization) by extension 'cmake'
[0.176s] Level 1:colcon.colcon_core.package_identification:_identify(WUTA-FSD/ros2_ws/src/localization) by extension 'python'
[0.176s] Level 1:colcon.colcon_core.package_identification:_identify(WUTA-FSD/ros2_ws/src/localization) by extensions ['python_setup_py']
[0.176s] Level 1:colcon.colcon_core.package_identification:_identify(WUTA-FSD/ros2_ws/src/localization) by extension 'python_setup_py'
[0.176s] Level 1:colcon.colcon_core.package_identification:_identify(WUTA-FSD/ros2_ws/src/localization/kiss-icp) by extensions ['ignore', 'ignore_ament_install']
[0.176s] Level 1:colcon.colcon_core.package_identification:_identify(WUTA-FSD/ros2_ws/src/localization/kiss-icp) by extension 'ignore'
[0.176s] Level 1:colcon.colcon_core.package_identification:_identify(WUTA-FSD/ros2_ws/src/localization/kiss-icp) by extension 'ignore_ament_install'
[0.176s] Level 1:colcon.colcon_core.package_identification:_identify(WUTA-FSD/ros2_ws/src/localization/kiss-icp) by extensions ['colcon_pkg']
[0.176s] Level 1:colcon.colcon_core.package_identification:_identify(WUTA-FSD/ros2_ws/src/localization/kiss-icp) by extension 'colcon_pkg'
[0.176s] Level 1:colcon.colcon_core.package_identification:_identify(WUTA-FSD/ros2_ws/src/localization/kiss-icp) by extensions ['colcon_meta']
[0.176s] Level 1:colcon.colcon_core.package_identification:_identify(WUTA-FSD/ros2_ws/src/localization/kiss-icp) by extension 'colcon_meta'
[0.176s] Level 1:colcon.colcon_core.package_identification:_identify(WUTA-FSD/ros2_ws/src/localization/kiss-icp) by extensions ['ros']
[0.176s] Level 1:colcon.colcon_core.package_identification:_identify(WUTA-FSD/ros2_ws/src/localization/kiss-icp) by extension 'ros'
[0.176s] Level 1:colcon.colcon_core.package_identification:_identify(WUTA-FSD/ros2_ws/src/localization/kiss-icp) by extensions ['cmake', 'python']
[0.176s] Level 1:colcon.colcon_core.package_identification:_identify(WUTA-FSD/ros2_ws/src/localization/kiss-icp) by extension 'cmake'
[0.176s] Level 1:colcon.colcon_core.package_identification:_identify(WUTA-FSD/ros2_ws/src/localization/kiss-icp) by extension 'python'
[0.176s] Level 1:colcon.colcon_core.package_identification:_identify(WUTA-FSD/ros2_ws/src/localization/kiss-icp) by extensions ['python_setup_py']
[0.176s] Level 1:colcon.colcon_core.package_identification:_identify(WUTA-FSD/ros2_ws/src/localization/kiss-icp) by extension 'python_setup_py'
[0.176s] Level 1:colcon.colcon_core.package_identification:_identify(WUTA-FSD/ros2_ws/src/localization/kiss-icp/config) by extensions ['ignore', 'ignore_ament_install']
[0.176s] Level 1:colcon.colcon_core.package_identification:_identify(WUTA-FSD/ros2_ws/src/localization/kiss-icp/config) by extension 'ignore'
[0.177s] Level 1:colcon.colcon_core.package_identification:_identify(WUTA-FSD/ros2_ws/src/localization/kiss-icp/config) by extension 'ignore_ament_install'
[0.177s] Level 1:colcon.colcon_core.package_identification:_identify(WUTA-FSD/ros2_ws/src/localization/kiss-icp/config) by extensions ['colcon_pkg']
[0.177s] Level 1:colcon.colcon_core.package_identification:_identify(WUTA-FSD/ros2_ws/src/localization/kiss-icp/config) by extension 'colcon_pkg'
[0.177s] Level 1:colcon.colcon_core.package_identification:_identify(WUTA-FSD/ros2_ws/src/localization/kiss-icp/config) by extensions ['colcon_meta']
[0.177s] Level 1:colcon.colcon_core.package_identification:_identify(WUTA-FSD/ros2_ws/src/localization/kiss-icp/config) by extension 'colcon_meta'
[0.177s] Level 1:colcon.colcon_core.package_identification:_identify(WUTA-FSD/ros2_ws/src/localization/kiss-icp/config) by extensions ['ros']
[0.177s] Level 1:colcon.colcon_core.package_identification:_identify(WUTA-FSD/ros2_ws/src/localization/kiss-icp/config) by extension 'ros'
[0.177s] Level 1:colcon.colcon_core.package_identification:_identify(WUTA-FSD/ros2_ws/src/localization/kiss-icp/config) by extensions ['cmake', 'python']
[0.177s] Level 1:colcon.colcon_core.package_identification:_identify(WUTA-FSD/ros2_ws/src/localization/kiss-icp/config) by extension 'cmake'
[0.177s] Level 1:colcon.colcon_core.package_identification:_identify(WUTA-FSD/ros2_ws/src/localization/kiss-icp/config) by extension 'python'
[0.177s] Level 1:colcon.colcon_core.package_identification:_identify(WUTA-FSD/ros2_ws/src/localization/kiss-icp/config) by extensions ['python_setup_py']
[0.177s] Level 1:colcon.colcon_core.package_identification:_identify(WUTA-FSD/ros2_ws/src/localization/kiss-icp/config) by extension 'python_setup_py'
[0.177s] Level 1:colcon.colcon_core.package_identification:_identify(WUTA-FSD/ros2_ws/src/localization/kiss-icp/cpp) by extensions ['ignore', 'ignore_ament_install']
[0.177s] Level 1:colcon.colcon_core.package_identification:_identify(WUTA-FSD/ros2_ws/src/localization/kiss-icp/cpp) by extension 'ignore'
[0.177s] Level 1:colcon.colcon_core.package_identification:_identify(WUTA-FSD/ros2_ws/src/localization/kiss-icp/cpp) ignored
[0.177s] Level 1:colcon.colcon_core.package_identification:_identify(WUTA-FSD/ros2_ws/src/localization/kiss-icp/eval) by extensions ['ignore', 'ignore_ament_install']
[0.177s] Level 1:colcon.colcon_core.package_identification:_identify(WUTA-FSD/ros2_ws/src/localization/kiss-icp/eval) by extension 'ignore'
[0.177s] Level 1:colcon.colcon_core.package_identification:_identify(WUTA-FSD/ros2_ws/src/localization/kiss-icp/eval) by extension 'ignore_ament_install'
[0.177s] Level 1:colcon.colcon_core.package_identification:_identify(WUTA-FSD/ros2_ws/src/localization/kiss-icp/eval) by extensions ['colcon_pkg']
[0.177s] Level 1:colcon.colcon_core.package_identification:_identify(WUTA-FSD/ros2_ws/src/localization/kiss-icp/eval) by extension 'colcon_pkg'
[0.177s] Level 1:colcon.colcon_core.package_identification:_identify(WUTA-FSD/ros2_ws/src/localization/kiss-icp/eval) by extensions ['colcon_meta']
[0.177s] Level 1:colcon.colcon_core.package_identification:_identify(WUTA-FSD/ros2_ws/src/localization/kiss-icp/eval) by extension 'colcon_meta'
[0.177s] Level 1:colcon.colcon_core.package_identification:_identify(WUTA-FSD/ros2_ws/src/localization/kiss-icp/eval) by extensions ['ros']
[0.177s] Level 1:colcon.colcon_core.package_identification:_identify(WUTA-FSD/ros2_ws/src/localization/kiss-icp/eval) by extension 'ros'
[0.177s] Level 1:colcon.colcon_core.package_identification:_identify(WUTA-FSD/ros2_ws/src/localization/kiss-icp/eval) by extensions ['cmake', 'python']
[0.177s] Level 1:colcon.colcon_core.package_identification:_identify(WUTA-FSD/ros2_ws/src/localization/kiss-icp/eval) by extension 'cmake'
[0.177s] Level 1:colcon.colcon_core.package_identification:_identify(WUTA-FSD/ros2_ws/src/localization/kiss-icp/eval) by extension 'python'
[0.177s] Level 1:colcon.colcon_core.package_identification:_identify(WUTA-FSD/ros2_ws/src/localization/kiss-icp/eval) by extensions ['python_setup_py']
[0.177s] Level 1:colcon.colcon_core.package_identification:_identify(WUTA-FSD/ros2_ws/src/localization/kiss-icp/eval) by extension 'python_setup_py'
[0.177s] Level 1:colcon.colcon_core.package_identification:_identify(WUTA-FSD/ros2_ws/src/localization/kiss-icp/python) by extensions ['ignore', 'ignore_ament_install']
[0.177s] Level 1:colcon.colcon_core.package_identification:_identify(WUTA-FSD/ros2_ws/src/localization/kiss-icp/python) by extension 'ignore'
[0.177s] Level 1:colcon.colcon_core.package_identification:_identify(WUTA-FSD/ros2_ws/src/localization/kiss-icp/python) ignored
[0.178s] Level 1:colcon.colcon_core.package_identification:_identify(WUTA-FSD/ros2_ws/src/localization/kiss-icp/ros) by extensions ['ignore', 'ignore_ament_install']
[0.178s] Level 1:colcon.colcon_core.package_identification:_identify(WUTA-FSD/ros2_ws/src/localization/kiss-icp/ros) by extension 'ignore'
[0.178s] Level 1:colcon.colcon_core.package_identification:_identify(WUTA-FSD/ros2_ws/src/localization/kiss-icp/ros) by extension 'ignore_ament_install'
[0.178s] Level 1:colcon.colcon_core.package_identification:_identify(WUTA-FSD/ros2_ws/src/localization/kiss-icp/ros) by extensions ['colcon_pkg']
[0.178s] Level 1:colcon.colcon_core.package_identification:_identify(WUTA-FSD/ros2_ws/src/localization/kiss-icp/ros) by extension 'colcon_pkg'
[0.178s] Level 1:colcon.colcon_core.package_identification:_identify(WUTA-FSD/ros2_ws/src/localization/kiss-icp/ros) by extensions ['colcon_meta']
[0.178s] Level 1:colcon.colcon_core.package_identification:_identify(WUTA-FSD/ros2_ws/src/localization/kiss-icp/ros) by extension 'colcon_meta'
[0.178s] Level 1:colcon.colcon_core.package_identification:_identify(WUTA-FSD/ros2_ws/src/localization/kiss-icp/ros) by extensions ['ros']
[0.178s] Level 1:colcon.colcon_core.package_identification:_identify(WUTA-FSD/ros2_ws/src/localization/kiss-icp/ros) by extension 'ros'
[0.179s] DEBUG:colcon.colcon_core.package_identification:Package 'WUTA-FSD/ros2_ws/src/localization/kiss-icp/ros' with type 'ros.ament_cmake' and name 'kiss_icp'
[0.179s] Level 1:colcon.colcon_core.package_identification:_identify(WUTA-FSD/ros2_ws/src/localization/kiss_icp_wrapper) by extensions ['ignore', 'ignore_ament_install']
[0.179s] Level 1:colcon.colcon_core.package_identification:_identify(WUTA-FSD/ros2_ws/src/localization/kiss_icp_wrapper) by extension 'ignore'
[0.179s] Level 1:colcon.colcon_core.package_identification:_identify(WUTA-FSD/ros2_ws/src/localization/kiss_icp_wrapper) by extension 'ignore_ament_install'
[0.179s] Level 1:colcon.colcon_core.package_identification:_identify(WUTA-FSD/ros2_ws/src/localization/kiss_icp_wrapper) by extensions ['colcon_pkg']
[0.179s] Level 1:colcon.colcon_core.package_identification:_identify(WUTA-FSD/ros2_ws/src/localization/kiss_icp_wrapper) by extension 'colcon_pkg'
[0.179s] Level 1:colcon.colcon_core.package_identification:_identify(WUTA-FSD/ros2_ws/src/localization/kiss_icp_wrapper) by extensions ['colcon_meta']
[0.179s] Level 1:colcon.colcon_core.package_identification:_identify(WUTA-FSD/ros2_ws/src/localization/kiss_icp_wrapper) by extension 'colcon_meta'
[0.179s] Level 1:colcon.colcon_core.package_identification:_identify(WUTA-FSD/ros2_ws/src/localization/kiss_icp_wrapper) by extensions ['ros']
[0.179s] Level 1:colcon.colcon_core.package_identification:_identify(WUTA-FSD/ros2_ws/src/localization/kiss_icp_wrapper) by extension 'ros'
[0.179s] DEBUG:colcon.colcon_core.package_identification:Package 'WUTA-FSD/ros2_ws/src/localization/kiss_icp_wrapper' with type 'ros.ament_cmake' and name 'kiss_icp_wrapper'
[0.179s] Level 1:colcon.colcon_core.package_identification:_identify(WUTA-FSD/ros2_ws/src/localization/localization_manager) by extensions ['ignore', 'ignore_ament_install']
[0.179s] Level 1:colcon.colcon_core.package_identification:_identify(WUTA-FSD/ros2_ws/src/localization/localization_manager) by extension 'ignore'
[0.179s] Level 1:colcon.colcon_core.package_identification:_identify(WUTA-FSD/ros2_ws/src/localization/localization_manager) by extension 'ignore_ament_install'
[0.179s] Level 1:colcon.colcon_core.package_identification:_identify(WUTA-FSD/ros2_ws/src/localization/localization_manager) by extensions ['colcon_pkg']
[0.179s] Level 1:colcon.colcon_core.package_identification:_identify(WUTA-FSD/ros2_ws/src/localization/localization_manager) by extension 'colcon_pkg'
[0.180s] Level 1:colcon.colcon_core.package_identification:_identify(WUTA-FSD/ros2_ws/src/localization/localization_manager) by extensions ['colcon_meta']
[0.180s] Level 1:colcon.colcon_core.package_identification:_identify(WUTA-FSD/ros2_ws/src/localization/localization_manager) by extension 'colcon_meta'
[0.180s] Level 1:colcon.colcon_core.package_identification:_identify(WUTA-FSD/ros2_ws/src/localization/localization_manager) by extensions ['ros']
[0.180s] Level 1:colcon.colcon_core.package_identification:_identify(WUTA-FSD/ros2_ws/src/localization/localization_manager) by extension 'ros'
[0.180s] DEBUG:colcon.colcon_core.package_identification:Package 'WUTA-FSD/ros2_ws/src/localization/localization_manager' with type 'ros.ament_cmake' and name 'localization_manager'
[0.180s] Level 1:colcon.colcon_core.package_identification:_identify(WUTA-FSD/ros2_ws/src/localization/ndt_localization) by extensions ['ignore', 'ignore_ament_install']
[0.180s] Level 1:colcon.colcon_core.package_identification:_identify(WUTA-FSD/ros2_ws/src/localization/ndt_localization) by extension 'ignore'
[0.180s] Level 1:colcon.colcon_core.package_identification:_identify(WUTA-FSD/ros2_ws/src/localization/ndt_localization) by extension 'ignore_ament_install'
[0.180s] Level 1:colcon.colcon_core.package_identification:_identify(WUTA-FSD/ros2_ws/src/localization/ndt_localization) by extensions ['colcon_pkg']
[0.180s] Level 1:colcon.colcon_core.package_identification:_identify(WUTA-FSD/ros2_ws/src/localization/ndt_localization) by extension 'colcon_pkg'
[0.180s] Level 1:colcon.colcon_core.package_identification:_identify(WUTA-FSD/ros2_ws/src/localization/ndt_localization) by extensions ['colcon_meta']
[0.180s] Level 1:colcon.colcon_core.package_identification:_identify(WUTA-FSD/ros2_ws/src/localization/ndt_localization) by extension 'colcon_meta'
[0.180s] Level 1:colcon.colcon_core.package_identification:_identify(WUTA-FSD/ros2_ws/src/localization/ndt_localization) by extensions ['ros']
[0.180s] Level 1:colcon.colcon_core.package_identification:_identify(WUTA-FSD/ros2_ws/src/localization/ndt_localization) by extension 'ros'
[0.181s] DEBUG:colcon.colcon_core.package_identification:Package 'WUTA-FSD/ros2_ws/src/localization/ndt_localization' with type 'ros.ament_cmake' and name 'ndt_localization'
[0.181s] Level 1:colcon.colcon_core.package_identification:_identify(WUTA-FSD/ros2_ws/src/localization/robot_localization) by extensions ['ignore', 'ignore_ament_install']
[0.181s] Level 1:colcon.colcon_core.package_identification:_identify(WUTA-FSD/ros2_ws/src/localization/robot_localization) by extension 'ignore'
[0.181s] Level 1:colcon.colcon_core.package_identification:_identify(WUTA-FSD/ros2_ws/src/localization/robot_localization) by extension 'ignore_ament_install'
[0.181s] Level 1:colcon.colcon_core.package_identification:_identify(WUTA-FSD/ros2_ws/src/localization/robot_localization) by extensions ['colcon_pkg']
[0.181s] Level 1:colcon.colcon_core.package_identification:_identify(WUTA-FSD/ros2_ws/src/localization/robot_localization) by extension 'colcon_pkg'
[0.181s] Level 1:colcon.colcon_core.package_identification:_identify(WUTA-FSD/ros2_ws/src/localization/robot_localization) by extensions ['colcon_meta']
[0.181s] Level 1:colcon.colcon_core.package_identification:_identify(WUTA-FSD/ros2_ws/src/localization/robot_localization) by extension 'colcon_meta'
[0.181s] Level 1:colcon.colcon_core.package_identification:_identify(WUTA-FSD/ros2_ws/src/localization/robot_localization) by extensions ['ros']
[0.181s] Level 1:colcon.colcon_core.package_identification:_identify(WUTA-FSD/ros2_ws/src/localization/robot_localization) by extension 'ros'
[0.183s] DEBUG:colcon.colcon_core.package_identification:Package 'WUTA-FSD/ros2_ws/src/localization/robot_localization' with type 'ros.ament_cmake' and name 'robot_localization'
[0.183s] Level 1:colcon.colcon_core.package_identification:_identify(WUTA-FSD/ros2_ws/src/mapping) by extensions ['ignore', 'ignore_ament_install']
[0.183s] Level 1:colcon.colcon_core.package_identification:_identify(WUTA-FSD/ros2_ws/src/mapping) by extension 'ignore'
[0.183s] Level 1:colcon.colcon_core.package_identification:_identify(WUTA-FSD/ros2_ws/src/mapping) by extension 'ignore_ament_install'
[0.183s] Level 1:colcon.colcon_core.package_identification:_identify(WUTA-FSD/ros2_ws/src/mapping) by extensions ['colcon_pkg']
[0.183s] Level 1:colcon.colcon_core.package_identification:_identify(WUTA-FSD/ros2_ws/src/mapping) by extension 'colcon_pkg'
[0.183s] Level 1:colcon.colcon_core.package_identification:_identify(WUTA-FSD/ros2_ws/src/mapping) by extensions ['colcon_meta']
[0.183s] Level 1:colcon.colcon_core.package_identification:_identify(WUTA-FSD/ros2_ws/src/mapping) by extension 'colcon_meta'
[0.183s] Level 1:colcon.colcon_core.package_identification:_identify(WUTA-FSD/ros2_ws/src/mapping) by extensions ['ros']
[0.183s] Level 1:colcon.colcon_core.package_identification:_identify(WUTA-FSD/ros2_ws/src/mapping) by extension 'ros'
[0.183s] Level 1:colcon.colcon_core.package_identification:_identify(WUTA-FSD/ros2_ws/src/mapping) by extensions ['cmake', 'python']
[0.183s] Level 1:colcon.colcon_core.package_identification:_identify(WUTA-FSD/ros2_ws/src/mapping) by extension 'cmake'
[0.183s] Level 1:colcon.colcon_core.package_identification:_identify(WUTA-FSD/ros2_ws/src/mapping) by extension 'python'
[0.183s] Level 1:colcon.colcon_core.package_identification:_identify(WUTA-FSD/ros2_ws/src/mapping) by extensions ['python_setup_py']
[0.183s] Level 1:colcon.colcon_core.package_identification:_identify(WUTA-FSD/ros2_ws/src/mapping) by extension 'python_setup_py'
[0.183s] Level 1:colcon.colcon_core.package_identification:_identify(WUTA-FSD/ros2_ws/src/mapping/cone_map_builder) by extensions ['ignore', 'ignore_ament_install']
[0.183s] Level 1:colcon.colcon_core.package_identification:_identify(WUTA-FSD/ros2_ws/src/mapping/cone_map_builder) by extension 'ignore'
[0.183s] Level 1:colcon.colcon_core.package_identification:_identify(WUTA-FSD/ros2_ws/src/mapping/cone_map_builder) by extension 'ignore_ament_install'
[0.183s] Level 1:colcon.colcon_core.package_identification:_identify(WUTA-FSD/ros2_ws/src/mapping/cone_map_builder) by extensions ['colcon_pkg']
[0.183s] Level 1:colcon.colcon_core.package_identification:_identify(WUTA-FSD/ros2_ws/src/mapping/cone_map_builder) by extension 'colcon_pkg'
[0.183s] Level 1:colcon.colcon_core.package_identification:_identify(WUTA-FSD/ros2_ws/src/mapping/cone_map_builder) by extensions ['colcon_meta']
[0.183s] Level 1:colcon.colcon_core.package_identification:_identify(WUTA-FSD/ros2_ws/src/mapping/cone_map_builder) by extension 'colcon_meta'
[0.183s] Level 1:colcon.colcon_core.package_identification:_identify(WUTA-FSD/ros2_ws/src/mapping/cone_map_builder) by extensions ['ros']
[0.183s] Level 1:colcon.colcon_core.package_identification:_identify(WUTA-FSD/ros2_ws/src/mapping/cone_map_builder) by extension 'ros'
[0.184s] DEBUG:colcon.colcon_core.package_identification:Package 'WUTA-FSD/ros2_ws/src/mapping/cone_map_builder' with type 'ros.ament_cmake' and name 'cone_map_builder'
[0.184s] Level 1:colcon.colcon_core.package_identification:_identify(WUTA-FSD/ros2_ws/src/perception) by extensions ['ignore', 'ignore_ament_install']
[0.184s] Level 1:colcon.colcon_core.package_identification:_identify(WUTA-FSD/ros2_ws/src/perception) by extension 'ignore'
[0.184s] Level 1:colcon.colcon_core.package_identification:_identify(WUTA-FSD/ros2_ws/src/perception) by extension 'ignore_ament_install'
[0.184s] Level 1:colcon.colcon_core.package_identification:_identify(WUTA-FSD/ros2_ws/src/perception) by extensions ['colcon_pkg']
[0.184s] Level 1:colcon.colcon_core.package_identification:_identify(WUTA-FSD/ros2_ws/src/perception) by extension 'colcon_pkg'
[0.184s] Level 1:colcon.colcon_core.package_identification:_identify(WUTA-FSD/ros2_ws/src/perception) by extensions ['colcon_meta']
[0.184s] Level 1:colcon.colcon_core.package_identification:_identify(WUTA-FSD/ros2_ws/src/perception) by extension 'colcon_meta'
[0.184s] Level 1:colcon.colcon_core.package_identification:_identify(WUTA-FSD/ros2_ws/src/perception) by extensions ['ros']
[0.184s] Level 1:colcon.colcon_core.package_identification:_identify(WUTA-FSD/ros2_ws/src/perception) by extension 'ros'
[0.184s] Level 1:colcon.colcon_core.package_identification:_identify(WUTA-FSD/ros2_ws/src/perception) by extensions ['cmake', 'python']
[0.184s] Level 1:colcon.colcon_core.package_identification:_identify(WUTA-FSD/ros2_ws/src/perception) by extension 'cmake'
[0.184s] Level 1:colcon.colcon_core.package_identification:_identify(WUTA-FSD/ros2_ws/src/perception) by extension 'python'
[0.184s] Level 1:colcon.colcon_core.package_identification:_identify(WUTA-FSD/ros2_ws/src/perception) by extensions ['python_setup_py']
[0.184s] Level 1:colcon.colcon_core.package_identification:_identify(WUTA-FSD/ros2_ws/src/perception) by extension 'python_setup_py'
[0.185s] Level 1:colcon.colcon_core.package_identification:_identify(WUTA-FSD/ros2_ws/src/perception/camera_detection) by extensions ['ignore', 'ignore_ament_install']
[0.185s] Level 1:colcon.colcon_core.package_identification:_identify(WUTA-FSD/ros2_ws/src/perception/camera_detection) by extension 'ignore'
[0.185s] Level 1:colcon.colcon_core.package_identification:_identify(WUTA-FSD/ros2_ws/src/perception/camera_detection) by extension 'ignore_ament_install'
[0.185s] Level 1:colcon.colcon_core.package_identification:_identify(WUTA-FSD/ros2_ws/src/perception/camera_detection) by extensions ['colcon_pkg']
[0.185s] Level 1:colcon.colcon_core.package_identification:_identify(WUTA-FSD/ros2_ws/src/perception/camera_detection) by extension 'colcon_pkg'
[0.185s] Level 1:colcon.colcon_core.package_identification:_identify(WUTA-FSD/ros2_ws/src/perception/camera_detection) by extensions ['colcon_meta']
[0.185s] Level 1:colcon.colcon_core.package_identification:_identify(WUTA-FSD/ros2_ws/src/perception/camera_detection) by extension 'colcon_meta'
[0.185s] Level 1:colcon.colcon_core.package_identification:_identify(WUTA-FSD/ros2_ws/src/perception/camera_detection) by extensions ['ros']
[0.185s] Level 1:colcon.colcon_core.package_identification:_identify(WUTA-FSD/ros2_ws/src/perception/camera_detection) by extension 'ros'
[0.185s] DEBUG:colcon.colcon_core.package_identification:Package 'WUTA-FSD/ros2_ws/src/perception/camera_detection' with type 'ros.ament_cmake' and name 'camera_detection'
[0.185s] Level 1:colcon.colcon_core.package_identification:_identify(WUTA-FSD/ros2_ws/src/perception/detection_fusion) by extensions ['ignore', 'ignore_ament_install']
[0.185s] Level 1:colcon.colcon_core.package_identification:_identify(WUTA-FSD/ros2_ws/src/perception/detection_fusion) by extension 'ignore'
[0.185s] Level 1:colcon.colcon_core.package_identification:_identify(WUTA-FSD/ros2_ws/src/perception/detection_fusion) by extension 'ignore_ament_install'
[0.185s] Level 1:colcon.colcon_core.package_identification:_identify(WUTA-FSD/ros2_ws/src/perception/detection_fusion) by extensions ['colcon_pkg']
[0.185s] Level 1:colcon.colcon_core.package_identification:_identify(WUTA-FSD/ros2_ws/src/perception/detection_fusion) by extension 'colcon_pkg'
[0.185s] Level 1:colcon.colcon_core.package_identification:_identify(WUTA-FSD/ros2_ws/src/perception/detection_fusion) by extensions ['colcon_meta']
[0.185s] Level 1:colcon.colcon_core.package_identification:_identify(WUTA-FSD/ros2_ws/src/perception/detection_fusion) by extension 'colcon_meta'
[0.185s] Level 1:colcon.colcon_core.package_identification:_identify(WUTA-FSD/ros2_ws/src/perception/detection_fusion) by extensions ['ros']
[0.185s] Level 1:colcon.colcon_core.package_identification:_identify(WUTA-FSD/ros2_ws/src/perception/detection_fusion) by extension 'ros'
[0.186s] DEBUG:colcon.colcon_core.package_identification:Package 'WUTA-FSD/ros2_ws/src/perception/detection_fusion' with type 'ros.ament_cmake' and name 'detection_fusion'
[0.186s] Level 1:colcon.colcon_core.package_identification:_identify(WUTA-FSD/ros2_ws/src/perception/lidar_detection) by extensions ['ignore', 'ignore_ament_install']
[0.186s] Level 1:colcon.colcon_core.package_identification:_identify(WUTA-FSD/ros2_ws/src/perception/lidar_detection) by extension 'ignore'
[0.186s] Level 1:colcon.colcon_core.package_identification:_identify(WUTA-FSD/ros2_ws/src/perception/lidar_detection) by extension 'ignore_ament_install'
[0.186s] Level 1:colcon.colcon_core.package_identification:_identify(WUTA-FSD/ros2_ws/src/perception/lidar_detection) by extensions ['colcon_pkg']
[0.186s] Level 1:colcon.colcon_core.package_identification:_identify(WUTA-FSD/ros2_ws/src/perception/lidar_detection) by extension 'colcon_pkg'
[0.186s] Level 1:colcon.colcon_core.package_identification:_identify(WUTA-FSD/ros2_ws/src/perception/lidar_detection) by extensions ['colcon_meta']
[0.186s] Level 1:colcon.colcon_core.package_identification:_identify(WUTA-FSD/ros2_ws/src/perception/lidar_detection) by extension 'colcon_meta'
[0.186s] Level 1:colcon.colcon_core.package_identification:_identify(WUTA-FSD/ros2_ws/src/perception/lidar_detection) by extensions ['ros']
[0.186s] Level 1:colcon.colcon_core.package_identification:_identify(WUTA-FSD/ros2_ws/src/perception/lidar_detection) by extension 'ros'
[0.186s] DEBUG:colcon.colcon_core.package_identification:Package 'WUTA-FSD/ros2_ws/src/perception/lidar_detection' with type 'ros.ament_cmake' and name 'lidar_detection'
[0.187s] Level 1:colcon.colcon_core.package_identification:_identify(WUTA-FSD/ros2_ws/src/planning) by extensions ['ignore', 'ignore_ament_install']
[0.187s] Level 1:colcon.colcon_core.package_identification:_identify(WUTA-FSD/ros2_ws/src/planning) by extension 'ignore'
[0.187s] Level 1:colcon.colcon_core.package_identification:_identify(WUTA-FSD/ros2_ws/src/planning) by extension 'ignore_ament_install'
[0.187s] Level 1:colcon.colcon_core.package_identification:_identify(WUTA-FSD/ros2_ws/src/planning) by extensions ['colcon_pkg']
[0.187s] Level 1:colcon.colcon_core.package_identification:_identify(WUTA-FSD/ros2_ws/src/planning) by extension 'colcon_pkg'
[0.187s] Level 1:colcon.colcon_core.package_identification:_identify(WUTA-FSD/ros2_ws/src/planning) by extensions ['colcon_meta']
[0.187s] Level 1:colcon.colcon_core.package_identification:_identify(WUTA-FSD/ros2_ws/src/planning) by extension 'colcon_meta'
[0.187s] Level 1:colcon.colcon_core.package_identification:_identify(WUTA-FSD/ros2_ws/src/planning) by extensions ['ros']
[0.187s] Level 1:colcon.colcon_core.package_identification:_identify(WUTA-FSD/ros2_ws/src/planning) by extension 'ros'
[0.187s] Level 1:colcon.colcon_core.package_identification:_identify(WUTA-FSD/ros2_ws/src/planning) by extensions ['cmake', 'python']
[0.187s] Level 1:colcon.colcon_core.package_identification:_identify(WUTA-FSD/ros2_ws/src/planning) by extension 'cmake'
[0.187s] Level 1:colcon.colcon_core.package_identification:_identify(WUTA-FSD/ros2_ws/src/planning) by extension 'python'
[0.187s] Level 1:colcon.colcon_core.package_identification:_identify(WUTA-FSD/ros2_ws/src/planning) by extensions ['python_setup_py']
[0.187s] Level 1:colcon.colcon_core.package_identification:_identify(WUTA-FSD/ros2_ws/src/planning) by extension 'python_setup_py'
[0.187s] Level 1:colcon.colcon_core.package_identification:_identify(WUTA-FSD/ros2_ws/src/planning/boundary_detector) by extensions ['ignore', 'ignore_ament_install']
[0.187s] Level 1:colcon.colcon_core.package_identification:_identify(WUTA-FSD/ros2_ws/src/planning/boundary_detector) by extension 'ignore'
[0.187s] Level 1:colcon.colcon_core.package_identification:_identify(WUTA-FSD/ros2_ws/src/planning/boundary_detector) by extension 'ignore_ament_install'
[0.187s] Level 1:colcon.colcon_core.package_identification:_identify(WUTA-FSD/ros2_ws/src/planning/boundary_detector) by extensions ['colcon_pkg']
[0.187s] Level 1:colcon.colcon_core.package_identification:_identify(WUTA-FSD/ros2_ws/src/planning/boundary_detector) by extension 'colcon_pkg'
[0.187s] Level 1:colcon.colcon_core.package_identification:_identify(WUTA-FSD/ros2_ws/src/planning/boundary_detector) by extensions ['colcon_meta']
[0.187s] Level 1:colcon.colcon_core.package_identification:_identify(WUTA-FSD/ros2_ws/src/planning/boundary_detector) by extension 'colcon_meta'
[0.187s] Level 1:colcon.colcon_core.package_identification:_identify(WUTA-FSD/ros2_ws/src/planning/boundary_detector) by extensions ['ros']
[0.187s] Level 1:colcon.colcon_core.package_identification:_identify(WUTA-FSD/ros2_ws/src/planning/boundary_detector) by extension 'ros'
[0.187s] DEBUG:colcon.colcon_core.package_identification:Package 'WUTA-FSD/ros2_ws/src/planning/boundary_detector' with type 'ros.ament_cmake' and name 'boundary_detector'
[0.188s] Level 1:colcon.colcon_core.package_identification:_identify(WUTA-FSD/ros2_ws/src/planning/path_generator) by extensions ['ignore', 'ignore_ament_install']
[0.188s] Level 1:colcon.colcon_core.package_identification:_identify(WUTA-FSD/ros2_ws/src/planning/path_generator) by extension 'ignore'
[0.188s] Level 1:colcon.colcon_core.package_identification:_identify(WUTA-FSD/ros2_ws/src/planning/path_generator) by extension 'ignore_ament_install'
[0.188s] Level 1:colcon.colcon_core.package_identification:_identify(WUTA-FSD/ros2_ws/src/planning/path_generator) by extensions ['colcon_pkg']
[0.188s] Level 1:colcon.colcon_core.package_identification:_identify(WUTA-FSD/ros2_ws/src/planning/path_generator) by extension 'colcon_pkg'
[0.188s] Level 1:colcon.colcon_core.package_identification:_identify(WUTA-FSD/ros2_ws/src/planning/path_generator) by extensions ['colcon_meta']
[0.188s] Level 1:colcon.colcon_core.package_identification:_identify(WUTA-FSD/ros2_ws/src/planning/path_generator) by extension 'colcon_meta'
[0.188s] Level 1:colcon.colcon_core.package_identification:_identify(WUTA-FSD/ros2_ws/src/planning/path_generator) by extensions ['ros']
[0.188s] Level 1:colcon.colcon_core.package_identification:_identify(WUTA-FSD/ros2_ws/src/planning/path_generator) by extension 'ros'
[0.188s] DEBUG:colcon.colcon_core.package_identification:Package 'WUTA-FSD/ros2_ws/src/planning/path_generator' with type 'ros.ament_cmake' and name 'path_generator'
[0.188s] Level 1:colcon.colcon_core.package_identification:_identify(WUTA-FSD/ros2_ws/src/system) by extensions ['ignore', 'ignore_ament_install']
[0.188s] Level 1:colcon.colcon_core.package_identification:_identify(WUTA-FSD/ros2_ws/src/system) by extension 'ignore'
[0.188s] Level 1:colcon.colcon_core.package_identification:_identify(WUTA-FSD/ros2_ws/src/system) by extension 'ignore_ament_install'
[0.188s] Level 1:colcon.colcon_core.package_identification:_identify(WUTA-FSD/ros2_ws/src/system) by extensions ['colcon_pkg']
[0.188s] Level 1:colcon.colcon_core.package_identification:_identify(WUTA-FSD/ros2_ws/src/system) by extension 'colcon_pkg'
[0.188s] Level 1:colcon.colcon_core.package_identification:_identify(WUTA-FSD/ros2_ws/src/system) by extensions ['colcon_meta']
[0.188s] Level 1:colcon.colcon_core.package_identification:_identify(WUTA-FSD/ros2_ws/src/system) by extension 'colcon_meta'
[0.188s] Level 1:colcon.colcon_core.package_identification:_identify(WUTA-FSD/ros2_ws/src/system) by extensions ['ros']
[0.188s] Level 1:colcon.colcon_core.package_identification:_identify(WUTA-FSD/ros2_ws/src/system) by extension 'ros'
[0.188s] Level 1:colcon.colcon_core.package_identification:_identify(WUTA-FSD/ros2_ws/src/system) by extensions ['cmake', 'python']
[0.188s] Level 1:colcon.colcon_core.package_identification:_identify(WUTA-FSD/ros2_ws/src/system) by extension 'cmake'
[0.188s] Level 1:colcon.colcon_core.package_identification:_identify(WUTA-FSD/ros2_ws/src/system) by extension 'python'
[0.188s] Level 1:colcon.colcon_core.package_identification:_identify(WUTA-FSD/ros2_ws/src/system) by extensions ['python_setup_py']
[0.188s] Level 1:colcon.colcon_core.package_identification:_identify(WUTA-FSD/ros2_ws/src/system) by extension 'python_setup_py'
[0.189s] Level 1:colcon.colcon_core.package_identification:_identify(WUTA-FSD/ros2_ws/src/system/mission_manager) by extensions ['ignore', 'ignore_ament_install']
[0.189s] Level 1:colcon.colcon_core.package_identification:_identify(WUTA-FSD/ros2_ws/src/system/mission_manager) by extension 'ignore'
[0.189s] Level 1:colcon.colcon_core.package_identification:_identify(WUTA-FSD/ros2_ws/src/system/mission_manager) by extension 'ignore_ament_install'
[0.189s] Level 1:colcon.colcon_core.package_identification:_identify(WUTA-FSD/ros2_ws/src/system/mission_manager) by extensions ['colcon_pkg']
[0.189s] Level 1:colcon.colcon_core.package_identification:_identify(WUTA-FSD/ros2_ws/src/system/mission_manager) by extension 'colcon_pkg'
[0.189s] Level 1:colcon.colcon_core.package_identification:_identify(WUTA-FSD/ros2_ws/src/system/mission_manager) by extensions ['colcon_meta']
[0.189s] Level 1:colcon.colcon_core.package_identification:_identify(WUTA-FSD/ros2_ws/src/system/mission_manager) by extension 'colcon_meta'
[0.189s] Level 1:colcon.colcon_core.package_identification:_identify(WUTA-FSD/ros2_ws/src/system/mission_manager) by extensions ['ros']
[0.189s] Level 1:colcon.colcon_core.package_identification:_identify(WUTA-FSD/ros2_ws/src/system/mission_manager) by extension 'ros'
[0.189s] DEBUG:colcon.colcon_core.package_identification:Package 'WUTA-FSD/ros2_ws/src/system/mission_manager' with type 'ros.ament_cmake' and name 'mission_manager'
[0.189s] Level 1:colcon.colcon_core.package_identification:_identify(WUTA-SIM) by extensions ['ignore', 'ignore_ament_install']
[0.189s] Level 1:colcon.colcon_core.package_identification:_identify(WUTA-SIM) by extension 'ignore'
[0.189s] Level 1:colcon.colcon_core.package_identification:_identify(WUTA-SIM) by extension 'ignore_ament_install'
[0.189s] Level 1:colcon.colcon_core.package_identification:_identify(WUTA-SIM) by extensions ['colcon_pkg']
[0.189s] Level 1:colcon.colcon_core.package_identification:_identify(WUTA-SIM) by extension 'colcon_pkg'
[0.189s] Level 1:colcon.colcon_core.package_identification:_identify(WUTA-SIM) by extensions ['colcon_meta']
[0.189s] Level 1:colcon.colcon_core.package_identification:_identify(WUTA-SIM) by extension 'colcon_meta'
[0.189s] Level 1:colcon.colcon_core.package_identification:_identify(WUTA-SIM) by extensions ['ros']
[0.189s] Level 1:colcon.colcon_core.package_identification:_identify(WUTA-SIM) by extension 'ros'
[0.189s] Level 1:colcon.colcon_core.package_identification:_identify(WUTA-SIM) by extensions ['cmake', 'python']
[0.189s] Level 1:colcon.colcon_core.package_identification:_identify(WUTA-SIM) by extension 'cmake'
[0.189s] Level 1:colcon.colcon_core.package_identification:_identify(WUTA-SIM) by extension 'python'
[0.189s] Level 1:colcon.colcon_core.package_identification:_identify(WUTA-SIM) by extensions ['python_setup_py']
[0.189s] Level 1:colcon.colcon_core.package_identification:_identify(WUTA-SIM) by extension 'python_setup_py'
[0.190s] Level 1:colcon.colcon_core.package_identification:_identify(WUTA-SIM/can_simulator) by extensions ['ignore', 'ignore_ament_install']
[0.190s] Level 1:colcon.colcon_core.package_identification:_identify(WUTA-SIM/can_simulator) by extension 'ignore'
[0.190s] Level 1:colcon.colcon_core.package_identification:_identify(WUTA-SIM/can_simulator) by extension 'ignore_ament_install'
[0.190s] Level 1:colcon.colcon_core.package_identification:_identify(WUTA-SIM/can_simulator) by extensions ['colcon_pkg']
[0.190s] Level 1:colcon.colcon_core.package_identification:_identify(WUTA-SIM/can_simulator) by extension 'colcon_pkg'
[0.190s] Level 1:colcon.colcon_core.package_identification:_identify(WUTA-SIM/can_simulator) by extensions ['colcon_meta']
[0.190s] Level 1:colcon.colcon_core.package_identification:_identify(WUTA-SIM/can_simulator) by extension 'colcon_meta'
[0.190s] Level 1:colcon.colcon_core.package_identification:_identify(WUTA-SIM/can_simulator) by extensions ['ros']
[0.190s] Level 1:colcon.colcon_core.package_identification:_identify(WUTA-SIM/can_simulator) by extension 'ros'
[0.190s] Level 1:colcon.colcon_core.package_identification:_identify(WUTA-SIM/can_simulator) by extensions ['cmake', 'python']
[0.190s] Level 1:colcon.colcon_core.package_identification:_identify(WUTA-SIM/can_simulator) by extension 'cmake'
[0.190s] Level 1:colcon.colcon_core.package_identification:_identify(WUTA-SIM/can_simulator) by extension 'python'
[0.190s] Level 1:colcon.colcon_core.package_identification:_identify(WUTA-SIM/can_simulator) by extensions ['python_setup_py']
[0.190s] Level 1:colcon.colcon_core.package_identification:_identify(WUTA-SIM/can_simulator) by extension 'python_setup_py'
[0.190s] Level 1:colcon.colcon_core.package_identification:_identify(WUTA-SIM/can_simulator/src) by extensions ['ignore', 'ignore_ament_install']
[0.190s] Level 1:colcon.colcon_core.package_identification:_identify(WUTA-SIM/can_simulator/src) by extension 'ignore'
[0.190s] Level 1:colcon.colcon_core.package_identification:_identify(WUTA-SIM/can_simulator/src) by extension 'ignore_ament_install'
[0.190s] Level 1:colcon.colcon_core.package_identification:_identify(WUTA-SIM/can_simulator/src) by extensions ['colcon_pkg']
[0.190s] Level 1:colcon.colcon_core.package_identification:_identify(WUTA-SIM/can_simulator/src) by extension 'colcon_pkg'
[0.190s] Level 1:colcon.colcon_core.package_identification:_identify(WUTA-SIM/can_simulator/src) by extensions ['colcon_meta']
[0.190s] Level 1:colcon.colcon_core.package_identification:_identify(WUTA-SIM/can_simulator/src) by extension 'colcon_meta'
[0.190s] Level 1:colcon.colcon_core.package_identification:_identify(WUTA-SIM/can_simulator/src) by extensions ['ros']
[0.190s] Level 1:colcon.colcon_core.package_identification:_identify(WUTA-SIM/can_simulator/src) by extension 'ros'
[0.190s] Level 1:colcon.colcon_core.package_identification:_identify(WUTA-SIM/can_simulator/src) by extensions ['cmake', 'python']
[0.190s] Level 1:colcon.colcon_core.package_identification:_identify(WUTA-SIM/can_simulator/src) by extension 'cmake'
[0.190s] Level 1:colcon.colcon_core.package_identification:_identify(WUTA-SIM/can_simulator/src) by extension 'python'
[0.190s] Level 1:colcon.colcon_core.package_identification:_identify(WUTA-SIM/can_simulator/src) by extensions ['python_setup_py']
[0.190s] Level 1:colcon.colcon_core.package_identification:_identify(WUTA-SIM/can_simulator/src) by extension 'python_setup_py'
[0.190s] Level 1:colcon.colcon_core.package_identification:_identify(WUTA-SIM/can_simulator/src/can_simulator) by extensions ['ignore', 'ignore_ament_install']
[0.190s] Level 1:colcon.colcon_core.package_identification:_identify(WUTA-SIM/can_simulator/src/can_simulator) by extension 'ignore'
[0.190s] Level 1:colcon.colcon_core.package_identification:_identify(WUTA-SIM/can_simulator/src/can_simulator) by extension 'ignore_ament_install'
[0.190s] Level 1:colcon.colcon_core.package_identification:_identify(WUTA-SIM/can_simulator/src/can_simulator) by extensions ['colcon_pkg']
[0.190s] Level 1:colcon.colcon_core.package_identification:_identify(WUTA-SIM/can_simulator/src/can_simulator) by extension 'colcon_pkg'
[0.190s] Level 1:colcon.colcon_core.package_identification:_identify(WUTA-SIM/can_simulator/src/can_simulator) by extensions ['colcon_meta']
[0.190s] Level 1:colcon.colcon_core.package_identification:_identify(WUTA-SIM/can_simulator/src/can_simulator) by extension 'colcon_meta'
[0.190s] Level 1:colcon.colcon_core.package_identification:_identify(WUTA-SIM/can_simulator/src/can_simulator) by extensions ['ros']
[0.190s] Level 1:colcon.colcon_core.package_identification:_identify(WUTA-SIM/can_simulator/src/can_simulator) by extension 'ros'
[0.191s] DEBUG:colcon.colcon_core.package_identification:Package 'WUTA-SIM/can_simulator/src/can_simulator' with type 'ros.ament_python' and name 'can_simulator'
[0.191s] Level 1:colcon.colcon_core.package_identification:_identify(WUTA-SIM/docs) by extensions ['ignore', 'ignore_ament_install']
[0.191s] Level 1:colcon.colcon_core.package_identification:_identify(WUTA-SIM/docs) by extension 'ignore'
[0.191s] Level 1:colcon.colcon_core.package_identification:_identify(WUTA-SIM/docs) by extension 'ignore_ament_install'
[0.191s] Level 1:colcon.colcon_core.package_identification:_identify(WUTA-SIM/docs) by extensions ['colcon_pkg']
[0.191s] Level 1:colcon.colcon_core.package_identification:_identify(WUTA-SIM/docs) by extension 'colcon_pkg'
[0.191s] Level 1:colcon.colcon_core.package_identification:_identify(WUTA-SIM/docs) by extensions ['colcon_meta']
[0.191s] Level 1:colcon.colcon_core.package_identification:_identify(WUTA-SIM/docs) by extension 'colcon_meta'
[0.191s] Level 1:colcon.colcon_core.package_identification:_identify(WUTA-SIM/docs) by extensions ['ros']
[0.191s] Level 1:colcon.colcon_core.package_identification:_identify(WUTA-SIM/docs) by extension 'ros'
[0.191s] Level 1:colcon.colcon_core.package_identification:_identify(WUTA-SIM/docs) by extensions ['cmake', 'python']
[0.191s] Level 1:colcon.colcon_core.package_identification:_identify(WUTA-SIM/docs) by extension 'cmake'
[0.191s] Level 1:colcon.colcon_core.package_identification:_identify(WUTA-SIM/docs) by extension 'python'
[0.191s] Level 1:colcon.colcon_core.package_identification:_identify(WUTA-SIM/docs) by extensions ['python_setup_py']
[0.191s] Level 1:colcon.colcon_core.package_identification:_identify(WUTA-SIM/docs) by extension 'python_setup_py'
[0.191s] Level 1:colcon.colcon_core.package_identification:_identify(WUTA-SIM/perception_simulation) by extensions ['ignore', 'ignore_ament_install']
[0.192s] Level 1:colcon.colcon_core.package_identification:_identify(WUTA-SIM/perception_simulation) by extension 'ignore'
[0.192s] Level 1:colcon.colcon_core.package_identification:_identify(WUTA-SIM/perception_simulation) by extension 'ignore_ament_install'
[0.192s] Level 1:colcon.colcon_core.package_identification:_identify(WUTA-SIM/perception_simulation) by extensions ['colcon_pkg']
[0.192s] Level 1:colcon.colcon_core.package_identification:_identify(WUTA-SIM/perception_simulation) by extension 'colcon_pkg'
[0.192s] Level 1:colcon.colcon_core.package_identification:_identify(WUTA-SIM/perception_simulation) by extensions ['colcon_meta']
[0.192s] Level 1:colcon.colcon_core.package_identification:_identify(WUTA-SIM/perception_simulation) by extension 'colcon_meta'
[0.192s] Level 1:colcon.colcon_core.package_identification:_identify(WUTA-SIM/perception_simulation) by extensions ['ros']
[0.192s] Level 1:colcon.colcon_core.package_identification:_identify(WUTA-SIM/perception_simulation) by extension 'ros'
[0.192s] DEBUG:colcon.colcon_core.package_identification:Package 'WUTA-SIM/perception_simulation' with type 'ros.ament_python' and name 'lidar_sim'
[0.192s] Level 1:colcon.colcon_core.package_identification:_identify(WUTA-SIM/simulator_bringup) by extensions ['ignore', 'ignore_ament_install']
[0.192s] Level 1:colcon.colcon_core.package_identification:_identify(WUTA-SIM/simulator_bringup) by extension 'ignore'
[0.192s] Level 1:colcon.colcon_core.package_identification:_identify(WUTA-SIM/simulator_bringup) by extension 'ignore_ament_install'
[0.192s] Level 1:colcon.colcon_core.package_identification:_identify(WUTA-SIM/simulator_bringup) by extensions ['colcon_pkg']
[0.192s] Level 1:colcon.colcon_core.package_identification:_identify(WUTA-SIM/simulator_bringup) by extension 'colcon_pkg'
[0.192s] Level 1:colcon.colcon_core.package_identification:_identify(WUTA-SIM/simulator_bringup) by extensions ['colcon_meta']
[0.192s] Level 1:colcon.colcon_core.package_identification:_identify(WUTA-SIM/simulator_bringup) by extension 'colcon_meta'
[0.192s] Level 1:colcon.colcon_core.package_identification:_identify(WUTA-SIM/simulator_bringup) by extensions ['ros']
[0.192s] Level 1:colcon.colcon_core.package_identification:_identify(WUTA-SIM/simulator_bringup) by extension 'ros'
[0.193s] DEBUG:colcon.colcon_core.package_identification:Package 'WUTA-SIM/simulator_bringup' with type 'ros.ament_python' and name 'simulator_bringup'
[0.193s] Level 1:colcon.colcon_core.package_identification:_identify(WUTA-SIM/vehicle_model) by extensions ['ignore', 'ignore_ament_install']
[0.193s] Level 1:colcon.colcon_core.package_identification:_identify(WUTA-SIM/vehicle_model) by extension 'ignore'
[0.193s] Level 1:colcon.colcon_core.package_identification:_identify(WUTA-SIM/vehicle_model) by extension 'ignore_ament_install'
[0.193s] Level 1:colcon.colcon_core.package_identification:_identify(WUTA-SIM/vehicle_model) by extensions ['colcon_pkg']
[0.193s] Level 1:colcon.colcon_core.package_identification:_identify(WUTA-SIM/vehicle_model) by extension 'colcon_pkg'
[0.193s] Level 1:colcon.colcon_core.package_identification:_identify(WUTA-SIM/vehicle_model) by extensions ['colcon_meta']
[0.193s] Level 1:colcon.colcon_core.package_identification:_identify(WUTA-SIM/vehicle_model) by extension 'colcon_meta'
[0.193s] Level 1:colcon.colcon_core.package_identification:_identify(WUTA-SIM/vehicle_model) by extensions ['ros']
[0.193s] Level 1:colcon.colcon_core.package_identification:_identify(WUTA-SIM/vehicle_model) by extension 'ros'
[0.193s] Level 1:colcon.colcon_core.package_identification:_identify(WUTA-SIM/vehicle_model) by extensions ['cmake', 'python']
[0.193s] Level 1:colcon.colcon_core.package_identification:_identify(WUTA-SIM/vehicle_model) by extension 'cmake'
[0.193s] Level 1:colcon.colcon_core.package_identification:_identify(WUTA-SIM/vehicle_model) by extension 'python'
[0.193s] Level 1:colcon.colcon_core.package_identification:_identify(WUTA-SIM/vehicle_model) by extensions ['python_setup_py']
[0.193s] Level 1:colcon.colcon_core.package_identification:_identify(WUTA-SIM/vehicle_model) by extension 'python_setup_py'
[0.193s] Level 1:colcon.colcon_core.package_identification:_identify(WUTA-SIM/vehicle_model/src) by extensions ['ignore', 'ignore_ament_install']
[0.193s] Level 1:colcon.colcon_core.package_identification:_identify(WUTA-SIM/vehicle_model/src) by extension 'ignore'
[0.193s] Level 1:colcon.colcon_core.package_identification:_identify(WUTA-SIM/vehicle_model/src) by extension 'ignore_ament_install'
[0.193s] Level 1:colcon.colcon_core.package_identification:_identify(WUTA-SIM/vehicle_model/src) by extensions ['colcon_pkg']
[0.193s] Level 1:colcon.colcon_core.package_identification:_identify(WUTA-SIM/vehicle_model/src) by extension 'colcon_pkg'
[0.193s] Level 1:colcon.colcon_core.package_identification:_identify(WUTA-SIM/vehicle_model/src) by extensions ['colcon_meta']
[0.193s] Level 1:colcon.colcon_core.package_identification:_identify(WUTA-SIM/vehicle_model/src) by extension 'colcon_meta'
[0.193s] Level 1:colcon.colcon_core.package_identification:_identify(WUTA-SIM/vehicle_model/src) by extensions ['ros']
[0.193s] Level 1:colcon.colcon_core.package_identification:_identify(WUTA-SIM/vehicle_model/src) by extension 'ros'
[0.194s] Level 1:colcon.colcon_core.package_identification:_identify(WUTA-SIM/vehicle_model/src) by extensions ['cmake', 'python']
[0.194s] Level 1:colcon.colcon_core.package_identification:_identify(WUTA-SIM/vehicle_model/src) by extension 'cmake'
[0.194s] Level 1:colcon.colcon_core.package_identification:_identify(WUTA-SIM/vehicle_model/src) by extension 'python'
[0.194s] Level 1:colcon.colcon_core.package_identification:_identify(WUTA-SIM/vehicle_model/src) by extensions ['python_setup_py']
[0.194s] Level 1:colcon.colcon_core.package_identification:_identify(WUTA-SIM/vehicle_model/src) by extension 'python_setup_py'
[0.194s] Level 1:colcon.colcon_core.package_identification:_identify(WUTA-SIM/vehicle_model/src/vehicle_model) by extensions ['ignore', 'ignore_ament_install']
[0.194s] Level 1:colcon.colcon_core.package_identification:_identify(WUTA-SIM/vehicle_model/src/vehicle_model) by extension 'ignore'
[0.194s] Level 1:colcon.colcon_core.package_identification:_identify(WUTA-SIM/vehicle_model/src/vehicle_model) by extension 'ignore_ament_install'
[0.194s] Level 1:colcon.colcon_core.package_identification:_identify(WUTA-SIM/vehicle_model/src/vehicle_model) by extensions ['colcon_pkg']
[0.194s] Level 1:colcon.colcon_core.package_identification:_identify(WUTA-SIM/vehicle_model/src/vehicle_model) by extension 'colcon_pkg'
[0.194s] Level 1:colcon.colcon_core.package_identification:_identify(WUTA-SIM/vehicle_model/src/vehicle_model) by extensions ['colcon_meta']
[0.194s] Level 1:colcon.colcon_core.package_identification:_identify(WUTA-SIM/vehicle_model/src/vehicle_model) by extension 'colcon_meta'
[0.194s] Level 1:colcon.colcon_core.package_identification:_identify(WUTA-SIM/vehicle_model/src/vehicle_model) by extensions ['ros']
[0.194s] Level 1:colcon.colcon_core.package_identification:_identify(WUTA-SIM/vehicle_model/src/vehicle_model) by extension 'ros'
[0.194s] DEBUG:colcon.colcon_core.package_identification:Package 'WUTA-SIM/vehicle_model/src/vehicle_model' with type 'ros.ament_python' and name 'vehicle_model'
[0.194s] Level 1:colcon.colcon_core.package_discovery:discover_packages(recursive) using defaults
[0.218s] INFO:colcon.colcon_core.package_selection:Skipping not selected package 'can_simulator' in 'WUTA-SIM/can_simulator/src/can_simulator'
[0.219s] INFO:colcon.colcon_core.package_selection:Skipping not selected package 'kiss_icp' in 'WUTA-FSD/ros2_ws/src/localization/kiss-icp/ros'
[0.219s] INFO:colcon.colcon_core.package_selection:Skipping not selected package 'lidar_sim' in 'WUTA-SIM/perception_simulation'
[0.219s] INFO:colcon.colcon_core.package_selection:Skipping not selected package 'robot_localization' in 'WUTA-FSD/ros2_ws/src/localization/robot_localization'
[0.219s] INFO:colcon.colcon_core.package_selection:Skipping not selected package 'boundary_detector' in 'WUTA-FSD/ros2_ws/src/planning/boundary_detector'
[0.219s] INFO:colcon.colcon_core.package_selection:Skipping not selected package 'camera_detection' in 'WUTA-FSD/ros2_ws/src/perception/camera_detection'
[0.219s] INFO:colcon.colcon_core.package_selection:Skipping not selected package 'cone_map_builder' in 'WUTA-FSD/ros2_ws/src/mapping/cone_map_builder'
[0.219s] INFO:colcon.colcon_core.package_selection:Skipping not selected package 'controller' in 'WUTA-FSD/ros2_ws/src/control/controller'
[0.219s] INFO:colcon.colcon_core.package_selection:Skipping not selected package 'detection_fusion' in 'WUTA-FSD/ros2_ws/src/perception/detection_fusion'
[0.219s] INFO:colcon.colcon_core.package_selection:Skipping not selected package 'kiss_icp_wrapper' in 'WUTA-FSD/ros2_ws/src/localization/kiss_icp_wrapper'
[0.219s] INFO:colcon.colcon_core.package_selection:Skipping not selected package 'lidar_detection' in 'WUTA-FSD/ros2_ws/src/perception/lidar_detection'
[0.219s] INFO:colcon.colcon_core.package_selection:Skipping not selected package 'localization_manager' in 'WUTA-FSD/ros2_ws/src/localization/localization_manager'
[0.219s] INFO:colcon.colcon_core.package_selection:Skipping not selected package 'mission_manager' in 'WUTA-FSD/ros2_ws/src/system/mission_manager'
[0.219s] INFO:colcon.colcon_core.package_selection:Skipping not selected package 'ndt_localization' in 'WUTA-FSD/ros2_ws/src/localization/ndt_localization'
[0.219s] INFO:colcon.colcon_core.package_selection:Skipping not selected package 'path_generator' in 'WUTA-FSD/ros2_ws/src/planning/path_generator'
[0.219s] INFO:colcon.colcon_core.package_selection:Skipping not selected package 'vehicle_model' in 'WUTA-SIM/vehicle_model/src/vehicle_model'
[0.219s] INFO:colcon.colcon_core.package_selection:Skipping not selected package 'wuta_tools' in 'WUTA-FSD/ros2_ws/src/common/wuta_tools'
[0.219s] INFO:colcon.colcon_core.package_selection:Skipping not selected package 'simulator_bringup' in 'WUTA-SIM/simulator_bringup'
[0.219s] Level 1:colcon.colcon_core.package_discovery:discover_packages(prefix_path) check parameters
[0.219s] Level 1:colcon.colcon_core.package_discovery:discover_packages(prefix_path) discover
[0.221s] DEBUG:colcon.colcon_installed_package_information.package_discovery:Found 289 installed packages in /opt/ros/humble
[0.222s] Level 1:colcon.colcon_core.package_discovery:discover_packages(prefix_path) using defaults
[0.246s] Level 5:colcon.colcon_core.verb:set package 'autoware_msgs' build argument 'cmake_args' from command line to 'None'
[0.246s] Level 5:colcon.colcon_core.verb:set package 'autoware_msgs' build argument 'cmake_target' from command line to 'None'
[0.246s] Level 5:colcon.colcon_core.verb:set package 'autoware_msgs' build argument 'cmake_target_skip_unavailable' from command line to 'False'
[0.246s] Level 5:colcon.colcon_core.verb:set package 'autoware_msgs' build argument 'cmake_clean_cache' from command line to 'False'
[0.246s] Level 5:colcon.colcon_core.verb:set package 'autoware_msgs' build argument 'cmake_clean_first' from command line to 'False'
[0.246s] Level 5:colcon.colcon_core.verb:set package 'autoware_msgs' build argument 'cmake_force_configure' from command line to 'False'
[0.246s] Level 5:colcon.colcon_core.verb:set package 'autoware_msgs' build argument 'ament_cmake_args' from command line to 'None'
[0.246s] Level 5:colcon.colcon_core.verb:set package 'autoware_msgs' build argument 'catkin_cmake_args' from command line to 'None'
[0.246s] Level 5:colcon.colcon_core.verb:set package 'autoware_msgs' build argument 'catkin_skip_building_tests' from command line to 'False'
[0.246s] DEBUG:colcon.colcon_core.verb:Building package 'autoware_msgs' with the following arguments: {'ament_cmake_args': None, 'build_base': '/home/starry1n/WUTA/build/autoware_msgs', 'catkin_cmake_args': None, 'catkin_skip_building_tests': False, 'cmake_args': None, 'cmake_clean_cache': False, 'cmake_clean_first': False, 'cmake_force_configure': False, 'cmake_target': None, 'cmake_target_skip_unavailable': False, 'install_base': '/home/starry1n/WUTA/install/autoware_msgs', 'merge_install': False, 'path': '/home/starry1n/WUTA/WUTA-FSD/ros2_ws/src/common/autoware_msgs', 'symlink_install': True, 'test_result_base': None}
[0.247s] Level 5:colcon.colcon_core.verb:set package 'wuta_msgs' build argument 'cmake_args' from command line to 'None'
[0.247s] Level 5:colcon.colcon_core.verb:set package 'wuta_msgs' build argument 'cmake_target' from command line to 'None'
[0.247s] Level 5:colcon.colcon_core.verb:set package 'wuta_msgs' build argument 'cmake_target_skip_unavailable' from command line to 'False'
[0.247s] Level 5:colcon.colcon_core.verb:set package 'wuta_msgs' build argument 'cmake_clean_cache' from command line to 'False'
[0.247s] Level 5:colcon.colcon_core.verb:set package 'wuta_msgs' build argument 'cmake_clean_first' from command line to 'False'
[0.247s] Level 5:colcon.colcon_core.verb:set package 'wuta_msgs' build argument 'cmake_force_configure' from command line to 'False'
[0.247s] Level 5:colcon.colcon_core.verb:set package 'wuta_msgs' build argument 'ament_cmake_args' from command line to 'None'
[0.247s] Level 5:colcon.colcon_core.verb:set package 'wuta_msgs' build argument 'catkin_cmake_args' from command line to 'None'
[0.247s] Level 5:colcon.colcon_core.verb:set package 'wuta_msgs' build argument 'catkin_skip_building_tests' from command line to 'False'
[0.247s] DEBUG:colcon.colcon_core.verb:Building package 'wuta_msgs' with the following arguments: {'ament_cmake_args': None, 'build_base': '/home/starry1n/WUTA/build/wuta_msgs', 'catkin_cmake_args': None, 'catkin_skip_building_tests': False, 'cmake_args': None, 'cmake_clean_cache': False, 'cmake_clean_first': False, 'cmake_force_configure': False, 'cmake_target': None, 'cmake_target_skip_unavailable': False, 'install_base': '/home/starry1n/WUTA/install/wuta_msgs', 'merge_install': False, 'path': '/home/starry1n/WUTA/WUTA-FSD/ros2_ws/src/common/wuta_msgs', 'symlink_install': True, 'test_result_base': None}
[0.247s] INFO:colcon.colcon_core.executor:Executing jobs using 'parallel' executor
[0.248s] DEBUG:colcon.colcon_parallel_executor.executor.parallel:run_until_complete
[0.248s] INFO:colcon.colcon_ros.task.ament_cmake.build:Building ROS package in '/home/starry1n/WUTA/WUTA-FSD/ros2_ws/src/common/autoware_msgs' with build type 'ament_cmake'
[0.248s] INFO:colcon.colcon_cmake.task.cmake.build:Building CMake package in '/home/starry1n/WUTA/WUTA-FSD/ros2_ws/src/common/autoware_msgs'
[0.250s] INFO:colcon.colcon_core.plugin_system:Skipping extension 'colcon_core.shell.bat': Not used on non-Windows systems
[0.250s] INFO:colcon.colcon_core.shell:Skip shell extension 'powershell' for command environment: Not usable outside of PowerShell
[0.250s] DEBUG:colcon.colcon_core.shell:Skip shell extension 'dsv' for command environment
[0.252s] INFO:colcon.colcon_ros.task.ament_cmake.build:Building ROS package in '/home/starry1n/WUTA/WUTA-FSD/ros2_ws/src/common/wuta_msgs' with build type 'ament_cmake'
[0.252s] INFO:colcon.colcon_cmake.task.cmake.build:Building CMake package in '/home/starry1n/WUTA/WUTA-FSD/ros2_ws/src/common/wuta_msgs'
[0.252s] INFO:colcon.colcon_core.shell:Skip shell extension 'powershell' for command environment: Not usable outside of PowerShell
[0.252s] DEBUG:colcon.colcon_core.shell:Skip shell extension 'dsv' for command environment
[0.258s] DEBUG:colcon.colcon_core.event_handler.log_command:Invoking command in '/home/starry1n/WUTA/build/autoware_msgs': CMAKE_PREFIX_PATH=/opt/ros/humble /usr/bin/cmake /home/starry1n/WUTA/WUTA-FSD/ros2_ws/src/common/autoware_msgs -DAMENT_CMAKE_SYMLINK_INSTALL=1 -DCMAKE_INSTALL_PREFIX=/home/starry1n/WUTA/install/autoware_msgs
[0.262s] DEBUG:colcon.colcon_core.event_handler.log_command:Invoking command in '/home/starry1n/WUTA/build/wuta_msgs': CMAKE_PREFIX_PATH=/opt/ros/humble /usr/bin/cmake /home/starry1n/WUTA/WUTA-FSD/ros2_ws/src/common/wuta_msgs -DAMENT_CMAKE_SYMLINK_INSTALL=1 -DCMAKE_INSTALL_PREFIX=/home/starry1n/WUTA/install/wuta_msgs
[3.553s] DEBUG:colcon.colcon_core.event_handler.log_command:Invoked command in '/home/starry1n/WUTA/build/wuta_msgs' returned '0': CMAKE_PREFIX_PATH=/opt/ros/humble /usr/bin/cmake /home/starry1n/WUTA/WUTA-FSD/ros2_ws/src/common/wuta_msgs -DAMENT_CMAKE_SYMLINK_INSTALL=1 -DCMAKE_INSTALL_PREFIX=/home/starry1n/WUTA/install/wuta_msgs
[3.556s] DEBUG:colcon.colcon_core.event_handler.log_command:Invoking command in '/home/starry1n/WUTA/build/wuta_msgs': CMAKE_PREFIX_PATH=/opt/ros/humble /usr/bin/cmake --build /home/starry1n/WUTA/build/wuta_msgs -- -j8 -l8
[3.558s] DEBUG:colcon.colcon_core.event_handler.log_command:Invoked command in '/home/starry1n/WUTA/build/autoware_msgs' returned '0': CMAKE_PREFIX_PATH=/opt/ros/humble /usr/bin/cmake /home/starry1n/WUTA/WUTA-FSD/ros2_ws/src/common/autoware_msgs -DAMENT_CMAKE_SYMLINK_INSTALL=1 -DCMAKE_INSTALL_PREFIX=/home/starry1n/WUTA/install/autoware_msgs
[3.559s] DEBUG:colcon.colcon_core.event_handler.log_command:Invoking command in '/home/starry1n/WUTA/build/autoware_msgs': CMAKE_PREFIX_PATH=/opt/ros/humble /usr/bin/cmake --build /home/starry1n/WUTA/build/autoware_msgs -- -j8 -l8
[12.375s] DEBUG:colcon.colcon_core.event_handler.log_command:Invoked command in '/home/starry1n/WUTA/build/autoware_msgs' returned '0': CMAKE_PREFIX_PATH=/opt/ros/humble /usr/bin/cmake --build /home/starry1n/WUTA/build/autoware_msgs -- -j8 -l8
[12.398s] DEBUG:colcon.colcon_core.event_handler.log_command:Invoking command in '/home/starry1n/WUTA/build/autoware_msgs': CMAKE_PREFIX_PATH=/opt/ros/humble /usr/bin/cmake --install /home/starry1n/WUTA/build/autoware_msgs
[14.384s] DEBUG:colcon.colcon_core.event_handler.log_command:Invoked command in '/home/starry1n/WUTA/build/wuta_msgs' returned '0': CMAKE_PREFIX_PATH=/opt/ros/humble /usr/bin/cmake --build /home/starry1n/WUTA/build/wuta_msgs -- -j8 -l8
[14.387s] DEBUG:colcon.colcon_core.event_handler.log_command:Invoking command in '/home/starry1n/WUTA/build/wuta_msgs': CMAKE_PREFIX_PATH=/opt/ros/humble /usr/bin/cmake --install /home/starry1n/WUTA/build/wuta_msgs
[14.740s] Level 1:colcon.colcon_core.environment:create_environment_scripts_only(autoware_msgs)
[14.741s] DEBUG:colcon.colcon_core.event_handler.log_command:Invoked command in '/home/starry1n/WUTA/build/autoware_msgs' returned '0': CMAKE_PREFIX_PATH=/opt/ros/humble /usr/bin/cmake --install /home/starry1n/WUTA/build/autoware_msgs
[14.748s] Level 1:colcon.colcon_core.environment:checking '/home/starry1n/WUTA/install/autoware_msgs' for CMake module files
[14.749s] Level 1:colcon.colcon_core.environment:checking '/home/starry1n/WUTA/install/autoware_msgs' for CMake config files
[14.749s] Level 1:colcon.colcon_core.shell:create_environment_hook('autoware_msgs', 'cmake_prefix_path')
[14.751s] INFO:colcon.colcon_core.shell:Creating environment hook '/home/starry1n/WUTA/install/autoware_msgs/share/autoware_msgs/hook/cmake_prefix_path.ps1'
[14.752s] INFO:colcon.colcon_core.shell:Creating environment descriptor '/home/starry1n/WUTA/install/autoware_msgs/share/autoware_msgs/hook/cmake_prefix_path.dsv'
[14.755s] INFO:colcon.colcon_core.shell:Creating environment hook '/home/starry1n/WUTA/install/autoware_msgs/share/autoware_msgs/hook/cmake_prefix_path.sh'
[14.758s] Level 1:colcon.colcon_core.environment:checking '/home/starry1n/WUTA/install/autoware_msgs/lib'
[14.759s] Level 1:colcon.colcon_core.shell:create_environment_hook('autoware_msgs', 'ld_library_path_lib')
[14.759s] INFO:colcon.colcon_core.shell:Creating environment hook '/home/starry1n/WUTA/install/autoware_msgs/share/autoware_msgs/hook/ld_library_path_lib.ps1'
[14.760s] INFO:colcon.colcon_core.shell:Creating environment descriptor '/home/starry1n/WUTA/install/autoware_msgs/share/autoware_msgs/hook/ld_library_path_lib.dsv'
[14.761s] INFO:colcon.colcon_core.shell:Creating environment hook '/home/starry1n/WUTA/install/autoware_msgs/share/autoware_msgs/hook/ld_library_path_lib.sh'
[14.762s] Level 1:colcon.colcon_core.environment:checking '/home/starry1n/WUTA/install/autoware_msgs/bin'
[14.762s] Level 1:colcon.colcon_core.environment:checking '/home/starry1n/WUTA/install/autoware_msgs/lib/pkgconfig/autoware_msgs.pc'
[14.763s] Level 1:colcon.colcon_core.environment:checking '/home/starry1n/WUTA/install/autoware_msgs/lib/python3.10/site-packages'
[14.763s] Level 1:colcon.colcon_core.environment:checking '/home/starry1n/WUTA/install/autoware_msgs/bin'
[14.764s] INFO:colcon.colcon_core.shell:Creating package script '/home/starry1n/WUTA/install/autoware_msgs/share/autoware_msgs/package.ps1'
[14.767s] INFO:colcon.colcon_core.shell:Creating package descriptor '/home/starry1n/WUTA/install/autoware_msgs/share/autoware_msgs/package.dsv'
[14.768s] INFO:colcon.colcon_core.shell:Creating package script '/home/starry1n/WUTA/install/autoware_msgs/share/autoware_msgs/package.sh'
[14.770s] INFO:colcon.colcon_core.shell:Creating package script '/home/starry1n/WUTA/install/autoware_msgs/share/autoware_msgs/package.bash'
[14.771s] INFO:colcon.colcon_core.shell:Creating package script '/home/starry1n/WUTA/install/autoware_msgs/share/autoware_msgs/package.zsh'
[14.773s] Level 1:colcon.colcon_core.environment:create_file_with_runtime_dependencies(/home/starry1n/WUTA/install/autoware_msgs/share/colcon-core/packages/autoware_msgs)
[14.774s] Level 1:colcon.colcon_core.environment:create_environment_scripts_only(autoware_msgs)
[14.775s] Level 1:colcon.colcon_core.environment:checking '/home/starry1n/WUTA/install/autoware_msgs' for CMake module files
[14.776s] Level 1:colcon.colcon_core.environment:checking '/home/starry1n/WUTA/install/autoware_msgs' for CMake config files
[14.776s] Level 1:colcon.colcon_core.shell:create_environment_hook('autoware_msgs', 'cmake_prefix_path')
[14.777s] INFO:colcon.colcon_core.shell:Creating environment hook '/home/starry1n/WUTA/install/autoware_msgs/share/autoware_msgs/hook/cmake_prefix_path.ps1'
[14.778s] INFO:colcon.colcon_core.shell:Creating environment descriptor '/home/starry1n/WUTA/install/autoware_msgs/share/autoware_msgs/hook/cmake_prefix_path.dsv'
[14.779s] INFO:colcon.colcon_core.shell:Creating environment hook '/home/starry1n/WUTA/install/autoware_msgs/share/autoware_msgs/hook/cmake_prefix_path.sh'
[14.780s] Level 1:colcon.colcon_core.environment:checking '/home/starry1n/WUTA/install/autoware_msgs/lib'
[14.780s] Level 1:colcon.colcon_core.shell:create_environment_hook('autoware_msgs', 'ld_library_path_lib')
[14.781s] INFO:colcon.colcon_core.shell:Creating environment hook '/home/starry1n/WUTA/install/autoware_msgs/share/autoware_msgs/hook/ld_library_path_lib.ps1'
[14.781s] INFO:colcon.colcon_core.shell:Creating environment descriptor '/home/starry1n/WUTA/install/autoware_msgs/share/autoware_msgs/hook/ld_library_path_lib.dsv'
[14.782s] INFO:colcon.colcon_core.shell:Creating environment hook '/home/starry1n/WUTA/install/autoware_msgs/share/autoware_msgs/hook/ld_library_path_lib.sh'
[14.783s] Level 1:colcon.colcon_core.environment:checking '/home/starry1n/WUTA/install/autoware_msgs/bin'
[14.784s] Level 1:colcon.colcon_core.environment:checking '/home/starry1n/WUTA/install/autoware_msgs/lib/pkgconfig/autoware_msgs.pc'
[14.785s] Level 1:colcon.colcon_core.environment:checking '/home/starry1n/WUTA/install/autoware_msgs/lib/python3.10/site-packages'
[14.786s] Level 1:colcon.colcon_core.environment:checking '/home/starry1n/WUTA/install/autoware_msgs/bin'
[14.787s] INFO:colcon.colcon_core.shell:Creating package script '/home/starry1n/WUTA/install/autoware_msgs/share/autoware_msgs/package.ps1'
[14.788s] INFO:colcon.colcon_core.shell:Creating package descriptor '/home/starry1n/WUTA/install/autoware_msgs/share/autoware_msgs/package.dsv'
[14.789s] INFO:colcon.colcon_core.shell:Creating package script '/home/starry1n/WUTA/install/autoware_msgs/share/autoware_msgs/package.sh'
[14.790s] INFO:colcon.colcon_core.shell:Creating package script '/home/starry1n/WUTA/install/autoware_msgs/share/autoware_msgs/package.bash'
[14.794s] INFO:colcon.colcon_core.shell:Creating package script '/home/starry1n/WUTA/install/autoware_msgs/share/autoware_msgs/package.zsh'
[14.795s] Level 1:colcon.colcon_core.environment:create_file_with_runtime_dependencies(/home/starry1n/WUTA/install/autoware_msgs/share/colcon-core/packages/autoware_msgs)
[44.807s] Level 1:colcon.colcon_core.environment:create_environment_scripts_only(wuta_msgs)
[44.808s] Level 1:colcon.colcon_core.environment:checking '/home/starry1n/WUTA/install/wuta_msgs' for CMake module files
[44.810s] DEBUG:colcon.colcon_core.event_handler.log_command:Invoked command in '/home/starry1n/WUTA/build/wuta_msgs' returned '0': CMAKE_PREFIX_PATH=/opt/ros/humble /usr/bin/cmake --install /home/starry1n/WUTA/build/wuta_msgs
[44.811s] Level 1:colcon.colcon_core.environment:checking '/home/starry1n/WUTA/install/wuta_msgs' for CMake config files
[44.811s] Level 1:colcon.colcon_core.shell:create_environment_hook('wuta_msgs', 'cmake_prefix_path')
[44.812s] INFO:colcon.colcon_core.shell:Creating environment hook '/home/starry1n/WUTA/install/wuta_msgs/share/wuta_msgs/hook/cmake_prefix_path.ps1'
[44.813s] INFO:colcon.colcon_core.shell:Creating environment descriptor '/home/starry1n/WUTA/install/wuta_msgs/share/wuta_msgs/hook/cmake_prefix_path.dsv'
[44.813s] INFO:colcon.colcon_core.shell:Creating environment hook '/home/starry1n/WUTA/install/wuta_msgs/share/wuta_msgs/hook/cmake_prefix_path.sh'
[44.815s] Level 1:colcon.colcon_core.environment:checking '/home/starry1n/WUTA/install/wuta_msgs/lib'
[44.815s] Level 1:colcon.colcon_core.shell:create_environment_hook('wuta_msgs', 'ld_library_path_lib')
[44.816s] INFO:colcon.colcon_core.shell:Creating environment hook '/home/starry1n/WUTA/install/wuta_msgs/share/wuta_msgs/hook/ld_library_path_lib.ps1'
[44.816s] INFO:colcon.colcon_core.shell:Creating environment descriptor '/home/starry1n/WUTA/install/wuta_msgs/share/wuta_msgs/hook/ld_library_path_lib.dsv'
[44.817s] INFO:colcon.colcon_core.shell:Creating environment hook '/home/starry1n/WUTA/install/wuta_msgs/share/wuta_msgs/hook/ld_library_path_lib.sh'
[44.818s] Level 1:colcon.colcon_core.environment:checking '/home/starry1n/WUTA/install/wuta_msgs/bin'
[44.818s] Level 1:colcon.colcon_core.environment:checking '/home/starry1n/WUTA/install/wuta_msgs/lib/pkgconfig/wuta_msgs.pc'
[44.818s] Level 1:colcon.colcon_core.environment:checking '/home/starry1n/WUTA/install/wuta_msgs/lib/python3.10/site-packages'
[44.818s] Level 1:colcon.colcon_core.environment:checking '/home/starry1n/WUTA/install/wuta_msgs/bin'
[44.819s] INFO:colcon.colcon_core.shell:Creating package script '/home/starry1n/WUTA/install/wuta_msgs/share/wuta_msgs/package.ps1'
[44.820s] INFO:colcon.colcon_core.shell:Creating package descriptor '/home/starry1n/WUTA/install/wuta_msgs/share/wuta_msgs/package.dsv'
[44.821s] INFO:colcon.colcon_core.shell:Creating package script '/home/starry1n/WUTA/install/wuta_msgs/share/wuta_msgs/package.sh'
[44.821s] INFO:colcon.colcon_core.shell:Creating package script '/home/starry1n/WUTA/install/wuta_msgs/share/wuta_msgs/package.bash'
[44.822s] INFO:colcon.colcon_core.shell:Creating package script '/home/starry1n/WUTA/install/wuta_msgs/share/wuta_msgs/package.zsh'
[44.823s] Level 1:colcon.colcon_core.environment:create_file_with_runtime_dependencies(/home/starry1n/WUTA/install/wuta_msgs/share/colcon-core/packages/wuta_msgs)
[44.824s] Level 1:colcon.colcon_core.environment:create_environment_scripts_only(wuta_msgs)
[44.824s] Level 1:colcon.colcon_core.environment:checking '/home/starry1n/WUTA/install/wuta_msgs' for CMake module files
[44.826s] Level 1:colcon.colcon_core.environment:checking '/home/starry1n/WUTA/install/wuta_msgs' for CMake config files
[44.826s] Level 1:colcon.colcon_core.shell:create_environment_hook('wuta_msgs', 'cmake_prefix_path')
[44.827s] INFO:colcon.colcon_core.shell:Creating environment hook '/home/starry1n/WUTA/install/wuta_msgs/share/wuta_msgs/hook/cmake_prefix_path.ps1'
[44.828s] INFO:colcon.colcon_core.shell:Creating environment descriptor '/home/starry1n/WUTA/install/wuta_msgs/share/wuta_msgs/hook/cmake_prefix_path.dsv'
[44.829s] INFO:colcon.colcon_core.shell:Creating environment hook '/home/starry1n/WUTA/install/wuta_msgs/share/wuta_msgs/hook/cmake_prefix_path.sh'
[44.831s] Level 1:colcon.colcon_core.environment:checking '/home/starry1n/WUTA/install/wuta_msgs/lib'
[44.831s] Level 1:colcon.colcon_core.shell:create_environment_hook('wuta_msgs', 'ld_library_path_lib')
[44.832s] INFO:colcon.colcon_core.shell:Creating environment hook '/home/starry1n/WUTA/install/wuta_msgs/share/wuta_msgs/hook/ld_library_path_lib.ps1'
[44.833s] INFO:colcon.colcon_core.shell:Creating environment descriptor '/home/starry1n/WUTA/install/wuta_msgs/share/wuta_msgs/hook/ld_library_path_lib.dsv'
[44.834s] INFO:colcon.colcon_core.shell:Creating environment hook '/home/starry1n/WUTA/install/wuta_msgs/share/wuta_msgs/hook/ld_library_path_lib.sh'
[44.836s] Level 1:colcon.colcon_core.environment:checking '/home/starry1n/WUTA/install/wuta_msgs/bin'
[44.836s] Level 1:colcon.colcon_core.environment:checking '/home/starry1n/WUTA/install/wuta_msgs/lib/pkgconfig/wuta_msgs.pc'
[44.836s] Level 1:colcon.colcon_core.environment:checking '/home/starry1n/WUTA/install/wuta_msgs/lib/python3.10/site-packages'
[44.837s] Level 1:colcon.colcon_core.environment:checking '/home/starry1n/WUTA/install/wuta_msgs/bin'
[44.837s] INFO:colcon.colcon_core.shell:Creating package script '/home/starry1n/WUTA/install/wuta_msgs/share/wuta_msgs/package.ps1'
[44.838s] INFO:colcon.colcon_core.shell:Creating package descriptor '/home/starry1n/WUTA/install/wuta_msgs/share/wuta_msgs/package.dsv'
[44.840s] INFO:colcon.colcon_core.shell:Creating package script '/home/starry1n/WUTA/install/wuta_msgs/share/wuta_msgs/package.sh'
[44.842s] INFO:colcon.colcon_core.shell:Creating package script '/home/starry1n/WUTA/install/wuta_msgs/share/wuta_msgs/package.bash'
[44.843s] INFO:colcon.colcon_core.shell:Creating package script '/home/starry1n/WUTA/install/wuta_msgs/share/wuta_msgs/package.zsh'
[44.844s] Level 1:colcon.colcon_core.environment:create_file_with_runtime_dependencies(/home/starry1n/WUTA/install/wuta_msgs/share/colcon-core/packages/wuta_msgs)
[44.845s] DEBUG:colcon.colcon_parallel_executor.executor.parallel:closing loop
[44.845s] DEBUG:colcon.colcon_parallel_executor.executor.parallel:loop closed
[44.846s] DEBUG:colcon.colcon_parallel_executor.executor.parallel:run_until_complete finished with '0'
[44.846s] DEBUG:colcon.colcon_core.event_reactor:joining thread
[44.858s] INFO:colcon.colcon_core.plugin_system:Skipping extension 'colcon_notification.desktop_notification.terminal_notifier': Not used on non-Darwin systems
[44.858s] INFO:colcon.colcon_core.plugin_system:Skipping extension 'colcon_notification.desktop_notification.win32': Not used on non-Windows systems
[44.858s] INFO:colcon.colcon_notification.desktop_notification:Sending desktop notification using 'notify2'
[44.859s] DEBUG:colcon.colcon_notification.desktop_notification.notify2:Failed to initialize notify2: org.freedesktop.DBus.Error.AccessDenied: Failed to connect to socket /run/user/1000/bus: Operation not permitted
[44.859s] DEBUG:colcon.colcon_core.event_reactor:joined thread
[44.860s] INFO:colcon.colcon_core.shell:Creating prefix script '/home/starry1n/WUTA/install/local_setup.ps1'
[44.861s] INFO:colcon.colcon_core.shell:Creating prefix util module '/home/starry1n/WUTA/install/_local_setup_util_ps1.py'
[44.863s] INFO:colcon.colcon_core.shell:Creating prefix chain script '/home/starry1n/WUTA/install/setup.ps1'
[44.866s] INFO:colcon.colcon_core.shell:Creating prefix script '/home/starry1n/WUTA/install/local_setup.sh'
[44.867s] INFO:colcon.colcon_core.shell:Creating prefix util module '/home/starry1n/WUTA/install/_local_setup_util_sh.py'
[44.869s] INFO:colcon.colcon_core.shell:Creating prefix chain script '/home/starry1n/WUTA/install/setup.sh'
[44.870s] INFO:colcon.colcon_core.shell:Creating prefix script '/home/starry1n/WUTA/install/local_setup.bash'
[44.871s] INFO:colcon.colcon_core.shell:Creating prefix chain script '/home/starry1n/WUTA/install/setup.bash'
[44.873s] INFO:colcon.colcon_core.shell:Creating prefix script '/home/starry1n/WUTA/install/local_setup.zsh'
[44.875s] INFO:colcon.colcon_core.shell:Creating prefix chain script '/home/starry1n/WUTA/install/setup.zsh'
