[0.180s] DEBUG:colcon:Command line arguments: ['/usr/bin/colcon', 'build', '--base-paths', 'WUTA-FSD/ros2_ws/src', 'WUTA-SIM', '--packages-select', 'lidar_detection', 'cone_map_builder', 'boundary_detector', 'path_generator', 'controller', '--symlink-install']
[0.180s] DEBUG:colcon:Parsed command line arguments: Namespace(log_base=None, log_level=None, verb_name='build', build_base='build', install_base='install', merge_install=False, symlink_install=True, test_result_base=None, continue_on_error=False, executor='parallel', parallel_workers=8, event_handlers=None, ignore_user_meta=False, metas=['./colcon.meta'], base_paths=['WUTA-FSD/ros2_ws/src', 'WUTA-SIM'], packages_ignore=None, packages_ignore_regex=None, paths=None, packages_up_to=None, packages_up_to_regex=None, packages_above=None, packages_above_and_dependencies=None, packages_above_depth=None, packages_select_by_dep=None, packages_skip_by_dep=None, packages_skip_up_to=None, packages_select_build_failed=False, packages_skip_build_finished=False, packages_select_test_failures=False, packages_skip_test_passed=False, packages_select=['lidar_detection', 'cone_map_builder', 'boundary_detector', 'path_generator', 'controller'], packages_skip=None, packages_select_regex=None, packages_skip_regex=None, packages_start=None, packages_end=None, allow_overriding=[], cmake_args=None, cmake_target=None, cmake_target_skip_unavailable=False, cmake_clean_cache=False, cmake_clean_first=False, cmake_force_configure=False, ament_cmake_args=None, catkin_cmake_args=None, catkin_skip_building_tests=False, verb_parser=<colcon_defaults.argument_parser.defaults.DefaultArgumentsDecorator object at 0x7d2b0df50fa0>, verb_extension=<colcon_core.verb.build.BuildVerb object at 0x7d2b0e0cee30>, main=<bound method BuildVerb.main of <colcon_core.verb.build.BuildVerb object at 0x7d2b0e0cee30>>)
[0.426s] Level 1:colcon.colcon_core.package_discovery:discover_packages(colcon_meta) check parameters
[0.426s] Level 1:colcon.colcon_core.package_discovery:discover_packages(recursive) check parameters
[0.426s] Level 1:colcon.colcon_core.package_discovery:discover_packages(ignore) check parameters
[0.426s] Level 1:colcon.colcon_core.package_discovery:discover_packages(path) check parameters
[0.426s] Level 1:colcon.colcon_core.package_discovery:discover_packages(recursive) discover
[0.426s] INFO:colcon.colcon_core.package_discovery:Crawling recursively for packages in '/home/starry1n/WUTA/WUTA-FSD/ros2_ws/src', '/home/starry1n/WUTA/WUTA-SIM'
[0.427s] Level 1:colcon.colcon_core.package_identification:_identify(WUTA-FSD/ros2_ws/src) by extensions ['ignore', 'ignore_ament_install']
[0.427s] Level 1:colcon.colcon_core.package_identification:_identify(WUTA-FSD/ros2_ws/src) by extension 'ignore'
[0.427s] Level 1:colcon.colcon_core.package_identification:_identify(WUTA-FSD/ros2_ws/src) by extension 'ignore_ament_install'
[0.427s] Level 1:colcon.colcon_core.package_identification:_identify(WUTA-FSD/ros2_ws/src) by extensions ['colcon_pkg']
[0.427s] Level 1:colcon.colcon_core.package_identification:_identify(WUTA-FSD/ros2_ws/src) by extension 'colcon_pkg'
[0.427s] Level 1:colcon.colcon_core.package_identification:_identify(WUTA-FSD/ros2_ws/src) by extensions ['colcon_meta']
[0.427s] Level 1:colcon.colcon_core.package_identification:_identify(WUTA-FSD/ros2_ws/src) by extension 'colcon_meta'
[0.427s] Level 1:colcon.colcon_core.package_identification:_identify(WUTA-FSD/ros2_ws/src) by extensions ['ros']
[0.427s] Level 1:colcon.colcon_core.package_identification:_identify(WUTA-FSD/ros2_ws/src) by extension 'ros'
[0.446s] Level 1:colcon.colcon_core.package_identification:_identify(WUTA-FSD/ros2_ws/src) by extensions ['cmake', 'python']
[0.446s] Level 1:colcon.colcon_core.package_identification:_identify(WUTA-FSD/ros2_ws/src) by extension 'cmake'
[0.446s] Level 1:colcon.colcon_core.package_identification:_identify(WUTA-FSD/ros2_ws/src) by extension 'python'
[0.446s] Level 1:colcon.colcon_core.package_identification:_identify(WUTA-FSD/ros2_ws/src) by extensions ['python_setup_py']
[0.446s] Level 1:colcon.colcon_core.package_identification:_identify(WUTA-FSD/ros2_ws/src) by extension 'python_setup_py'
[0.446s] Level 1:colcon.colcon_core.package_identification:_identify(WUTA-FSD/ros2_ws/src/common) by extensions ['ignore', 'ignore_ament_install']
[0.446s] Level 1:colcon.colcon_core.package_identification:_identify(WUTA-FSD/ros2_ws/src/common) by extension 'ignore'
[0.446s] Level 1:colcon.colcon_core.package_identification:_identify(WUTA-FSD/ros2_ws/src/common) by extension 'ignore_ament_install'
[0.447s] Level 1:colcon.colcon_core.package_identification:_identify(WUTA-FSD/ros2_ws/src/common) by extensions ['colcon_pkg']
[0.447s] Level 1:colcon.colcon_core.package_identification:_identify(WUTA-FSD/ros2_ws/src/common) by extension 'colcon_pkg'
[0.447s] Level 1:colcon.colcon_core.package_identification:_identify(WUTA-FSD/ros2_ws/src/common) by extensions ['colcon_meta']
[0.447s] Level 1:colcon.colcon_core.package_identification:_identify(WUTA-FSD/ros2_ws/src/common) by extension 'colcon_meta'
[0.447s] Level 1:colcon.colcon_core.package_identification:_identify(WUTA-FSD/ros2_ws/src/common) by extensions ['ros']
[0.447s] Level 1:colcon.colcon_core.package_identification:_identify(WUTA-FSD/ros2_ws/src/common) by extension 'ros'
[0.447s] Level 1:colcon.colcon_core.package_identification:_identify(WUTA-FSD/ros2_ws/src/common) by extensions ['cmake', 'python']
[0.447s] Level 1:colcon.colcon_core.package_identification:_identify(WUTA-FSD/ros2_ws/src/common) by extension 'cmake'
[0.447s] Level 1:colcon.colcon_core.package_identification:_identify(WUTA-FSD/ros2_ws/src/common) by extension 'python'
[0.447s] Level 1:colcon.colcon_core.package_identification:_identify(WUTA-FSD/ros2_ws/src/common) by extensions ['python_setup_py']
[0.447s] Level 1:colcon.colcon_core.package_identification:_identify(WUTA-FSD/ros2_ws/src/common) by extension 'python_setup_py'
[0.447s] Level 1:colcon.colcon_core.package_identification:_identify(WUTA-FSD/ros2_ws/src/common/autoware_msgs) by extensions ['ignore', 'ignore_ament_install']
[0.447s] Level 1:colcon.colcon_core.package_identification:_identify(WUTA-FSD/ros2_ws/src/common/autoware_msgs) by extension 'ignore'
[0.447s] Level 1:colcon.colcon_core.package_identification:_identify(WUTA-FSD/ros2_ws/src/common/autoware_msgs) by extension 'ignore_ament_install'
[0.448s] Level 1:colcon.colcon_core.package_identification:_identify(WUTA-FSD/ros2_ws/src/common/autoware_msgs) by extensions ['colcon_pkg']
[0.448s] Level 1:colcon.colcon_core.package_identification:_identify(WUTA-FSD/ros2_ws/src/common/autoware_msgs) by extension 'colcon_pkg'
[0.448s] Level 1:colcon.colcon_core.package_identification:_identify(WUTA-FSD/ros2_ws/src/common/autoware_msgs) by extensions ['colcon_meta']
[0.448s] Level 1:colcon.colcon_core.package_identification:_identify(WUTA-FSD/ros2_ws/src/common/autoware_msgs) by extension 'colcon_meta'
[0.448s] Level 1:colcon.colcon_core.package_identification:_identify(WUTA-FSD/ros2_ws/src/common/autoware_msgs) by extensions ['ros']
[0.448s] Level 1:colcon.colcon_core.package_identification:_identify(WUTA-FSD/ros2_ws/src/common/autoware_msgs) by extension 'ros'
[0.452s] DEBUG:colcon.colcon_core.package_identification:Package 'WUTA-FSD/ros2_ws/src/common/autoware_msgs' with type 'ros.ament_cmake' and name 'autoware_msgs'
[0.452s] Level 1:colcon.colcon_core.package_identification:_identify(WUTA-FSD/ros2_ws/src/common/wuta_msgs) by extensions ['ignore', 'ignore_ament_install']
[0.453s] Level 1:colcon.colcon_core.package_identification:_identify(WUTA-FSD/ros2_ws/src/common/wuta_msgs) by extension 'ignore'
[0.453s] Level 1:colcon.colcon_core.package_identification:_identify(WUTA-FSD/ros2_ws/src/common/wuta_msgs) by extension 'ignore_ament_install'
[0.453s] Level 1:colcon.colcon_core.package_identification:_identify(WUTA-FSD/ros2_ws/src/common/wuta_msgs) by extensions ['colcon_pkg']
[0.453s] Level 1:colcon.colcon_core.package_identification:_identify(WUTA-FSD/ros2_ws/src/common/wuta_msgs) by extension 'colcon_pkg'
[0.453s] Level 1:colcon.colcon_core.package_identification:_identify(WUTA-FSD/ros2_ws/src/common/wuta_msgs) by extensions ['colcon_meta']
[0.453s] Level 1:colcon.colcon_core.package_identification:_identify(WUTA-FSD/ros2_ws/src/common/wuta_msgs) by extension 'colcon_meta'
[0.453s] Level 1:colcon.colcon_core.package_identification:_identify(WUTA-FSD/ros2_ws/src/common/wuta_msgs) by extensions ['ros']
[0.453s] Level 1:colcon.colcon_core.package_identification:_identify(WUTA-FSD/ros2_ws/src/common/wuta_msgs) by extension 'ros'
[0.454s] DEBUG:colcon.colcon_core.package_identification:Package 'WUTA-FSD/ros2_ws/src/common/wuta_msgs' with type 'ros.ament_cmake' and name 'wuta_msgs'
[0.455s] Level 1:colcon.colcon_core.package_identification:_identify(WUTA-FSD/ros2_ws/src/common/wuta_tools) by extensions ['ignore', 'ignore_ament_install']
[0.455s] Level 1:colcon.colcon_core.package_identification:_identify(WUTA-FSD/ros2_ws/src/common/wuta_tools) by extension 'ignore'
[0.455s] Level 1:colcon.colcon_core.package_identification:_identify(WUTA-FSD/ros2_ws/src/common/wuta_tools) by extension 'ignore_ament_install'
[0.455s] Level 1:colcon.colcon_core.package_identification:_identify(WUTA-FSD/ros2_ws/src/common/wuta_tools) by extensions ['colcon_pkg']
[0.455s] Level 1:colcon.colcon_core.package_identification:_identify(WUTA-FSD/ros2_ws/src/common/wuta_tools) by extension 'colcon_pkg'
[0.455s] Level 1:colcon.colcon_core.package_identification:_identify(WUTA-FSD/ros2_ws/src/common/wuta_tools) by extensions ['colcon_meta']
[0.455s] Level 1:colcon.colcon_core.package_identification:_identify(WUTA-FSD/ros2_ws/src/common/wuta_tools) by extension 'colcon_meta'
[0.455s] Level 1:colcon.colcon_core.package_identification:_identify(WUTA-FSD/ros2_ws/src/common/wuta_tools) by extensions ['ros']
[0.455s] Level 1:colcon.colcon_core.package_identification:_identify(WUTA-FSD/ros2_ws/src/common/wuta_tools) by extension 'ros'
[0.456s] DEBUG:colcon.colcon_core.package_identification:Package 'WUTA-FSD/ros2_ws/src/common/wuta_tools' with type 'ros.ament_cmake' and name 'wuta_tools'
[0.456s] Level 1:colcon.colcon_core.package_identification:_identify(WUTA-FSD/ros2_ws/src/control) by extensions ['ignore', 'ignore_ament_install']
[0.456s] Level 1:colcon.colcon_core.package_identification:_identify(WUTA-FSD/ros2_ws/src/control) by extension 'ignore'
[0.456s] Level 1:colcon.colcon_core.package_identification:_identify(WUTA-FSD/ros2_ws/src/control) by extension 'ignore_ament_install'
[0.457s] Level 1:colcon.colcon_core.package_identification:_identify(WUTA-FSD/ros2_ws/src/control) by extensions ['colcon_pkg']
[0.457s] Level 1:colcon.colcon_core.package_identification:_identify(WUTA-FSD/ros2_ws/src/control) by extension 'colcon_pkg'
[0.457s] Level 1:colcon.colcon_core.package_identification:_identify(WUTA-FSD/ros2_ws/src/control) by extensions ['colcon_meta']
[0.457s] Level 1:colcon.colcon_core.package_identification:_identify(WUTA-FSD/ros2_ws/src/control) by extension 'colcon_meta'
[0.457s] Level 1:colcon.colcon_core.package_identification:_identify(WUTA-FSD/ros2_ws/src/control) by extensions ['ros']
[0.457s] Level 1:colcon.colcon_core.package_identification:_identify(WUTA-FSD/ros2_ws/src/control) by extension 'ros'
[0.457s] Level 1:colcon.colcon_core.package_identification:_identify(WUTA-FSD/ros2_ws/src/control) by extensions ['cmake', 'python']
[0.457s] Level 1:colcon.colcon_core.package_identification:_identify(WUTA-FSD/ros2_ws/src/control) by extension 'cmake'
[0.457s] Level 1:colcon.colcon_core.package_identification:_identify(WUTA-FSD/ros2_ws/src/control) by extension 'python'
[0.457s] Level 1:colcon.colcon_core.package_identification:_identify(WUTA-FSD/ros2_ws/src/control) by extensions ['python_setup_py']
[0.457s] Level 1:colcon.colcon_core.package_identification:_identify(WUTA-FSD/ros2_ws/src/control) by extension 'python_setup_py'
[0.457s] Level 1:colcon.colcon_core.package_identification:_identify(WUTA-FSD/ros2_ws/src/control/controller) by extensions ['ignore', 'ignore_ament_install']
[0.458s] Level 1:colcon.colcon_core.package_identification:_identify(WUTA-FSD/ros2_ws/src/control/controller) by extension 'ignore'
[0.458s] Level 1:colcon.colcon_core.package_identification:_identify(WUTA-FSD/ros2_ws/src/control/controller) by extension 'ignore_ament_install'
[0.458s] Level 1:colcon.colcon_core.package_identification:_identify(WUTA-FSD/ros2_ws/src/control/controller) by extensions ['colcon_pkg']
[0.458s] Level 1:colcon.colcon_core.package_identification:_identify(WUTA-FSD/ros2_ws/src/control/controller) by extension 'colcon_pkg'
[0.458s] Level 1:colcon.colcon_core.package_identification:_identify(WUTA-FSD/ros2_ws/src/control/controller) by extensions ['colcon_meta']
[0.458s] Level 1:colcon.colcon_core.package_identification:_identify(WUTA-FSD/ros2_ws/src/control/controller) by extension 'colcon_meta'
[0.458s] Level 1:colcon.colcon_core.package_identification:_identify(WUTA-FSD/ros2_ws/src/control/controller) by extensions ['ros']
[0.458s] Level 1:colcon.colcon_core.package_identification:_identify(WUTA-FSD/ros2_ws/src/control/controller) by extension 'ros'
[0.459s] DEBUG:colcon.colcon_core.package_identification:Package 'WUTA-FSD/ros2_ws/src/control/controller' with type 'ros.ament_cmake' and name 'controller'
[0.459s] Level 1:colcon.colcon_core.package_identification:_identify(WUTA-FSD/ros2_ws/src/localization) by extensions ['ignore', 'ignore_ament_install']
[0.460s] Level 1:colcon.colcon_core.package_identification:_identify(WUTA-FSD/ros2_ws/src/localization) by extension 'ignore'
[0.460s] Level 1:colcon.colcon_core.package_identification:_identify(WUTA-FSD/ros2_ws/src/localization) by extension 'ignore_ament_install'
[0.460s] Level 1:colcon.colcon_core.package_identification:_identify(WUTA-FSD/ros2_ws/src/localization) by extensions ['colcon_pkg']
[0.460s] Level 1:colcon.colcon_core.package_identification:_identify(WUTA-FSD/ros2_ws/src/localization) by extension 'colcon_pkg'
[0.460s] Level 1:colcon.colcon_core.package_identification:_identify(WUTA-FSD/ros2_ws/src/localization) by extensions ['colcon_meta']
[0.460s] Level 1:colcon.colcon_core.package_identification:_identify(WUTA-FSD/ros2_ws/src/localization) by extension 'colcon_meta'
[0.460s] Level 1:colcon.colcon_core.package_identification:_identify(WUTA-FSD/ros2_ws/src/localization) by extensions ['ros']
[0.460s] Level 1:colcon.colcon_core.package_identification:_identify(WUTA-FSD/ros2_ws/src/localization) by extension 'ros'
[0.460s] Level 1:colcon.colcon_core.package_identification:_identify(WUTA-FSD/ros2_ws/src/localization) by extensions ['cmake', 'python']
[0.460s] Level 1:colcon.colcon_core.package_identification:_identify(WUTA-FSD/ros2_ws/src/localization) by extension 'cmake'
[0.460s] Level 1:colcon.colcon_core.package_identification:_identify(WUTA-FSD/ros2_ws/src/localization) by extension 'python'
[0.460s] Level 1:colcon.colcon_core.package_identification:_identify(WUTA-FSD/ros2_ws/src/localization) by extensions ['python_setup_py']
[0.460s] Level 1:colcon.colcon_core.package_identification:_identify(WUTA-FSD/ros2_ws/src/localization) by extension 'python_setup_py'
[0.460s] Level 1:colcon.colcon_core.package_identification:_identify(WUTA-FSD/ros2_ws/src/localization/kiss-icp) by extensions ['ignore', 'ignore_ament_install']
[0.460s] Level 1:colcon.colcon_core.package_identification:_identify(WUTA-FSD/ros2_ws/src/localization/kiss-icp) by extension 'ignore'
[0.461s] Level 1:colcon.colcon_core.package_identification:_identify(WUTA-FSD/ros2_ws/src/localization/kiss-icp) by extension 'ignore_ament_install'
[0.461s] Level 1:colcon.colcon_core.package_identification:_identify(WUTA-FSD/ros2_ws/src/localization/kiss-icp) by extensions ['colcon_pkg']
[0.461s] Level 1:colcon.colcon_core.package_identification:_identify(WUTA-FSD/ros2_ws/src/localization/kiss-icp) by extension 'colcon_pkg'
[0.461s] Level 1:colcon.colcon_core.package_identification:_identify(WUTA-FSD/ros2_ws/src/localization/kiss-icp) by extensions ['colcon_meta']
[0.461s] Level 1:colcon.colcon_core.package_identification:_identify(WUTA-FSD/ros2_ws/src/localization/kiss-icp) by extension 'colcon_meta'
[0.461s] Level 1:colcon.colcon_core.package_identification:_identify(WUTA-FSD/ros2_ws/src/localization/kiss-icp) by extensions ['ros']
[0.461s] Level 1:colcon.colcon_core.package_identification:_identify(WUTA-FSD/ros2_ws/src/localization/kiss-icp) by extension 'ros'
[0.461s] Level 1:colcon.colcon_core.package_identification:_identify(WUTA-FSD/ros2_ws/src/localization/kiss-icp) by extensions ['cmake', 'python']
[0.461s] Level 1:colcon.colcon_core.package_identification:_identify(WUTA-FSD/ros2_ws/src/localization/kiss-icp) by extension 'cmake'
[0.461s] Level 1:colcon.colcon_core.package_identification:_identify(WUTA-FSD/ros2_ws/src/localization/kiss-icp) by extension 'python'
[0.461s] Level 1:colcon.colcon_core.package_identification:_identify(WUTA-FSD/ros2_ws/src/localization/kiss-icp) by extensions ['python_setup_py']
[0.461s] Level 1:colcon.colcon_core.package_identification:_identify(WUTA-FSD/ros2_ws/src/localization/kiss-icp) by extension 'python_setup_py'
[0.461s] Level 1:colcon.colcon_core.package_identification:_identify(WUTA-FSD/ros2_ws/src/localization/kiss-icp/config) by extensions ['ignore', 'ignore_ament_install']
[0.461s] Level 1:colcon.colcon_core.package_identification:_identify(WUTA-FSD/ros2_ws/src/localization/kiss-icp/config) by extension 'ignore'
[0.461s] Level 1:colcon.colcon_core.package_identification:_identify(WUTA-FSD/ros2_ws/src/localization/kiss-icp/config) by extension 'ignore_ament_install'
[0.461s] Level 1:colcon.colcon_core.package_identification:_identify(WUTA-FSD/ros2_ws/src/localization/kiss-icp/config) by extensions ['colcon_pkg']
[0.462s] Level 1:colcon.colcon_core.package_identification:_identify(WUTA-FSD/ros2_ws/src/localization/kiss-icp/config) by extension 'colcon_pkg'
[0.462s] Level 1:colcon.colcon_core.package_identification:_identify(WUTA-FSD/ros2_ws/src/localization/kiss-icp/config) by extensions ['colcon_meta']
[0.462s] Level 1:colcon.colcon_core.package_identification:_identify(WUTA-FSD/ros2_ws/src/localization/kiss-icp/config) by extension 'colcon_meta'
[0.462s] Level 1:colcon.colcon_core.package_identification:_identify(WUTA-FSD/ros2_ws/src/localization/kiss-icp/config) by extensions ['ros']
[0.462s] Level 1:colcon.colcon_core.package_identification:_identify(WUTA-FSD/ros2_ws/src/localization/kiss-icp/config) by extension 'ros'
[0.462s] Level 1:colcon.colcon_core.package_identification:_identify(WUTA-FSD/ros2_ws/src/localization/kiss-icp/config) by extensions ['cmake', 'python']
[0.462s] Level 1:colcon.colcon_core.package_identification:_identify(WUTA-FSD/ros2_ws/src/localization/kiss-icp/config) by extension 'cmake'
[0.462s] Level 1:colcon.colcon_core.package_identification:_identify(WUTA-FSD/ros2_ws/src/localization/kiss-icp/config) by extension 'python'
[0.462s] Level 1:colcon.colcon_core.package_identification:_identify(WUTA-FSD/ros2_ws/src/localization/kiss-icp/config) by extensions ['python_setup_py']
[0.462s] Level 1:colcon.colcon_core.package_identification:_identify(WUTA-FSD/ros2_ws/src/localization/kiss-icp/config) by extension 'python_setup_py'
[0.462s] Level 1:colcon.colcon_core.package_identification:_identify(WUTA-FSD/ros2_ws/src/localization/kiss-icp/cpp) by extensions ['ignore', 'ignore_ament_install']
[0.462s] Level 1:colcon.colcon_core.package_identification:_identify(WUTA-FSD/ros2_ws/src/localization/kiss-icp/cpp) by extension 'ignore'
[0.462s] Level 1:colcon.colcon_core.package_identification:_identify(WUTA-FSD/ros2_ws/src/localization/kiss-icp/cpp) ignored
[0.462s] Level 1:colcon.colcon_core.package_identification:_identify(WUTA-FSD/ros2_ws/src/localization/kiss-icp/eval) by extensions ['ignore', 'ignore_ament_install']
[0.462s] Level 1:colcon.colcon_core.package_identification:_identify(WUTA-FSD/ros2_ws/src/localization/kiss-icp/eval) by extension 'ignore'
[0.462s] Level 1:colcon.colcon_core.package_identification:_identify(WUTA-FSD/ros2_ws/src/localization/kiss-icp/eval) by extension 'ignore_ament_install'
[0.462s] Level 1:colcon.colcon_core.package_identification:_identify(WUTA-FSD/ros2_ws/src/localization/kiss-icp/eval) by extensions ['colcon_pkg']
[0.462s] Level 1:colcon.colcon_core.package_identification:_identify(WUTA-FSD/ros2_ws/src/localization/kiss-icp/eval) by extension 'colcon_pkg'
[0.463s] Level 1:colcon.colcon_core.package_identification:_identify(WUTA-FSD/ros2_ws/src/localization/kiss-icp/eval) by extensions ['colcon_meta']
[0.463s] Level 1:colcon.colcon_core.package_identification:_identify(WUTA-FSD/ros2_ws/src/localization/kiss-icp/eval) by extension 'colcon_meta'
[0.463s] Level 1:colcon.colcon_core.package_identification:_identify(WUTA-FSD/ros2_ws/src/localization/kiss-icp/eval) by extensions ['ros']
[0.463s] Level 1:colcon.colcon_core.package_identification:_identify(WUTA-FSD/ros2_ws/src/localization/kiss-icp/eval) by extension 'ros'
[0.463s] Level 1:colcon.colcon_core.package_identification:_identify(WUTA-FSD/ros2_ws/src/localization/kiss-icp/eval) by extensions ['cmake', 'python']
[0.463s] Level 1:colcon.colcon_core.package_identification:_identify(WUTA-FSD/ros2_ws/src/localization/kiss-icp/eval) by extension 'cmake'
[0.463s] Level 1:colcon.colcon_core.package_identification:_identify(WUTA-FSD/ros2_ws/src/localization/kiss-icp/eval) by extension 'python'
[0.463s] Level 1:colcon.colcon_core.package_identification:_identify(WUTA-FSD/ros2_ws/src/localization/kiss-icp/eval) by extensions ['python_setup_py']
[0.463s] Level 1:colcon.colcon_core.package_identification:_identify(WUTA-FSD/ros2_ws/src/localization/kiss-icp/eval) by extension 'python_setup_py'
[0.463s] Level 1:colcon.colcon_core.package_identification:_identify(WUTA-FSD/ros2_ws/src/localization/kiss-icp/python) by extensions ['ignore', 'ignore_ament_install']
[0.463s] Level 1:colcon.colcon_core.package_identification:_identify(WUTA-FSD/ros2_ws/src/localization/kiss-icp/python) by extension 'ignore'
[0.463s] Level 1:colcon.colcon_core.package_identification:_identify(WUTA-FSD/ros2_ws/src/localization/kiss-icp/python) ignored
[0.463s] Level 1:colcon.colcon_core.package_identification:_identify(WUTA-FSD/ros2_ws/src/localization/kiss-icp/ros) by extensions ['ignore', 'ignore_ament_install']
[0.463s] Level 1:colcon.colcon_core.package_identification:_identify(WUTA-FSD/ros2_ws/src/localization/kiss-icp/ros) by extension 'ignore'
[0.464s] Level 1:colcon.colcon_core.package_identification:_identify(WUTA-FSD/ros2_ws/src/localization/kiss-icp/ros) by extension 'ignore_ament_install'
[0.464s] Level 1:colcon.colcon_core.package_identification:_identify(WUTA-FSD/ros2_ws/src/localization/kiss-icp/ros) by extensions ['colcon_pkg']
[0.464s] Level 1:colcon.colcon_core.package_identification:_identify(WUTA-FSD/ros2_ws/src/localization/kiss-icp/ros) by extension 'colcon_pkg'
[0.464s] Level 1:colcon.colcon_core.package_identification:_identify(WUTA-FSD/ros2_ws/src/localization/kiss-icp/ros) by extensions ['colcon_meta']
[0.464s] Level 1:colcon.colcon_core.package_identification:_identify(WUTA-FSD/ros2_ws/src/localization/kiss-icp/ros) by extension 'colcon_meta'
[0.464s] Level 1:colcon.colcon_core.package_identification:_identify(WUTA-FSD/ros2_ws/src/localization/kiss-icp/ros) by extensions ['ros']
[0.464s] Level 1:colcon.colcon_core.package_identification:_identify(WUTA-FSD/ros2_ws/src/localization/kiss-icp/ros) by extension 'ros'
[0.466s] DEBUG:colcon.colcon_core.package_identification:Package 'WUTA-FSD/ros2_ws/src/localization/kiss-icp/ros' with type 'ros.ament_cmake' and name 'kiss_icp'
[0.467s] Level 1:colcon.colcon_core.package_identification:_identify(WUTA-FSD/ros2_ws/src/localization/kiss_icp_wrapper) by extensions ['ignore', 'ignore_ament_install']
[0.467s] Level 1:colcon.colcon_core.package_identification:_identify(WUTA-FSD/ros2_ws/src/localization/kiss_icp_wrapper) by extension 'ignore'
[0.467s] Level 1:colcon.colcon_core.package_identification:_identify(WUTA-FSD/ros2_ws/src/localization/kiss_icp_wrapper) by extension 'ignore_ament_install'
[0.467s] Level 1:colcon.colcon_core.package_identification:_identify(WUTA-FSD/ros2_ws/src/localization/kiss_icp_wrapper) by extensions ['colcon_pkg']
[0.467s] Level 1:colcon.colcon_core.package_identification:_identify(WUTA-FSD/ros2_ws/src/localization/kiss_icp_wrapper) by extension 'colcon_pkg'
[0.468s] Level 1:colcon.colcon_core.package_identification:_identify(WUTA-FSD/ros2_ws/src/localization/kiss_icp_wrapper) by extensions ['colcon_meta']
[0.468s] Level 1:colcon.colcon_core.package_identification:_identify(WUTA-FSD/ros2_ws/src/localization/kiss_icp_wrapper) by extension 'colcon_meta'
[0.468s] Level 1:colcon.colcon_core.package_identification:_identify(WUTA-FSD/ros2_ws/src/localization/kiss_icp_wrapper) by extensions ['ros']
[0.468s] Level 1:colcon.colcon_core.package_identification:_identify(WUTA-FSD/ros2_ws/src/localization/kiss_icp_wrapper) by extension 'ros'
[0.469s] DEBUG:colcon.colcon_core.package_identification:Package 'WUTA-FSD/ros2_ws/src/localization/kiss_icp_wrapper' with type 'ros.ament_cmake' and name 'kiss_icp_wrapper'
[0.470s] Level 1:colcon.colcon_core.package_identification:_identify(WUTA-FSD/ros2_ws/src/localization/localization_manager) by extensions ['ignore', 'ignore_ament_install']
[0.470s] Level 1:colcon.colcon_core.package_identification:_identify(WUTA-FSD/ros2_ws/src/localization/localization_manager) by extension 'ignore'
[0.470s] Level 1:colcon.colcon_core.package_identification:_identify(WUTA-FSD/ros2_ws/src/localization/localization_manager) by extension 'ignore_ament_install'
[0.470s] Level 1:colcon.colcon_core.package_identification:_identify(WUTA-FSD/ros2_ws/src/localization/localization_manager) by extensions ['colcon_pkg']
[0.470s] Level 1:colcon.colcon_core.package_identification:_identify(WUTA-FSD/ros2_ws/src/localization/localization_manager) by extension 'colcon_pkg'
[0.470s] Level 1:colcon.colcon_core.package_identification:_identify(WUTA-FSD/ros2_ws/src/localization/localization_manager) by extensions ['colcon_meta']
[0.470s] Level 1:colcon.colcon_core.package_identification:_identify(WUTA-FSD/ros2_ws/src/localization/localization_manager) by extension 'colcon_meta'
[0.470s] Level 1:colcon.colcon_core.package_identification:_identify(WUTA-FSD/ros2_ws/src/localization/localization_manager) by extensions ['ros']
[0.470s] Level 1:colcon.colcon_core.package_identification:_identify(WUTA-FSD/ros2_ws/src/localization/localization_manager) by extension 'ros'
[0.472s] DEBUG:colcon.colcon_core.package_identification:Package 'WUTA-FSD/ros2_ws/src/localization/localization_manager' with type 'ros.ament_cmake' and name 'localization_manager'
[0.472s] Level 1:colcon.colcon_core.package_identification:_identify(WUTA-FSD/ros2_ws/src/localization/ndt_localization) by extensions ['ignore', 'ignore_ament_install']
[0.472s] Level 1:colcon.colcon_core.package_identification:_identify(WUTA-FSD/ros2_ws/src/localization/ndt_localization) by extension 'ignore'
[0.472s] Level 1:colcon.colcon_core.package_identification:_identify(WUTA-FSD/ros2_ws/src/localization/ndt_localization) by extension 'ignore_ament_install'
[0.472s] Level 1:colcon.colcon_core.package_identification:_identify(WUTA-FSD/ros2_ws/src/localization/ndt_localization) by extensions ['colcon_pkg']
[0.472s] Level 1:colcon.colcon_core.package_identification:_identify(WUTA-FSD/ros2_ws/src/localization/ndt_localization) by extension 'colcon_pkg'
[0.472s] Level 1:colcon.colcon_core.package_identification:_identify(WUTA-FSD/ros2_ws/src/localization/ndt_localization) by extensions ['colcon_meta']
[0.472s] Level 1:colcon.colcon_core.package_identification:_identify(WUTA-FSD/ros2_ws/src/localization/ndt_localization) by extension 'colcon_meta'
[0.472s] Level 1:colcon.colcon_core.package_identification:_identify(WUTA-FSD/ros2_ws/src/localization/ndt_localization) by extensions ['ros']
[0.472s] Level 1:colcon.colcon_core.package_identification:_identify(WUTA-FSD/ros2_ws/src/localization/ndt_localization) by extension 'ros'
[0.474s] DEBUG:colcon.colcon_core.package_identification:Package 'WUTA-FSD/ros2_ws/src/localization/ndt_localization' with type 'ros.ament_cmake' and name 'ndt_localization'
[0.475s] Level 1:colcon.colcon_core.package_identification:_identify(WUTA-FSD/ros2_ws/src/localization/robot_localization) by extensions ['ignore', 'ignore_ament_install']
[0.475s] Level 1:colcon.colcon_core.package_identification:_identify(WUTA-FSD/ros2_ws/src/localization/robot_localization) by extension 'ignore'
[0.475s] Level 1:colcon.colcon_core.package_identification:_identify(WUTA-FSD/ros2_ws/src/localization/robot_localization) by extension 'ignore_ament_install'
[0.475s] Level 1:colcon.colcon_core.package_identification:_identify(WUTA-FSD/ros2_ws/src/localization/robot_localization) by extensions ['colcon_pkg']
[0.475s] Level 1:colcon.colcon_core.package_identification:_identify(WUTA-FSD/ros2_ws/src/localization/robot_localization) by extension 'colcon_pkg'
[0.475s] Level 1:colcon.colcon_core.package_identification:_identify(WUTA-FSD/ros2_ws/src/localization/robot_localization) by extensions ['colcon_meta']
[0.475s] Level 1:colcon.colcon_core.package_identification:_identify(WUTA-FSD/ros2_ws/src/localization/robot_localization) by extension 'colcon_meta'
[0.475s] Level 1:colcon.colcon_core.package_identification:_identify(WUTA-FSD/ros2_ws/src/localization/robot_localization) by extensions ['ros']
[0.475s] Level 1:colcon.colcon_core.package_identification:_identify(WUTA-FSD/ros2_ws/src/localization/robot_localization) by extension 'ros'
[0.478s] DEBUG:colcon.colcon_core.package_identification:Package 'WUTA-FSD/ros2_ws/src/localization/robot_localization' with type 'ros.ament_cmake' and name 'robot_localization'
[0.478s] Level 1:colcon.colcon_core.package_identification:_identify(WUTA-FSD/ros2_ws/src/mapping) by extensions ['ignore', 'ignore_ament_install']
[0.478s] Level 1:colcon.colcon_core.package_identification:_identify(WUTA-FSD/ros2_ws/src/mapping) by extension 'ignore'
[0.478s] Level 1:colcon.colcon_core.package_identification:_identify(WUTA-FSD/ros2_ws/src/mapping) by extension 'ignore_ament_install'
[0.478s] Level 1:colcon.colcon_core.package_identification:_identify(WUTA-FSD/ros2_ws/src/mapping) by extensions ['colcon_pkg']
[0.478s] Level 1:colcon.colcon_core.package_identification:_identify(WUTA-FSD/ros2_ws/src/mapping) by extension 'colcon_pkg'
[0.478s] Level 1:colcon.colcon_core.package_identification:_identify(WUTA-FSD/ros2_ws/src/mapping) by extensions ['colcon_meta']
[0.478s] Level 1:colcon.colcon_core.package_identification:_identify(WUTA-FSD/ros2_ws/src/mapping) by extension 'colcon_meta'
[0.479s] Level 1:colcon.colcon_core.package_identification:_identify(WUTA-FSD/ros2_ws/src/mapping) by extensions ['ros']
[0.479s] Level 1:colcon.colcon_core.package_identification:_identify(WUTA-FSD/ros2_ws/src/mapping) by extension 'ros'
[0.479s] Level 1:colcon.colcon_core.package_identification:_identify(WUTA-FSD/ros2_ws/src/mapping) by extensions ['cmake', 'python']
[0.479s] Level 1:colcon.colcon_core.package_identification:_identify(WUTA-FSD/ros2_ws/src/mapping) by extension 'cmake'
[0.479s] Level 1:colcon.colcon_core.package_identification:_identify(WUTA-FSD/ros2_ws/src/mapping) by extension 'python'
[0.479s] Level 1:colcon.colcon_core.package_identification:_identify(WUTA-FSD/ros2_ws/src/mapping) by extensions ['python_setup_py']
[0.479s] Level 1:colcon.colcon_core.package_identification:_identify(WUTA-FSD/ros2_ws/src/mapping) by extension 'python_setup_py'
[0.479s] Level 1:colcon.colcon_core.package_identification:_identify(WUTA-FSD/ros2_ws/src/mapping/cone_map_builder) by extensions ['ignore', 'ignore_ament_install']
[0.479s] Level 1:colcon.colcon_core.package_identification:_identify(WUTA-FSD/ros2_ws/src/mapping/cone_map_builder) by extension 'ignore'
[0.479s] Level 1:colcon.colcon_core.package_identification:_identify(WUTA-FSD/ros2_ws/src/mapping/cone_map_builder) by extension 'ignore_ament_install'
[0.480s] Level 1:colcon.colcon_core.package_identification:_identify(WUTA-FSD/ros2_ws/src/mapping/cone_map_builder) by extensions ['colcon_pkg']
[0.480s] Level 1:colcon.colcon_core.package_identification:_identify(WUTA-FSD/ros2_ws/src/mapping/cone_map_builder) by extension 'colcon_pkg'
[0.480s] Level 1:colcon.colcon_core.package_identification:_identify(WUTA-FSD/ros2_ws/src/mapping/cone_map_builder) by extensions ['colcon_meta']
[0.480s] Level 1:colcon.colcon_core.package_identification:_identify(WUTA-FSD/ros2_ws/src/mapping/cone_map_builder) by extension 'colcon_meta'
[0.480s] Level 1:colcon.colcon_core.package_identification:_identify(WUTA-FSD/ros2_ws/src/mapping/cone_map_builder) by extensions ['ros']
[0.480s] Level 1:colcon.colcon_core.package_identification:_identify(WUTA-FSD/ros2_ws/src/mapping/cone_map_builder) by extension 'ros'
[0.481s] DEBUG:colcon.colcon_core.package_identification:Package 'WUTA-FSD/ros2_ws/src/mapping/cone_map_builder' with type 'ros.ament_cmake' and name 'cone_map_builder'
[0.482s] Level 1:colcon.colcon_core.package_identification:_identify(WUTA-FSD/ros2_ws/src/perception) by extensions ['ignore', 'ignore_ament_install']
[0.482s] Level 1:colcon.colcon_core.package_identification:_identify(WUTA-FSD/ros2_ws/src/perception) by extension 'ignore'
[0.482s] Level 1:colcon.colcon_core.package_identification:_identify(WUTA-FSD/ros2_ws/src/perception) by extension 'ignore_ament_install'
[0.482s] Level 1:colcon.colcon_core.package_identification:_identify(WUTA-FSD/ros2_ws/src/perception) by extensions ['colcon_pkg']
[0.482s] Level 1:colcon.colcon_core.package_identification:_identify(WUTA-FSD/ros2_ws/src/perception) by extension 'colcon_pkg'
[0.482s] Level 1:colcon.colcon_core.package_identification:_identify(WUTA-FSD/ros2_ws/src/perception) by extensions ['colcon_meta']
[0.482s] Level 1:colcon.colcon_core.package_identification:_identify(WUTA-FSD/ros2_ws/src/perception) by extension 'colcon_meta'
[0.482s] Level 1:colcon.colcon_core.package_identification:_identify(WUTA-FSD/ros2_ws/src/perception) by extensions ['ros']
[0.483s] Level 1:colcon.colcon_core.package_identification:_identify(WUTA-FSD/ros2_ws/src/perception) by extension 'ros'
[0.483s] Level 1:colcon.colcon_core.package_identification:_identify(WUTA-FSD/ros2_ws/src/perception) by extensions ['cmake', 'python']
[0.483s] Level 1:colcon.colcon_core.package_identification:_identify(WUTA-FSD/ros2_ws/src/perception) by extension 'cmake'
[0.483s] Level 1:colcon.colcon_core.package_identification:_identify(WUTA-FSD/ros2_ws/src/perception) by extension 'python'
[0.483s] Level 1:colcon.colcon_core.package_identification:_identify(WUTA-FSD/ros2_ws/src/perception) by extensions ['python_setup_py']
[0.483s] Level 1:colcon.colcon_core.package_identification:_identify(WUTA-FSD/ros2_ws/src/perception) by extension 'python_setup_py'
[0.483s] Level 1:colcon.colcon_core.package_identification:_identify(WUTA-FSD/ros2_ws/src/perception/camera_detection) by extensions ['ignore', 'ignore_ament_install']
[0.483s] Level 1:colcon.colcon_core.package_identification:_identify(WUTA-FSD/ros2_ws/src/perception/camera_detection) by extension 'ignore'
[0.483s] Level 1:colcon.colcon_core.package_identification:_identify(WUTA-FSD/ros2_ws/src/perception/camera_detection) by extension 'ignore_ament_install'
[0.483s] Level 1:colcon.colcon_core.package_identification:_identify(WUTA-FSD/ros2_ws/src/perception/camera_detection) by extensions ['colcon_pkg']
[0.483s] Level 1:colcon.colcon_core.package_identification:_identify(WUTA-FSD/ros2_ws/src/perception/camera_detection) by extension 'colcon_pkg'
[0.483s] Level 1:colcon.colcon_core.package_identification:_identify(WUTA-FSD/ros2_ws/src/perception/camera_detection) by extensions ['colcon_meta']
[0.483s] Level 1:colcon.colcon_core.package_identification:_identify(WUTA-FSD/ros2_ws/src/perception/camera_detection) by extension 'colcon_meta'
[0.483s] Level 1:colcon.colcon_core.package_identification:_identify(WUTA-FSD/ros2_ws/src/perception/camera_detection) by extensions ['ros']
[0.483s] Level 1:colcon.colcon_core.package_identification:_identify(WUTA-FSD/ros2_ws/src/perception/camera_detection) by extension 'ros'
[0.484s] DEBUG:colcon.colcon_core.package_identification:Package 'WUTA-FSD/ros2_ws/src/perception/camera_detection' with type 'ros.ament_cmake' and name 'camera_detection'
[0.485s] Level 1:colcon.colcon_core.package_identification:_identify(WUTA-FSD/ros2_ws/src/perception/detection_fusion) by extensions ['ignore', 'ignore_ament_install']
[0.485s] Level 1:colcon.colcon_core.package_identification:_identify(WUTA-FSD/ros2_ws/src/perception/detection_fusion) by extension 'ignore'
[0.485s] Level 1:colcon.colcon_core.package_identification:_identify(WUTA-FSD/ros2_ws/src/perception/detection_fusion) by extension 'ignore_ament_install'
[0.485s] Level 1:colcon.colcon_core.package_identification:_identify(WUTA-FSD/ros2_ws/src/perception/detection_fusion) by extensions ['colcon_pkg']
[0.485s] Level 1:colcon.colcon_core.package_identification:_identify(WUTA-FSD/ros2_ws/src/perception/detection_fusion) by extension 'colcon_pkg'
[0.485s] Level 1:colcon.colcon_core.package_identification:_identify(WUTA-FSD/ros2_ws/src/perception/detection_fusion) by extensions ['colcon_meta']
[0.486s] Level 1:colcon.colcon_core.package_identification:_identify(WUTA-FSD/ros2_ws/src/perception/detection_fusion) by extension 'colcon_meta'
[0.486s] Level 1:colcon.colcon_core.package_identification:_identify(WUTA-FSD/ros2_ws/src/perception/detection_fusion) by extensions ['ros']
[0.486s] Level 1:colcon.colcon_core.package_identification:_identify(WUTA-FSD/ros2_ws/src/perception/detection_fusion) by extension 'ros'
[0.487s] DEBUG:colcon.colcon_core.package_identification:Package 'WUTA-FSD/ros2_ws/src/perception/detection_fusion' with type 'ros.ament_cmake' and name 'detection_fusion'
[0.487s] Level 1:colcon.colcon_core.package_identification:_identify(WUTA-FSD/ros2_ws/src/perception/lidar_detection) by extensions ['ignore', 'ignore_ament_install']
[0.488s] Level 1:colcon.colcon_core.package_identification:_identify(WUTA-FSD/ros2_ws/src/perception/lidar_detection) by extension 'ignore'
[0.488s] Level 1:colcon.colcon_core.package_identification:_identify(WUTA-FSD/ros2_ws/src/perception/lidar_detection) by extension 'ignore_ament_install'
[0.488s] Level 1:colcon.colcon_core.package_identification:_identify(WUTA-FSD/ros2_ws/src/perception/lidar_detection) by extensions ['colcon_pkg']
[0.488s] Level 1:colcon.colcon_core.package_identification:_identify(WUTA-FSD/ros2_ws/src/perception/lidar_detection) by extension 'colcon_pkg'
[0.488s] Level 1:colcon.colcon_core.package_identification:_identify(WUTA-FSD/ros2_ws/src/perception/lidar_detection) by extensions ['colcon_meta']
[0.488s] Level 1:colcon.colcon_core.package_identification:_identify(WUTA-FSD/ros2_ws/src/perception/lidar_detection) by extension 'colcon_meta'
[0.488s] Level 1:colcon.colcon_core.package_identification:_identify(WUTA-FSD/ros2_ws/src/perception/lidar_detection) by extensions ['ros']
[0.488s] Level 1:colcon.colcon_core.package_identification:_identify(WUTA-FSD/ros2_ws/src/perception/lidar_detection) by extension 'ros'
[0.490s] DEBUG:colcon.colcon_core.package_identification:Package 'WUTA-FSD/ros2_ws/src/perception/lidar_detection' with type 'ros.ament_cmake' and name 'lidar_detection'
[0.490s] Level 1:colcon.colcon_core.package_identification:_identify(WUTA-FSD/ros2_ws/src/planning) by extensions ['ignore', 'ignore_ament_install']
[0.490s] Level 1:colcon.colcon_core.package_identification:_identify(WUTA-FSD/ros2_ws/src/planning) by extension 'ignore'
[0.490s] Level 1:colcon.colcon_core.package_identification:_identify(WUTA-FSD/ros2_ws/src/planning) by extension 'ignore_ament_install'
[0.490s] Level 1:colcon.colcon_core.package_identification:_identify(WUTA-FSD/ros2_ws/src/planning) by extensions ['colcon_pkg']
[0.490s] Level 1:colcon.colcon_core.package_identification:_identify(WUTA-FSD/ros2_ws/src/planning) by extension 'colcon_pkg'
[0.490s] Level 1:colcon.colcon_core.package_identification:_identify(WUTA-FSD/ros2_ws/src/planning) by extensions ['colcon_meta']
[0.490s] Level 1:colcon.colcon_core.package_identification:_identify(WUTA-FSD/ros2_ws/src/planning) by extension 'colcon_meta'
[0.490s] Level 1:colcon.colcon_core.package_identification:_identify(WUTA-FSD/ros2_ws/src/planning) by extensions ['ros']
[0.490s] Level 1:colcon.colcon_core.package_identification:_identify(WUTA-FSD/ros2_ws/src/planning) by extension 'ros'
[0.491s] Level 1:colcon.colcon_core.package_identification:_identify(WUTA-FSD/ros2_ws/src/planning) by extensions ['cmake', 'python']
[0.491s] Level 1:colcon.colcon_core.package_identification:_identify(WUTA-FSD/ros2_ws/src/planning) by extension 'cmake'
[0.491s] Level 1:colcon.colcon_core.package_identification:_identify(WUTA-FSD/ros2_ws/src/planning) by extension 'python'
[0.491s] Level 1:colcon.colcon_core.package_identification:_identify(WUTA-FSD/ros2_ws/src/planning) by extensions ['python_setup_py']
[0.491s] Level 1:colcon.colcon_core.package_identification:_identify(WUTA-FSD/ros2_ws/src/planning) by extension 'python_setup_py'
[0.491s] Level 1:colcon.colcon_core.package_identification:_identify(WUTA-FSD/ros2_ws/src/planning/boundary_detector) by extensions ['ignore', 'ignore_ament_install']
[0.491s] Level 1:colcon.colcon_core.package_identification:_identify(WUTA-FSD/ros2_ws/src/planning/boundary_detector) by extension 'ignore'
[0.491s] Level 1:colcon.colcon_core.package_identification:_identify(WUTA-FSD/ros2_ws/src/planning/boundary_detector) by extension 'ignore_ament_install'
[0.491s] Level 1:colcon.colcon_core.package_identification:_identify(WUTA-FSD/ros2_ws/src/planning/boundary_detector) by extensions ['colcon_pkg']
[0.491s] Level 1:colcon.colcon_core.package_identification:_identify(WUTA-FSD/ros2_ws/src/planning/boundary_detector) by extension 'colcon_pkg'
[0.491s] Level 1:colcon.colcon_core.package_identification:_identify(WUTA-FSD/ros2_ws/src/planning/boundary_detector) by extensions ['colcon_meta']
[0.491s] Level 1:colcon.colcon_core.package_identification:_identify(WUTA-FSD/ros2_ws/src/planning/boundary_detector) by extension 'colcon_meta'
[0.491s] Level 1:colcon.colcon_core.package_identification:_identify(WUTA-FSD/ros2_ws/src/planning/boundary_detector) by extensions ['ros']
[0.491s] Level 1:colcon.colcon_core.package_identification:_identify(WUTA-FSD/ros2_ws/src/planning/boundary_detector) by extension 'ros'
[0.492s] DEBUG:colcon.colcon_core.package_identification:Package 'WUTA-FSD/ros2_ws/src/planning/boundary_detector' with type 'ros.ament_cmake' and name 'boundary_detector'
[0.493s] Level 1:colcon.colcon_core.package_identification:_identify(WUTA-FSD/ros2_ws/src/planning/path_generator) by extensions ['ignore', 'ignore_ament_install']
[0.493s] Level 1:colcon.colcon_core.package_identification:_identify(WUTA-FSD/ros2_ws/src/planning/path_generator) by extension 'ignore'
[0.493s] Level 1:colcon.colcon_core.package_identification:_identify(WUTA-FSD/ros2_ws/src/planning/path_generator) by extension 'ignore_ament_install'
[0.493s] Level 1:colcon.colcon_core.package_identification:_identify(WUTA-FSD/ros2_ws/src/planning/path_generator) by extensions ['colcon_pkg']
[0.493s] Level 1:colcon.colcon_core.package_identification:_identify(WUTA-FSD/ros2_ws/src/planning/path_generator) by extension 'colcon_pkg'
[0.493s] Level 1:colcon.colcon_core.package_identification:_identify(WUTA-FSD/ros2_ws/src/planning/path_generator) by extensions ['colcon_meta']
[0.493s] Level 1:colcon.colcon_core.package_identification:_identify(WUTA-FSD/ros2_ws/src/planning/path_generator) by extension 'colcon_meta'
[0.493s] Level 1:colcon.colcon_core.package_identification:_identify(WUTA-FSD/ros2_ws/src/planning/path_generator) by extensions ['ros']
[0.493s] Level 1:colcon.colcon_core.package_identification:_identify(WUTA-FSD/ros2_ws/src/planning/path_generator) by extension 'ros'
[0.494s] DEBUG:colcon.colcon_core.package_identification:Package 'WUTA-FSD/ros2_ws/src/planning/path_generator' with type 'ros.ament_cmake' and name 'path_generator'
[0.494s] Level 1:colcon.colcon_core.package_identification:_identify(WUTA-FSD/ros2_ws/src/system) by extensions ['ignore', 'ignore_ament_install']
[0.495s] Level 1:colcon.colcon_core.package_identification:_identify(WUTA-FSD/ros2_ws/src/system) by extension 'ignore'
[0.495s] Level 1:colcon.colcon_core.package_identification:_identify(WUTA-FSD/ros2_ws/src/system) by extension 'ignore_ament_install'
[0.495s] Level 1:colcon.colcon_core.package_identification:_identify(WUTA-FSD/ros2_ws/src/system) by extensions ['colcon_pkg']
[0.495s] Level 1:colcon.colcon_core.package_identification:_identify(WUTA-FSD/ros2_ws/src/system) by extension 'colcon_pkg'
[0.495s] Level 1:colcon.colcon_core.package_identification:_identify(WUTA-FSD/ros2_ws/src/system) by extensions ['colcon_meta']
[0.495s] Level 1:colcon.colcon_core.package_identification:_identify(WUTA-FSD/ros2_ws/src/system) by extension 'colcon_meta'
[0.495s] Level 1:colcon.colcon_core.package_identification:_identify(WUTA-FSD/ros2_ws/src/system) by extensions ['ros']
[0.495s] Level 1:colcon.colcon_core.package_identification:_identify(WUTA-FSD/ros2_ws/src/system) by extension 'ros'
[0.495s] Level 1:colcon.colcon_core.package_identification:_identify(WUTA-FSD/ros2_ws/src/system) by extensions ['cmake', 'python']
[0.495s] Level 1:colcon.colcon_core.package_identification:_identify(WUTA-FSD/ros2_ws/src/system) by extension 'cmake'
[0.495s] Level 1:colcon.colcon_core.package_identification:_identify(WUTA-FSD/ros2_ws/src/system) by extension 'python'
[0.495s] Level 1:colcon.colcon_core.package_identification:_identify(WUTA-FSD/ros2_ws/src/system) by extensions ['python_setup_py']
[0.495s] Level 1:colcon.colcon_core.package_identification:_identify(WUTA-FSD/ros2_ws/src/system) by extension 'python_setup_py'
[0.496s] Level 1:colcon.colcon_core.package_identification:_identify(WUTA-FSD/ros2_ws/src/system/mission_manager) by extensions ['ignore', 'ignore_ament_install']
[0.496s] Level 1:colcon.colcon_core.package_identification:_identify(WUTA-FSD/ros2_ws/src/system/mission_manager) by extension 'ignore'
[0.496s] Level 1:colcon.colcon_core.package_identification:_identify(WUTA-FSD/ros2_ws/src/system/mission_manager) by extension 'ignore_ament_install'
[0.496s] Level 1:colcon.colcon_core.package_identification:_identify(WUTA-FSD/ros2_ws/src/system/mission_manager) by extensions ['colcon_pkg']
[0.496s] Level 1:colcon.colcon_core.package_identification:_identify(WUTA-FSD/ros2_ws/src/system/mission_manager) by extension 'colcon_pkg'
[0.497s] Level 1:colcon.colcon_core.package_identification:_identify(WUTA-FSD/ros2_ws/src/system/mission_manager) by extensions ['colcon_meta']
[0.497s] Level 1:colcon.colcon_core.package_identification:_identify(WUTA-FSD/ros2_ws/src/system/mission_manager) by extension 'colcon_meta'
[0.497s] Level 1:colcon.colcon_core.package_identification:_identify(WUTA-FSD/ros2_ws/src/system/mission_manager) by extensions ['ros']
[0.497s] Level 1:colcon.colcon_core.package_identification:_identify(WUTA-FSD/ros2_ws/src/system/mission_manager) by extension 'ros'
[0.498s] DEBUG:colcon.colcon_core.package_identification:Package 'WUTA-FSD/ros2_ws/src/system/mission_manager' with type 'ros.ament_cmake' and name 'mission_manager'
[0.498s] Level 1:colcon.colcon_core.package_identification:_identify(WUTA-SIM) by extensions ['ignore', 'ignore_ament_install']
[0.498s] Level 1:colcon.colcon_core.package_identification:_identify(WUTA-SIM) by extension 'ignore'
[0.498s] Level 1:colcon.colcon_core.package_identification:_identify(WUTA-SIM) by extension 'ignore_ament_install'
[0.499s] Level 1:colcon.colcon_core.package_identification:_identify(WUTA-SIM) by extensions ['colcon_pkg']
[0.499s] Level 1:colcon.colcon_core.package_identification:_identify(WUTA-SIM) by extension 'colcon_pkg'
[0.499s] Level 1:colcon.colcon_core.package_identification:_identify(WUTA-SIM) by extensions ['colcon_meta']
[0.499s] Level 1:colcon.colcon_core.package_identification:_identify(WUTA-SIM) by extension 'colcon_meta'
[0.499s] Level 1:colcon.colcon_core.package_identification:_identify(WUTA-SIM) by extensions ['ros']
[0.499s] Level 1:colcon.colcon_core.package_identification:_identify(WUTA-SIM) by extension 'ros'
[0.499s] Level 1:colcon.colcon_core.package_identification:_identify(WUTA-SIM) by extensions ['cmake', 'python']
[0.499s] Level 1:colcon.colcon_core.package_identification:_identify(WUTA-SIM) by extension 'cmake'
[0.499s] Level 1:colcon.colcon_core.package_identification:_identify(WUTA-SIM) by extension 'python'
[0.499s] Level 1:colcon.colcon_core.package_identification:_identify(WUTA-SIM) by extensions ['python_setup_py']
[0.499s] Level 1:colcon.colcon_core.package_identification:_identify(WUTA-SIM) by extension 'python_setup_py'
[0.499s] Level 1:colcon.colcon_core.package_identification:_identify(WUTA-SIM/can_simulator) by extensions ['ignore', 'ignore_ament_install']
[0.499s] Level 1:colcon.colcon_core.package_identification:_identify(WUTA-SIM/can_simulator) by extension 'ignore'
[0.500s] Level 1:colcon.colcon_core.package_identification:_identify(WUTA-SIM/can_simulator) by extension 'ignore_ament_install'
[0.500s] Level 1:colcon.colcon_core.package_identification:_identify(WUTA-SIM/can_simulator) by extensions ['colcon_pkg']
[0.500s] Level 1:colcon.colcon_core.package_identification:_identify(WUTA-SIM/can_simulator) by extension 'colcon_pkg'
[0.500s] Level 1:colcon.colcon_core.package_identification:_identify(WUTA-SIM/can_simulator) by extensions ['colcon_meta']
[0.500s] Level 1:colcon.colcon_core.package_identification:_identify(WUTA-SIM/can_simulator) by extension 'colcon_meta'
[0.500s] Level 1:colcon.colcon_core.package_identification:_identify(WUTA-SIM/can_simulator) by extensions ['ros']
[0.500s] Level 1:colcon.colcon_core.package_identification:_identify(WUTA-SIM/can_simulator) by extension 'ros'
[0.500s] Level 1:colcon.colcon_core.package_identification:_identify(WUTA-SIM/can_simulator) by extensions ['cmake', 'python']
[0.500s] Level 1:colcon.colcon_core.package_identification:_identify(WUTA-SIM/can_simulator) by extension 'cmake'
[0.500s] Level 1:colcon.colcon_core.package_identification:_identify(WUTA-SIM/can_simulator) by extension 'python'
[0.500s] Level 1:colcon.colcon_core.package_identification:_identify(WUTA-SIM/can_simulator) by extensions ['python_setup_py']
[0.500s] Level 1:colcon.colcon_core.package_identification:_identify(WUTA-SIM/can_simulator) by extension 'python_setup_py'
[0.500s] Level 1:colcon.colcon_core.package_identification:_identify(WUTA-SIM/can_simulator/src) by extensions ['ignore', 'ignore_ament_install']
[0.500s] Level 1:colcon.colcon_core.package_identification:_identify(WUTA-SIM/can_simulator/src) by extension 'ignore'
[0.501s] Level 1:colcon.colcon_core.package_identification:_identify(WUTA-SIM/can_simulator/src) by extension 'ignore_ament_install'
[0.501s] Level 1:colcon.colcon_core.package_identification:_identify(WUTA-SIM/can_simulator/src) by extensions ['colcon_pkg']
[0.501s] Level 1:colcon.colcon_core.package_identification:_identify(WUTA-SIM/can_simulator/src) by extension 'colcon_pkg'
[0.501s] Level 1:colcon.colcon_core.package_identification:_identify(WUTA-SIM/can_simulator/src) by extensions ['colcon_meta']
[0.501s] Level 1:colcon.colcon_core.package_identification:_identify(WUTA-SIM/can_simulator/src) by extension 'colcon_meta'
[0.501s] Level 1:colcon.colcon_core.package_identification:_identify(WUTA-SIM/can_simulator/src) by extensions ['ros']
[0.501s] Level 1:colcon.colcon_core.package_identification:_identify(WUTA-SIM/can_simulator/src) by extension 'ros'
[0.501s] Level 1:colcon.colcon_core.package_identification:_identify(WUTA-SIM/can_simulator/src) by extensions ['cmake', 'python']
[0.501s] Level 1:colcon.colcon_core.package_identification:_identify(WUTA-SIM/can_simulator/src) by extension 'cmake'
[0.501s] Level 1:colcon.colcon_core.package_identification:_identify(WUTA-SIM/can_simulator/src) by extension 'python'
[0.501s] Level 1:colcon.colcon_core.package_identification:_identify(WUTA-SIM/can_simulator/src) by extensions ['python_setup_py']
[0.501s] Level 1:colcon.colcon_core.package_identification:_identify(WUTA-SIM/can_simulator/src) by extension 'python_setup_py'
[0.501s] Level 1:colcon.colcon_core.package_identification:_identify(WUTA-SIM/can_simulator/src/can_simulator) by extensions ['ignore', 'ignore_ament_install']
[0.501s] Level 1:colcon.colcon_core.package_identification:_identify(WUTA-SIM/can_simulator/src/can_simulator) by extension 'ignore'
[0.501s] Level 1:colcon.colcon_core.package_identification:_identify(WUTA-SIM/can_simulator/src/can_simulator) by extension 'ignore_ament_install'
[0.501s] Level 1:colcon.colcon_core.package_identification:_identify(WUTA-SIM/can_simulator/src/can_simulator) by extensions ['colcon_pkg']
[0.501s] Level 1:colcon.colcon_core.package_identification:_identify(WUTA-SIM/can_simulator/src/can_simulator) by extension 'colcon_pkg'
[0.501s] Level 1:colcon.colcon_core.package_identification:_identify(WUTA-SIM/can_simulator/src/can_simulator) by extensions ['colcon_meta']
[0.502s] Level 1:colcon.colcon_core.package_identification:_identify(WUTA-SIM/can_simulator/src/can_simulator) by extension 'colcon_meta'
[0.502s] Level 1:colcon.colcon_core.package_identification:_identify(WUTA-SIM/can_simulator/src/can_simulator) by extensions ['ros']
[0.502s] Level 1:colcon.colcon_core.package_identification:_identify(WUTA-SIM/can_simulator/src/can_simulator) by extension 'ros'
[0.503s] DEBUG:colcon.colcon_core.package_identification:Package 'WUTA-SIM/can_simulator/src/can_simulator' with type 'ros.ament_python' and name 'can_simulator'
[0.503s] Level 1:colcon.colcon_core.package_identification:_identify(WUTA-SIM/docs) by extensions ['ignore', 'ignore_ament_install']
[0.503s] Level 1:colcon.colcon_core.package_identification:_identify(WUTA-SIM/docs) by extension 'ignore'
[0.503s] Level 1:colcon.colcon_core.package_identification:_identify(WUTA-SIM/docs) by extension 'ignore_ament_install'
[0.503s] Level 1:colcon.colcon_core.package_identification:_identify(WUTA-SIM/docs) by extensions ['colcon_pkg']
[0.504s] Level 1:colcon.colcon_core.package_identification:_identify(WUTA-SIM/docs) by extension 'colcon_pkg'
[0.504s] Level 1:colcon.colcon_core.package_identification:_identify(WUTA-SIM/docs) by extensions ['colcon_meta']
[0.504s] Level 1:colcon.colcon_core.package_identification:_identify(WUTA-SIM/docs) by extension 'colcon_meta'
[0.504s] Level 1:colcon.colcon_core.package_identification:_identify(WUTA-SIM/docs) by extensions ['ros']
[0.504s] Level 1:colcon.colcon_core.package_identification:_identify(WUTA-SIM/docs) by extension 'ros'
[0.504s] Level 1:colcon.colcon_core.package_identification:_identify(WUTA-SIM/docs) by extensions ['cmake', 'python']
[0.504s] Level 1:colcon.colcon_core.package_identification:_identify(WUTA-SIM/docs) by extension 'cmake'
[0.504s] Level 1:colcon.colcon_core.package_identification:_identify(WUTA-SIM/docs) by extension 'python'
[0.504s] Level 1:colcon.colcon_core.package_identification:_identify(WUTA-SIM/docs) by extensions ['python_setup_py']
[0.504s] Level 1:colcon.colcon_core.package_identification:_identify(WUTA-SIM/docs) by extension 'python_setup_py'
[0.504s] Level 1:colcon.colcon_core.package_identification:_identify(WUTA-SIM/perception_simulation) by extensions ['ignore', 'ignore_ament_install']
[0.504s] Level 1:colcon.colcon_core.package_identification:_identify(WUTA-SIM/perception_simulation) by extension 'ignore'
[0.505s] Level 1:colcon.colcon_core.package_identification:_identify(WUTA-SIM/perception_simulation) by extension 'ignore_ament_install'
[0.505s] Level 1:colcon.colcon_core.package_identification:_identify(WUTA-SIM/perception_simulation) by extensions ['colcon_pkg']
[0.505s] Level 1:colcon.colcon_core.package_identification:_identify(WUTA-SIM/perception_simulation) by extension 'colcon_pkg'
[0.505s] Level 1:colcon.colcon_core.package_identification:_identify(WUTA-SIM/perception_simulation) by extensions ['colcon_meta']
[0.505s] Level 1:colcon.colcon_core.package_identification:_identify(WUTA-SIM/perception_simulation) by extension 'colcon_meta'
[0.505s] Level 1:colcon.colcon_core.package_identification:_identify(WUTA-SIM/perception_simulation) by extensions ['ros']
[0.505s] Level 1:colcon.colcon_core.package_identification:_identify(WUTA-SIM/perception_simulation) by extension 'ros'
[0.506s] DEBUG:colcon.colcon_core.package_identification:Package 'WUTA-SIM/perception_simulation' with type 'ros.ament_python' and name 'lidar_sim'
[0.507s] Level 1:colcon.colcon_core.package_identification:_identify(WUTA-SIM/simulator_bringup) by extensions ['ignore', 'ignore_ament_install']
[0.507s] Level 1:colcon.colcon_core.package_identification:_identify(WUTA-SIM/simulator_bringup) by extension 'ignore'
[0.507s] Level 1:colcon.colcon_core.package_identification:_identify(WUTA-SIM/simulator_bringup) by extension 'ignore_ament_install'
[0.507s] Level 1:colcon.colcon_core.package_identification:_identify(WUTA-SIM/simulator_bringup) by extensions ['colcon_pkg']
[0.507s] Level 1:colcon.colcon_core.package_identification:_identify(WUTA-SIM/simulator_bringup) by extension 'colcon_pkg'
[0.507s] Level 1:colcon.colcon_core.package_identification:_identify(WUTA-SIM/simulator_bringup) by extensions ['colcon_meta']
[0.507s] Level 1:colcon.colcon_core.package_identification:_identify(WUTA-SIM/simulator_bringup) by extension 'colcon_meta'
[0.507s] Level 1:colcon.colcon_core.package_identification:_identify(WUTA-SIM/simulator_bringup) by extensions ['ros']
[0.507s] Level 1:colcon.colcon_core.package_identification:_identify(WUTA-SIM/simulator_bringup) by extension 'ros'
[0.508s] DEBUG:colcon.colcon_core.package_identification:Package 'WUTA-SIM/simulator_bringup' with type 'ros.ament_python' and name 'simulator_bringup'
[0.509s] Level 1:colcon.colcon_core.package_identification:_identify(WUTA-SIM/vehicle_model) by extensions ['ignore', 'ignore_ament_install']
[0.509s] Level 1:colcon.colcon_core.package_identification:_identify(WUTA-SIM/vehicle_model) by extension 'ignore'
[0.509s] Level 1:colcon.colcon_core.package_identification:_identify(WUTA-SIM/vehicle_model) by extension 'ignore_ament_install'
[0.509s] Level 1:colcon.colcon_core.package_identification:_identify(WUTA-SIM/vehicle_model) by extensions ['colcon_pkg']
[0.509s] Level 1:colcon.colcon_core.package_identification:_identify(WUTA-SIM/vehicle_model) by extension 'colcon_pkg'
[0.509s] Level 1:colcon.colcon_core.package_identification:_identify(WUTA-SIM/vehicle_model) by extensions ['colcon_meta']
[0.509s] Level 1:colcon.colcon_core.package_identification:_identify(WUTA-SIM/vehicle_model) by extension 'colcon_meta'
[0.509s] Level 1:colcon.colcon_core.package_identification:_identify(WUTA-SIM/vehicle_model) by extensions ['ros']
[0.509s] Level 1:colcon.colcon_core.package_identification:_identify(WUTA-SIM/vehicle_model) by extension 'ros'
[0.509s] Level 1:colcon.colcon_core.package_identification:_identify(WUTA-SIM/vehicle_model) by extensions ['cmake', 'python']
[0.509s] Level 1:colcon.colcon_core.package_identification:_identify(WUTA-SIM/vehicle_model) by extension 'cmake'
[0.509s] Level 1:colcon.colcon_core.package_identification:_identify(WUTA-SIM/vehicle_model) by extension 'python'
[0.509s] Level 1:colcon.colcon_core.package_identification:_identify(WUTA-SIM/vehicle_model) by extensions ['python_setup_py']
[0.509s] Level 1:colcon.colcon_core.package_identification:_identify(WUTA-SIM/vehicle_model) by extension 'python_setup_py'
[0.509s] Level 1:colcon.colcon_core.package_identification:_identify(WUTA-SIM/vehicle_model/src) by extensions ['ignore', 'ignore_ament_install']
[0.509s] Level 1:colcon.colcon_core.package_identification:_identify(WUTA-SIM/vehicle_model/src) by extension 'ignore'
[0.510s] Level 1:colcon.colcon_core.package_identification:_identify(WUTA-SIM/vehicle_model/src) by extension 'ignore_ament_install'
[0.510s] Level 1:colcon.colcon_core.package_identification:_identify(WUTA-SIM/vehicle_model/src) by extensions ['colcon_pkg']
[0.510s] Level 1:colcon.colcon_core.package_identification:_identify(WUTA-SIM/vehicle_model/src) by extension 'colcon_pkg'
[0.510s] Level 1:colcon.colcon_core.package_identification:_identify(WUTA-SIM/vehicle_model/src) by extensions ['colcon_meta']
[0.510s] Level 1:colcon.colcon_core.package_identification:_identify(WUTA-SIM/vehicle_model/src) by extension 'colcon_meta'
[0.510s] Level 1:colcon.colcon_core.package_identification:_identify(WUTA-SIM/vehicle_model/src) by extensions ['ros']
[0.510s] Level 1:colcon.colcon_core.package_identification:_identify(WUTA-SIM/vehicle_model/src) by extension 'ros'
[0.510s] Level 1:colcon.colcon_core.package_identification:_identify(WUTA-SIM/vehicle_model/src) by extensions ['cmake', 'python']
[0.510s] Level 1:colcon.colcon_core.package_identification:_identify(WUTA-SIM/vehicle_model/src) by extension 'cmake'
[0.510s] Level 1:colcon.colcon_core.package_identification:_identify(WUTA-SIM/vehicle_model/src) by extension 'python'
[0.510s] Level 1:colcon.colcon_core.package_identification:_identify(WUTA-SIM/vehicle_model/src) by extensions ['python_setup_py']
[0.510s] Level 1:colcon.colcon_core.package_identification:_identify(WUTA-SIM/vehicle_model/src) by extension 'python_setup_py'
[0.510s] Level 1:colcon.colcon_core.package_identification:_identify(WUTA-SIM/vehicle_model/src/vehicle_model) by extensions ['ignore', 'ignore_ament_install']
[0.511s] Level 1:colcon.colcon_core.package_identification:_identify(WUTA-SIM/vehicle_model/src/vehicle_model) by extension 'ignore'
[0.511s] Level 1:colcon.colcon_core.package_identification:_identify(WUTA-SIM/vehicle_model/src/vehicle_model) by extension 'ignore_ament_install'
[0.511s] Level 1:colcon.colcon_core.package_identification:_identify(WUTA-SIM/vehicle_model/src/vehicle_model) by extensions ['colcon_pkg']
[0.511s] Level 1:colcon.colcon_core.package_identification:_identify(WUTA-SIM/vehicle_model/src/vehicle_model) by extension 'colcon_pkg'
[0.511s] Level 1:colcon.colcon_core.package_identification:_identify(WUTA-SIM/vehicle_model/src/vehicle_model) by extensions ['colcon_meta']
[0.511s] Level 1:colcon.colcon_core.package_identification:_identify(WUTA-SIM/vehicle_model/src/vehicle_model) by extension 'colcon_meta'
[0.511s] Level 1:colcon.colcon_core.package_identification:_identify(WUTA-SIM/vehicle_model/src/vehicle_model) by extensions ['ros']
[0.511s] Level 1:colcon.colcon_core.package_identification:_identify(WUTA-SIM/vehicle_model/src/vehicle_model) by extension 'ros'
[0.512s] DEBUG:colcon.colcon_core.package_identification:Package 'WUTA-SIM/vehicle_model/src/vehicle_model' with type 'ros.ament_python' and name 'vehicle_model'
[0.512s] Level 1:colcon.colcon_core.package_discovery:discover_packages(recursive) using defaults
[0.578s] INFO:colcon.colcon_core.package_selection:Skipping not selected package 'autoware_msgs' in 'WUTA-FSD/ros2_ws/src/common/autoware_msgs'
[0.579s] INFO:colcon.colcon_core.package_selection:Skipping not selected package 'can_simulator' in 'WUTA-SIM/can_simulator/src/can_simulator'
[0.579s] INFO:colcon.colcon_core.package_selection:Skipping not selected package 'kiss_icp' in 'WUTA-FSD/ros2_ws/src/localization/kiss-icp/ros'
[0.579s] INFO:colcon.colcon_core.package_selection:Skipping not selected package 'lidar_sim' in 'WUTA-SIM/perception_simulation'
[0.579s] INFO:colcon.colcon_core.package_selection:Skipping not selected package 'robot_localization' in 'WUTA-FSD/ros2_ws/src/localization/robot_localization'
[0.579s] INFO:colcon.colcon_core.package_selection:Skipping not selected package 'wuta_msgs' in 'WUTA-FSD/ros2_ws/src/common/wuta_msgs'
[0.579s] INFO:colcon.colcon_core.package_selection:Skipping not selected package 'camera_detection' in 'WUTA-FSD/ros2_ws/src/perception/camera_detection'
[0.579s] INFO:colcon.colcon_core.package_selection:Skipping not selected package 'detection_fusion' in 'WUTA-FSD/ros2_ws/src/perception/detection_fusion'
[0.579s] INFO:colcon.colcon_core.package_selection:Skipping not selected package 'kiss_icp_wrapper' in 'WUTA-FSD/ros2_ws/src/localization/kiss_icp_wrapper'
[0.579s] INFO:colcon.colcon_core.package_selection:Skipping not selected package 'localization_manager' in 'WUTA-FSD/ros2_ws/src/localization/localization_manager'
[0.579s] INFO:colcon.colcon_core.package_selection:Skipping not selected package 'mission_manager' in 'WUTA-FSD/ros2_ws/src/system/mission_manager'
[0.579s] INFO:colcon.colcon_core.package_selection:Skipping not selected package 'ndt_localization' in 'WUTA-FSD/ros2_ws/src/localization/ndt_localization'
[0.579s] INFO:colcon.colcon_core.package_selection:Skipping not selected package 'vehicle_model' in 'WUTA-SIM/vehicle_model/src/vehicle_model'
[0.579s] INFO:colcon.colcon_core.package_selection:Skipping not selected package 'wuta_tools' in 'WUTA-FSD/ros2_ws/src/common/wuta_tools'
[0.579s] INFO:colcon.colcon_core.package_selection:Skipping not selected package 'simulator_bringup' in 'WUTA-SIM/simulator_bringup'
[0.580s] Level 1:colcon.colcon_core.package_discovery:discover_packages(prefix_path) check parameters
[0.580s] Level 1:colcon.colcon_core.package_discovery:discover_packages(prefix_path) discover
[0.584s] DEBUG:colcon.colcon_installed_package_information.package_discovery:Found 6 installed packages in /home/starry1n/WUTA/install
[0.586s] DEBUG:colcon.colcon_installed_package_information.package_discovery:Found 289 installed packages in /opt/ros/humble
[0.588s] Level 1:colcon.colcon_core.package_discovery:discover_packages(prefix_path) using defaults
[0.652s] Level 5:colcon.colcon_core.verb:set package 'boundary_detector' build argument 'cmake_args' from command line to 'None'
[0.652s] Level 5:colcon.colcon_core.verb:set package 'boundary_detector' build argument 'cmake_target' from command line to 'None'
[0.652s] Level 5:colcon.colcon_core.verb:set package 'boundary_detector' build argument 'cmake_target_skip_unavailable' from command line to 'False'
[0.652s] Level 5:colcon.colcon_core.verb:set package 'boundary_detector' build argument 'cmake_clean_cache' from command line to 'False'
[0.652s] Level 5:colcon.colcon_core.verb:set package 'boundary_detector' build argument 'cmake_clean_first' from command line to 'False'
[0.652s] Level 5:colcon.colcon_core.verb:set package 'boundary_detector' build argument 'cmake_force_configure' from command line to 'False'
[0.652s] Level 5:colcon.colcon_core.verb:set package 'boundary_detector' build argument 'ament_cmake_args' from command line to 'None'
[0.652s] Level 5:colcon.colcon_core.verb:set package 'boundary_detector' build argument 'catkin_cmake_args' from command line to 'None'
[0.652s] Level 5:colcon.colcon_core.verb:set package 'boundary_detector' build argument 'catkin_skip_building_tests' from command line to 'False'
[0.652s] DEBUG:colcon.colcon_core.verb:Building package 'boundary_detector' with the following arguments: {'ament_cmake_args': None, 'build_base': '/home/starry1n/WUTA/build/boundary_detector', 'catkin_cmake_args': None, 'catkin_skip_building_tests': False, 'cmake_args': None, 'cmake_clean_cache': False, 'cmake_clean_first': False, 'cmake_force_configure': False, 'cmake_target': None, 'cmake_target_skip_unavailable': False, 'install_base': '/home/starry1n/WUTA/install/boundary_detector', 'merge_install': False, 'path': '/home/starry1n/WUTA/WUTA-FSD/ros2_ws/src/planning/boundary_detector', 'symlink_install': True, 'test_result_base': None}
[0.653s] Level 5:colcon.colcon_core.verb:set package 'cone_map_builder' build argument 'cmake_args' from command line to 'None'
[0.653s] Level 5:colcon.colcon_core.verb:set package 'cone_map_builder' build argument 'cmake_target' from command line to 'None'
[0.653s] Level 5:colcon.colcon_core.verb:set package 'cone_map_builder' build argument 'cmake_target_skip_unavailable' from command line to 'False'
[0.653s] Level 5:colcon.colcon_core.verb:set package 'cone_map_builder' build argument 'cmake_clean_cache' from command line to 'False'
[0.653s] Level 5:colcon.colcon_core.verb:set package 'cone_map_builder' build argument 'cmake_clean_first' from command line to 'False'
[0.653s] Level 5:colcon.colcon_core.verb:set package 'cone_map_builder' build argument 'cmake_force_configure' from command line to 'False'
[0.653s] Level 5:colcon.colcon_core.verb:set package 'cone_map_builder' build argument 'ament_cmake_args' from command line to 'None'
[0.653s] Level 5:colcon.colcon_core.verb:set package 'cone_map_builder' build argument 'catkin_cmake_args' from command line to 'None'
[0.653s] Level 5:colcon.colcon_core.verb:set package 'cone_map_builder' build argument 'catkin_skip_building_tests' from command line to 'False'
[0.653s] DEBUG:colcon.colcon_core.verb:Building package 'cone_map_builder' with the following arguments: {'ament_cmake_args': None, 'build_base': '/home/starry1n/WUTA/build/cone_map_builder', 'catkin_cmake_args': None, 'catkin_skip_building_tests': False, 'cmake_args': None, 'cmake_clean_cache': False, 'cmake_clean_first': False, 'cmake_force_configure': False, 'cmake_target': None, 'cmake_target_skip_unavailable': False, 'install_base': '/home/starry1n/WUTA/install/cone_map_builder', 'merge_install': False, 'path': '/home/starry1n/WUTA/WUTA-FSD/ros2_ws/src/mapping/cone_map_builder', 'symlink_install': True, 'test_result_base': None}
[0.654s] Level 5:colcon.colcon_core.verb:set package 'controller' build argument 'cmake_args' from command line to 'None'
[0.654s] Level 5:colcon.colcon_core.verb:set package 'controller' build argument 'cmake_target' from command line to 'None'
[0.654s] Level 5:colcon.colcon_core.verb:set package 'controller' build argument 'cmake_target_skip_unavailable' from command line to 'False'
[0.654s] Level 5:colcon.colcon_core.verb:set package 'controller' build argument 'cmake_clean_cache' from command line to 'False'
[0.654s] Level 5:colcon.colcon_core.verb:set package 'controller' build argument 'cmake_clean_first' from command line to 'False'
[0.654s] Level 5:colcon.colcon_core.verb:set package 'controller' build argument 'cmake_force_configure' from command line to 'False'
[0.654s] Level 5:colcon.colcon_core.verb:set package 'controller' build argument 'ament_cmake_args' from command line to 'None'
[0.654s] Level 5:colcon.colcon_core.verb:set package 'controller' build argument 'catkin_cmake_args' from command line to 'None'
[0.654s] Level 5:colcon.colcon_core.verb:set package 'controller' build argument 'catkin_skip_building_tests' from command line to 'False'
[0.654s] DEBUG:colcon.colcon_core.verb:Building package 'controller' with the following arguments: {'ament_cmake_args': None, 'build_base': '/home/starry1n/WUTA/build/controller', 'catkin_cmake_args': None, 'catkin_skip_building_tests': False, 'cmake_args': None, 'cmake_clean_cache': False, 'cmake_clean_first': False, 'cmake_force_configure': False, 'cmake_target': None, 'cmake_target_skip_unavailable': False, 'install_base': '/home/starry1n/WUTA/install/controller', 'merge_install': False, 'path': '/home/starry1n/WUTA/WUTA-FSD/ros2_ws/src/control/controller', 'symlink_install': True, 'test_result_base': None}
[0.655s] Level 5:colcon.colcon_core.verb:set package 'lidar_detection' build argument 'cmake_args' from command line to 'None'
[0.655s] Level 5:colcon.colcon_core.verb:set package 'lidar_detection' build argument 'cmake_target' from command line to 'None'
[0.655s] Level 5:colcon.colcon_core.verb:set package 'lidar_detection' build argument 'cmake_target_skip_unavailable' from command line to 'False'
[0.655s] Level 5:colcon.colcon_core.verb:set package 'lidar_detection' build argument 'cmake_clean_cache' from command line to 'False'
[0.655s] Level 5:colcon.colcon_core.verb:set package 'lidar_detection' build argument 'cmake_clean_first' from command line to 'False'
[0.655s] Level 5:colcon.colcon_core.verb:set package 'lidar_detection' build argument 'cmake_force_configure' from command line to 'False'
[0.655s] Level 5:colcon.colcon_core.verb:set package 'lidar_detection' build argument 'ament_cmake_args' from command line to 'None'
[0.655s] Level 5:colcon.colcon_core.verb:set package 'lidar_detection' build argument 'catkin_cmake_args' from command line to 'None'
[0.655s] Level 5:colcon.colcon_core.verb:set package 'lidar_detection' build argument 'catkin_skip_building_tests' from command line to 'False'
[0.655s] DEBUG:colcon.colcon_core.verb:Building package 'lidar_detection' with the following arguments: {'ament_cmake_args': None, 'build_base': '/home/starry1n/WUTA/build/lidar_detection', 'catkin_cmake_args': None, 'catkin_skip_building_tests': False, 'cmake_args': None, 'cmake_clean_cache': False, 'cmake_clean_first': False, 'cmake_force_configure': False, 'cmake_target': None, 'cmake_target_skip_unavailable': False, 'install_base': '/home/starry1n/WUTA/install/lidar_detection', 'merge_install': False, 'path': '/home/starry1n/WUTA/WUTA-FSD/ros2_ws/src/perception/lidar_detection', 'symlink_install': True, 'test_result_base': None}
[0.656s] Level 5:colcon.colcon_core.verb:set package 'path_generator' build argument 'cmake_args' from command line to 'None'
[0.657s] Level 5:colcon.colcon_core.verb:set package 'path_generator' build argument 'cmake_target' from command line to 'None'
[0.657s] Level 5:colcon.colcon_core.verb:set package 'path_generator' build argument 'cmake_target_skip_unavailable' from command line to 'False'
[0.657s] Level 5:colcon.colcon_core.verb:set package 'path_generator' build argument 'cmake_clean_cache' from command line to 'False'
[0.657s] Level 5:colcon.colcon_core.verb:set package 'path_generator' build argument 'cmake_clean_first' from command line to 'False'
[0.657s] Level 5:colcon.colcon_core.verb:set package 'path_generator' build argument 'cmake_force_configure' from command line to 'False'
[0.657s] Level 5:colcon.colcon_core.verb:set package 'path_generator' build argument 'ament_cmake_args' from command line to 'None'
[0.657s] Level 5:colcon.colcon_core.verb:set package 'path_generator' build argument 'catkin_cmake_args' from command line to 'None'
[0.657s] Level 5:colcon.colcon_core.verb:set package 'path_generator' build argument 'catkin_skip_building_tests' from command line to 'False'
[0.657s] DEBUG:colcon.colcon_core.verb:Building package 'path_generator' with the following arguments: {'ament_cmake_args': None, 'build_base': '/home/starry1n/WUTA/build/path_generator', 'catkin_cmake_args': None, 'catkin_skip_building_tests': False, 'cmake_args': None, 'cmake_clean_cache': False, 'cmake_clean_first': False, 'cmake_force_configure': False, 'cmake_target': None, 'cmake_target_skip_unavailable': False, 'install_base': '/home/starry1n/WUTA/install/path_generator', 'merge_install': False, 'path': '/home/starry1n/WUTA/WUTA-FSD/ros2_ws/src/planning/path_generator', 'symlink_install': True, 'test_result_base': None}
[0.657s] INFO:colcon.colcon_core.executor:Executing jobs using 'parallel' executor
[0.659s] DEBUG:colcon.colcon_parallel_executor.executor.parallel:run_until_complete
[0.660s] INFO:colcon.colcon_ros.task.ament_cmake.build:Building ROS package in '/home/starry1n/WUTA/WUTA-FSD/ros2_ws/src/planning/boundary_detector' with build type 'ament_cmake'
[0.660s] INFO:colcon.colcon_cmake.task.cmake.build:Building CMake package in '/home/starry1n/WUTA/WUTA-FSD/ros2_ws/src/planning/boundary_detector'
[0.665s] INFO:colcon.colcon_core.plugin_system:Skipping extension 'colcon_core.shell.bat': Not used on non-Windows systems
[0.666s] INFO:colcon.colcon_core.shell:Skip shell extension 'powershell' for command environment: Not usable outside of PowerShell
[0.666s] DEBUG:colcon.colcon_core.shell:Skip shell extension 'dsv' for command environment
[0.674s] INFO:colcon.colcon_ros.task.ament_cmake.build:Building ROS package in '/home/starry1n/WUTA/WUTA-FSD/ros2_ws/src/mapping/cone_map_builder' with build type 'ament_cmake'
[0.675s] INFO:colcon.colcon_cmake.task.cmake.build:Building CMake package in '/home/starry1n/WUTA/WUTA-FSD/ros2_ws/src/mapping/cone_map_builder'
[0.675s] INFO:colcon.colcon_core.shell:Skip shell extension 'powershell' for command environment: Not usable outside of PowerShell
[0.675s] DEBUG:colcon.colcon_core.shell:Skip shell extension 'dsv' for command environment
[0.684s] INFO:colcon.colcon_ros.task.ament_cmake.build:Building ROS package in '/home/starry1n/WUTA/WUTA-FSD/ros2_ws/src/control/controller' with build type 'ament_cmake'
[0.684s] INFO:colcon.colcon_cmake.task.cmake.build:Building CMake package in '/home/starry1n/WUTA/WUTA-FSD/ros2_ws/src/control/controller'
[0.684s] INFO:colcon.colcon_core.shell:Skip shell extension 'powershell' for command environment: Not usable outside of PowerShell
[0.685s] DEBUG:colcon.colcon_core.shell:Skip shell extension 'dsv' for command environment
[0.692s] INFO:colcon.colcon_ros.task.ament_cmake.build:Building ROS package in '/home/starry1n/WUTA/WUTA-FSD/ros2_ws/src/perception/lidar_detection' with build type 'ament_cmake'
[0.692s] INFO:colcon.colcon_cmake.task.cmake.build:Building CMake package in '/home/starry1n/WUTA/WUTA-FSD/ros2_ws/src/perception/lidar_detection'
[0.693s] INFO:colcon.colcon_core.shell:Skip shell extension 'powershell' for command environment: Not usable outside of PowerShell
[0.693s] DEBUG:colcon.colcon_core.shell:Skip shell extension 'dsv' for command environment
[0.700s] INFO:colcon.colcon_ros.task.ament_cmake.build:Building ROS package in '/home/starry1n/WUTA/WUTA-FSD/ros2_ws/src/planning/path_generator' with build type 'ament_cmake'
[0.700s] INFO:colcon.colcon_cmake.task.cmake.build:Building CMake package in '/home/starry1n/WUTA/WUTA-FSD/ros2_ws/src/planning/path_generator'
[0.701s] INFO:colcon.colcon_core.shell:Skip shell extension 'powershell' for command environment: Not usable outside of PowerShell
[0.701s] DEBUG:colcon.colcon_core.shell:Skip shell extension 'dsv' for command environment
[0.715s] DEBUG:colcon.colcon_core.event_handler.log_command:Invoking command in '/home/starry1n/WUTA/build/boundary_detector': CMAKE_PREFIX_PATH=${CMAKE_PREFIX_PATH}:/home/starry1n/WUTA/install/simulator_bringup:/home/starry1n/WUTA/install/vehicle_model:/home/starry1n/WUTA/install/lidar_sim:/home/starry1n/WUTA/install/can_simulator:/opt/ros/humble /usr/bin/cmake /home/starry1n/WUTA/WUTA-FSD/ros2_ws/src/planning/boundary_detector -DAMENT_CMAKE_SYMLINK_INSTALL=1 -DCMAKE_INSTALL_PREFIX=/home/starry1n/WUTA/install/boundary_detector
[0.724s] DEBUG:colcon.colcon_core.event_handler.log_command:Invoking command in '/home/starry1n/WUTA/build/cone_map_builder': CMAKE_PREFIX_PATH=${CMAKE_PREFIX_PATH}:/home/starry1n/WUTA/install/simulator_bringup:/home/starry1n/WUTA/install/vehicle_model:/home/starry1n/WUTA/install/lidar_sim:/home/starry1n/WUTA/install/can_simulator:/opt/ros/humble /usr/bin/cmake /home/starry1n/WUTA/WUTA-FSD/ros2_ws/src/mapping/cone_map_builder -DAMENT_CMAKE_SYMLINK_INSTALL=1 -DCMAKE_INSTALL_PREFIX=/home/starry1n/WUTA/install/cone_map_builder
[0.731s] DEBUG:colcon.colcon_core.event_handler.log_command:Invoking command in '/home/starry1n/WUTA/build/controller': CMAKE_PREFIX_PATH=${CMAKE_PREFIX_PATH}:/home/starry1n/WUTA/install/simulator_bringup:/home/starry1n/WUTA/install/vehicle_model:/home/starry1n/WUTA/install/lidar_sim:/home/starry1n/WUTA/install/can_simulator:/opt/ros/humble /usr/bin/cmake /home/starry1n/WUTA/WUTA-FSD/ros2_ws/src/control/controller -DAMENT_CMAKE_SYMLINK_INSTALL=1 -DCMAKE_INSTALL_PREFIX=/home/starry1n/WUTA/install/controller
[0.738s] DEBUG:colcon.colcon_core.event_handler.log_command:Invoking command in '/home/starry1n/WUTA/build/lidar_detection': CMAKE_PREFIX_PATH=${CMAKE_PREFIX_PATH}:/home/starry1n/WUTA/install/simulator_bringup:/home/starry1n/WUTA/install/vehicle_model:/home/starry1n/WUTA/install/lidar_sim:/home/starry1n/WUTA/install/can_simulator:/opt/ros/humble /usr/bin/cmake /home/starry1n/WUTA/WUTA-FSD/ros2_ws/src/perception/lidar_detection -DAMENT_CMAKE_SYMLINK_INSTALL=1 -DCMAKE_INSTALL_PREFIX=/home/starry1n/WUTA/install/lidar_detection
[0.746s] DEBUG:colcon.colcon_core.event_handler.log_command:Invoking command in '/home/starry1n/WUTA/build/path_generator': CMAKE_PREFIX_PATH=${CMAKE_PREFIX_PATH}:/home/starry1n/WUTA/install/simulator_bringup:/home/starry1n/WUTA/install/vehicle_model:/home/starry1n/WUTA/install/lidar_sim:/home/starry1n/WUTA/install/can_simulator:/opt/ros/humble /usr/bin/cmake /home/starry1n/WUTA/WUTA-FSD/ros2_ws/src/planning/path_generator -DAMENT_CMAKE_SYMLINK_INSTALL=1 -DCMAKE_INSTALL_PREFIX=/home/starry1n/WUTA/install/path_generator
[3.241s] DEBUG:colcon.colcon_core.event_handler.log_command:Invoked command in '/home/starry1n/WUTA/build/path_generator' returned '0': CMAKE_PREFIX_PATH=${CMAKE_PREFIX_PATH}:/home/starry1n/WUTA/install/simulator_bringup:/home/starry1n/WUTA/install/vehicle_model:/home/starry1n/WUTA/install/lidar_sim:/home/starry1n/WUTA/install/can_simulator:/opt/ros/humble /usr/bin/cmake /home/starry1n/WUTA/WUTA-FSD/ros2_ws/src/planning/path_generator -DAMENT_CMAKE_SYMLINK_INSTALL=1 -DCMAKE_INSTALL_PREFIX=/home/starry1n/WUTA/install/path_generator
[3.243s] DEBUG:colcon.colcon_core.event_handler.log_command:Invoking command in '/home/starry1n/WUTA/build/path_generator': CMAKE_PREFIX_PATH=${CMAKE_PREFIX_PATH}:/home/starry1n/WUTA/install/simulator_bringup:/home/starry1n/WUTA/install/vehicle_model:/home/starry1n/WUTA/install/lidar_sim:/home/starry1n/WUTA/install/can_simulator:/opt/ros/humble /usr/bin/cmake --build /home/starry1n/WUTA/build/path_generator -- -j8 -l8
[3.348s] DEBUG:colcon.colcon_core.event_handler.log_command:Invoked command in '/home/starry1n/WUTA/build/controller' returned '0': CMAKE_PREFIX_PATH=${CMAKE_PREFIX_PATH}:/home/starry1n/WUTA/install/simulator_bringup:/home/starry1n/WUTA/install/vehicle_model:/home/starry1n/WUTA/install/lidar_sim:/home/starry1n/WUTA/install/can_simulator:/opt/ros/humble /usr/bin/cmake /home/starry1n/WUTA/WUTA-FSD/ros2_ws/src/control/controller -DAMENT_CMAKE_SYMLINK_INSTALL=1 -DCMAKE_INSTALL_PREFIX=/home/starry1n/WUTA/install/controller
[3.355s] DEBUG:colcon.colcon_core.event_handler.log_command:Invoking command in '/home/starry1n/WUTA/build/controller': CMAKE_PREFIX_PATH=${CMAKE_PREFIX_PATH}:/home/starry1n/WUTA/install/simulator_bringup:/home/starry1n/WUTA/install/vehicle_model:/home/starry1n/WUTA/install/lidar_sim:/home/starry1n/WUTA/install/can_simulator:/opt/ros/humble /usr/bin/cmake --build /home/starry1n/WUTA/build/controller -- -j8 -l8
[3.357s] DEBUG:colcon.colcon_core.event_handler.log_command:Invoked command in '/home/starry1n/WUTA/build/boundary_detector' returned '0': CMAKE_PREFIX_PATH=${CMAKE_PREFIX_PATH}:/home/starry1n/WUTA/install/simulator_bringup:/home/starry1n/WUTA/install/vehicle_model:/home/starry1n/WUTA/install/lidar_sim:/home/starry1n/WUTA/install/can_simulator:/opt/ros/humble /usr/bin/cmake /home/starry1n/WUTA/WUTA-FSD/ros2_ws/src/planning/boundary_detector -DAMENT_CMAKE_SYMLINK_INSTALL=1 -DCMAKE_INSTALL_PREFIX=/home/starry1n/WUTA/install/boundary_detector
[3.359s] DEBUG:colcon.colcon_core.event_handler.log_command:Invoking command in '/home/starry1n/WUTA/build/boundary_detector': CMAKE_PREFIX_PATH=${CMAKE_PREFIX_PATH}:/home/starry1n/WUTA/install/simulator_bringup:/home/starry1n/WUTA/install/vehicle_model:/home/starry1n/WUTA/install/lidar_sim:/home/starry1n/WUTA/install/can_simulator:/opt/ros/humble /usr/bin/cmake --build /home/starry1n/WUTA/build/boundary_detector -- -j8 -l8
[3.871s] DEBUG:colcon.colcon_core.event_handler.log_command:Invoked command in '/home/starry1n/WUTA/build/cone_map_builder' returned '0': CMAKE_PREFIX_PATH=${CMAKE_PREFIX_PATH}:/home/starry1n/WUTA/install/simulator_bringup:/home/starry1n/WUTA/install/vehicle_model:/home/starry1n/WUTA/install/lidar_sim:/home/starry1n/WUTA/install/can_simulator:/opt/ros/humble /usr/bin/cmake /home/starry1n/WUTA/WUTA-FSD/ros2_ws/src/mapping/cone_map_builder -DAMENT_CMAKE_SYMLINK_INSTALL=1 -DCMAKE_INSTALL_PREFIX=/home/starry1n/WUTA/install/cone_map_builder
[3.876s] DEBUG:colcon.colcon_core.event_handler.log_command:Invoking command in '/home/starry1n/WUTA/build/cone_map_builder': CMAKE_PREFIX_PATH=${CMAKE_PREFIX_PATH}:/home/starry1n/WUTA/install/simulator_bringup:/home/starry1n/WUTA/install/vehicle_model:/home/starry1n/WUTA/install/lidar_sim:/home/starry1n/WUTA/install/can_simulator:/opt/ros/humble /usr/bin/cmake --build /home/starry1n/WUTA/build/cone_map_builder -- -j8 -l8
[3.882s] DEBUG:colcon.colcon_core.event_handler.log_command:Invoked command in '/home/starry1n/WUTA/build/lidar_detection' returned '1': CMAKE_PREFIX_PATH=${CMAKE_PREFIX_PATH}:/home/starry1n/WUTA/install/simulator_bringup:/home/starry1n/WUTA/install/vehicle_model:/home/starry1n/WUTA/install/lidar_sim:/home/starry1n/WUTA/install/can_simulator:/opt/ros/humble /usr/bin/cmake /home/starry1n/WUTA/WUTA-FSD/ros2_ws/src/perception/lidar_detection -DAMENT_CMAKE_SYMLINK_INSTALL=1 -DCMAKE_INSTALL_PREFIX=/home/starry1n/WUTA/install/lidar_detection
[3.963s] Level 1:colcon.colcon_core.environment:create_environment_scripts_only(lidar_detection)
[3.976s] Level 1:colcon.colcon_core.environment:checking '/home/starry1n/WUTA/install/lidar_detection' for CMake module files
[3.977s] Level 1:colcon.colcon_core.environment:checking '/home/starry1n/WUTA/install/lidar_detection' for CMake config files
[3.978s] Level 1:colcon.colcon_core.environment:checking '/home/starry1n/WUTA/install/lidar_detection/bin'
[3.978s] Level 1:colcon.colcon_core.environment:checking '/home/starry1n/WUTA/install/lidar_detection/lib/pkgconfig/lidar_detection.pc'
[3.978s] Level 1:colcon.colcon_core.environment:checking '/home/starry1n/WUTA/install/lidar_detection/lib/python3.10/site-packages'
[3.979s] Level 1:colcon.colcon_core.environment:checking '/home/starry1n/WUTA/install/lidar_detection/bin'
[3.983s] INFO:colcon.colcon_core.shell:Creating package script '/home/starry1n/WUTA/install/lidar_detection/share/lidar_detection/package.ps1'
[3.986s] INFO:colcon.colcon_core.shell:Creating package descriptor '/home/starry1n/WUTA/install/lidar_detection/share/lidar_detection/package.dsv'
[3.987s] INFO:colcon.colcon_core.shell:Creating package script '/home/starry1n/WUTA/install/lidar_detection/share/lidar_detection/package.sh'
[3.992s] INFO:colcon.colcon_core.shell:Creating package script '/home/starry1n/WUTA/install/lidar_detection/share/lidar_detection/package.bash'
[3.993s] INFO:colcon.colcon_core.shell:Creating package script '/home/starry1n/WUTA/install/lidar_detection/share/lidar_detection/package.zsh'
[3.999s] Level 1:colcon.colcon_core.environment:create_file_with_runtime_dependencies(/home/starry1n/WUTA/install/lidar_detection/share/colcon-core/packages/lidar_detection)
