[0.089s] DEBUG:colcon:Command line arguments: ['/usr/bin/colcon', 'build', '--base-paths', '.', '--symlink-install', '--packages-up-to', 'simulator_bringup']
[0.089s] DEBUG:colcon:Parsed command line arguments: Namespace(log_base=None, log_level=None, verb_name='build', build_base='build', install_base='install', merge_install=False, symlink_install=True, test_result_base=None, continue_on_error=False, executor='parallel', parallel_workers=8, event_handlers=None, ignore_user_meta=False, metas=['./colcon.meta'], base_paths=['.'], packages_ignore=None, packages_ignore_regex=None, paths=None, packages_up_to=['simulator_bringup'], packages_up_to_regex=None, packages_above=None, packages_above_and_dependencies=None, packages_above_depth=None, packages_select_by_dep=None, packages_skip_by_dep=None, packages_skip_up_to=None, packages_select_build_failed=False, packages_skip_build_finished=False, packages_select_test_failures=False, packages_skip_test_passed=False, packages_select=None, packages_skip=None, packages_select_regex=None, packages_skip_regex=None, packages_start=None, packages_end=None, allow_overriding=[], cmake_args=None, cmake_target=None, cmake_target_skip_unavailable=False, cmake_clean_cache=False, cmake_clean_first=False, cmake_force_configure=False, ament_cmake_args=None, catkin_cmake_args=None, catkin_skip_building_tests=False, verb_parser=<colcon_defaults.argument_parser.defaults.DefaultArgumentsDecorator object at 0x7daf8292fc10>, verb_extension=<colcon_core.verb.build.BuildVerb object at 0x7daf82addae0>, main=<bound method BuildVerb.main of <colcon_core.verb.build.BuildVerb object at 0x7daf82addae0>>)
[0.212s] Level 1:colcon.colcon_core.package_discovery:discover_packages(colcon_meta) check parameters
[0.212s] Level 1:colcon.colcon_core.package_discovery:discover_packages(recursive) check parameters
[0.212s] Level 1:colcon.colcon_core.package_discovery:discover_packages(ignore) check parameters
[0.212s] Level 1:colcon.colcon_core.package_discovery:discover_packages(path) check parameters
[0.212s] Level 1:colcon.colcon_core.package_discovery:discover_packages(recursive) discover
[0.212s] INFO:colcon.colcon_core.package_discovery:Crawling recursively for packages in '/home/starry1n/WUTA/WUTA-SIM'
[0.212s] Level 1:colcon.colcon_core.package_identification:_identify(.) by extensions ['ignore', 'ignore_ament_install']
[0.212s] Level 1:colcon.colcon_core.package_identification:_identify(.) by extension 'ignore'
[0.212s] Level 1:colcon.colcon_core.package_identification:_identify(.) by extension 'ignore_ament_install'
[0.212s] Level 1:colcon.colcon_core.package_identification:_identify(.) by extensions ['colcon_pkg']
[0.212s] Level 1:colcon.colcon_core.package_identification:_identify(.) by extension 'colcon_pkg'
[0.212s] Level 1:colcon.colcon_core.package_identification:_identify(.) by extensions ['colcon_meta']
[0.212s] Level 1:colcon.colcon_core.package_identification:_identify(.) by extension 'colcon_meta'
[0.212s] Level 1:colcon.colcon_core.package_identification:_identify(.) by extensions ['ros']
[0.212s] Level 1:colcon.colcon_core.package_identification:_identify(.) by extension 'ros'
[0.222s] Level 1:colcon.colcon_core.package_identification:_identify(.) by extensions ['cmake', 'python']
[0.222s] Level 1:colcon.colcon_core.package_identification:_identify(.) by extension 'cmake'
[0.222s] Level 1:colcon.colcon_core.package_identification:_identify(.) by extension 'python'
[0.222s] Level 1:colcon.colcon_core.package_identification:_identify(.) by extensions ['python_setup_py']
[0.222s] Level 1:colcon.colcon_core.package_identification:_identify(.) by extension 'python_setup_py'
[0.222s] Level 1:colcon.colcon_core.package_identification:_identify(build) by extensions ['ignore', 'ignore_ament_install']
[0.222s] Level 1:colcon.colcon_core.package_identification:_identify(build) by extension 'ignore'
[0.222s] Level 1:colcon.colcon_core.package_identification:_identify(build) ignored
[0.222s] Level 1:colcon.colcon_core.package_identification:_identify(can_simulator) by extensions ['ignore', 'ignore_ament_install']
[0.222s] Level 1:colcon.colcon_core.package_identification:_identify(can_simulator) by extension 'ignore'
[0.223s] Level 1:colcon.colcon_core.package_identification:_identify(can_simulator) by extension 'ignore_ament_install'
[0.223s] Level 1:colcon.colcon_core.package_identification:_identify(can_simulator) by extensions ['colcon_pkg']
[0.223s] Level 1:colcon.colcon_core.package_identification:_identify(can_simulator) by extension 'colcon_pkg'
[0.223s] Level 1:colcon.colcon_core.package_identification:_identify(can_simulator) by extensions ['colcon_meta']
[0.223s] Level 1:colcon.colcon_core.package_identification:_identify(can_simulator) by extension 'colcon_meta'
[0.223s] Level 1:colcon.colcon_core.package_identification:_identify(can_simulator) by extensions ['ros']
[0.223s] Level 1:colcon.colcon_core.package_identification:_identify(can_simulator) by extension 'ros'
[0.223s] Level 1:colcon.colcon_core.package_identification:_identify(can_simulator) by extensions ['cmake', 'python']
[0.223s] Level 1:colcon.colcon_core.package_identification:_identify(can_simulator) by extension 'cmake'
[0.223s] Level 1:colcon.colcon_core.package_identification:_identify(can_simulator) by extension 'python'
[0.223s] Level 1:colcon.colcon_core.package_identification:_identify(can_simulator) by extensions ['python_setup_py']
[0.223s] Level 1:colcon.colcon_core.package_identification:_identify(can_simulator) by extension 'python_setup_py'
[0.223s] Level 1:colcon.colcon_core.package_identification:_identify(can_simulator/src) by extensions ['ignore', 'ignore_ament_install']
[0.223s] Level 1:colcon.colcon_core.package_identification:_identify(can_simulator/src) by extension 'ignore'
[0.223s] Level 1:colcon.colcon_core.package_identification:_identify(can_simulator/src) by extension 'ignore_ament_install'
[0.223s] Level 1:colcon.colcon_core.package_identification:_identify(can_simulator/src) by extensions ['colcon_pkg']
[0.223s] Level 1:colcon.colcon_core.package_identification:_identify(can_simulator/src) by extension 'colcon_pkg'
[0.223s] Level 1:colcon.colcon_core.package_identification:_identify(can_simulator/src) by extensions ['colcon_meta']
[0.223s] Level 1:colcon.colcon_core.package_identification:_identify(can_simulator/src) by extension 'colcon_meta'
[0.223s] Level 1:colcon.colcon_core.package_identification:_identify(can_simulator/src) by extensions ['ros']
[0.223s] Level 1:colcon.colcon_core.package_identification:_identify(can_simulator/src) by extension 'ros'
[0.223s] Level 1:colcon.colcon_core.package_identification:_identify(can_simulator/src) by extensions ['cmake', 'python']
[0.223s] Level 1:colcon.colcon_core.package_identification:_identify(can_simulator/src) by extension 'cmake'
[0.223s] Level 1:colcon.colcon_core.package_identification:_identify(can_simulator/src) by extension 'python'
[0.223s] Level 1:colcon.colcon_core.package_identification:_identify(can_simulator/src) by extensions ['python_setup_py']
[0.223s] Level 1:colcon.colcon_core.package_identification:_identify(can_simulator/src) by extension 'python_setup_py'
[0.223s] Level 1:colcon.colcon_core.package_identification:_identify(can_simulator/src/can_simulator) by extensions ['ignore', 'ignore_ament_install']
[0.223s] Level 1:colcon.colcon_core.package_identification:_identify(can_simulator/src/can_simulator) by extension 'ignore'
[0.223s] Level 1:colcon.colcon_core.package_identification:_identify(can_simulator/src/can_simulator) by extension 'ignore_ament_install'
[0.224s] Level 1:colcon.colcon_core.package_identification:_identify(can_simulator/src/can_simulator) by extensions ['colcon_pkg']
[0.224s] Level 1:colcon.colcon_core.package_identification:_identify(can_simulator/src/can_simulator) by extension 'colcon_pkg'
[0.224s] Level 1:colcon.colcon_core.package_identification:_identify(can_simulator/src/can_simulator) by extensions ['colcon_meta']
[0.224s] Level 1:colcon.colcon_core.package_identification:_identify(can_simulator/src/can_simulator) by extension 'colcon_meta'
[0.224s] Level 1:colcon.colcon_core.package_identification:_identify(can_simulator/src/can_simulator) by extensions ['ros']
[0.224s] Level 1:colcon.colcon_core.package_identification:_identify(can_simulator/src/can_simulator) by extension 'ros'
[0.227s] DEBUG:colcon.colcon_core.package_identification:Package 'can_simulator/src/can_simulator' with type 'ros.ament_python' and name 'can_simulator'
[0.227s] Level 1:colcon.colcon_core.package_identification:_identify(docs) by extensions ['ignore', 'ignore_ament_install']
[0.227s] Level 1:colcon.colcon_core.package_identification:_identify(docs) by extension 'ignore'
[0.227s] Level 1:colcon.colcon_core.package_identification:_identify(docs) by extension 'ignore_ament_install'
[0.227s] Level 1:colcon.colcon_core.package_identification:_identify(docs) by extensions ['colcon_pkg']
[0.227s] Level 1:colcon.colcon_core.package_identification:_identify(docs) by extension 'colcon_pkg'
[0.227s] Level 1:colcon.colcon_core.package_identification:_identify(docs) by extensions ['colcon_meta']
[0.227s] Level 1:colcon.colcon_core.package_identification:_identify(docs) by extension 'colcon_meta'
[0.227s] Level 1:colcon.colcon_core.package_identification:_identify(docs) by extensions ['ros']
[0.227s] Level 1:colcon.colcon_core.package_identification:_identify(docs) by extension 'ros'
[0.227s] Level 1:colcon.colcon_core.package_identification:_identify(docs) by extensions ['cmake', 'python']
[0.227s] Level 1:colcon.colcon_core.package_identification:_identify(docs) by extension 'cmake'
[0.227s] Level 1:colcon.colcon_core.package_identification:_identify(docs) by extension 'python'
[0.227s] Level 1:colcon.colcon_core.package_identification:_identify(docs) by extensions ['python_setup_py']
[0.227s] Level 1:colcon.colcon_core.package_identification:_identify(docs) by extension 'python_setup_py'
[0.227s] Level 1:colcon.colcon_core.package_identification:_identify(install) by extensions ['ignore', 'ignore_ament_install']
[0.227s] Level 1:colcon.colcon_core.package_identification:_identify(install) by extension 'ignore'
[0.227s] Level 1:colcon.colcon_core.package_identification:_identify(install) ignored
[0.227s] Level 1:colcon.colcon_core.package_identification:_identify(log) by extensions ['ignore', 'ignore_ament_install']
[0.228s] Level 1:colcon.colcon_core.package_identification:_identify(log) by extension 'ignore'
[0.228s] Level 1:colcon.colcon_core.package_identification:_identify(log) ignored
[0.228s] Level 1:colcon.colcon_core.package_identification:_identify(perception_simulation) by extensions ['ignore', 'ignore_ament_install']
[0.228s] Level 1:colcon.colcon_core.package_identification:_identify(perception_simulation) by extension 'ignore'
[0.228s] Level 1:colcon.colcon_core.package_identification:_identify(perception_simulation) by extension 'ignore_ament_install'
[0.228s] Level 1:colcon.colcon_core.package_identification:_identify(perception_simulation) by extensions ['colcon_pkg']
[0.228s] Level 1:colcon.colcon_core.package_identification:_identify(perception_simulation) by extension 'colcon_pkg'
[0.228s] Level 1:colcon.colcon_core.package_identification:_identify(perception_simulation) by extensions ['colcon_meta']
[0.228s] Level 1:colcon.colcon_core.package_identification:_identify(perception_simulation) by extension 'colcon_meta'
[0.228s] Level 1:colcon.colcon_core.package_identification:_identify(perception_simulation) by extensions ['ros']
[0.228s] Level 1:colcon.colcon_core.package_identification:_identify(perception_simulation) by extension 'ros'
[0.229s] DEBUG:colcon.colcon_core.package_identification:Package 'perception_simulation' with type 'ros.ament_python' and name 'lidar_sim'
[0.229s] Level 1:colcon.colcon_core.package_identification:_identify(simulator_bringup) by extensions ['ignore', 'ignore_ament_install']
[0.229s] Level 1:colcon.colcon_core.package_identification:_identify(simulator_bringup) by extension 'ignore'
[0.229s] Level 1:colcon.colcon_core.package_identification:_identify(simulator_bringup) by extension 'ignore_ament_install'
[0.229s] Level 1:colcon.colcon_core.package_identification:_identify(simulator_bringup) by extensions ['colcon_pkg']
[0.229s] Level 1:colcon.colcon_core.package_identification:_identify(simulator_bringup) by extension 'colcon_pkg'
[0.229s] Level 1:colcon.colcon_core.package_identification:_identify(simulator_bringup) by extensions ['colcon_meta']
[0.229s] Level 1:colcon.colcon_core.package_identification:_identify(simulator_bringup) by extension 'colcon_meta'
[0.229s] Level 1:colcon.colcon_core.package_identification:_identify(simulator_bringup) by extensions ['ros']
[0.229s] Level 1:colcon.colcon_core.package_identification:_identify(simulator_bringup) by extension 'ros'
[0.230s] DEBUG:colcon.colcon_core.package_identification:Package 'simulator_bringup' with type 'ros.ament_python' and name 'simulator_bringup'
[0.230s] Level 1:colcon.colcon_core.package_identification:_identify(vehicle_model) by extensions ['ignore', 'ignore_ament_install']
[0.230s] Level 1:colcon.colcon_core.package_identification:_identify(vehicle_model) by extension 'ignore'
[0.230s] Level 1:colcon.colcon_core.package_identification:_identify(vehicle_model) by extension 'ignore_ament_install'
[0.230s] Level 1:colcon.colcon_core.package_identification:_identify(vehicle_model) by extensions ['colcon_pkg']
[0.230s] Level 1:colcon.colcon_core.package_identification:_identify(vehicle_model) by extension 'colcon_pkg'
[0.230s] Level 1:colcon.colcon_core.package_identification:_identify(vehicle_model) by extensions ['colcon_meta']
[0.230s] Level 1:colcon.colcon_core.package_identification:_identify(vehicle_model) by extension 'colcon_meta'
[0.230s] Level 1:colcon.colcon_core.package_identification:_identify(vehicle_model) by extensions ['ros']
[0.230s] Level 1:colcon.colcon_core.package_identification:_identify(vehicle_model) by extension 'ros'
[0.230s] Level 1:colcon.colcon_core.package_identification:_identify(vehicle_model) by extensions ['cmake', 'python']
[0.230s] Level 1:colcon.colcon_core.package_identification:_identify(vehicle_model) by extension 'cmake'
[0.230s] Level 1:colcon.colcon_core.package_identification:_identify(vehicle_model) by extension 'python'
[0.230s] Level 1:colcon.colcon_core.package_identification:_identify(vehicle_model) by extensions ['python_setup_py']
[0.230s] Level 1:colcon.colcon_core.package_identification:_identify(vehicle_model) by extension 'python_setup_py'
[0.230s] Level 1:colcon.colcon_core.package_identification:_identify(vehicle_model/src) by extensions ['ignore', 'ignore_ament_install']
[0.230s] Level 1:colcon.colcon_core.package_identification:_identify(vehicle_model/src) by extension 'ignore'
[0.230s] Level 1:colcon.colcon_core.package_identification:_identify(vehicle_model/src) by extension 'ignore_ament_install'
[0.230s] Level 1:colcon.colcon_core.package_identification:_identify(vehicle_model/src) by extensions ['colcon_pkg']
[0.230s] Level 1:colcon.colcon_core.package_identification:_identify(vehicle_model/src) by extension 'colcon_pkg'
[0.230s] Level 1:colcon.colcon_core.package_identification:_identify(vehicle_model/src) by extensions ['colcon_meta']
[0.230s] Level 1:colcon.colcon_core.package_identification:_identify(vehicle_model/src) by extension 'colcon_meta'
[0.231s] Level 1:colcon.colcon_core.package_identification:_identify(vehicle_model/src) by extensions ['ros']
[0.231s] Level 1:colcon.colcon_core.package_identification:_identify(vehicle_model/src) by extension 'ros'
[0.231s] Level 1:colcon.colcon_core.package_identification:_identify(vehicle_model/src) by extensions ['cmake', 'python']
[0.231s] Level 1:colcon.colcon_core.package_identification:_identify(vehicle_model/src) by extension 'cmake'
[0.231s] Level 1:colcon.colcon_core.package_identification:_identify(vehicle_model/src) by extension 'python'
[0.231s] Level 1:colcon.colcon_core.package_identification:_identify(vehicle_model/src) by extensions ['python_setup_py']
[0.231s] Level 1:colcon.colcon_core.package_identification:_identify(vehicle_model/src) by extension 'python_setup_py'
[0.231s] Level 1:colcon.colcon_core.package_identification:_identify(vehicle_model/src/vehicle_model) by extensions ['ignore', 'ignore_ament_install']
[0.231s] Level 1:colcon.colcon_core.package_identification:_identify(vehicle_model/src/vehicle_model) by extension 'ignore'
[0.231s] Level 1:colcon.colcon_core.package_identification:_identify(vehicle_model/src/vehicle_model) by extension 'ignore_ament_install'
[0.231s] Level 1:colcon.colcon_core.package_identification:_identify(vehicle_model/src/vehicle_model) by extensions ['colcon_pkg']
[0.231s] Level 1:colcon.colcon_core.package_identification:_identify(vehicle_model/src/vehicle_model) by extension 'colcon_pkg'
[0.231s] Level 1:colcon.colcon_core.package_identification:_identify(vehicle_model/src/vehicle_model) by extensions ['colcon_meta']
[0.231s] Level 1:colcon.colcon_core.package_identification:_identify(vehicle_model/src/vehicle_model) by extension 'colcon_meta'
[0.231s] Level 1:colcon.colcon_core.package_identification:_identify(vehicle_model/src/vehicle_model) by extensions ['ros']
[0.231s] Level 1:colcon.colcon_core.package_identification:_identify(vehicle_model/src/vehicle_model) by extension 'ros'
[0.232s] DEBUG:colcon.colcon_core.package_identification:Package 'vehicle_model/src/vehicle_model' with type 'ros.ament_python' and name 'vehicle_model'
[0.232s] Level 1:colcon.colcon_core.package_discovery:discover_packages(recursive) using defaults
[0.252s] Level 1:colcon.colcon_core.package_discovery:discover_packages(prefix_path) check parameters
[0.252s] Level 1:colcon.colcon_core.package_discovery:discover_packages(prefix_path) discover
[0.256s] DEBUG:colcon.colcon_installed_package_information.package_discovery:Found 16 installed packages in /home/starry1n/WUTA/WUTA-FSD/ros2_ws/install
[0.257s] DEBUG:colcon.colcon_installed_package_information.package_discovery:Found 289 installed packages in /opt/ros/humble
[0.266s] Level 1:colcon.colcon_core.package_discovery:discover_packages(prefix_path) using defaults
[0.297s] Level 5:colcon.colcon_core.verb:set package 'can_simulator' build argument 'cmake_args' from command line to 'None'
[0.297s] Level 5:colcon.colcon_core.verb:set package 'can_simulator' build argument 'cmake_target' from command line to 'None'
[0.298s] Level 5:colcon.colcon_core.verb:set package 'can_simulator' build argument 'cmake_target_skip_unavailable' from command line to 'False'
[0.298s] Level 5:colcon.colcon_core.verb:set package 'can_simulator' build argument 'cmake_clean_cache' from command line to 'False'
[0.298s] Level 5:colcon.colcon_core.verb:set package 'can_simulator' build argument 'cmake_clean_first' from command line to 'False'
[0.298s] Level 5:colcon.colcon_core.verb:set package 'can_simulator' build argument 'cmake_force_configure' from command line to 'False'
[0.298s] Level 5:colcon.colcon_core.verb:set package 'can_simulator' build argument 'ament_cmake_args' from command line to 'None'
[0.298s] Level 5:colcon.colcon_core.verb:set package 'can_simulator' build argument 'catkin_cmake_args' from command line to 'None'
[0.298s] Level 5:colcon.colcon_core.verb:set package 'can_simulator' build argument 'catkin_skip_building_tests' from command line to 'False'
[0.298s] DEBUG:colcon.colcon_core.verb:Building package 'can_simulator' with the following arguments: {'ament_cmake_args': None, 'build_base': '/home/starry1n/WUTA/WUTA-SIM/build/can_simulator', 'catkin_cmake_args': None, 'catkin_skip_building_tests': False, 'cmake_args': None, 'cmake_clean_cache': False, 'cmake_clean_first': False, 'cmake_force_configure': False, 'cmake_target': None, 'cmake_target_skip_unavailable': False, 'install_base': '/home/starry1n/WUTA/WUTA-SIM/install/can_simulator', 'merge_install': False, 'path': '/home/starry1n/WUTA/WUTA-SIM/can_simulator/src/can_simulator', 'symlink_install': True, 'test_result_base': None}
[0.298s] Level 5:colcon.colcon_core.verb:set package 'lidar_sim' build argument 'cmake_args' from command line to 'None'
[0.298s] Level 5:colcon.colcon_core.verb:set package 'lidar_sim' build argument 'cmake_target' from command line to 'None'
[0.298s] Level 5:colcon.colcon_core.verb:set package 'lidar_sim' build argument 'cmake_target_skip_unavailable' from command line to 'False'
[0.298s] Level 5:colcon.colcon_core.verb:set package 'lidar_sim' build argument 'cmake_clean_cache' from command line to 'False'
[0.298s] Level 5:colcon.colcon_core.verb:set package 'lidar_sim' build argument 'cmake_clean_first' from command line to 'False'
[0.298s] Level 5:colcon.colcon_core.verb:set package 'lidar_sim' build argument 'cmake_force_configure' from command line to 'False'
[0.298s] Level 5:colcon.colcon_core.verb:set package 'lidar_sim' build argument 'ament_cmake_args' from command line to 'None'
[0.298s] Level 5:colcon.colcon_core.verb:set package 'lidar_sim' build argument 'catkin_cmake_args' from command line to 'None'
[0.298s] Level 5:colcon.colcon_core.verb:set package 'lidar_sim' build argument 'catkin_skip_building_tests' from command line to 'False'
[0.298s] DEBUG:colcon.colcon_core.verb:Building package 'lidar_sim' with the following arguments: {'ament_cmake_args': None, 'build_base': '/home/starry1n/WUTA/WUTA-SIM/build/lidar_sim', 'catkin_cmake_args': None, 'catkin_skip_building_tests': False, 'cmake_args': None, 'cmake_clean_cache': False, 'cmake_clean_first': False, 'cmake_force_configure': False, 'cmake_target': None, 'cmake_target_skip_unavailable': False, 'install_base': '/home/starry1n/WUTA/WUTA-SIM/install/lidar_sim', 'merge_install': False, 'path': '/home/starry1n/WUTA/WUTA-SIM/perception_simulation', 'symlink_install': True, 'test_result_base': None}
[0.298s] Level 5:colcon.colcon_core.verb:set package 'vehicle_model' build argument 'cmake_args' from command line to 'None'
[0.298s] Level 5:colcon.colcon_core.verb:set package 'vehicle_model' build argument 'cmake_target' from command line to 'None'
[0.298s] Level 5:colcon.colcon_core.verb:set package 'vehicle_model' build argument 'cmake_target_skip_unavailable' from command line to 'False'
[0.298s] Level 5:colcon.colcon_core.verb:set package 'vehicle_model' build argument 'cmake_clean_cache' from command line to 'False'
[0.298s] Level 5:colcon.colcon_core.verb:set package 'vehicle_model' build argument 'cmake_clean_first' from command line to 'False'
[0.298s] Level 5:colcon.colcon_core.verb:set package 'vehicle_model' build argument 'cmake_force_configure' from command line to 'False'
[0.298s] Level 5:colcon.colcon_core.verb:set package 'vehicle_model' build argument 'ament_cmake_args' from command line to 'None'
[0.298s] Level 5:colcon.colcon_core.verb:set package 'vehicle_model' build argument 'catkin_cmake_args' from command line to 'None'
[0.298s] Level 5:colcon.colcon_core.verb:set package 'vehicle_model' build argument 'catkin_skip_building_tests' from command line to 'False'
[0.299s] DEBUG:colcon.colcon_core.verb:Building package 'vehicle_model' with the following arguments: {'ament_cmake_args': None, 'build_base': '/home/starry1n/WUTA/WUTA-SIM/build/vehicle_model', 'catkin_cmake_args': None, 'catkin_skip_building_tests': False, 'cmake_args': None, 'cmake_clean_cache': False, 'cmake_clean_first': False, 'cmake_force_configure': False, 'cmake_target': None, 'cmake_target_skip_unavailable': False, 'install_base': '/home/starry1n/WUTA/WUTA-SIM/install/vehicle_model', 'merge_install': False, 'path': '/home/starry1n/WUTA/WUTA-SIM/vehicle_model/src/vehicle_model', 'symlink_install': True, 'test_result_base': None}
[0.299s] Level 5:colcon.colcon_core.verb:set package 'simulator_bringup' build argument 'cmake_args' from command line to 'None'
[0.299s] Level 5:colcon.colcon_core.verb:set package 'simulator_bringup' build argument 'cmake_target' from command line to 'None'
[0.299s] Level 5:colcon.colcon_core.verb:set package 'simulator_bringup' build argument 'cmake_target_skip_unavailable' from command line to 'False'
[0.299s] Level 5:colcon.colcon_core.verb:set package 'simulator_bringup' build argument 'cmake_clean_cache' from command line to 'False'
[0.299s] Level 5:colcon.colcon_core.verb:set package 'simulator_bringup' build argument 'cmake_clean_first' from command line to 'False'
[0.299s] Level 5:colcon.colcon_core.verb:set package 'simulator_bringup' build argument 'cmake_force_configure' from command line to 'False'
[0.299s] Level 5:colcon.colcon_core.verb:set package 'simulator_bringup' build argument 'ament_cmake_args' from command line to 'None'
[0.299s] Level 5:colcon.colcon_core.verb:set package 'simulator_bringup' build argument 'catkin_cmake_args' from command line to 'None'
[0.299s] Level 5:colcon.colcon_core.verb:set package 'simulator_bringup' build argument 'catkin_skip_building_tests' from command line to 'False'
[0.299s] DEBUG:colcon.colcon_core.verb:Building package 'simulator_bringup' with the following arguments: {'ament_cmake_args': None, 'build_base': '/home/starry1n/WUTA/WUTA-SIM/build/simulator_bringup', 'catkin_cmake_args': None, 'catkin_skip_building_tests': False, 'cmake_args': None, 'cmake_clean_cache': False, 'cmake_clean_first': False, 'cmake_force_configure': False, 'cmake_target': None, 'cmake_target_skip_unavailable': False, 'install_base': '/home/starry1n/WUTA/WUTA-SIM/install/simulator_bringup', 'merge_install': False, 'path': '/home/starry1n/WUTA/WUTA-SIM/simulator_bringup', 'symlink_install': True, 'test_result_base': None}
[0.299s] INFO:colcon.colcon_core.executor:Executing jobs using 'parallel' executor
[0.300s] DEBUG:colcon.colcon_parallel_executor.executor.parallel:run_until_complete
[0.301s] INFO:colcon.colcon_ros.task.ament_python.build:Building ROS package in '/home/starry1n/WUTA/WUTA-SIM/can_simulator/src/can_simulator' with build type 'ament_python'
[0.301s] Level 1:colcon.colcon_core.shell:create_environment_hook('can_simulator', 'ament_prefix_path')
[0.303s] INFO:colcon.colcon_core.plugin_system:Skipping extension 'colcon_core.shell.bat': Not used on non-Windows systems
[0.303s] INFO:colcon.colcon_core.shell:Creating environment hook '/home/starry1n/WUTA/WUTA-SIM/install/can_simulator/share/can_simulator/hook/ament_prefix_path.ps1'
[0.304s] INFO:colcon.colcon_core.shell:Creating environment descriptor '/home/starry1n/WUTA/WUTA-SIM/install/can_simulator/share/can_simulator/hook/ament_prefix_path.dsv'
[0.305s] INFO:colcon.colcon_core.shell:Creating environment hook '/home/starry1n/WUTA/WUTA-SIM/install/can_simulator/share/can_simulator/hook/ament_prefix_path.sh'
[0.306s] INFO:colcon.colcon_core.shell:Skip shell extension 'powershell' for command environment: Not usable outside of PowerShell
[0.306s] DEBUG:colcon.colcon_core.shell:Skip shell extension 'dsv' for command environment
[0.309s] INFO:colcon.colcon_ros.task.ament_python.build:Building ROS package in '/home/starry1n/WUTA/WUTA-SIM/perception_simulation' with build type 'ament_python'
[0.310s] Level 1:colcon.colcon_core.shell:create_environment_hook('lidar_sim', 'ament_prefix_path')
[0.310s] INFO:colcon.colcon_core.shell:Creating environment hook '/home/starry1n/WUTA/WUTA-SIM/install/lidar_sim/share/lidar_sim/hook/ament_prefix_path.ps1'
[0.310s] INFO:colcon.colcon_core.shell:Creating environment descriptor '/home/starry1n/WUTA/WUTA-SIM/install/lidar_sim/share/lidar_sim/hook/ament_prefix_path.dsv'
[0.310s] INFO:colcon.colcon_core.shell:Creating environment hook '/home/starry1n/WUTA/WUTA-SIM/install/lidar_sim/share/lidar_sim/hook/ament_prefix_path.sh'
[0.311s] INFO:colcon.colcon_core.shell:Skip shell extension 'powershell' for command environment: Not usable outside of PowerShell
[0.311s] DEBUG:colcon.colcon_core.shell:Skip shell extension 'dsv' for command environment
[0.314s] INFO:colcon.colcon_ros.task.ament_python.build:Building ROS package in '/home/starry1n/WUTA/WUTA-SIM/vehicle_model/src/vehicle_model' with build type 'ament_python'
[0.314s] Level 1:colcon.colcon_core.shell:create_environment_hook('vehicle_model', 'ament_prefix_path')
[0.314s] INFO:colcon.colcon_core.shell:Creating environment hook '/home/starry1n/WUTA/WUTA-SIM/install/vehicle_model/share/vehicle_model/hook/ament_prefix_path.ps1'
[0.315s] INFO:colcon.colcon_core.shell:Creating environment descriptor '/home/starry1n/WUTA/WUTA-SIM/install/vehicle_model/share/vehicle_model/hook/ament_prefix_path.dsv'
[0.316s] INFO:colcon.colcon_core.shell:Creating environment hook '/home/starry1n/WUTA/WUTA-SIM/install/vehicle_model/share/vehicle_model/hook/ament_prefix_path.sh'
[0.317s] INFO:colcon.colcon_core.shell:Skip shell extension 'powershell' for command environment: Not usable outside of PowerShell
[0.317s] DEBUG:colcon.colcon_core.shell:Skip shell extension 'dsv' for command environment
[0.523s] INFO:colcon.colcon_core.task.python.build:Building Python package in '/home/starry1n/WUTA/WUTA-SIM/can_simulator/src/can_simulator'
[0.523s] INFO:colcon.colcon_core.shell:Skip shell extension 'powershell' for command environment: Not usable outside of PowerShell
[0.523s] DEBUG:colcon.colcon_core.shell:Skip shell extension 'dsv' for command environment
[0.729s] INFO:colcon.colcon_core.task.python.build:Building Python package in '/home/starry1n/WUTA/WUTA-SIM/perception_simulation'
[0.729s] INFO:colcon.colcon_core.shell:Skip shell extension 'powershell' for command environment: Not usable outside of PowerShell
[0.729s] DEBUG:colcon.colcon_core.shell:Skip shell extension 'dsv' for command environment
[0.934s] INFO:colcon.colcon_core.task.python.build:Building Python package in '/home/starry1n/WUTA/WUTA-SIM/vehicle_model/src/vehicle_model'
[0.934s] INFO:colcon.colcon_core.shell:Skip shell extension 'powershell' for command environment: Not usable outside of PowerShell
[0.934s] DEBUG:colcon.colcon_core.shell:Skip shell extension 'dsv' for command environment
[1.215s] DEBUG:colcon.colcon_core.task.python.build:Available setuptools commands: bdist_egg, install_egg_info, install_data, test, clean, upload_docs, rotate, build_ext, bdist_rpm, bdist, symlink_data, saveopts, install_headers, check, egg_info, register, dist_info, develop, easy_install, sdist, setopt, install_scripts, build_clib, build_py, install_lib, alias, bdist_dumb, build, upload, build_scripts, install
[1.243s] DEBUG:colcon.colcon_core.task.python.build:Available setuptools commands: bdist_egg, install_egg_info, install_data, test, clean, upload_docs, rotate, build_ext, bdist_rpm, bdist, symlink_data, saveopts, install_headers, check, egg_info, register, dist_info, develop, easy_install, sdist, setopt, install_scripts, build_clib, build_py, install_lib, alias, bdist_dumb, build, upload, build_scripts, install
[1.244s] DEBUG:colcon.colcon_core.task.python.build:Available setuptools commands: bdist_egg, install_egg_info, install_data, test, clean, upload_docs, rotate, build_ext, bdist_rpm, bdist, symlink_data, saveopts, install_headers, check, egg_info, register, dist_info, develop, easy_install, sdist, setopt, install_scripts, build_clib, build_py, install_lib, alias, bdist_dumb, build, upload, build_scripts, install
[1.489s] DEBUG:colcon.colcon_core.task.python.build:Available setuptools 'develop' options: --prefix, --user, --force-installation-into-system-dir, --always-unzip, --verbose, --dry-run, --quiet, --allow-hosts, --install-dir, --editable, --help, --install-layout, --zip-ok, --upgrade, --site-dirs, --egg-path, --find-links, --always-copy, --record, --multi-version, --script-dir, --optimize, --no-deps, --no-user-cfg, --local-snapshots-ok, --version, --index-url, --no-find-links, --uninstall, --exclude-scripts, --build-directory
[1.492s] DEBUG:colcon.colcon_core.event_handler.log_command:Invoking command in '/home/starry1n/WUTA/WUTA-SIM/build/can_simulator': PYTHONPATH=/home/starry1n/WUTA/WUTA-SIM/build/can_simulator/prefix_override:/usr/lib/python3/dist-packages/colcon_core/task/python/colcon_distutils_commands:/home/starry1n/WUTA/WUTA-SIM/install/can_simulator/lib/python3.10/site-packages:${PYTHONPATH} /usr/bin/python3 -W ignore:setup.py install is deprecated -W ignore:easy_install command is deprecated setup.py develop --editable --build-directory /home/starry1n/WUTA/WUTA-SIM/build/can_simulator/build --no-deps symlink_data
[1.510s] DEBUG:colcon.colcon_core.task.python.build:Available setuptools 'develop' options: --prefix, --user, --force-installation-into-system-dir, --always-unzip, --verbose, --dry-run, --quiet, --allow-hosts, --install-dir, --editable, --help, --install-layout, --zip-ok, --upgrade, --site-dirs, --egg-path, --find-links, --always-copy, --record, --multi-version, --script-dir, --optimize, --no-deps, --no-user-cfg, --local-snapshots-ok, --version, --index-url, --no-find-links, --uninstall, --exclude-scripts, --build-directory
[1.511s] DEBUG:colcon.colcon_core.task.python.build:Available setuptools 'develop' options: --prefix, --user, --force-installation-into-system-dir, --always-unzip, --verbose, --dry-run, --quiet, --allow-hosts, --install-dir, --editable, --help, --install-layout, --zip-ok, --upgrade, --site-dirs, --egg-path, --find-links, --always-copy, --record, --multi-version, --script-dir, --optimize, --no-deps, --no-user-cfg, --local-snapshots-ok, --version, --index-url, --no-find-links, --uninstall, --exclude-scripts, --build-directory
[1.512s] DEBUG:colcon.colcon_core.event_handler.log_command:Invoking command in '/home/starry1n/WUTA/WUTA-SIM/build/vehicle_model': PYTHONPATH=/home/starry1n/WUTA/WUTA-SIM/build/vehicle_model/prefix_override:/usr/lib/python3/dist-packages/colcon_core/task/python/colcon_distutils_commands:/home/starry1n/WUTA/WUTA-SIM/install/vehicle_model/lib/python3.10/site-packages:${PYTHONPATH} /usr/bin/python3 -W ignore:setup.py install is deprecated -W ignore:easy_install command is deprecated setup.py develop --editable --build-directory /home/starry1n/WUTA/WUTA-SIM/build/vehicle_model/build --no-deps symlink_data
[1.514s] DEBUG:colcon.colcon_core.event_handler.log_command:Invoking command in '/home/starry1n/WUTA/WUTA-SIM/build/lidar_sim': PYTHONPATH=/home/starry1n/WUTA/WUTA-SIM/build/lidar_sim/prefix_override:/usr/lib/python3/dist-packages/colcon_core/task/python/colcon_distutils_commands:/home/starry1n/WUTA/WUTA-SIM/install/lidar_sim/lib/python3.10/site-packages:${PYTHONPATH} /usr/bin/python3 -W ignore:setup.py install is deprecated -W ignore:easy_install command is deprecated setup.py develop --editable --build-directory /home/starry1n/WUTA/WUTA-SIM/build/lidar_sim/build --no-deps symlink_data
[1.899s] Level 1:colcon.colcon_core.shell:create_environment_hook('can_simulator', 'pythonpath_develop')
[1.899s] INFO:colcon.colcon_core.shell:Creating environment hook '/home/starry1n/WUTA/WUTA-SIM/build/can_simulator/share/can_simulator/hook/pythonpath_develop.ps1'
[1.900s] DEBUG:colcon.colcon_core.event_handler.log_command:Invoked command in '/home/starry1n/WUTA/WUTA-SIM/build/can_simulator' returned '0': PYTHONPATH=/home/starry1n/WUTA/WUTA-SIM/build/can_simulator/prefix_override:/usr/lib/python3/dist-packages/colcon_core/task/python/colcon_distutils_commands:/home/starry1n/WUTA/WUTA-SIM/install/can_simulator/lib/python3.10/site-packages:${PYTHONPATH} /usr/bin/python3 -W ignore:setup.py install is deprecated -W ignore:easy_install command is deprecated setup.py develop --editable --build-directory /home/starry1n/WUTA/WUTA-SIM/build/can_simulator/build --no-deps symlink_data
[1.900s] INFO:colcon.colcon_core.shell:Creating environment descriptor '/home/starry1n/WUTA/WUTA-SIM/build/can_simulator/share/can_simulator/hook/pythonpath_develop.dsv'
[1.901s] INFO:colcon.colcon_core.shell:Creating environment hook '/home/starry1n/WUTA/WUTA-SIM/build/can_simulator/share/can_simulator/hook/pythonpath_develop.sh'
[1.904s] Level 1:colcon.colcon_core.environment:checking '/home/starry1n/WUTA/WUTA-SIM/install/can_simulator' for CMake module files
[1.904s] Level 1:colcon.colcon_core.environment:checking '/home/starry1n/WUTA/WUTA-SIM/install/can_simulator' for CMake config files
[1.905s] Level 1:colcon.colcon_core.environment:checking '/home/starry1n/WUTA/WUTA-SIM/install/can_simulator/lib'
[1.905s] Level 1:colcon.colcon_core.environment:checking '/home/starry1n/WUTA/WUTA-SIM/install/can_simulator/bin'
[1.905s] Level 1:colcon.colcon_core.environment:checking '/home/starry1n/WUTA/WUTA-SIM/install/can_simulator/lib/pkgconfig/can_simulator.pc'
[1.905s] Level 1:colcon.colcon_core.environment:checking '/home/starry1n/WUTA/WUTA-SIM/install/can_simulator/lib/python3.10/site-packages'
[1.905s] Level 1:colcon.colcon_core.shell:create_environment_hook('can_simulator', 'pythonpath')
[1.905s] INFO:colcon.colcon_core.shell:Creating environment hook '/home/starry1n/WUTA/WUTA-SIM/install/can_simulator/share/can_simulator/hook/pythonpath.ps1'
[1.906s] INFO:colcon.colcon_core.shell:Creating environment descriptor '/home/starry1n/WUTA/WUTA-SIM/install/can_simulator/share/can_simulator/hook/pythonpath.dsv'
[1.907s] INFO:colcon.colcon_core.shell:Creating environment hook '/home/starry1n/WUTA/WUTA-SIM/install/can_simulator/share/can_simulator/hook/pythonpath.sh'
[1.908s] Level 1:colcon.colcon_core.environment:checking '/home/starry1n/WUTA/WUTA-SIM/install/can_simulator/bin'
[1.908s] Level 1:colcon.colcon_core.environment:create_environment_scripts_only(can_simulator)
[1.908s] INFO:colcon.colcon_core.shell:Creating package script '/home/starry1n/WUTA/WUTA-SIM/install/can_simulator/share/can_simulator/package.ps1'
[1.910s] INFO:colcon.colcon_core.shell:Creating package descriptor '/home/starry1n/WUTA/WUTA-SIM/install/can_simulator/share/can_simulator/package.dsv'
[1.911s] INFO:colcon.colcon_core.shell:Creating package script '/home/starry1n/WUTA/WUTA-SIM/install/can_simulator/share/can_simulator/package.sh'
[1.912s] INFO:colcon.colcon_core.shell:Creating package script '/home/starry1n/WUTA/WUTA-SIM/install/can_simulator/share/can_simulator/package.bash'
[1.913s] INFO:colcon.colcon_core.shell:Creating package script '/home/starry1n/WUTA/WUTA-SIM/install/can_simulator/share/can_simulator/package.zsh'
[1.914s] Level 1:colcon.colcon_core.environment:create_file_with_runtime_dependencies(/home/starry1n/WUTA/WUTA-SIM/install/can_simulator/share/colcon-core/packages/can_simulator)
[1.923s] Level 1:colcon.colcon_core.shell:create_environment_hook('lidar_sim', 'pythonpath_develop')
[1.924s] INFO:colcon.colcon_core.shell:Creating environment hook '/home/starry1n/WUTA/WUTA-SIM/build/lidar_sim/share/lidar_sim/hook/pythonpath_develop.ps1'
[1.924s] DEBUG:colcon.colcon_core.event_handler.log_command:Invoked command in '/home/starry1n/WUTA/WUTA-SIM/build/lidar_sim' returned '0': PYTHONPATH=/home/starry1n/WUTA/WUTA-SIM/build/lidar_sim/prefix_override:/usr/lib/python3/dist-packages/colcon_core/task/python/colcon_distutils_commands:/home/starry1n/WUTA/WUTA-SIM/install/lidar_sim/lib/python3.10/site-packages:${PYTHONPATH} /usr/bin/python3 -W ignore:setup.py install is deprecated -W ignore:easy_install command is deprecated setup.py develop --editable --build-directory /home/starry1n/WUTA/WUTA-SIM/build/lidar_sim/build --no-deps symlink_data
[1.926s] INFO:colcon.colcon_core.shell:Creating environment descriptor '/home/starry1n/WUTA/WUTA-SIM/build/lidar_sim/share/lidar_sim/hook/pythonpath_develop.dsv'
[1.927s] INFO:colcon.colcon_core.shell:Creating environment hook '/home/starry1n/WUTA/WUTA-SIM/build/lidar_sim/share/lidar_sim/hook/pythonpath_develop.sh'
[1.929s] Level 1:colcon.colcon_core.environment:checking '/home/starry1n/WUTA/WUTA-SIM/install/lidar_sim' for CMake module files
[1.929s] Level 1:colcon.colcon_core.environment:checking '/home/starry1n/WUTA/WUTA-SIM/install/lidar_sim' for CMake config files
[1.930s] Level 1:colcon.colcon_core.environment:checking '/home/starry1n/WUTA/WUTA-SIM/install/lidar_sim/lib'
[1.930s] Level 1:colcon.colcon_core.environment:checking '/home/starry1n/WUTA/WUTA-SIM/install/lidar_sim/bin'
[1.931s] Level 1:colcon.colcon_core.environment:checking '/home/starry1n/WUTA/WUTA-SIM/install/lidar_sim/lib/pkgconfig/lidar_sim.pc'
[1.931s] Level 1:colcon.colcon_core.environment:checking '/home/starry1n/WUTA/WUTA-SIM/install/lidar_sim/lib/python3.10/site-packages'
[1.931s] Level 1:colcon.colcon_core.shell:create_environment_hook('lidar_sim', 'pythonpath')
[1.931s] INFO:colcon.colcon_core.shell:Creating environment hook '/home/starry1n/WUTA/WUTA-SIM/install/lidar_sim/share/lidar_sim/hook/pythonpath.ps1'
[1.932s] INFO:colcon.colcon_core.shell:Creating environment descriptor '/home/starry1n/WUTA/WUTA-SIM/install/lidar_sim/share/lidar_sim/hook/pythonpath.dsv'
[1.932s] INFO:colcon.colcon_core.shell:Creating environment hook '/home/starry1n/WUTA/WUTA-SIM/install/lidar_sim/share/lidar_sim/hook/pythonpath.sh'
[1.934s] Level 1:colcon.colcon_core.environment:checking '/home/starry1n/WUTA/WUTA-SIM/install/lidar_sim/bin'
[1.934s] Level 1:colcon.colcon_core.environment:create_environment_scripts_only(lidar_sim)
[1.934s] INFO:colcon.colcon_core.shell:Creating package script '/home/starry1n/WUTA/WUTA-SIM/install/lidar_sim/share/lidar_sim/package.ps1'
[1.935s] INFO:colcon.colcon_core.shell:Creating package descriptor '/home/starry1n/WUTA/WUTA-SIM/install/lidar_sim/share/lidar_sim/package.dsv'
[1.935s] INFO:colcon.colcon_core.shell:Creating package script '/home/starry1n/WUTA/WUTA-SIM/install/lidar_sim/share/lidar_sim/package.sh'
[1.936s] INFO:colcon.colcon_core.shell:Creating package script '/home/starry1n/WUTA/WUTA-SIM/install/lidar_sim/share/lidar_sim/package.bash'
[1.937s] INFO:colcon.colcon_core.shell:Creating package script '/home/starry1n/WUTA/WUTA-SIM/install/lidar_sim/share/lidar_sim/package.zsh'
[1.937s] Level 1:colcon.colcon_core.environment:create_file_with_runtime_dependencies(/home/starry1n/WUTA/WUTA-SIM/install/lidar_sim/share/colcon-core/packages/lidar_sim)
[1.939s] Level 1:colcon.colcon_core.shell:create_environment_hook('vehicle_model', 'pythonpath_develop')
[1.939s] INFO:colcon.colcon_core.shell:Creating environment hook '/home/starry1n/WUTA/WUTA-SIM/build/vehicle_model/share/vehicle_model/hook/pythonpath_develop.ps1'
[1.939s] INFO:colcon.colcon_core.shell:Creating environment descriptor '/home/starry1n/WUTA/WUTA-SIM/build/vehicle_model/share/vehicle_model/hook/pythonpath_develop.dsv'
[1.940s] DEBUG:colcon.colcon_core.event_handler.log_command:Invoked command in '/home/starry1n/WUTA/WUTA-SIM/build/vehicle_model' returned '0': PYTHONPATH=/home/starry1n/WUTA/WUTA-SIM/build/vehicle_model/prefix_override:/usr/lib/python3/dist-packages/colcon_core/task/python/colcon_distutils_commands:/home/starry1n/WUTA/WUTA-SIM/install/vehicle_model/lib/python3.10/site-packages:${PYTHONPATH} /usr/bin/python3 -W ignore:setup.py install is deprecated -W ignore:easy_install command is deprecated setup.py develop --editable --build-directory /home/starry1n/WUTA/WUTA-SIM/build/vehicle_model/build --no-deps symlink_data
[1.941s] INFO:colcon.colcon_core.shell:Creating environment hook '/home/starry1n/WUTA/WUTA-SIM/build/vehicle_model/share/vehicle_model/hook/pythonpath_develop.sh'
[1.941s] Level 1:colcon.colcon_core.environment:checking '/home/starry1n/WUTA/WUTA-SIM/install/vehicle_model' for CMake module files
[1.942s] Level 1:colcon.colcon_core.environment:checking '/home/starry1n/WUTA/WUTA-SIM/install/vehicle_model' for CMake config files
[1.942s] Level 1:colcon.colcon_core.environment:checking '/home/starry1n/WUTA/WUTA-SIM/install/vehicle_model/lib'
[1.942s] Level 1:colcon.colcon_core.environment:checking '/home/starry1n/WUTA/WUTA-SIM/install/vehicle_model/bin'
[1.942s] Level 1:colcon.colcon_core.environment:checking '/home/starry1n/WUTA/WUTA-SIM/install/vehicle_model/lib/pkgconfig/vehicle_model.pc'
[1.943s] Level 1:colcon.colcon_core.environment:checking '/home/starry1n/WUTA/WUTA-SIM/install/vehicle_model/lib/python3.10/site-packages'
[1.943s] Level 1:colcon.colcon_core.shell:create_environment_hook('vehicle_model', 'pythonpath')
[1.943s] INFO:colcon.colcon_core.shell:Creating environment hook '/home/starry1n/WUTA/WUTA-SIM/install/vehicle_model/share/vehicle_model/hook/pythonpath.ps1'
[1.943s] INFO:colcon.colcon_core.shell:Creating environment descriptor '/home/starry1n/WUTA/WUTA-SIM/install/vehicle_model/share/vehicle_model/hook/pythonpath.dsv'
[1.944s] INFO:colcon.colcon_core.shell:Creating environment hook '/home/starry1n/WUTA/WUTA-SIM/install/vehicle_model/share/vehicle_model/hook/pythonpath.sh'
[1.945s] Level 1:colcon.colcon_core.environment:checking '/home/starry1n/WUTA/WUTA-SIM/install/vehicle_model/bin'
[1.945s] Level 1:colcon.colcon_core.environment:create_environment_scripts_only(vehicle_model)
[1.945s] INFO:colcon.colcon_core.shell:Creating package script '/home/starry1n/WUTA/WUTA-SIM/install/vehicle_model/share/vehicle_model/package.ps1'
[1.945s] INFO:colcon.colcon_core.shell:Creating package descriptor '/home/starry1n/WUTA/WUTA-SIM/install/vehicle_model/share/vehicle_model/package.dsv'
[1.946s] INFO:colcon.colcon_core.shell:Creating package script '/home/starry1n/WUTA/WUTA-SIM/install/vehicle_model/share/vehicle_model/package.sh'
[1.946s] INFO:colcon.colcon_core.shell:Creating package script '/home/starry1n/WUTA/WUTA-SIM/install/vehicle_model/share/vehicle_model/package.bash'
[1.947s] INFO:colcon.colcon_core.shell:Creating package script '/home/starry1n/WUTA/WUTA-SIM/install/vehicle_model/share/vehicle_model/package.zsh'
[1.947s] Level 1:colcon.colcon_core.environment:create_file_with_runtime_dependencies(/home/starry1n/WUTA/WUTA-SIM/install/vehicle_model/share/colcon-core/packages/vehicle_model)
[1.947s] INFO:colcon.colcon_ros.task.ament_python.build:Building ROS package in '/home/starry1n/WUTA/WUTA-SIM/simulator_bringup' with build type 'ament_python'
[1.947s] Level 1:colcon.colcon_core.shell:create_environment_hook('simulator_bringup', 'ament_prefix_path')
[1.948s] INFO:colcon.colcon_core.shell:Creating environment hook '/home/starry1n/WUTA/WUTA-SIM/install/simulator_bringup/share/simulator_bringup/hook/ament_prefix_path.ps1'
[1.948s] INFO:colcon.colcon_core.shell:Creating environment descriptor '/home/starry1n/WUTA/WUTA-SIM/install/simulator_bringup/share/simulator_bringup/hook/ament_prefix_path.dsv'
[1.949s] INFO:colcon.colcon_core.shell:Creating environment hook '/home/starry1n/WUTA/WUTA-SIM/install/simulator_bringup/share/simulator_bringup/hook/ament_prefix_path.sh'
[1.949s] INFO:colcon.colcon_core.shell:Skip shell extension 'powershell' for command environment: Not usable outside of PowerShell
[1.950s] DEBUG:colcon.colcon_core.shell:Skip shell extension 'dsv' for command environment
[2.192s] INFO:colcon.colcon_core.task.python.build:Building Python package in '/home/starry1n/WUTA/WUTA-SIM/simulator_bringup'
[2.193s] INFO:colcon.colcon_core.shell:Skip shell extension 'powershell' for command environment: Not usable outside of PowerShell
[2.193s] DEBUG:colcon.colcon_core.shell:Skip shell extension 'dsv' for command environment
[32.236s] DEBUG:colcon.colcon_core.task.python.build:Available setuptools commands: bdist_egg, install_egg_info, install_data, test, clean, upload_docs, rotate, build_ext, bdist_rpm, bdist, symlink_data, saveopts, install_headers, check, egg_info, register, dist_info, develop, easy_install, sdist, setopt, install_scripts, build_clib, build_py, install_lib, alias, bdist_dumb, build, upload, build_scripts, install
[61.984s] DEBUG:colcon.colcon_core.task.python.build:Available setuptools 'develop' options: --prefix, --user, --force-installation-into-system-dir, --always-unzip, --verbose, --dry-run, --quiet, --allow-hosts, --install-dir, --editable, --help, --install-layout, --zip-ok, --upgrade, --site-dirs, --egg-path, --find-links, --always-copy, --record, --multi-version, --script-dir, --optimize, --no-deps, --no-user-cfg, --local-snapshots-ok, --version, --index-url, --no-find-links, --uninstall, --exclude-scripts, --build-directory
[61.987s] DEBUG:colcon.colcon_core.event_handler.log_command:Invoking command in '/home/starry1n/WUTA/WUTA-SIM/build/simulator_bringup': AMENT_PREFIX_PATH=/home/starry1n/WUTA/WUTA-SIM/install/vehicle_model:/home/starry1n/WUTA/WUTA-SIM/install/lidar_sim:/home/starry1n/WUTA/WUTA-SIM/install/can_simulator:${AMENT_PREFIX_PATH} PYTHONPATH=/home/starry1n/WUTA/WUTA-SIM/build/simulator_bringup/prefix_override:/usr/lib/python3/dist-packages/colcon_core/task/python/colcon_distutils_commands:/home/starry1n/WUTA/WUTA-SIM/install/simulator_bringup/lib/python3.10/site-packages:/home/starry1n/WUTA/WUTA-SIM/build/vehicle_model:/home/starry1n/WUTA/WUTA-SIM/install/vehicle_model/lib/python3.10/site-packages:/home/starry1n/WUTA/WUTA-SIM/build/lidar_sim:/home/starry1n/WUTA/WUTA-SIM/install/lidar_sim/lib/python3.10/site-packages:/home/starry1n/WUTA/WUTA-SIM/build/can_simulator:/home/starry1n/WUTA/WUTA-SIM/install/can_simulator/lib/python3.10/site-packages:${PYTHONPATH} /usr/bin/python3 -W ignore:setup.py install is deprecated -W ignore:easy_install command is deprecated setup.py develop --editable --build-directory /home/starry1n/WUTA/WUTA-SIM/build/simulator_bringup/build --no-deps symlink_data
[62.327s] Level 1:colcon.colcon_core.shell:create_environment_hook('simulator_bringup', 'pythonpath_develop')
[62.328s] INFO:colcon.colcon_core.shell:Creating environment hook '/home/starry1n/WUTA/WUTA-SIM/build/simulator_bringup/share/simulator_bringup/hook/pythonpath_develop.ps1'
[62.328s] DEBUG:colcon.colcon_core.event_handler.log_command:Invoked command in '/home/starry1n/WUTA/WUTA-SIM/build/simulator_bringup' returned '0': AMENT_PREFIX_PATH=/home/starry1n/WUTA/WUTA-SIM/install/vehicle_model:/home/starry1n/WUTA/WUTA-SIM/install/lidar_sim:/home/starry1n/WUTA/WUTA-SIM/install/can_simulator:${AMENT_PREFIX_PATH} PYTHONPATH=/home/starry1n/WUTA/WUTA-SIM/build/simulator_bringup/prefix_override:/usr/lib/python3/dist-packages/colcon_core/task/python/colcon_distutils_commands:/home/starry1n/WUTA/WUTA-SIM/install/simulator_bringup/lib/python3.10/site-packages:/home/starry1n/WUTA/WUTA-SIM/build/vehicle_model:/home/starry1n/WUTA/WUTA-SIM/install/vehicle_model/lib/python3.10/site-packages:/home/starry1n/WUTA/WUTA-SIM/build/lidar_sim:/home/starry1n/WUTA/WUTA-SIM/install/lidar_sim/lib/python3.10/site-packages:/home/starry1n/WUTA/WUTA-SIM/build/can_simulator:/home/starry1n/WUTA/WUTA-SIM/install/can_simulator/lib/python3.10/site-packages:${PYTHONPATH} /usr/bin/python3 -W ignore:setup.py install is deprecated -W ignore:easy_install command is deprecated setup.py develop --editable --build-directory /home/starry1n/WUTA/WUTA-SIM/build/simulator_bringup/build --no-deps symlink_data
[62.329s] INFO:colcon.colcon_core.shell:Creating environment descriptor '/home/starry1n/WUTA/WUTA-SIM/build/simulator_bringup/share/simulator_bringup/hook/pythonpath_develop.dsv'
[62.329s] INFO:colcon.colcon_core.shell:Creating environment hook '/home/starry1n/WUTA/WUTA-SIM/build/simulator_bringup/share/simulator_bringup/hook/pythonpath_develop.sh'
[62.330s] Level 1:colcon.colcon_core.environment:checking '/home/starry1n/WUTA/WUTA-SIM/install/simulator_bringup' for CMake module files
[62.330s] Level 1:colcon.colcon_core.environment:checking '/home/starry1n/WUTA/WUTA-SIM/install/simulator_bringup' for CMake config files
[62.331s] Level 1:colcon.colcon_core.environment:checking '/home/starry1n/WUTA/WUTA-SIM/install/simulator_bringup/lib'
[62.331s] Level 1:colcon.colcon_core.environment:checking '/home/starry1n/WUTA/WUTA-SIM/install/simulator_bringup/bin'
[62.331s] Level 1:colcon.colcon_core.environment:checking '/home/starry1n/WUTA/WUTA-SIM/install/simulator_bringup/lib/pkgconfig/simulator_bringup.pc'
[62.331s] Level 1:colcon.colcon_core.environment:checking '/home/starry1n/WUTA/WUTA-SIM/install/simulator_bringup/lib/python3.10/site-packages'
[62.331s] Level 1:colcon.colcon_core.shell:create_environment_hook('simulator_bringup', 'pythonpath')
[62.331s] INFO:colcon.colcon_core.shell:Creating environment hook '/home/starry1n/WUTA/WUTA-SIM/install/simulator_bringup/share/simulator_bringup/hook/pythonpath.ps1'
[62.332s] INFO:colcon.colcon_core.shell:Creating environment descriptor '/home/starry1n/WUTA/WUTA-SIM/install/simulator_bringup/share/simulator_bringup/hook/pythonpath.dsv'
[62.332s] INFO:colcon.colcon_core.shell:Creating environment hook '/home/starry1n/WUTA/WUTA-SIM/install/simulator_bringup/share/simulator_bringup/hook/pythonpath.sh'
[62.333s] Level 1:colcon.colcon_core.environment:checking '/home/starry1n/WUTA/WUTA-SIM/install/simulator_bringup/bin'
[62.333s] Level 1:colcon.colcon_core.environment:create_environment_scripts_only(simulator_bringup)
[62.334s] INFO:colcon.colcon_core.shell:Creating package script '/home/starry1n/WUTA/WUTA-SIM/install/simulator_bringup/share/simulator_bringup/package.ps1'
[62.335s] INFO:colcon.colcon_core.shell:Creating package descriptor '/home/starry1n/WUTA/WUTA-SIM/install/simulator_bringup/share/simulator_bringup/package.dsv'
[62.335s] INFO:colcon.colcon_core.shell:Creating package script '/home/starry1n/WUTA/WUTA-SIM/install/simulator_bringup/share/simulator_bringup/package.sh'
[62.335s] INFO:colcon.colcon_core.shell:Creating package script '/home/starry1n/WUTA/WUTA-SIM/install/simulator_bringup/share/simulator_bringup/package.bash'
[62.336s] INFO:colcon.colcon_core.shell:Creating package script '/home/starry1n/WUTA/WUTA-SIM/install/simulator_bringup/share/simulator_bringup/package.zsh'
[62.337s] Level 1:colcon.colcon_core.environment:create_file_with_runtime_dependencies(/home/starry1n/WUTA/WUTA-SIM/install/simulator_bringup/share/colcon-core/packages/simulator_bringup)
[62.337s] DEBUG:colcon.colcon_parallel_executor.executor.parallel:closing loop
[62.337s] DEBUG:colcon.colcon_parallel_executor.executor.parallel:loop closed
[62.337s] DEBUG:colcon.colcon_parallel_executor.executor.parallel:run_until_complete finished with '0'
[62.337s] DEBUG:colcon.colcon_core.event_reactor:joining thread
[62.344s] INFO:colcon.colcon_core.plugin_system:Skipping extension 'colcon_notification.desktop_notification.terminal_notifier': Not used on non-Darwin systems
[62.344s] INFO:colcon.colcon_core.plugin_system:Skipping extension 'colcon_notification.desktop_notification.win32': Not used on non-Windows systems
[62.344s] INFO:colcon.colcon_notification.desktop_notification:Sending desktop notification using 'notify2'
[62.345s] DEBUG:colcon.colcon_notification.desktop_notification.notify2:Failed to initialize notify2: org.freedesktop.DBus.Error.AccessDenied: Failed to connect to socket /run/user/1000/bus: Operation not permitted
[62.345s] DEBUG:colcon.colcon_core.event_reactor:joined thread
[62.345s] INFO:colcon.colcon_core.shell:Creating prefix script '/home/starry1n/WUTA/WUTA-SIM/install/local_setup.ps1'
[62.346s] INFO:colcon.colcon_core.shell:Creating prefix util module '/home/starry1n/WUTA/WUTA-SIM/install/_local_setup_util_ps1.py'
[62.347s] INFO:colcon.colcon_core.shell:Creating prefix chain script '/home/starry1n/WUTA/WUTA-SIM/install/setup.ps1'
[62.348s] INFO:colcon.colcon_core.shell:Creating prefix script '/home/starry1n/WUTA/WUTA-SIM/install/local_setup.sh'
[62.349s] INFO:colcon.colcon_core.shell:Creating prefix util module '/home/starry1n/WUTA/WUTA-SIM/install/_local_setup_util_sh.py'
[62.349s] INFO:colcon.colcon_core.shell:Creating prefix chain script '/home/starry1n/WUTA/WUTA-SIM/install/setup.sh'
[62.350s] INFO:colcon.colcon_core.shell:Creating prefix script '/home/starry1n/WUTA/WUTA-SIM/install/local_setup.bash'
[62.351s] INFO:colcon.colcon_core.shell:Creating prefix chain script '/home/starry1n/WUTA/WUTA-SIM/install/setup.bash'
[62.352s] INFO:colcon.colcon_core.shell:Creating prefix script '/home/starry1n/WUTA/WUTA-SIM/install/local_setup.zsh'
[62.353s] INFO:colcon.colcon_core.shell:Creating prefix chain script '/home/starry1n/WUTA/WUTA-SIM/install/setup.zsh'
