[0.069s] DEBUG:colcon:Command line arguments: ['/usr/bin/colcon', 'build', '--base-paths', '.', '--symlink-install', '--packages-up-to', 'simulator_bringup']
[0.069s] DEBUG:colcon:Parsed command line arguments: Namespace(log_base=None, log_level=None, verb_name='build', build_base='build', install_base='install', merge_install=False, symlink_install=True, test_result_base=None, continue_on_error=False, executor='parallel', parallel_workers=8, event_handlers=None, ignore_user_meta=False, metas=['./colcon.meta'], base_paths=['.'], packages_ignore=None, packages_ignore_regex=None, paths=None, packages_up_to=['simulator_bringup'], packages_up_to_regex=None, packages_above=None, packages_above_and_dependencies=None, packages_above_depth=None, packages_select_by_dep=None, packages_skip_by_dep=None, packages_skip_up_to=None, packages_select_build_failed=False, packages_skip_build_finished=False, packages_select_test_failures=False, packages_skip_test_passed=False, packages_select=None, packages_skip=None, packages_select_regex=None, packages_skip_regex=None, packages_start=None, packages_end=None, allow_overriding=[], cmake_args=None, cmake_target=None, cmake_target_skip_unavailable=False, cmake_clean_cache=False, cmake_clean_first=False, cmake_force_configure=False, ament_cmake_args=None, catkin_cmake_args=None, catkin_skip_building_tests=False, verb_parser=<colcon_defaults.argument_parser.defaults.DefaultArgumentsDecorator object at 0x7c8c0b3eb970>, verb_extension=<colcon_core.verb.build.BuildVerb object at 0x7c8c0b5d9840>, main=<bound method BuildVerb.main of <colcon_core.verb.build.BuildVerb object at 0x7c8c0b5d9840>>)
[0.162s] Level 1:colcon.colcon_core.package_discovery:discover_packages(colcon_meta) check parameters
[0.162s] Level 1:colcon.colcon_core.package_discovery:discover_packages(recursive) check parameters
[0.162s] Level 1:colcon.colcon_core.package_discovery:discover_packages(ignore) check parameters
[0.162s] Level 1:colcon.colcon_core.package_discovery:discover_packages(path) check parameters
[0.162s] Level 1:colcon.colcon_core.package_discovery:discover_packages(recursive) discover
[0.162s] INFO:colcon.colcon_core.package_discovery:Crawling recursively for packages in '/home/starry1n/WUTA/WUTA-SIM'
[0.162s] Level 1:colcon.colcon_core.package_identification:_identify(.) by extensions ['ignore', 'ignore_ament_install']
[0.162s] Level 1:colcon.colcon_core.package_identification:_identify(.) by extension 'ignore'
[0.162s] Level 1:colcon.colcon_core.package_identification:_identify(.) by extension 'ignore_ament_install'
[0.162s] Level 1:colcon.colcon_core.package_identification:_identify(.) by extensions ['colcon_pkg']
[0.162s] Level 1:colcon.colcon_core.package_identification:_identify(.) by extension 'colcon_pkg'
[0.162s] Level 1:colcon.colcon_core.package_identification:_identify(.) by extensions ['colcon_meta']
[0.162s] Level 1:colcon.colcon_core.package_identification:_identify(.) by extension 'colcon_meta'
[0.162s] Level 1:colcon.colcon_core.package_identification:_identify(.) by extensions ['ros']
[0.162s] Level 1:colcon.colcon_core.package_identification:_identify(.) by extension 'ros'
[0.170s] Level 1:colcon.colcon_core.package_identification:_identify(.) by extensions ['cmake', 'python']
[0.170s] Level 1:colcon.colcon_core.package_identification:_identify(.) by extension 'cmake'
[0.170s] Level 1:colcon.colcon_core.package_identification:_identify(.) by extension 'python'
[0.170s] Level 1:colcon.colcon_core.package_identification:_identify(.) by extensions ['python_setup_py']
[0.170s] Level 1:colcon.colcon_core.package_identification:_identify(.) by extension 'python_setup_py'
[0.170s] Level 1:colcon.colcon_core.package_identification:_identify(build) by extensions ['ignore', 'ignore_ament_install']
[0.170s] Level 1:colcon.colcon_core.package_identification:_identify(build) by extension 'ignore'
[0.170s] Level 1:colcon.colcon_core.package_identification:_identify(build) ignored
[0.170s] Level 1:colcon.colcon_core.package_identification:_identify(can_simulator) by extensions ['ignore', 'ignore_ament_install']
[0.170s] Level 1:colcon.colcon_core.package_identification:_identify(can_simulator) by extension 'ignore'
[0.170s] Level 1:colcon.colcon_core.package_identification:_identify(can_simulator) by extension 'ignore_ament_install'
[0.170s] Level 1:colcon.colcon_core.package_identification:_identify(can_simulator) by extensions ['colcon_pkg']
[0.170s] Level 1:colcon.colcon_core.package_identification:_identify(can_simulator) by extension 'colcon_pkg'
[0.170s] Level 1:colcon.colcon_core.package_identification:_identify(can_simulator) by extensions ['colcon_meta']
[0.170s] Level 1:colcon.colcon_core.package_identification:_identify(can_simulator) by extension 'colcon_meta'
[0.171s] Level 1:colcon.colcon_core.package_identification:_identify(can_simulator) by extensions ['ros']
[0.171s] Level 1:colcon.colcon_core.package_identification:_identify(can_simulator) by extension 'ros'
[0.171s] Level 1:colcon.colcon_core.package_identification:_identify(can_simulator) by extensions ['cmake', 'python']
[0.171s] Level 1:colcon.colcon_core.package_identification:_identify(can_simulator) by extension 'cmake'
[0.171s] Level 1:colcon.colcon_core.package_identification:_identify(can_simulator) by extension 'python'
[0.171s] Level 1:colcon.colcon_core.package_identification:_identify(can_simulator) by extensions ['python_setup_py']
[0.171s] Level 1:colcon.colcon_core.package_identification:_identify(can_simulator) by extension 'python_setup_py'
[0.171s] Level 1:colcon.colcon_core.package_identification:_identify(can_simulator/src) by extensions ['ignore', 'ignore_ament_install']
[0.171s] Level 1:colcon.colcon_core.package_identification:_identify(can_simulator/src) by extension 'ignore'
[0.171s] Level 1:colcon.colcon_core.package_identification:_identify(can_simulator/src) by extension 'ignore_ament_install'
[0.171s] Level 1:colcon.colcon_core.package_identification:_identify(can_simulator/src) by extensions ['colcon_pkg']
[0.171s] Level 1:colcon.colcon_core.package_identification:_identify(can_simulator/src) by extension 'colcon_pkg'
[0.171s] Level 1:colcon.colcon_core.package_identification:_identify(can_simulator/src) by extensions ['colcon_meta']
[0.171s] Level 1:colcon.colcon_core.package_identification:_identify(can_simulator/src) by extension 'colcon_meta'
[0.171s] Level 1:colcon.colcon_core.package_identification:_identify(can_simulator/src) by extensions ['ros']
[0.171s] Level 1:colcon.colcon_core.package_identification:_identify(can_simulator/src) by extension 'ros'
[0.171s] Level 1:colcon.colcon_core.package_identification:_identify(can_simulator/src) by extensions ['cmake', 'python']
[0.171s] Level 1:colcon.colcon_core.package_identification:_identify(can_simulator/src) by extension 'cmake'
[0.171s] Level 1:colcon.colcon_core.package_identification:_identify(can_simulator/src) by extension 'python'
[0.171s] Level 1:colcon.colcon_core.package_identification:_identify(can_simulator/src) by extensions ['python_setup_py']
[0.171s] Level 1:colcon.colcon_core.package_identification:_identify(can_simulator/src) by extension 'python_setup_py'
[0.171s] Level 1:colcon.colcon_core.package_identification:_identify(can_simulator/src/can_simulator) by extensions ['ignore', 'ignore_ament_install']
[0.171s] Level 1:colcon.colcon_core.package_identification:_identify(can_simulator/src/can_simulator) by extension 'ignore'
[0.171s] Level 1:colcon.colcon_core.package_identification:_identify(can_simulator/src/can_simulator) by extension 'ignore_ament_install'
[0.171s] Level 1:colcon.colcon_core.package_identification:_identify(can_simulator/src/can_simulator) by extensions ['colcon_pkg']
[0.171s] Level 1:colcon.colcon_core.package_identification:_identify(can_simulator/src/can_simulator) by extension 'colcon_pkg'
[0.171s] Level 1:colcon.colcon_core.package_identification:_identify(can_simulator/src/can_simulator) by extensions ['colcon_meta']
[0.171s] Level 1:colcon.colcon_core.package_identification:_identify(can_simulator/src/can_simulator) by extension 'colcon_meta'
[0.171s] Level 1:colcon.colcon_core.package_identification:_identify(can_simulator/src/can_simulator) by extensions ['ros']
[0.171s] Level 1:colcon.colcon_core.package_identification:_identify(can_simulator/src/can_simulator) by extension 'ros'
[0.173s] DEBUG:colcon.colcon_core.package_identification:Package 'can_simulator/src/can_simulator' with type 'ros.ament_python' and name 'can_simulator'
[0.173s] Level 1:colcon.colcon_core.package_identification:_identify(docs) by extensions ['ignore', 'ignore_ament_install']
[0.173s] Level 1:colcon.colcon_core.package_identification:_identify(docs) by extension 'ignore'
[0.173s] Level 1:colcon.colcon_core.package_identification:_identify(docs) by extension 'ignore_ament_install'
[0.173s] Level 1:colcon.colcon_core.package_identification:_identify(docs) by extensions ['colcon_pkg']
[0.173s] Level 1:colcon.colcon_core.package_identification:_identify(docs) by extension 'colcon_pkg'
[0.173s] Level 1:colcon.colcon_core.package_identification:_identify(docs) by extensions ['colcon_meta']
[0.173s] Level 1:colcon.colcon_core.package_identification:_identify(docs) by extension 'colcon_meta'
[0.173s] Level 1:colcon.colcon_core.package_identification:_identify(docs) by extensions ['ros']
[0.173s] Level 1:colcon.colcon_core.package_identification:_identify(docs) by extension 'ros'
[0.174s] Level 1:colcon.colcon_core.package_identification:_identify(docs) by extensions ['cmake', 'python']
[0.174s] Level 1:colcon.colcon_core.package_identification:_identify(docs) by extension 'cmake'
[0.174s] Level 1:colcon.colcon_core.package_identification:_identify(docs) by extension 'python'
[0.174s] Level 1:colcon.colcon_core.package_identification:_identify(docs) by extensions ['python_setup_py']
[0.174s] Level 1:colcon.colcon_core.package_identification:_identify(docs) by extension 'python_setup_py'
[0.174s] Level 1:colcon.colcon_core.package_identification:_identify(install) by extensions ['ignore', 'ignore_ament_install']
[0.174s] Level 1:colcon.colcon_core.package_identification:_identify(install) by extension 'ignore'
[0.174s] Level 1:colcon.colcon_core.package_identification:_identify(install) ignored
[0.174s] Level 1:colcon.colcon_core.package_identification:_identify(log) by extensions ['ignore', 'ignore_ament_install']
[0.174s] Level 1:colcon.colcon_core.package_identification:_identify(log) by extension 'ignore'
[0.174s] Level 1:colcon.colcon_core.package_identification:_identify(log) ignored
[0.174s] Level 1:colcon.colcon_core.package_identification:_identify(perception_simulation) by extensions ['ignore', 'ignore_ament_install']
[0.174s] Level 1:colcon.colcon_core.package_identification:_identify(perception_simulation) by extension 'ignore'
[0.174s] Level 1:colcon.colcon_core.package_identification:_identify(perception_simulation) by extension 'ignore_ament_install'
[0.174s] Level 1:colcon.colcon_core.package_identification:_identify(perception_simulation) by extensions ['colcon_pkg']
[0.174s] Level 1:colcon.colcon_core.package_identification:_identify(perception_simulation) by extension 'colcon_pkg'
[0.174s] Level 1:colcon.colcon_core.package_identification:_identify(perception_simulation) by extensions ['colcon_meta']
[0.174s] Level 1:colcon.colcon_core.package_identification:_identify(perception_simulation) by extension 'colcon_meta'
[0.174s] Level 1:colcon.colcon_core.package_identification:_identify(perception_simulation) by extensions ['ros']
[0.174s] Level 1:colcon.colcon_core.package_identification:_identify(perception_simulation) by extension 'ros'
[0.175s] DEBUG:colcon.colcon_core.package_identification:Package 'perception_simulation' with type 'ros.ament_python' and name 'lidar_sim'
[0.175s] Level 1:colcon.colcon_core.package_identification:_identify(simulator_bringup) by extensions ['ignore', 'ignore_ament_install']
[0.175s] Level 1:colcon.colcon_core.package_identification:_identify(simulator_bringup) by extension 'ignore'
[0.175s] Level 1:colcon.colcon_core.package_identification:_identify(simulator_bringup) by extension 'ignore_ament_install'
[0.175s] Level 1:colcon.colcon_core.package_identification:_identify(simulator_bringup) by extensions ['colcon_pkg']
[0.175s] Level 1:colcon.colcon_core.package_identification:_identify(simulator_bringup) by extension 'colcon_pkg'
[0.175s] Level 1:colcon.colcon_core.package_identification:_identify(simulator_bringup) by extensions ['colcon_meta']
[0.175s] Level 1:colcon.colcon_core.package_identification:_identify(simulator_bringup) by extension 'colcon_meta'
[0.175s] Level 1:colcon.colcon_core.package_identification:_identify(simulator_bringup) by extensions ['ros']
[0.175s] Level 1:colcon.colcon_core.package_identification:_identify(simulator_bringup) by extension 'ros'
[0.176s] DEBUG:colcon.colcon_core.package_identification:Package 'simulator_bringup' with type 'ros.ament_python' and name 'simulator_bringup'
[0.176s] Level 1:colcon.colcon_core.package_identification:_identify(vehicle_model) by extensions ['ignore', 'ignore_ament_install']
[0.176s] Level 1:colcon.colcon_core.package_identification:_identify(vehicle_model) by extension 'ignore'
[0.176s] Level 1:colcon.colcon_core.package_identification:_identify(vehicle_model) by extension 'ignore_ament_install'
[0.176s] Level 1:colcon.colcon_core.package_identification:_identify(vehicle_model) by extensions ['colcon_pkg']
[0.176s] Level 1:colcon.colcon_core.package_identification:_identify(vehicle_model) by extension 'colcon_pkg'
[0.176s] Level 1:colcon.colcon_core.package_identification:_identify(vehicle_model) by extensions ['colcon_meta']
[0.176s] Level 1:colcon.colcon_core.package_identification:_identify(vehicle_model) by extension 'colcon_meta'
[0.176s] Level 1:colcon.colcon_core.package_identification:_identify(vehicle_model) by extensions ['ros']
[0.176s] Level 1:colcon.colcon_core.package_identification:_identify(vehicle_model) by extension 'ros'
[0.176s] Level 1:colcon.colcon_core.package_identification:_identify(vehicle_model) by extensions ['cmake', 'python']
[0.176s] Level 1:colcon.colcon_core.package_identification:_identify(vehicle_model) by extension 'cmake'
[0.176s] Level 1:colcon.colcon_core.package_identification:_identify(vehicle_model) by extension 'python'
[0.176s] Level 1:colcon.colcon_core.package_identification:_identify(vehicle_model) by extensions ['python_setup_py']
[0.176s] Level 1:colcon.colcon_core.package_identification:_identify(vehicle_model) by extension 'python_setup_py'
[0.176s] Level 1:colcon.colcon_core.package_identification:_identify(vehicle_model/src) by extensions ['ignore', 'ignore_ament_install']
[0.176s] Level 1:colcon.colcon_core.package_identification:_identify(vehicle_model/src) by extension 'ignore'
[0.176s] Level 1:colcon.colcon_core.package_identification:_identify(vehicle_model/src) by extension 'ignore_ament_install'
[0.176s] Level 1:colcon.colcon_core.package_identification:_identify(vehicle_model/src) by extensions ['colcon_pkg']
[0.176s] Level 1:colcon.colcon_core.package_identification:_identify(vehicle_model/src) by extension 'colcon_pkg'
[0.176s] Level 1:colcon.colcon_core.package_identification:_identify(vehicle_model/src) by extensions ['colcon_meta']
[0.176s] Level 1:colcon.colcon_core.package_identification:_identify(vehicle_model/src) by extension 'colcon_meta'
[0.176s] Level 1:colcon.colcon_core.package_identification:_identify(vehicle_model/src) by extensions ['ros']
[0.176s] Level 1:colcon.colcon_core.package_identification:_identify(vehicle_model/src) by extension 'ros'
[0.176s] Level 1:colcon.colcon_core.package_identification:_identify(vehicle_model/src) by extensions ['cmake', 'python']
[0.176s] Level 1:colcon.colcon_core.package_identification:_identify(vehicle_model/src) by extension 'cmake'
[0.176s] Level 1:colcon.colcon_core.package_identification:_identify(vehicle_model/src) by extension 'python'
[0.176s] Level 1:colcon.colcon_core.package_identification:_identify(vehicle_model/src) by extensions ['python_setup_py']
[0.176s] Level 1:colcon.colcon_core.package_identification:_identify(vehicle_model/src) by extension 'python_setup_py'
[0.176s] Level 1:colcon.colcon_core.package_identification:_identify(vehicle_model/src/vehicle_model) by extensions ['ignore', 'ignore_ament_install']
[0.176s] Level 1:colcon.colcon_core.package_identification:_identify(vehicle_model/src/vehicle_model) by extension 'ignore'
[0.177s] Level 1:colcon.colcon_core.package_identification:_identify(vehicle_model/src/vehicle_model) by extension 'ignore_ament_install'
[0.177s] Level 1:colcon.colcon_core.package_identification:_identify(vehicle_model/src/vehicle_model) by extensions ['colcon_pkg']
[0.177s] Level 1:colcon.colcon_core.package_identification:_identify(vehicle_model/src/vehicle_model) by extension 'colcon_pkg'
[0.177s] Level 1:colcon.colcon_core.package_identification:_identify(vehicle_model/src/vehicle_model) by extensions ['colcon_meta']
[0.177s] Level 1:colcon.colcon_core.package_identification:_identify(vehicle_model/src/vehicle_model) by extension 'colcon_meta'
[0.177s] Level 1:colcon.colcon_core.package_identification:_identify(vehicle_model/src/vehicle_model) by extensions ['ros']
[0.177s] Level 1:colcon.colcon_core.package_identification:_identify(vehicle_model/src/vehicle_model) by extension 'ros'
[0.177s] DEBUG:colcon.colcon_core.package_identification:Package 'vehicle_model/src/vehicle_model' with type 'ros.ament_python' and name 'vehicle_model'
[0.177s] Level 1:colcon.colcon_core.package_identification:_identify(wuta-ins-simulator) by extensions ['ignore', 'ignore_ament_install']
[0.177s] Level 1:colcon.colcon_core.package_identification:_identify(wuta-ins-simulator) by extension 'ignore'
[0.177s] Level 1:colcon.colcon_core.package_identification:_identify(wuta-ins-simulator) by extension 'ignore_ament_install'
[0.177s] Level 1:colcon.colcon_core.package_identification:_identify(wuta-ins-simulator) by extensions ['colcon_pkg']
[0.177s] Level 1:colcon.colcon_core.package_identification:_identify(wuta-ins-simulator) by extension 'colcon_pkg'
[0.177s] Level 1:colcon.colcon_core.package_identification:_identify(wuta-ins-simulator) by extensions ['colcon_meta']
[0.177s] Level 1:colcon.colcon_core.package_identification:_identify(wuta-ins-simulator) by extension 'colcon_meta'
[0.177s] Level 1:colcon.colcon_core.package_identification:_identify(wuta-ins-simulator) by extensions ['ros']
[0.177s] Level 1:colcon.colcon_core.package_identification:_identify(wuta-ins-simulator) by extension 'ros'
[0.178s] DEBUG:colcon.colcon_core.package_identification:Package 'wuta-ins-simulator' with type 'ros.ament_python' and name 'ins_simulator'
[0.178s] Level 1:colcon.colcon_core.package_discovery:discover_packages(recursive) using defaults
[0.194s] Level 1:colcon.colcon_core.package_discovery:discover_packages(prefix_path) check parameters
[0.194s] Level 1:colcon.colcon_core.package_discovery:discover_packages(prefix_path) discover
[0.196s] DEBUG:colcon.colcon_installed_package_information.package_discovery:Found 16 installed packages in /home/starry1n/WUTA/WUTA-FSD/ros2_ws/install
[0.196s] DEBUG:colcon.colcon_installed_package_information.package_discovery:Found 289 installed packages in /opt/ros/humble
[0.205s] Level 1:colcon.colcon_core.package_discovery:discover_packages(prefix_path) using defaults
[0.229s] Level 5:colcon.colcon_core.verb:set package 'can_simulator' build argument 'cmake_args' from command line to 'None'
[0.230s] Level 5:colcon.colcon_core.verb:set package 'can_simulator' build argument 'cmake_target' from command line to 'None'
[0.230s] Level 5:colcon.colcon_core.verb:set package 'can_simulator' build argument 'cmake_target_skip_unavailable' from command line to 'False'
[0.230s] Level 5:colcon.colcon_core.verb:set package 'can_simulator' build argument 'cmake_clean_cache' from command line to 'False'
[0.230s] Level 5:colcon.colcon_core.verb:set package 'can_simulator' build argument 'cmake_clean_first' from command line to 'False'
[0.230s] Level 5:colcon.colcon_core.verb:set package 'can_simulator' build argument 'cmake_force_configure' from command line to 'False'
[0.230s] Level 5:colcon.colcon_core.verb:set package 'can_simulator' build argument 'ament_cmake_args' from command line to 'None'
[0.230s] Level 5:colcon.colcon_core.verb:set package 'can_simulator' build argument 'catkin_cmake_args' from command line to 'None'
[0.230s] Level 5:colcon.colcon_core.verb:set package 'can_simulator' build argument 'catkin_skip_building_tests' from command line to 'False'
[0.230s] DEBUG:colcon.colcon_core.verb:Building package 'can_simulator' with the following arguments: {'ament_cmake_args': None, 'build_base': '/home/starry1n/WUTA/WUTA-SIM/build/can_simulator', 'catkin_cmake_args': None, 'catkin_skip_building_tests': False, 'cmake_args': None, 'cmake_clean_cache': False, 'cmake_clean_first': False, 'cmake_force_configure': False, 'cmake_target': None, 'cmake_target_skip_unavailable': False, 'install_base': '/home/starry1n/WUTA/WUTA-SIM/install/can_simulator', 'merge_install': False, 'path': '/home/starry1n/WUTA/WUTA-SIM/can_simulator/src/can_simulator', 'symlink_install': True, 'test_result_base': None}
[0.230s] Level 5:colcon.colcon_core.verb:set package 'ins_simulator' build argument 'cmake_args' from command line to 'None'
[0.230s] Level 5:colcon.colcon_core.verb:set package 'ins_simulator' build argument 'cmake_target' from command line to 'None'
[0.230s] Level 5:colcon.colcon_core.verb:set package 'ins_simulator' build argument 'cmake_target_skip_unavailable' from command line to 'False'
[0.230s] Level 5:colcon.colcon_core.verb:set package 'ins_simulator' build argument 'cmake_clean_cache' from command line to 'False'
[0.230s] Level 5:colcon.colcon_core.verb:set package 'ins_simulator' build argument 'cmake_clean_first' from command line to 'False'
[0.230s] Level 5:colcon.colcon_core.verb:set package 'ins_simulator' build argument 'cmake_force_configure' from command line to 'False'
[0.230s] Level 5:colcon.colcon_core.verb:set package 'ins_simulator' build argument 'ament_cmake_args' from command line to 'None'
[0.230s] Level 5:colcon.colcon_core.verb:set package 'ins_simulator' build argument 'catkin_cmake_args' from command line to 'None'
[0.230s] Level 5:colcon.colcon_core.verb:set package 'ins_simulator' build argument 'catkin_skip_building_tests' from command line to 'False'
[0.230s] DEBUG:colcon.colcon_core.verb:Building package 'ins_simulator' with the following arguments: {'ament_cmake_args': None, 'build_base': '/home/starry1n/WUTA/WUTA-SIM/build/ins_simulator', 'catkin_cmake_args': None, 'catkin_skip_building_tests': False, 'cmake_args': None, 'cmake_clean_cache': False, 'cmake_clean_first': False, 'cmake_force_configure': False, 'cmake_target': None, 'cmake_target_skip_unavailable': False, 'install_base': '/home/starry1n/WUTA/WUTA-SIM/install/ins_simulator', 'merge_install': False, 'path': '/home/starry1n/WUTA/WUTA-SIM/wuta-ins-simulator', 'symlink_install': True, 'test_result_base': None}
[0.230s] Level 5:colcon.colcon_core.verb:set package 'lidar_sim' build argument 'cmake_args' from command line to 'None'
[0.230s] Level 5:colcon.colcon_core.verb:set package 'lidar_sim' build argument 'cmake_target' from command line to 'None'
[0.230s] Level 5:colcon.colcon_core.verb:set package 'lidar_sim' build argument 'cmake_target_skip_unavailable' from command line to 'False'
[0.230s] Level 5:colcon.colcon_core.verb:set package 'lidar_sim' build argument 'cmake_clean_cache' from command line to 'False'
[0.230s] Level 5:colcon.colcon_core.verb:set package 'lidar_sim' build argument 'cmake_clean_first' from command line to 'False'
[0.230s] Level 5:colcon.colcon_core.verb:set package 'lidar_sim' build argument 'cmake_force_configure' from command line to 'False'
[0.230s] Level 5:colcon.colcon_core.verb:set package 'lidar_sim' build argument 'ament_cmake_args' from command line to 'None'
[0.230s] Level 5:colcon.colcon_core.verb:set package 'lidar_sim' build argument 'catkin_cmake_args' from command line to 'None'
[0.230s] Level 5:colcon.colcon_core.verb:set package 'lidar_sim' build argument 'catkin_skip_building_tests' from command line to 'False'
[0.230s] DEBUG:colcon.colcon_core.verb:Building package 'lidar_sim' with the following arguments: {'ament_cmake_args': None, 'build_base': '/home/starry1n/WUTA/WUTA-SIM/build/lidar_sim', 'catkin_cmake_args': None, 'catkin_skip_building_tests': False, 'cmake_args': None, 'cmake_clean_cache': False, 'cmake_clean_first': False, 'cmake_force_configure': False, 'cmake_target': None, 'cmake_target_skip_unavailable': False, 'install_base': '/home/starry1n/WUTA/WUTA-SIM/install/lidar_sim', 'merge_install': False, 'path': '/home/starry1n/WUTA/WUTA-SIM/perception_simulation', 'symlink_install': True, 'test_result_base': None}
[0.231s] Level 5:colcon.colcon_core.verb:set package 'vehicle_model' build argument 'cmake_args' from command line to 'None'
[0.231s] Level 5:colcon.colcon_core.verb:set package 'vehicle_model' build argument 'cmake_target' from command line to 'None'
[0.231s] Level 5:colcon.colcon_core.verb:set package 'vehicle_model' build argument 'cmake_target_skip_unavailable' from command line to 'False'
[0.231s] Level 5:colcon.colcon_core.verb:set package 'vehicle_model' build argument 'cmake_clean_cache' from command line to 'False'
[0.231s] Level 5:colcon.colcon_core.verb:set package 'vehicle_model' build argument 'cmake_clean_first' from command line to 'False'
[0.231s] Level 5:colcon.colcon_core.verb:set package 'vehicle_model' build argument 'cmake_force_configure' from command line to 'False'
[0.231s] Level 5:colcon.colcon_core.verb:set package 'vehicle_model' build argument 'ament_cmake_args' from command line to 'None'
[0.231s] Level 5:colcon.colcon_core.verb:set package 'vehicle_model' build argument 'catkin_cmake_args' from command line to 'None'
[0.231s] Level 5:colcon.colcon_core.verb:set package 'vehicle_model' build argument 'catkin_skip_building_tests' from command line to 'False'
[0.231s] DEBUG:colcon.colcon_core.verb:Building package 'vehicle_model' with the following arguments: {'ament_cmake_args': None, 'build_base': '/home/starry1n/WUTA/WUTA-SIM/build/vehicle_model', 'catkin_cmake_args': None, 'catkin_skip_building_tests': False, 'cmake_args': None, 'cmake_clean_cache': False, 'cmake_clean_first': False, 'cmake_force_configure': False, 'cmake_target': None, 'cmake_target_skip_unavailable': False, 'install_base': '/home/starry1n/WUTA/WUTA-SIM/install/vehicle_model', 'merge_install': False, 'path': '/home/starry1n/WUTA/WUTA-SIM/vehicle_model/src/vehicle_model', 'symlink_install': True, 'test_result_base': None}
[0.231s] Level 5:colcon.colcon_core.verb:set package 'simulator_bringup' build argument 'cmake_args' from command line to 'None'
[0.231s] Level 5:colcon.colcon_core.verb:set package 'simulator_bringup' build argument 'cmake_target' from command line to 'None'
[0.231s] Level 5:colcon.colcon_core.verb:set package 'simulator_bringup' build argument 'cmake_target_skip_unavailable' from command line to 'False'
[0.231s] Level 5:colcon.colcon_core.verb:set package 'simulator_bringup' build argument 'cmake_clean_cache' from command line to 'False'
[0.231s] Level 5:colcon.colcon_core.verb:set package 'simulator_bringup' build argument 'cmake_clean_first' from command line to 'False'
[0.231s] Level 5:colcon.colcon_core.verb:set package 'simulator_bringup' build argument 'cmake_force_configure' from command line to 'False'
[0.231s] Level 5:colcon.colcon_core.verb:set package 'simulator_bringup' build argument 'ament_cmake_args' from command line to 'None'
[0.231s] Level 5:colcon.colcon_core.verb:set package 'simulator_bringup' build argument 'catkin_cmake_args' from command line to 'None'
[0.231s] Level 5:colcon.colcon_core.verb:set package 'simulator_bringup' build argument 'catkin_skip_building_tests' from command line to 'False'
[0.231s] DEBUG:colcon.colcon_core.verb:Building package 'simulator_bringup' with the following arguments: {'ament_cmake_args': None, 'build_base': '/home/starry1n/WUTA/WUTA-SIM/build/simulator_bringup', 'catkin_cmake_args': None, 'catkin_skip_building_tests': False, 'cmake_args': None, 'cmake_clean_cache': False, 'cmake_clean_first': False, 'cmake_force_configure': False, 'cmake_target': None, 'cmake_target_skip_unavailable': False, 'install_base': '/home/starry1n/WUTA/WUTA-SIM/install/simulator_bringup', 'merge_install': False, 'path': '/home/starry1n/WUTA/WUTA-SIM/simulator_bringup', 'symlink_install': True, 'test_result_base': None}
[0.231s] INFO:colcon.colcon_core.executor:Executing jobs using 'parallel' executor
[0.232s] DEBUG:colcon.colcon_parallel_executor.executor.parallel:run_until_complete
[0.232s] INFO:colcon.colcon_ros.task.ament_python.build:Building ROS package in '/home/starry1n/WUTA/WUTA-SIM/can_simulator/src/can_simulator' with build type 'ament_python'
[0.233s] Level 1:colcon.colcon_core.shell:create_environment_hook('can_simulator', 'ament_prefix_path')
[0.234s] INFO:colcon.colcon_core.plugin_system:Skipping extension 'colcon_core.shell.bat': Not used on non-Windows systems
[0.234s] INFO:colcon.colcon_core.shell:Creating environment hook '/home/starry1n/WUTA/WUTA-SIM/install/can_simulator/share/can_simulator/hook/ament_prefix_path.ps1'
[0.235s] INFO:colcon.colcon_core.shell:Creating environment descriptor '/home/starry1n/WUTA/WUTA-SIM/install/can_simulator/share/can_simulator/hook/ament_prefix_path.dsv'
[0.235s] INFO:colcon.colcon_core.shell:Creating environment hook '/home/starry1n/WUTA/WUTA-SIM/install/can_simulator/share/can_simulator/hook/ament_prefix_path.sh'
[0.236s] INFO:colcon.colcon_core.shell:Skip shell extension 'powershell' for command environment: Not usable outside of PowerShell
[0.236s] DEBUG:colcon.colcon_core.shell:Skip shell extension 'dsv' for command environment
[0.239s] INFO:colcon.colcon_ros.task.ament_python.build:Building ROS package in '/home/starry1n/WUTA/WUTA-SIM/wuta-ins-simulator' with build type 'ament_python'
[0.239s] Level 1:colcon.colcon_core.shell:create_environment_hook('ins_simulator', 'ament_prefix_path')
[0.239s] INFO:colcon.colcon_core.shell:Creating environment hook '/home/starry1n/WUTA/WUTA-SIM/install/ins_simulator/share/ins_simulator/hook/ament_prefix_path.ps1'
[0.239s] INFO:colcon.colcon_core.shell:Creating environment descriptor '/home/starry1n/WUTA/WUTA-SIM/install/ins_simulator/share/ins_simulator/hook/ament_prefix_path.dsv'
[0.240s] INFO:colcon.colcon_core.shell:Creating environment hook '/home/starry1n/WUTA/WUTA-SIM/install/ins_simulator/share/ins_simulator/hook/ament_prefix_path.sh'
[0.241s] INFO:colcon.colcon_core.shell:Skip shell extension 'powershell' for command environment: Not usable outside of PowerShell
[0.241s] DEBUG:colcon.colcon_core.shell:Skip shell extension 'dsv' for command environment
[0.244s] INFO:colcon.colcon_ros.task.ament_python.build:Building ROS package in '/home/starry1n/WUTA/WUTA-SIM/perception_simulation' with build type 'ament_python'
[0.244s] Level 1:colcon.colcon_core.shell:create_environment_hook('lidar_sim', 'ament_prefix_path')
[0.244s] INFO:colcon.colcon_core.shell:Creating environment hook '/home/starry1n/WUTA/WUTA-SIM/install/lidar_sim/share/lidar_sim/hook/ament_prefix_path.ps1'
[0.245s] INFO:colcon.colcon_core.shell:Creating environment descriptor '/home/starry1n/WUTA/WUTA-SIM/install/lidar_sim/share/lidar_sim/hook/ament_prefix_path.dsv'
[0.245s] INFO:colcon.colcon_core.shell:Creating environment hook '/home/starry1n/WUTA/WUTA-SIM/install/lidar_sim/share/lidar_sim/hook/ament_prefix_path.sh'
[0.246s] INFO:colcon.colcon_core.shell:Skip shell extension 'powershell' for command environment: Not usable outside of PowerShell
[0.246s] DEBUG:colcon.colcon_core.shell:Skip shell extension 'dsv' for command environment
[0.248s] INFO:colcon.colcon_ros.task.ament_python.build:Building ROS package in '/home/starry1n/WUTA/WUTA-SIM/vehicle_model/src/vehicle_model' with build type 'ament_python'
[0.249s] Level 1:colcon.colcon_core.shell:create_environment_hook('vehicle_model', 'ament_prefix_path')
[0.249s] INFO:colcon.colcon_core.shell:Creating environment hook '/home/starry1n/WUTA/WUTA-SIM/install/vehicle_model/share/vehicle_model/hook/ament_prefix_path.ps1'
[0.249s] INFO:colcon.colcon_core.shell:Creating environment descriptor '/home/starry1n/WUTA/WUTA-SIM/install/vehicle_model/share/vehicle_model/hook/ament_prefix_path.dsv'
[0.250s] INFO:colcon.colcon_core.shell:Creating environment hook '/home/starry1n/WUTA/WUTA-SIM/install/vehicle_model/share/vehicle_model/hook/ament_prefix_path.sh'
[0.250s] INFO:colcon.colcon_core.shell:Skip shell extension 'powershell' for command environment: Not usable outside of PowerShell
[0.250s] DEBUG:colcon.colcon_core.shell:Skip shell extension 'dsv' for command environment
[0.407s] INFO:colcon.colcon_core.task.python.build:Building Python package in '/home/starry1n/WUTA/WUTA-SIM/can_simulator/src/can_simulator'
[0.407s] INFO:colcon.colcon_core.shell:Skip shell extension 'powershell' for command environment: Not usable outside of PowerShell
[0.407s] DEBUG:colcon.colcon_core.shell:Skip shell extension 'dsv' for command environment
[0.564s] INFO:colcon.colcon_core.task.python.build:Building Python package in '/home/starry1n/WUTA/WUTA-SIM/wuta-ins-simulator'
[0.564s] INFO:colcon.colcon_core.shell:Skip shell extension 'powershell' for command environment: Not usable outside of PowerShell
[0.564s] DEBUG:colcon.colcon_core.shell:Skip shell extension 'dsv' for command environment
[0.715s] INFO:colcon.colcon_core.task.python.build:Building Python package in '/home/starry1n/WUTA/WUTA-SIM/perception_simulation'
[0.716s] INFO:colcon.colcon_core.shell:Skip shell extension 'powershell' for command environment: Not usable outside of PowerShell
[0.716s] DEBUG:colcon.colcon_core.shell:Skip shell extension 'dsv' for command environment
[0.866s] INFO:colcon.colcon_core.task.python.build:Building Python package in '/home/starry1n/WUTA/WUTA-SIM/vehicle_model/src/vehicle_model'
[0.866s] INFO:colcon.colcon_core.shell:Skip shell extension 'powershell' for command environment: Not usable outside of PowerShell
[0.866s] DEBUG:colcon.colcon_core.shell:Skip shell extension 'dsv' for command environment
[1.091s] DEBUG:colcon.colcon_core.task.python.build:Available setuptools commands: egg_info, bdist_dumb, build_py, check, upload, install, dist_info, build_ext, install_headers, build_scripts, clean, upload_docs, setopt, easy_install, install_egg_info, rotate, build, register, saveopts, bdist_rpm, symlink_data, alias, install_data, bdist, install_scripts, test, install_lib, build_clib, develop, sdist, bdist_egg
[1.099s] DEBUG:colcon.colcon_core.task.python.build:Available setuptools commands: egg_info, bdist_dumb, build_py, check, upload, install, dist_info, build_ext, install_headers, build_scripts, clean, upload_docs, setopt, easy_install, install_egg_info, rotate, build, register, saveopts, bdist_rpm, symlink_data, alias, install_data, bdist, install_scripts, test, install_lib, build_clib, develop, sdist, bdist_egg
[1.106s] DEBUG:colcon.colcon_core.task.python.build:Available setuptools commands: egg_info, bdist_dumb, build_py, check, upload, install, dist_info, build_ext, install_headers, build_scripts, clean, upload_docs, setopt, easy_install, install_egg_info, rotate, build, register, saveopts, bdist_rpm, symlink_data, alias, install_data, bdist, install_scripts, test, install_lib, build_clib, develop, sdist, bdist_egg
[1.109s] DEBUG:colcon.colcon_core.task.python.build:Available setuptools commands: egg_info, bdist_dumb, build_py, check, upload, install, dist_info, build_ext, install_headers, build_scripts, clean, upload_docs, setopt, easy_install, install_egg_info, rotate, build, register, saveopts, bdist_rpm, symlink_data, alias, install_data, bdist, install_scripts, test, install_lib, build_clib, develop, sdist, bdist_egg
[1.293s] DEBUG:colcon.colcon_core.task.python.build:Available setuptools 'develop' options: --site-dirs, --editable, --help, --verbose, --script-dir, --build-directory, --uninstall, --quiet, --always-unzip, --no-user-cfg, --no-deps, --prefix, --force-installation-into-system-dir, --dry-run, --index-url, --no-find-links, --exclude-scripts, --optimize, --always-copy, --multi-version, --zip-ok, --upgrade, --record, --user, --find-links, --egg-path, --install-dir, --local-snapshots-ok, --install-layout, --allow-hosts, --version
[1.296s] DEBUG:colcon.colcon_core.event_handler.log_command:Invoking command in '/home/starry1n/WUTA/WUTA-SIM/build/lidar_sim': PYTHONPATH=/home/starry1n/WUTA/WUTA-SIM/build/lidar_sim/prefix_override:/usr/lib/python3/dist-packages/colcon_core/task/python/colcon_distutils_commands:/home/starry1n/WUTA/WUTA-SIM/install/lidar_sim/lib/python3.10/site-packages:${PYTHONPATH} /usr/bin/python3 -W ignore:setup.py install is deprecated -W ignore:easy_install command is deprecated setup.py develop --editable --build-directory /home/starry1n/WUTA/WUTA-SIM/build/lidar_sim/build --no-deps symlink_data
[1.302s] DEBUG:colcon.colcon_core.task.python.build:Available setuptools 'develop' options: --site-dirs, --editable, --help, --verbose, --script-dir, --build-directory, --uninstall, --quiet, --always-unzip, --no-user-cfg, --no-deps, --prefix, --force-installation-into-system-dir, --dry-run, --index-url, --no-find-links, --exclude-scripts, --optimize, --always-copy, --multi-version, --zip-ok, --upgrade, --record, --user, --find-links, --egg-path, --install-dir, --local-snapshots-ok, --install-layout, --allow-hosts, --version
[1.304s] DEBUG:colcon.colcon_core.event_handler.log_command:Invoking command in '/home/starry1n/WUTA/WUTA-SIM/build/ins_simulator': PYTHONPATH=/home/starry1n/WUTA/WUTA-SIM/build/ins_simulator/prefix_override:/usr/lib/python3/dist-packages/colcon_core/task/python/colcon_distutils_commands:/home/starry1n/WUTA/WUTA-SIM/install/ins_simulator/lib/python3.10/site-packages:${PYTHONPATH} /usr/bin/python3 -W ignore:setup.py install is deprecated -W ignore:easy_install command is deprecated setup.py develop --editable --build-directory /home/starry1n/WUTA/WUTA-SIM/build/ins_simulator/build --no-deps symlink_data
[1.309s] DEBUG:colcon.colcon_core.task.python.build:Available setuptools 'develop' options: --site-dirs, --editable, --help, --verbose, --script-dir, --build-directory, --uninstall, --quiet, --always-unzip, --no-user-cfg, --no-deps, --prefix, --force-installation-into-system-dir, --dry-run, --index-url, --no-find-links, --exclude-scripts, --optimize, --always-copy, --multi-version, --zip-ok, --upgrade, --record, --user, --find-links, --egg-path, --install-dir, --local-snapshots-ok, --install-layout, --allow-hosts, --version
[1.311s] DEBUG:colcon.colcon_core.event_handler.log_command:Invoking command in '/home/starry1n/WUTA/WUTA-SIM/build/vehicle_model': PYTHONPATH=/home/starry1n/WUTA/WUTA-SIM/build/vehicle_model/prefix_override:/usr/lib/python3/dist-packages/colcon_core/task/python/colcon_distutils_commands:/home/starry1n/WUTA/WUTA-SIM/install/vehicle_model/lib/python3.10/site-packages:${PYTHONPATH} /usr/bin/python3 -W ignore:setup.py install is deprecated -W ignore:easy_install command is deprecated setup.py develop --editable --build-directory /home/starry1n/WUTA/WUTA-SIM/build/vehicle_model/build --no-deps symlink_data
[1.315s] DEBUG:colcon.colcon_core.task.python.build:Available setuptools 'develop' options: --site-dirs, --editable, --help, --verbose, --script-dir, --build-directory, --uninstall, --quiet, --always-unzip, --no-user-cfg, --no-deps, --prefix, --force-installation-into-system-dir, --dry-run, --index-url, --no-find-links, --exclude-scripts, --optimize, --always-copy, --multi-version, --zip-ok, --upgrade, --record, --user, --find-links, --egg-path, --install-dir, --local-snapshots-ok, --install-layout, --allow-hosts, --version
[1.320s] DEBUG:colcon.colcon_core.event_handler.log_command:Invoking command in '/home/starry1n/WUTA/WUTA-SIM/build/can_simulator': PYTHONPATH=/home/starry1n/WUTA/WUTA-SIM/build/can_simulator/prefix_override:/usr/lib/python3/dist-packages/colcon_core/task/python/colcon_distutils_commands:/home/starry1n/WUTA/WUTA-SIM/install/can_simulator/lib/python3.10/site-packages:${PYTHONPATH} /usr/bin/python3 -W ignore:setup.py install is deprecated -W ignore:easy_install command is deprecated setup.py develop --editable --build-directory /home/starry1n/WUTA/WUTA-SIM/build/can_simulator/build --no-deps symlink_data
[1.610s] Level 1:colcon.colcon_core.shell:create_environment_hook('lidar_sim', 'pythonpath_develop')
[1.611s] INFO:colcon.colcon_core.shell:Creating environment hook '/home/starry1n/WUTA/WUTA-SIM/build/lidar_sim/share/lidar_sim/hook/pythonpath_develop.ps1'
[1.611s] DEBUG:colcon.colcon_core.event_handler.log_command:Invoked command in '/home/starry1n/WUTA/WUTA-SIM/build/lidar_sim' returned '0': PYTHONPATH=/home/starry1n/WUTA/WUTA-SIM/build/lidar_sim/prefix_override:/usr/lib/python3/dist-packages/colcon_core/task/python/colcon_distutils_commands:/home/starry1n/WUTA/WUTA-SIM/install/lidar_sim/lib/python3.10/site-packages:${PYTHONPATH} /usr/bin/python3 -W ignore:setup.py install is deprecated -W ignore:easy_install command is deprecated setup.py develop --editable --build-directory /home/starry1n/WUTA/WUTA-SIM/build/lidar_sim/build --no-deps symlink_data
[1.612s] INFO:colcon.colcon_core.shell:Creating environment descriptor '/home/starry1n/WUTA/WUTA-SIM/build/lidar_sim/share/lidar_sim/hook/pythonpath_develop.dsv'
[1.614s] INFO:colcon.colcon_core.shell:Creating environment hook '/home/starry1n/WUTA/WUTA-SIM/build/lidar_sim/share/lidar_sim/hook/pythonpath_develop.sh'
[1.617s] Level 1:colcon.colcon_core.environment:checking '/home/starry1n/WUTA/WUTA-SIM/install/lidar_sim' for CMake module files
[1.617s] Level 1:colcon.colcon_core.environment:checking '/home/starry1n/WUTA/WUTA-SIM/install/lidar_sim' for CMake config files
[1.618s] Level 1:colcon.colcon_core.environment:checking '/home/starry1n/WUTA/WUTA-SIM/install/lidar_sim/lib'
[1.618s] Level 1:colcon.colcon_core.environment:checking '/home/starry1n/WUTA/WUTA-SIM/install/lidar_sim/bin'
[1.618s] Level 1:colcon.colcon_core.environment:checking '/home/starry1n/WUTA/WUTA-SIM/install/lidar_sim/lib/pkgconfig/lidar_sim.pc'
[1.619s] Level 1:colcon.colcon_core.environment:checking '/home/starry1n/WUTA/WUTA-SIM/install/lidar_sim/lib/python3.10/site-packages'
[1.619s] Level 1:colcon.colcon_core.shell:create_environment_hook('lidar_sim', 'pythonpath')
[1.619s] INFO:colcon.colcon_core.shell:Creating environment hook '/home/starry1n/WUTA/WUTA-SIM/install/lidar_sim/share/lidar_sim/hook/pythonpath.ps1'
[1.619s] INFO:colcon.colcon_core.shell:Creating environment descriptor '/home/starry1n/WUTA/WUTA-SIM/install/lidar_sim/share/lidar_sim/hook/pythonpath.dsv'
[1.620s] INFO:colcon.colcon_core.shell:Creating environment hook '/home/starry1n/WUTA/WUTA-SIM/install/lidar_sim/share/lidar_sim/hook/pythonpath.sh'
[1.621s] Level 1:colcon.colcon_core.environment:checking '/home/starry1n/WUTA/WUTA-SIM/install/lidar_sim/bin'
[1.621s] Level 1:colcon.colcon_core.environment:create_environment_scripts_only(lidar_sim)
[1.621s] INFO:colcon.colcon_core.shell:Creating package script '/home/starry1n/WUTA/WUTA-SIM/install/lidar_sim/share/lidar_sim/package.ps1'
[1.622s] INFO:colcon.colcon_core.shell:Creating package descriptor '/home/starry1n/WUTA/WUTA-SIM/install/lidar_sim/share/lidar_sim/package.dsv'
[1.622s] INFO:colcon.colcon_core.shell:Creating package script '/home/starry1n/WUTA/WUTA-SIM/install/lidar_sim/share/lidar_sim/package.sh'
[1.623s] INFO:colcon.colcon_core.shell:Creating package script '/home/starry1n/WUTA/WUTA-SIM/install/lidar_sim/share/lidar_sim/package.bash'
[1.624s] INFO:colcon.colcon_core.shell:Creating package script '/home/starry1n/WUTA/WUTA-SIM/install/lidar_sim/share/lidar_sim/package.zsh'
[1.624s] Level 1:colcon.colcon_core.environment:create_file_with_runtime_dependencies(/home/starry1n/WUTA/WUTA-SIM/install/lidar_sim/share/colcon-core/packages/lidar_sim)
[1.626s] Level 1:colcon.colcon_core.shell:create_environment_hook('ins_simulator', 'pythonpath_develop')
[1.627s] INFO:colcon.colcon_core.shell:Creating environment hook '/home/starry1n/WUTA/WUTA-SIM/build/ins_simulator/share/ins_simulator/hook/pythonpath_develop.ps1'
[1.627s] DEBUG:colcon.colcon_core.event_handler.log_command:Invoked command in '/home/starry1n/WUTA/WUTA-SIM/build/ins_simulator' returned '0': PYTHONPATH=/home/starry1n/WUTA/WUTA-SIM/build/ins_simulator/prefix_override:/usr/lib/python3/dist-packages/colcon_core/task/python/colcon_distutils_commands:/home/starry1n/WUTA/WUTA-SIM/install/ins_simulator/lib/python3.10/site-packages:${PYTHONPATH} /usr/bin/python3 -W ignore:setup.py install is deprecated -W ignore:easy_install command is deprecated setup.py develop --editable --build-directory /home/starry1n/WUTA/WUTA-SIM/build/ins_simulator/build --no-deps symlink_data
[1.627s] INFO:colcon.colcon_core.shell:Creating environment descriptor '/home/starry1n/WUTA/WUTA-SIM/build/ins_simulator/share/ins_simulator/hook/pythonpath_develop.dsv'
[1.628s] INFO:colcon.colcon_core.shell:Creating environment hook '/home/starry1n/WUTA/WUTA-SIM/build/ins_simulator/share/ins_simulator/hook/pythonpath_develop.sh'
[1.628s] Level 1:colcon.colcon_core.environment:checking '/home/starry1n/WUTA/WUTA-SIM/install/ins_simulator' for CMake module files
[1.629s] Level 1:colcon.colcon_core.environment:checking '/home/starry1n/WUTA/WUTA-SIM/install/ins_simulator' for CMake config files
[1.629s] Level 1:colcon.colcon_core.environment:checking '/home/starry1n/WUTA/WUTA-SIM/install/ins_simulator/lib'
[1.629s] Level 1:colcon.colcon_core.environment:checking '/home/starry1n/WUTA/WUTA-SIM/install/ins_simulator/bin'
[1.629s] Level 1:colcon.colcon_core.environment:checking '/home/starry1n/WUTA/WUTA-SIM/install/ins_simulator/lib/pkgconfig/ins_simulator.pc'
[1.630s] Level 1:colcon.colcon_core.environment:checking '/home/starry1n/WUTA/WUTA-SIM/install/ins_simulator/lib/python3.10/site-packages'
[1.630s] Level 1:colcon.colcon_core.shell:create_environment_hook('ins_simulator', 'pythonpath')
[1.630s] INFO:colcon.colcon_core.shell:Creating environment hook '/home/starry1n/WUTA/WUTA-SIM/install/ins_simulator/share/ins_simulator/hook/pythonpath.ps1'
[1.630s] INFO:colcon.colcon_core.shell:Creating environment descriptor '/home/starry1n/WUTA/WUTA-SIM/install/ins_simulator/share/ins_simulator/hook/pythonpath.dsv'
[1.631s] INFO:colcon.colcon_core.shell:Creating environment hook '/home/starry1n/WUTA/WUTA-SIM/install/ins_simulator/share/ins_simulator/hook/pythonpath.sh'
[1.631s] Level 1:colcon.colcon_core.environment:checking '/home/starry1n/WUTA/WUTA-SIM/install/ins_simulator/bin'
[1.631s] Level 1:colcon.colcon_core.environment:create_environment_scripts_only(ins_simulator)
[1.632s] INFO:colcon.colcon_core.shell:Creating package script '/home/starry1n/WUTA/WUTA-SIM/install/ins_simulator/share/ins_simulator/package.ps1'
[1.632s] INFO:colcon.colcon_core.shell:Creating package descriptor '/home/starry1n/WUTA/WUTA-SIM/install/ins_simulator/share/ins_simulator/package.dsv'
[1.632s] INFO:colcon.colcon_core.shell:Creating package script '/home/starry1n/WUTA/WUTA-SIM/install/ins_simulator/share/ins_simulator/package.sh'
[1.633s] INFO:colcon.colcon_core.shell:Creating package script '/home/starry1n/WUTA/WUTA-SIM/install/ins_simulator/share/ins_simulator/package.bash'
[1.633s] INFO:colcon.colcon_core.shell:Creating package script '/home/starry1n/WUTA/WUTA-SIM/install/ins_simulator/share/ins_simulator/package.zsh'
[1.634s] Level 1:colcon.colcon_core.environment:create_file_with_runtime_dependencies(/home/starry1n/WUTA/WUTA-SIM/install/ins_simulator/share/colcon-core/packages/ins_simulator)
[1.638s] Level 1:colcon.colcon_core.shell:create_environment_hook('vehicle_model', 'pythonpath_develop')
[1.638s] DEBUG:colcon.colcon_core.event_handler.log_command:Invoked command in '/home/starry1n/WUTA/WUTA-SIM/build/vehicle_model' returned '0': PYTHONPATH=/home/starry1n/WUTA/WUTA-SIM/build/vehicle_model/prefix_override:/usr/lib/python3/dist-packages/colcon_core/task/python/colcon_distutils_commands:/home/starry1n/WUTA/WUTA-SIM/install/vehicle_model/lib/python3.10/site-packages:${PYTHONPATH} /usr/bin/python3 -W ignore:setup.py install is deprecated -W ignore:easy_install command is deprecated setup.py develop --editable --build-directory /home/starry1n/WUTA/WUTA-SIM/build/vehicle_model/build --no-deps symlink_data
[1.638s] INFO:colcon.colcon_core.shell:Creating environment hook '/home/starry1n/WUTA/WUTA-SIM/build/vehicle_model/share/vehicle_model/hook/pythonpath_develop.ps1'
[1.639s] INFO:colcon.colcon_core.shell:Creating environment descriptor '/home/starry1n/WUTA/WUTA-SIM/build/vehicle_model/share/vehicle_model/hook/pythonpath_develop.dsv'
[1.639s] INFO:colcon.colcon_core.shell:Creating environment hook '/home/starry1n/WUTA/WUTA-SIM/build/vehicle_model/share/vehicle_model/hook/pythonpath_develop.sh'
[1.640s] Level 1:colcon.colcon_core.environment:checking '/home/starry1n/WUTA/WUTA-SIM/install/vehicle_model' for CMake module files
[1.640s] Level 1:colcon.colcon_core.environment:checking '/home/starry1n/WUTA/WUTA-SIM/install/vehicle_model' for CMake config files
[1.640s] Level 1:colcon.colcon_core.environment:checking '/home/starry1n/WUTA/WUTA-SIM/install/vehicle_model/lib'
[1.640s] Level 1:colcon.colcon_core.environment:checking '/home/starry1n/WUTA/WUTA-SIM/install/vehicle_model/bin'
[1.640s] Level 1:colcon.colcon_core.environment:checking '/home/starry1n/WUTA/WUTA-SIM/install/vehicle_model/lib/pkgconfig/vehicle_model.pc'
[1.641s] Level 1:colcon.colcon_core.environment:checking '/home/starry1n/WUTA/WUTA-SIM/install/vehicle_model/lib/python3.10/site-packages'
[1.641s] Level 1:colcon.colcon_core.shell:create_environment_hook('vehicle_model', 'pythonpath')
[1.641s] INFO:colcon.colcon_core.shell:Creating environment hook '/home/starry1n/WUTA/WUTA-SIM/install/vehicle_model/share/vehicle_model/hook/pythonpath.ps1'
[1.641s] INFO:colcon.colcon_core.shell:Creating environment descriptor '/home/starry1n/WUTA/WUTA-SIM/install/vehicle_model/share/vehicle_model/hook/pythonpath.dsv'
[1.642s] INFO:colcon.colcon_core.shell:Creating environment hook '/home/starry1n/WUTA/WUTA-SIM/install/vehicle_model/share/vehicle_model/hook/pythonpath.sh'
[1.642s] Level 1:colcon.colcon_core.environment:checking '/home/starry1n/WUTA/WUTA-SIM/install/vehicle_model/bin'
[1.642s] Level 1:colcon.colcon_core.environment:create_environment_scripts_only(vehicle_model)
[1.642s] INFO:colcon.colcon_core.shell:Creating package script '/home/starry1n/WUTA/WUTA-SIM/install/vehicle_model/share/vehicle_model/package.ps1'
[1.643s] INFO:colcon.colcon_core.shell:Creating package descriptor '/home/starry1n/WUTA/WUTA-SIM/install/vehicle_model/share/vehicle_model/package.dsv'
[1.643s] INFO:colcon.colcon_core.shell:Creating package script '/home/starry1n/WUTA/WUTA-SIM/install/vehicle_model/share/vehicle_model/package.sh'
[1.643s] INFO:colcon.colcon_core.shell:Creating package script '/home/starry1n/WUTA/WUTA-SIM/install/vehicle_model/share/vehicle_model/package.bash'
[1.644s] INFO:colcon.colcon_core.shell:Creating package script '/home/starry1n/WUTA/WUTA-SIM/install/vehicle_model/share/vehicle_model/package.zsh'
[1.644s] Level 1:colcon.colcon_core.environment:create_file_with_runtime_dependencies(/home/starry1n/WUTA/WUTA-SIM/install/vehicle_model/share/colcon-core/packages/vehicle_model)
[1.645s] Level 1:colcon.colcon_core.shell:create_environment_hook('can_simulator', 'pythonpath_develop')
[1.646s] INFO:colcon.colcon_core.shell:Creating environment hook '/home/starry1n/WUTA/WUTA-SIM/build/can_simulator/share/can_simulator/hook/pythonpath_develop.ps1'
[1.646s] DEBUG:colcon.colcon_core.event_handler.log_command:Invoked command in '/home/starry1n/WUTA/WUTA-SIM/build/can_simulator' returned '0': PYTHONPATH=/home/starry1n/WUTA/WUTA-SIM/build/can_simulator/prefix_override:/usr/lib/python3/dist-packages/colcon_core/task/python/colcon_distutils_commands:/home/starry1n/WUTA/WUTA-SIM/install/can_simulator/lib/python3.10/site-packages:${PYTHONPATH} /usr/bin/python3 -W ignore:setup.py install is deprecated -W ignore:easy_install command is deprecated setup.py develop --editable --build-directory /home/starry1n/WUTA/WUTA-SIM/build/can_simulator/build --no-deps symlink_data
[1.647s] INFO:colcon.colcon_core.shell:Creating environment descriptor '/home/starry1n/WUTA/WUTA-SIM/build/can_simulator/share/can_simulator/hook/pythonpath_develop.dsv'
[1.647s] INFO:colcon.colcon_core.shell:Creating environment hook '/home/starry1n/WUTA/WUTA-SIM/build/can_simulator/share/can_simulator/hook/pythonpath_develop.sh'
[1.647s] Level 1:colcon.colcon_core.environment:checking '/home/starry1n/WUTA/WUTA-SIM/install/can_simulator' for CMake module files
[1.648s] Level 1:colcon.colcon_core.environment:checking '/home/starry1n/WUTA/WUTA-SIM/install/can_simulator' for CMake config files
[1.648s] Level 1:colcon.colcon_core.environment:checking '/home/starry1n/WUTA/WUTA-SIM/install/can_simulator/lib'
[1.648s] Level 1:colcon.colcon_core.environment:checking '/home/starry1n/WUTA/WUTA-SIM/install/can_simulator/bin'
[1.648s] Level 1:colcon.colcon_core.environment:checking '/home/starry1n/WUTA/WUTA-SIM/install/can_simulator/lib/pkgconfig/can_simulator.pc'
[1.648s] Level 1:colcon.colcon_core.environment:checking '/home/starry1n/WUTA/WUTA-SIM/install/can_simulator/lib/python3.10/site-packages'
[1.648s] Level 1:colcon.colcon_core.shell:create_environment_hook('can_simulator', 'pythonpath')
[1.649s] INFO:colcon.colcon_core.shell:Creating environment hook '/home/starry1n/WUTA/WUTA-SIM/install/can_simulator/share/can_simulator/hook/pythonpath.ps1'
[1.649s] INFO:colcon.colcon_core.shell:Creating environment descriptor '/home/starry1n/WUTA/WUTA-SIM/install/can_simulator/share/can_simulator/hook/pythonpath.dsv'
[1.649s] INFO:colcon.colcon_core.shell:Creating environment hook '/home/starry1n/WUTA/WUTA-SIM/install/can_simulator/share/can_simulator/hook/pythonpath.sh'
[1.650s] Level 1:colcon.colcon_core.environment:checking '/home/starry1n/WUTA/WUTA-SIM/install/can_simulator/bin'
[1.650s] Level 1:colcon.colcon_core.environment:create_environment_scripts_only(can_simulator)
[1.650s] INFO:colcon.colcon_core.shell:Creating package script '/home/starry1n/WUTA/WUTA-SIM/install/can_simulator/share/can_simulator/package.ps1'
[1.651s] INFO:colcon.colcon_core.shell:Creating package descriptor '/home/starry1n/WUTA/WUTA-SIM/install/can_simulator/share/can_simulator/package.dsv'
[1.651s] INFO:colcon.colcon_core.shell:Creating package script '/home/starry1n/WUTA/WUTA-SIM/install/can_simulator/share/can_simulator/package.sh'
[1.651s] INFO:colcon.colcon_core.shell:Creating package script '/home/starry1n/WUTA/WUTA-SIM/install/can_simulator/share/can_simulator/package.bash'
[1.652s] INFO:colcon.colcon_core.shell:Creating package script '/home/starry1n/WUTA/WUTA-SIM/install/can_simulator/share/can_simulator/package.zsh'
[1.652s] Level 1:colcon.colcon_core.environment:create_file_with_runtime_dependencies(/home/starry1n/WUTA/WUTA-SIM/install/can_simulator/share/colcon-core/packages/can_simulator)
[1.652s] INFO:colcon.colcon_ros.task.ament_python.build:Building ROS package in '/home/starry1n/WUTA/WUTA-SIM/simulator_bringup' with build type 'ament_python'
[1.652s] Level 1:colcon.colcon_core.shell:create_environment_hook('simulator_bringup', 'ament_prefix_path')
[1.653s] INFO:colcon.colcon_core.shell:Creating environment hook '/home/starry1n/WUTA/WUTA-SIM/install/simulator_bringup/share/simulator_bringup/hook/ament_prefix_path.ps1'
[1.653s] INFO:colcon.colcon_core.shell:Creating environment descriptor '/home/starry1n/WUTA/WUTA-SIM/install/simulator_bringup/share/simulator_bringup/hook/ament_prefix_path.dsv'
[1.654s] INFO:colcon.colcon_core.shell:Creating environment hook '/home/starry1n/WUTA/WUTA-SIM/install/simulator_bringup/share/simulator_bringup/hook/ament_prefix_path.sh'
[1.654s] INFO:colcon.colcon_core.shell:Skip shell extension 'powershell' for command environment: Not usable outside of PowerShell
[1.654s] DEBUG:colcon.colcon_core.shell:Skip shell extension 'dsv' for command environment
[1.836s] INFO:colcon.colcon_core.task.python.build:Building Python package in '/home/starry1n/WUTA/WUTA-SIM/simulator_bringup'
[1.836s] INFO:colcon.colcon_core.shell:Skip shell extension 'powershell' for command environment: Not usable outside of PowerShell
[1.836s] DEBUG:colcon.colcon_core.shell:Skip shell extension 'dsv' for command environment
[2.051s] DEBUG:colcon.colcon_core.task.python.build:Available setuptools commands: egg_info, bdist_dumb, build_py, check, upload, install, dist_info, build_ext, install_headers, build_scripts, clean, upload_docs, setopt, easy_install, install_egg_info, rotate, build, register, saveopts, bdist_rpm, symlink_data, alias, install_data, bdist, install_scripts, test, install_lib, build_clib, develop, sdist, bdist_egg
[2.224s] DEBUG:colcon.colcon_core.task.python.build:Available setuptools 'develop' options: --site-dirs, --editable, --help, --verbose, --script-dir, --build-directory, --uninstall, --quiet, --always-unzip, --no-user-cfg, --no-deps, --prefix, --force-installation-into-system-dir, --dry-run, --index-url, --no-find-links, --exclude-scripts, --optimize, --always-copy, --multi-version, --zip-ok, --upgrade, --record, --user, --find-links, --egg-path, --install-dir, --local-snapshots-ok, --install-layout, --allow-hosts, --version
[2.226s] DEBUG:colcon.colcon_core.event_handler.log_command:Invoking command in '/home/starry1n/WUTA/WUTA-SIM/build/simulator_bringup': AMENT_PREFIX_PATH=/home/starry1n/WUTA/WUTA-SIM/install/vehicle_model:/home/starry1n/WUTA/WUTA-SIM/install/lidar_sim:/home/starry1n/WUTA/WUTA-SIM/install/ins_simulator:/home/starry1n/WUTA/WUTA-SIM/install/can_simulator:${AMENT_PREFIX_PATH} PYTHONPATH=/home/starry1n/WUTA/WUTA-SIM/build/simulator_bringup/prefix_override:/usr/lib/python3/dist-packages/colcon_core/task/python/colcon_distutils_commands:/home/starry1n/WUTA/WUTA-SIM/install/simulator_bringup/lib/python3.10/site-packages:/home/starry1n/WUTA/WUTA-SIM/build/vehicle_model:/home/starry1n/WUTA/WUTA-SIM/install/vehicle_model/lib/python3.10/site-packages:/home/starry1n/WUTA/WUTA-SIM/build/lidar_sim:/home/starry1n/WUTA/WUTA-SIM/install/lidar_sim/lib/python3.10/site-packages:/home/starry1n/WUTA/WUTA-SIM/build/ins_simulator:/home/starry1n/WUTA/WUTA-SIM/install/ins_simulator/lib/python3.10/site-packages:/home/starry1n/WUTA/WUTA-SIM/build/can_simulator:/home/starry1n/WUTA/WUTA-SIM/install/can_simulator/lib/python3.10/site-packages:${PYTHONPATH} /usr/bin/python3 -W ignore:setup.py install is deprecated -W ignore:easy_install command is deprecated setup.py develop --editable --build-directory /home/starry1n/WUTA/WUTA-SIM/build/simulator_bringup/build --no-deps symlink_data
[2.493s] Level 1:colcon.colcon_core.shell:create_environment_hook('simulator_bringup', 'pythonpath_develop')
[2.494s] INFO:colcon.colcon_core.shell:Creating environment hook '/home/starry1n/WUTA/WUTA-SIM/build/simulator_bringup/share/simulator_bringup/hook/pythonpath_develop.ps1'
[2.494s] DEBUG:colcon.colcon_core.event_handler.log_command:Invoked command in '/home/starry1n/WUTA/WUTA-SIM/build/simulator_bringup' returned '0': AMENT_PREFIX_PATH=/home/starry1n/WUTA/WUTA-SIM/install/vehicle_model:/home/starry1n/WUTA/WUTA-SIM/install/lidar_sim:/home/starry1n/WUTA/WUTA-SIM/install/ins_simulator:/home/starry1n/WUTA/WUTA-SIM/install/can_simulator:${AMENT_PREFIX_PATH} PYTHONPATH=/home/starry1n/WUTA/WUTA-SIM/build/simulator_bringup/prefix_override:/usr/lib/python3/dist-packages/colcon_core/task/python/colcon_distutils_commands:/home/starry1n/WUTA/WUTA-SIM/install/simulator_bringup/lib/python3.10/site-packages:/home/starry1n/WUTA/WUTA-SIM/build/vehicle_model:/home/starry1n/WUTA/WUTA-SIM/install/vehicle_model/lib/python3.10/site-packages:/home/starry1n/WUTA/WUTA-SIM/build/lidar_sim:/home/starry1n/WUTA/WUTA-SIM/install/lidar_sim/lib/python3.10/site-packages:/home/starry1n/WUTA/WUTA-SIM/build/ins_simulator:/home/starry1n/WUTA/WUTA-SIM/install/ins_simulator/lib/python3.10/site-packages:/home/starry1n/WUTA/WUTA-SIM/build/can_simulator:/home/starry1n/WUTA/WUTA-SIM/install/can_simulator/lib/python3.10/site-packages:${PYTHONPATH} /usr/bin/python3 -W ignore:setup.py install is deprecated -W ignore:easy_install command is deprecated setup.py develop --editable --build-directory /home/starry1n/WUTA/WUTA-SIM/build/simulator_bringup/build --no-deps symlink_data
[2.495s] INFO:colcon.colcon_core.shell:Creating environment descriptor '/home/starry1n/WUTA/WUTA-SIM/build/simulator_bringup/share/simulator_bringup/hook/pythonpath_develop.dsv'
[2.495s] INFO:colcon.colcon_core.shell:Creating environment hook '/home/starry1n/WUTA/WUTA-SIM/build/simulator_bringup/share/simulator_bringup/hook/pythonpath_develop.sh'
[2.495s] Level 1:colcon.colcon_core.environment:checking '/home/starry1n/WUTA/WUTA-SIM/install/simulator_bringup' for CMake module files
[2.495s] Level 1:colcon.colcon_core.environment:checking '/home/starry1n/WUTA/WUTA-SIM/install/simulator_bringup' for CMake config files
[2.496s] Level 1:colcon.colcon_core.environment:checking '/home/starry1n/WUTA/WUTA-SIM/install/simulator_bringup/lib'
[2.496s] Level 1:colcon.colcon_core.environment:checking '/home/starry1n/WUTA/WUTA-SIM/install/simulator_bringup/bin'
[2.496s] Level 1:colcon.colcon_core.environment:checking '/home/starry1n/WUTA/WUTA-SIM/install/simulator_bringup/lib/pkgconfig/simulator_bringup.pc'
[2.496s] Level 1:colcon.colcon_core.environment:checking '/home/starry1n/WUTA/WUTA-SIM/install/simulator_bringup/lib/python3.10/site-packages'
[2.496s] Level 1:colcon.colcon_core.shell:create_environment_hook('simulator_bringup', 'pythonpath')
[2.496s] INFO:colcon.colcon_core.shell:Creating environment hook '/home/starry1n/WUTA/WUTA-SIM/install/simulator_bringup/share/simulator_bringup/hook/pythonpath.ps1'
[2.496s] INFO:colcon.colcon_core.shell:Creating environment descriptor '/home/starry1n/WUTA/WUTA-SIM/install/simulator_bringup/share/simulator_bringup/hook/pythonpath.dsv'
[2.497s] INFO:colcon.colcon_core.shell:Creating environment hook '/home/starry1n/WUTA/WUTA-SIM/install/simulator_bringup/share/simulator_bringup/hook/pythonpath.sh'
[2.497s] Level 1:colcon.colcon_core.environment:checking '/home/starry1n/WUTA/WUTA-SIM/install/simulator_bringup/bin'
[2.497s] Level 1:colcon.colcon_core.environment:create_environment_scripts_only(simulator_bringup)
[2.497s] INFO:colcon.colcon_core.shell:Creating package script '/home/starry1n/WUTA/WUTA-SIM/install/simulator_bringup/share/simulator_bringup/package.ps1'
[2.498s] INFO:colcon.colcon_core.shell:Creating package descriptor '/home/starry1n/WUTA/WUTA-SIM/install/simulator_bringup/share/simulator_bringup/package.dsv'
[2.498s] INFO:colcon.colcon_core.shell:Creating package script '/home/starry1n/WUTA/WUTA-SIM/install/simulator_bringup/share/simulator_bringup/package.sh'
[2.498s] INFO:colcon.colcon_core.shell:Creating package script '/home/starry1n/WUTA/WUTA-SIM/install/simulator_bringup/share/simulator_bringup/package.bash'
[2.499s] INFO:colcon.colcon_core.shell:Creating package script '/home/starry1n/WUTA/WUTA-SIM/install/simulator_bringup/share/simulator_bringup/package.zsh'
[2.499s] Level 1:colcon.colcon_core.environment:create_file_with_runtime_dependencies(/home/starry1n/WUTA/WUTA-SIM/install/simulator_bringup/share/colcon-core/packages/simulator_bringup)
[2.499s] DEBUG:colcon.colcon_parallel_executor.executor.parallel:closing loop
[2.499s] DEBUG:colcon.colcon_parallel_executor.executor.parallel:loop closed
[2.500s] DEBUG:colcon.colcon_parallel_executor.executor.parallel:run_until_complete finished with '0'
[2.500s] DEBUG:colcon.colcon_core.event_reactor:joining thread
[2.503s] INFO:colcon.colcon_core.plugin_system:Skipping extension 'colcon_notification.desktop_notification.terminal_notifier': Not used on non-Darwin systems
[2.504s] INFO:colcon.colcon_core.plugin_system:Skipping extension 'colcon_notification.desktop_notification.win32': Not used on non-Windows systems
[2.504s] INFO:colcon.colcon_notification.desktop_notification:Sending desktop notification using 'notify2'
[2.511s] DEBUG:colcon.colcon_core.event_reactor:joined thread
[2.511s] INFO:colcon.colcon_core.shell:Creating prefix script '/home/starry1n/WUTA/WUTA-SIM/install/local_setup.ps1'
[2.512s] INFO:colcon.colcon_core.shell:Creating prefix util module '/home/starry1n/WUTA/WUTA-SIM/install/_local_setup_util_ps1.py'
[2.513s] INFO:colcon.colcon_core.shell:Creating prefix chain script '/home/starry1n/WUTA/WUTA-SIM/install/setup.ps1'
[2.514s] INFO:colcon.colcon_core.shell:Creating prefix script '/home/starry1n/WUTA/WUTA-SIM/install/local_setup.sh'
[2.514s] INFO:colcon.colcon_core.shell:Creating prefix util module '/home/starry1n/WUTA/WUTA-SIM/install/_local_setup_util_sh.py'
[2.515s] INFO:colcon.colcon_core.shell:Creating prefix chain script '/home/starry1n/WUTA/WUTA-SIM/install/setup.sh'
[2.516s] INFO:colcon.colcon_core.shell:Creating prefix script '/home/starry1n/WUTA/WUTA-SIM/install/local_setup.bash'
[2.516s] INFO:colcon.colcon_core.shell:Creating prefix chain script '/home/starry1n/WUTA/WUTA-SIM/install/setup.bash'
[2.518s] INFO:colcon.colcon_core.shell:Creating prefix script '/home/starry1n/WUTA/WUTA-SIM/install/local_setup.zsh'
[2.518s] INFO:colcon.colcon_core.shell:Creating prefix chain script '/home/starry1n/WUTA/WUTA-SIM/install/setup.zsh'
