[0.686s] Invoking command in '/home/starry1n/WUTA/WUTA-SIM/build/simulator_bringup': AMENT_PREFIX_PATH=/home/starry1n/WUTA/WUTA-SIM/install/vehicle_model:/home/starry1n/WUTA/WUTA-SIM/install/lidar_sim:/home/starry1n/WUTA/WUTA-SIM/install/can_simulator:${AMENT_PREFIX_PATH} PYTHONPATH=/home/starry1n/WUTA/WUTA-SIM/build/simulator_bringup/prefix_override:/usr/lib/python3/dist-packages/colcon_core/task/python/colcon_distutils_commands:/home/starry1n/WUTA/WUTA-SIM/install/simulator_bringup/lib/python3.10/site-packages:/home/starry1n/WUTA/WUTA-SIM/build/vehicle_model:/home/starry1n/WUTA/WUTA-SIM/install/vehicle_model/lib/python3.10/site-packages:/home/starry1n/WUTA/WUTA-SIM/build/lidar_sim:/home/starry1n/WUTA/WUTA-SIM/install/lidar_sim/lib/python3.10/site-packages:/home/starry1n/WUTA/WUTA-SIM/build/can_simulator:/home/starry1n/WUTA/WUTA-SIM/install/can_simulator/lib/python3.10/site-packages:${PYTHONPATH} /usr/bin/python3 -W ignore:setup.py install is deprecated -W ignore:easy_install command is deprecated setup.py develop --editable --build-directory /home/starry1n/WUTA/WUTA-SIM/build/simulator_bringup/build --no-deps symlink_data
[0.870s] running develop
[0.976s] running egg_info
[0.976s] creating simulator_bringup.egg-info
[0.976s] writing simulator_bringup.egg-info/PKG-INFO
[0.976s] writing dependency_links to simulator_bringup.egg-info/dependency_links.txt
[0.976s] writing entry points to simulator_bringup.egg-info/entry_points.txt
[0.976s] writing requirements to simulator_bringup.egg-info/requires.txt
[0.976s] writing top-level names to simulator_bringup.egg-info/top_level.txt
[0.976s] writing manifest file 'simulator_bringup.egg-info/SOURCES.txt'
[0.977s] reading manifest file 'simulator_bringup.egg-info/SOURCES.txt'
[0.977s] writing manifest file 'simulator_bringup.egg-info/SOURCES.txt'
[0.979s] running build_ext
[0.979s] Creating /home/starry1n/WUTA/WUTA-SIM/install/simulator_bringup/lib/python3.10/site-packages/simulator-bringup.egg-link (link to .)
[0.979s] Installing simulation_bridge script to /home/starry1n/WUTA/WUTA-SIM/install/simulator_bringup/lib/simulator_bringup
[0.980s] 
[0.980s] Installed /home/starry1n/WUTA/WUTA-SIM/build/simulator_bringup
[0.980s] running symlink_data
[0.980s] creating /home/starry1n/WUTA/WUTA-SIM/install/simulator_bringup/share/ament_index
[0.980s] creating /home/starry1n/WUTA/WUTA-SIM/install/simulator_bringup/share/ament_index/resource_index
[0.980s] creating /home/starry1n/WUTA/WUTA-SIM/install/simulator_bringup/share/ament_index/resource_index/packages
[0.980s] symbolically linking /home/starry1n/WUTA/WUTA-SIM/build/simulator_bringup/resource/simulator_bringup -> /home/starry1n/WUTA/WUTA-SIM/install/simulator_bringup/share/ament_index/resource_index/packages
[0.980s] symbolically linking /home/starry1n/WUTA/WUTA-SIM/build/simulator_bringup/package.xml -> /home/starry1n/WUTA/WUTA-SIM/install/simulator_bringup/share/simulator_bringup
[0.981s] creating /home/starry1n/WUTA/WUTA-SIM/install/simulator_bringup/share/simulator_bringup/launch
[0.981s] symbolically linking /home/starry1n/WUTA/WUTA-SIM/build/simulator_bringup/launch/simulator.launch.py -> /home/starry1n/WUTA/WUTA-SIM/install/simulator_bringup/share/simulator_bringup/launch
[0.981s] creating /home/starry1n/WUTA/WUTA-SIM/install/simulator_bringup/share/simulator_bringup/rviz
[0.981s] symbolically linking /home/starry1n/WUTA/WUTA-SIM/build/simulator_bringup/rviz/wuta_simulator.rviz -> /home/starry1n/WUTA/WUTA-SIM/install/simulator_bringup/share/simulator_bringup/rviz
[1.000s] Invoked command in '/home/starry1n/WUTA/WUTA-SIM/build/simulator_bringup' returned '0': AMENT_PREFIX_PATH=/home/starry1n/WUTA/WUTA-SIM/install/vehicle_model:/home/starry1n/WUTA/WUTA-SIM/install/lidar_sim:/home/starry1n/WUTA/WUTA-SIM/install/can_simulator:${AMENT_PREFIX_PATH} PYTHONPATH=/home/starry1n/WUTA/WUTA-SIM/build/simulator_bringup/prefix_override:/usr/lib/python3/dist-packages/colcon_core/task/python/colcon_distutils_commands:/home/starry1n/WUTA/WUTA-SIM/install/simulator_bringup/lib/python3.10/site-packages:/home/starry1n/WUTA/WUTA-SIM/build/vehicle_model:/home/starry1n/WUTA/WUTA-SIM/install/vehicle_model/lib/python3.10/site-packages:/home/starry1n/WUTA/WUTA-SIM/build/lidar_sim:/home/starry1n/WUTA/WUTA-SIM/install/lidar_sim/lib/python3.10/site-packages:/home/starry1n/WUTA/WUTA-SIM/build/can_simulator:/home/starry1n/WUTA/WUTA-SIM/install/can_simulator/lib/python3.10/site-packages:${PYTHONPATH} /usr/bin/python3 -W ignore:setup.py install is deprecated -W ignore:easy_install command is deprecated setup.py develop --editable --build-directory /home/starry1n/WUTA/WUTA-SIM/build/simulator_bringup/build --no-deps symlink_data
