[1.050s] Invoking command in '/home/starry1n/WUTA/WUTA-SIM/build/ins_simulator': PYTHONPATH=/home/starry1n/WUTA/WUTA-SIM/build/ins_simulator/prefix_override:/usr/lib/python3/dist-packages/colcon_core/task/python/colcon_distutils_commands:/home/starry1n/WUTA/WUTA-SIM/install/ins_simulator/lib/python3.10/site-packages:${PYTHONPATH} /usr/bin/python3 -W ignore:setup.py install is deprecated -W ignore:easy_install command is deprecated setup.py develop --editable --build-directory /home/starry1n/WUTA/WUTA-SIM/build/ins_simulator/build --no-deps symlink_data
[1.230s] running develop
[1.324s] running egg_info
[1.324s] creating ins_simulator.egg-info
[1.325s] writing ins_simulator.egg-info/PKG-INFO
[1.325s] writing dependency_links to ins_simulator.egg-info/dependency_links.txt
[1.331s] writing entry points to ins_simulator.egg-info/entry_points.txt
[1.331s] writing requirements to ins_simulator.egg-info/requires.txt
[1.331s] writing top-level names to ins_simulator.egg-info/top_level.txt
[1.331s] writing manifest file 'ins_simulator.egg-info/SOURCES.txt'
[1.332s] reading manifest file 'ins_simulator.egg-info/SOURCES.txt'
[1.332s] writing manifest file 'ins_simulator.egg-info/SOURCES.txt'
[1.334s] running build_ext
[1.334s] Creating /home/starry1n/WUTA/WUTA-SIM/install/ins_simulator/lib/python3.10/site-packages/ins-simulator.egg-link (link to .)
[1.334s] Installing ins_simulator script to /home/starry1n/WUTA/WUTA-SIM/install/ins_simulator/lib/ins_simulator
[1.334s] 
[1.334s] Installed /home/starry1n/WUTA/WUTA-SIM/build/ins_simulator
[1.334s] running symlink_data
[1.335s] creating /home/starry1n/WUTA/WUTA-SIM/install/ins_simulator/share/ament_index
[1.335s] creating /home/starry1n/WUTA/WUTA-SIM/install/ins_simulator/share/ament_index/resource_index
[1.335s] creating /home/starry1n/WUTA/WUTA-SIM/install/ins_simulator/share/ament_index/resource_index/packages
[1.335s] symbolically linking /home/starry1n/WUTA/WUTA-SIM/build/ins_simulator/resource/ins_simulator -> /home/starry1n/WUTA/WUTA-SIM/install/ins_simulator/share/ament_index/resource_index/packages
[1.335s] symbolically linking /home/starry1n/WUTA/WUTA-SIM/build/ins_simulator/package.xml -> /home/starry1n/WUTA/WUTA-SIM/install/ins_simulator/share/ins_simulator
[1.335s] creating /home/starry1n/WUTA/WUTA-SIM/install/ins_simulator/share/ins_simulator/launch
[1.336s] symbolically linking /home/starry1n/WUTA/WUTA-SIM/build/ins_simulator/launch/ins_simulator.launch.py -> /home/starry1n/WUTA/WUTA-SIM/install/ins_simulator/share/ins_simulator/launch
[1.370s] Invoked command in '/home/starry1n/WUTA/WUTA-SIM/build/ins_simulator' returned '0': PYTHONPATH=/home/starry1n/WUTA/WUTA-SIM/build/ins_simulator/prefix_override:/usr/lib/python3/dist-packages/colcon_core/task/python/colcon_distutils_commands:/home/starry1n/WUTA/WUTA-SIM/install/ins_simulator/lib/python3.10/site-packages:${PYTHONPATH} /usr/bin/python3 -W ignore:setup.py install is deprecated -W ignore:easy_install command is deprecated setup.py develop --editable --build-directory /home/starry1n/WUTA/WUTA-SIM/build/ins_simulator/build --no-deps symlink_data
