[0.066s] DEBUG:colcon:Command line arguments: ['/usr/bin/colcon', 'list', '--base-paths', 'WUTA-FSD/ros2_ws/src', '--names-only']
[0.066s] DEBUG:colcon:Parsed command line arguments: Namespace(log_base=None, log_level=None, verb_name='list', build_base='build', ignore_user_meta=False, metas=['./colcon.meta'], base_paths=['WUTA-FSD/ros2_ws/src'], packages_ignore=None, packages_ignore_regex=None, paths=None, packages_up_to=None, packages_up_to_regex=None, packages_above=None, packages_above_and_dependencies=None, packages_above_depth=None, packages_select_by_dep=None, packages_skip_by_dep=None, packages_skip_up_to=None, packages_select_build_failed=False, packages_skip_build_finished=False, packages_select_test_failures=False, packages_skip_test_passed=False, packages_select=None, packages_skip=None, packages_select_regex=None, packages_skip_regex=None, packages_start=None, packages_end=None, allow_overriding=[], topological_order=False, names_only=True, paths_only=False, topological_graph=False, topological_graph_dot=False, topological_graph_density=False, topological_graph_legend=False, topological_graph_dot_cluster=False, topological_graph_dot_include_skipped=False, verb_parser=<colcon_defaults.argument_parser.defaults.DefaultArgumentsDecorator object at 0x7769efc504c0>, verb_extension=<colcon_package_information.verb.list.ListVerb object at 0x7769efdce260>, main=<bound method ListVerb.main of <colcon_package_information.verb.list.ListVerb object at 0x7769efdce260>>)
[0.181s] Level 1:colcon.colcon_core.package_discovery:discover_packages(colcon_meta) check parameters
[0.181s] Level 1:colcon.colcon_core.package_discovery:discover_packages(recursive) check parameters
[0.181s] Level 1:colcon.colcon_core.package_discovery:discover_packages(ignore) check parameters
[0.181s] Level 1:colcon.colcon_core.package_discovery:discover_packages(path) check parameters
[0.181s] Level 1:colcon.colcon_core.package_discovery:discover_packages(recursive) discover
[0.181s] INFO:colcon.colcon_core.package_discovery:Crawling recursively for packages in '/home/starry1n/WUTA/WUTA-FSD/ros2_ws/src'
[0.181s] Level 1:colcon.colcon_core.package_identification:_identify(WUTA-FSD/ros2_ws/src) by extensions ['ignore', 'ignore_ament_install']
[0.181s] Level 1:colcon.colcon_core.package_identification:_identify(WUTA-FSD/ros2_ws/src) by extension 'ignore'
[0.181s] Level 1:colcon.colcon_core.package_identification:_identify(WUTA-FSD/ros2_ws/src) by extension 'ignore_ament_install'
[0.181s] Level 1:colcon.colcon_core.package_identification:_identify(WUTA-FSD/ros2_ws/src) by extensions ['colcon_pkg']
[0.181s] Level 1:colcon.colcon_core.package_identification:_identify(WUTA-FSD/ros2_ws/src) by extension 'colcon_pkg'
[0.181s] Level 1:colcon.colcon_core.package_identification:_identify(WUTA-FSD/ros2_ws/src) by extensions ['colcon_meta']
[0.181s] Level 1:colcon.colcon_core.package_identification:_identify(WUTA-FSD/ros2_ws/src) by extension 'colcon_meta'
[0.181s] Level 1:colcon.colcon_core.package_identification:_identify(WUTA-FSD/ros2_ws/src) by extensions ['ros']
[0.181s] Level 1:colcon.colcon_core.package_identification:_identify(WUTA-FSD/ros2_ws/src) by extension 'ros'
[0.190s] Level 1:colcon.colcon_core.package_identification:_identify(WUTA-FSD/ros2_ws/src) by extensions ['cmake', 'python']
[0.190s] Level 1:colcon.colcon_core.package_identification:_identify(WUTA-FSD/ros2_ws/src) by extension 'cmake'
[0.190s] Level 1:colcon.colcon_core.package_identification:_identify(WUTA-FSD/ros2_ws/src) by extension 'python'
[0.190s] Level 1:colcon.colcon_core.package_identification:_identify(WUTA-FSD/ros2_ws/src) by extensions ['python_setup_py']
[0.190s] Level 1:colcon.colcon_core.package_identification:_identify(WUTA-FSD/ros2_ws/src) by extension 'python_setup_py'
[0.190s] Level 1:colcon.colcon_core.package_identification:_identify(WUTA-FSD/ros2_ws/src/common) by extensions ['ignore', 'ignore_ament_install']
[0.190s] Level 1:colcon.colcon_core.package_identification:_identify(WUTA-FSD/ros2_ws/src/common) by extension 'ignore'
[0.190s] Level 1:colcon.colcon_core.package_identification:_identify(WUTA-FSD/ros2_ws/src/common) by extension 'ignore_ament_install'
[0.190s] Level 1:colcon.colcon_core.package_identification:_identify(WUTA-FSD/ros2_ws/src/common) by extensions ['colcon_pkg']
[0.190s] Level 1:colcon.colcon_core.package_identification:_identify(WUTA-FSD/ros2_ws/src/common) by extension 'colcon_pkg'
[0.190s] Level 1:colcon.colcon_core.package_identification:_identify(WUTA-FSD/ros2_ws/src/common) by extensions ['colcon_meta']
[0.190s] Level 1:colcon.colcon_core.package_identification:_identify(WUTA-FSD/ros2_ws/src/common) by extension 'colcon_meta'
[0.190s] Level 1:colcon.colcon_core.package_identification:_identify(WUTA-FSD/ros2_ws/src/common) by extensions ['ros']
[0.190s] Level 1:colcon.colcon_core.package_identification:_identify(WUTA-FSD/ros2_ws/src/common) by extension 'ros'
[0.190s] Level 1:colcon.colcon_core.package_identification:_identify(WUTA-FSD/ros2_ws/src/common) by extensions ['cmake', 'python']
[0.190s] Level 1:colcon.colcon_core.package_identification:_identify(WUTA-FSD/ros2_ws/src/common) by extension 'cmake'
[0.190s] Level 1:colcon.colcon_core.package_identification:_identify(WUTA-FSD/ros2_ws/src/common) by extension 'python'
[0.190s] Level 1:colcon.colcon_core.package_identification:_identify(WUTA-FSD/ros2_ws/src/common) by extensions ['python_setup_py']
[0.190s] Level 1:colcon.colcon_core.package_identification:_identify(WUTA-FSD/ros2_ws/src/common) by extension 'python_setup_py'
[0.191s] Level 1:colcon.colcon_core.package_identification:_identify(WUTA-FSD/ros2_ws/src/common/autoware_msgs) by extensions ['ignore', 'ignore_ament_install']
[0.191s] Level 1:colcon.colcon_core.package_identification:_identify(WUTA-FSD/ros2_ws/src/common/autoware_msgs) by extension 'ignore'
[0.191s] Level 1:colcon.colcon_core.package_identification:_identify(WUTA-FSD/ros2_ws/src/common/autoware_msgs) by extension 'ignore_ament_install'
[0.191s] Level 1:colcon.colcon_core.package_identification:_identify(WUTA-FSD/ros2_ws/src/common/autoware_msgs) by extensions ['colcon_pkg']
[0.191s] Level 1:colcon.colcon_core.package_identification:_identify(WUTA-FSD/ros2_ws/src/common/autoware_msgs) by extension 'colcon_pkg'
[0.191s] Level 1:colcon.colcon_core.package_identification:_identify(WUTA-FSD/ros2_ws/src/common/autoware_msgs) by extensions ['colcon_meta']
[0.191s] Level 1:colcon.colcon_core.package_identification:_identify(WUTA-FSD/ros2_ws/src/common/autoware_msgs) by extension 'colcon_meta'
[0.191s] Level 1:colcon.colcon_core.package_identification:_identify(WUTA-FSD/ros2_ws/src/common/autoware_msgs) by extensions ['ros']
[0.191s] Level 1:colcon.colcon_core.package_identification:_identify(WUTA-FSD/ros2_ws/src/common/autoware_msgs) by extension 'ros'
[0.193s] DEBUG:colcon.colcon_core.package_identification:Package 'WUTA-FSD/ros2_ws/src/common/autoware_msgs' with type 'ros.ament_cmake' and name 'autoware_msgs'
[0.193s] Level 1:colcon.colcon_core.package_identification:_identify(WUTA-FSD/ros2_ws/src/common/wuta_msgs) by extensions ['ignore', 'ignore_ament_install']
[0.193s] Level 1:colcon.colcon_core.package_identification:_identify(WUTA-FSD/ros2_ws/src/common/wuta_msgs) by extension 'ignore'
[0.193s] Level 1:colcon.colcon_core.package_identification:_identify(WUTA-FSD/ros2_ws/src/common/wuta_msgs) by extension 'ignore_ament_install'
[0.193s] Level 1:colcon.colcon_core.package_identification:_identify(WUTA-FSD/ros2_ws/src/common/wuta_msgs) by extensions ['colcon_pkg']
[0.193s] Level 1:colcon.colcon_core.package_identification:_identify(WUTA-FSD/ros2_ws/src/common/wuta_msgs) by extension 'colcon_pkg'
[0.193s] Level 1:colcon.colcon_core.package_identification:_identify(WUTA-FSD/ros2_ws/src/common/wuta_msgs) by extensions ['colcon_meta']
[0.193s] Level 1:colcon.colcon_core.package_identification:_identify(WUTA-FSD/ros2_ws/src/common/wuta_msgs) by extension 'colcon_meta'
[0.193s] Level 1:colcon.colcon_core.package_identification:_identify(WUTA-FSD/ros2_ws/src/common/wuta_msgs) by extensions ['ros']
[0.193s] Level 1:colcon.colcon_core.package_identification:_identify(WUTA-FSD/ros2_ws/src/common/wuta_msgs) by extension 'ros'
[0.194s] DEBUG:colcon.colcon_core.package_identification:Package 'WUTA-FSD/ros2_ws/src/common/wuta_msgs' with type 'ros.ament_cmake' and name 'wuta_msgs'
[0.194s] Level 1:colcon.colcon_core.package_identification:_identify(WUTA-FSD/ros2_ws/src/common/wuta_tools) by extensions ['ignore', 'ignore_ament_install']
[0.194s] Level 1:colcon.colcon_core.package_identification:_identify(WUTA-FSD/ros2_ws/src/common/wuta_tools) by extension 'ignore'
[0.194s] Level 1:colcon.colcon_core.package_identification:_identify(WUTA-FSD/ros2_ws/src/common/wuta_tools) by extension 'ignore_ament_install'
[0.194s] Level 1:colcon.colcon_core.package_identification:_identify(WUTA-FSD/ros2_ws/src/common/wuta_tools) by extensions ['colcon_pkg']
[0.194s] Level 1:colcon.colcon_core.package_identification:_identify(WUTA-FSD/ros2_ws/src/common/wuta_tools) by extension 'colcon_pkg'
[0.194s] Level 1:colcon.colcon_core.package_identification:_identify(WUTA-FSD/ros2_ws/src/common/wuta_tools) by extensions ['colcon_meta']
[0.194s] Level 1:colcon.colcon_core.package_identification:_identify(WUTA-FSD/ros2_ws/src/common/wuta_tools) by extension 'colcon_meta'
[0.194s] Level 1:colcon.colcon_core.package_identification:_identify(WUTA-FSD/ros2_ws/src/common/wuta_tools) by extensions ['ros']
[0.194s] Level 1:colcon.colcon_core.package_identification:_identify(WUTA-FSD/ros2_ws/src/common/wuta_tools) by extension 'ros'
[0.194s] DEBUG:colcon.colcon_core.package_identification:Package 'WUTA-FSD/ros2_ws/src/common/wuta_tools' with type 'ros.ament_cmake' and name 'wuta_tools'
[0.195s] Level 1:colcon.colcon_core.package_identification:_identify(WUTA-FSD/ros2_ws/src/control) by extensions ['ignore', 'ignore_ament_install']
[0.195s] Level 1:colcon.colcon_core.package_identification:_identify(WUTA-FSD/ros2_ws/src/control) by extension 'ignore'
[0.195s] Level 1:colcon.colcon_core.package_identification:_identify(WUTA-FSD/ros2_ws/src/control) by extension 'ignore_ament_install'
[0.195s] Level 1:colcon.colcon_core.package_identification:_identify(WUTA-FSD/ros2_ws/src/control) by extensions ['colcon_pkg']
[0.195s] Level 1:colcon.colcon_core.package_identification:_identify(WUTA-FSD/ros2_ws/src/control) by extension 'colcon_pkg'
[0.195s] Level 1:colcon.colcon_core.package_identification:_identify(WUTA-FSD/ros2_ws/src/control) by extensions ['colcon_meta']
[0.195s] Level 1:colcon.colcon_core.package_identification:_identify(WUTA-FSD/ros2_ws/src/control) by extension 'colcon_meta'
[0.195s] Level 1:colcon.colcon_core.package_identification:_identify(WUTA-FSD/ros2_ws/src/control) by extensions ['ros']
[0.195s] Level 1:colcon.colcon_core.package_identification:_identify(WUTA-FSD/ros2_ws/src/control) by extension 'ros'
[0.195s] Level 1:colcon.colcon_core.package_identification:_identify(WUTA-FSD/ros2_ws/src/control) by extensions ['cmake', 'python']
[0.195s] Level 1:colcon.colcon_core.package_identification:_identify(WUTA-FSD/ros2_ws/src/control) by extension 'cmake'
[0.195s] Level 1:colcon.colcon_core.package_identification:_identify(WUTA-FSD/ros2_ws/src/control) by extension 'python'
[0.195s] Level 1:colcon.colcon_core.package_identification:_identify(WUTA-FSD/ros2_ws/src/control) by extensions ['python_setup_py']
[0.195s] Level 1:colcon.colcon_core.package_identification:_identify(WUTA-FSD/ros2_ws/src/control) by extension 'python_setup_py'
[0.195s] Level 1:colcon.colcon_core.package_identification:_identify(WUTA-FSD/ros2_ws/src/control/controller) by extensions ['ignore', 'ignore_ament_install']
[0.195s] Level 1:colcon.colcon_core.package_identification:_identify(WUTA-FSD/ros2_ws/src/control/controller) by extension 'ignore'
[0.195s] Level 1:colcon.colcon_core.package_identification:_identify(WUTA-FSD/ros2_ws/src/control/controller) by extension 'ignore_ament_install'
[0.195s] Level 1:colcon.colcon_core.package_identification:_identify(WUTA-FSD/ros2_ws/src/control/controller) by extensions ['colcon_pkg']
[0.195s] Level 1:colcon.colcon_core.package_identification:_identify(WUTA-FSD/ros2_ws/src/control/controller) by extension 'colcon_pkg'
[0.195s] Level 1:colcon.colcon_core.package_identification:_identify(WUTA-FSD/ros2_ws/src/control/controller) by extensions ['colcon_meta']
[0.195s] Level 1:colcon.colcon_core.package_identification:_identify(WUTA-FSD/ros2_ws/src/control/controller) by extension 'colcon_meta'
[0.195s] Level 1:colcon.colcon_core.package_identification:_identify(WUTA-FSD/ros2_ws/src/control/controller) by extensions ['ros']
[0.195s] Level 1:colcon.colcon_core.package_identification:_identify(WUTA-FSD/ros2_ws/src/control/controller) by extension 'ros'
[0.196s] DEBUG:colcon.colcon_core.package_identification:Package 'WUTA-FSD/ros2_ws/src/control/controller' with type 'ros.ament_cmake' and name 'controller'
[0.196s] Level 1:colcon.colcon_core.package_identification:_identify(WUTA-FSD/ros2_ws/src/localization) by extensions ['ignore', 'ignore_ament_install']
[0.196s] Level 1:colcon.colcon_core.package_identification:_identify(WUTA-FSD/ros2_ws/src/localization) by extension 'ignore'
[0.196s] Level 1:colcon.colcon_core.package_identification:_identify(WUTA-FSD/ros2_ws/src/localization) by extension 'ignore_ament_install'
[0.196s] Level 1:colcon.colcon_core.package_identification:_identify(WUTA-FSD/ros2_ws/src/localization) by extensions ['colcon_pkg']
[0.196s] Level 1:colcon.colcon_core.package_identification:_identify(WUTA-FSD/ros2_ws/src/localization) by extension 'colcon_pkg'
[0.196s] Level 1:colcon.colcon_core.package_identification:_identify(WUTA-FSD/ros2_ws/src/localization) by extensions ['colcon_meta']
[0.196s] Level 1:colcon.colcon_core.package_identification:_identify(WUTA-FSD/ros2_ws/src/localization) by extension 'colcon_meta'
[0.196s] Level 1:colcon.colcon_core.package_identification:_identify(WUTA-FSD/ros2_ws/src/localization) by extensions ['ros']
[0.196s] Level 1:colcon.colcon_core.package_identification:_identify(WUTA-FSD/ros2_ws/src/localization) by extension 'ros'
[0.196s] Level 1:colcon.colcon_core.package_identification:_identify(WUTA-FSD/ros2_ws/src/localization) by extensions ['cmake', 'python']
[0.196s] Level 1:colcon.colcon_core.package_identification:_identify(WUTA-FSD/ros2_ws/src/localization) by extension 'cmake'
[0.196s] Level 1:colcon.colcon_core.package_identification:_identify(WUTA-FSD/ros2_ws/src/localization) by extension 'python'
[0.196s] Level 1:colcon.colcon_core.package_identification:_identify(WUTA-FSD/ros2_ws/src/localization) by extensions ['python_setup_py']
[0.196s] Level 1:colcon.colcon_core.package_identification:_identify(WUTA-FSD/ros2_ws/src/localization) by extension 'python_setup_py'
[0.196s] Level 1:colcon.colcon_core.package_identification:_identify(WUTA-FSD/ros2_ws/src/localization/kiss-icp) by extensions ['ignore', 'ignore_ament_install']
[0.196s] Level 1:colcon.colcon_core.package_identification:_identify(WUTA-FSD/ros2_ws/src/localization/kiss-icp) by extension 'ignore'
[0.196s] Level 1:colcon.colcon_core.package_identification:_identify(WUTA-FSD/ros2_ws/src/localization/kiss-icp) by extension 'ignore_ament_install'
[0.197s] Level 1:colcon.colcon_core.package_identification:_identify(WUTA-FSD/ros2_ws/src/localization/kiss-icp) by extensions ['colcon_pkg']
[0.197s] Level 1:colcon.colcon_core.package_identification:_identify(WUTA-FSD/ros2_ws/src/localization/kiss-icp) by extension 'colcon_pkg'
[0.197s] Level 1:colcon.colcon_core.package_identification:_identify(WUTA-FSD/ros2_ws/src/localization/kiss-icp) by extensions ['colcon_meta']
[0.197s] Level 1:colcon.colcon_core.package_identification:_identify(WUTA-FSD/ros2_ws/src/localization/kiss-icp) by extension 'colcon_meta'
[0.197s] Level 1:colcon.colcon_core.package_identification:_identify(WUTA-FSD/ros2_ws/src/localization/kiss-icp) by extensions ['ros']
[0.197s] Level 1:colcon.colcon_core.package_identification:_identify(WUTA-FSD/ros2_ws/src/localization/kiss-icp) by extension 'ros'
[0.197s] Level 1:colcon.colcon_core.package_identification:_identify(WUTA-FSD/ros2_ws/src/localization/kiss-icp) by extensions ['cmake', 'python']
[0.197s] Level 1:colcon.colcon_core.package_identification:_identify(WUTA-FSD/ros2_ws/src/localization/kiss-icp) by extension 'cmake'
[0.197s] Level 1:colcon.colcon_core.package_identification:_identify(WUTA-FSD/ros2_ws/src/localization/kiss-icp) by extension 'python'
[0.197s] Level 1:colcon.colcon_core.package_identification:_identify(WUTA-FSD/ros2_ws/src/localization/kiss-icp) by extensions ['python_setup_py']
[0.197s] Level 1:colcon.colcon_core.package_identification:_identify(WUTA-FSD/ros2_ws/src/localization/kiss-icp) by extension 'python_setup_py'
[0.197s] Level 1:colcon.colcon_core.package_identification:_identify(WUTA-FSD/ros2_ws/src/localization/kiss-icp/config) by extensions ['ignore', 'ignore_ament_install']
[0.197s] Level 1:colcon.colcon_core.package_identification:_identify(WUTA-FSD/ros2_ws/src/localization/kiss-icp/config) by extension 'ignore'
[0.197s] Level 1:colcon.colcon_core.package_identification:_identify(WUTA-FSD/ros2_ws/src/localization/kiss-icp/config) by extension 'ignore_ament_install'
[0.197s] Level 1:colcon.colcon_core.package_identification:_identify(WUTA-FSD/ros2_ws/src/localization/kiss-icp/config) by extensions ['colcon_pkg']
[0.197s] Level 1:colcon.colcon_core.package_identification:_identify(WUTA-FSD/ros2_ws/src/localization/kiss-icp/config) by extension 'colcon_pkg'
[0.197s] Level 1:colcon.colcon_core.package_identification:_identify(WUTA-FSD/ros2_ws/src/localization/kiss-icp/config) by extensions ['colcon_meta']
[0.197s] Level 1:colcon.colcon_core.package_identification:_identify(WUTA-FSD/ros2_ws/src/localization/kiss-icp/config) by extension 'colcon_meta'
[0.197s] Level 1:colcon.colcon_core.package_identification:_identify(WUTA-FSD/ros2_ws/src/localization/kiss-icp/config) by extensions ['ros']
[0.197s] Level 1:colcon.colcon_core.package_identification:_identify(WUTA-FSD/ros2_ws/src/localization/kiss-icp/config) by extension 'ros'
[0.197s] Level 1:colcon.colcon_core.package_identification:_identify(WUTA-FSD/ros2_ws/src/localization/kiss-icp/config) by extensions ['cmake', 'python']
[0.197s] Level 1:colcon.colcon_core.package_identification:_identify(WUTA-FSD/ros2_ws/src/localization/kiss-icp/config) by extension 'cmake'
[0.197s] Level 1:colcon.colcon_core.package_identification:_identify(WUTA-FSD/ros2_ws/src/localization/kiss-icp/config) by extension 'python'
[0.197s] Level 1:colcon.colcon_core.package_identification:_identify(WUTA-FSD/ros2_ws/src/localization/kiss-icp/config) by extensions ['python_setup_py']
[0.197s] Level 1:colcon.colcon_core.package_identification:_identify(WUTA-FSD/ros2_ws/src/localization/kiss-icp/config) by extension 'python_setup_py'
[0.197s] Level 1:colcon.colcon_core.package_identification:_identify(WUTA-FSD/ros2_ws/src/localization/kiss-icp/cpp) by extensions ['ignore', 'ignore_ament_install']
[0.197s] Level 1:colcon.colcon_core.package_identification:_identify(WUTA-FSD/ros2_ws/src/localization/kiss-icp/cpp) by extension 'ignore'
[0.197s] Level 1:colcon.colcon_core.package_identification:_identify(WUTA-FSD/ros2_ws/src/localization/kiss-icp/cpp) ignored
[0.197s] Level 1:colcon.colcon_core.package_identification:_identify(WUTA-FSD/ros2_ws/src/localization/kiss-icp/eval) by extensions ['ignore', 'ignore_ament_install']
[0.197s] Level 1:colcon.colcon_core.package_identification:_identify(WUTA-FSD/ros2_ws/src/localization/kiss-icp/eval) by extension 'ignore'
[0.198s] Level 1:colcon.colcon_core.package_identification:_identify(WUTA-FSD/ros2_ws/src/localization/kiss-icp/eval) by extension 'ignore_ament_install'
[0.198s] Level 1:colcon.colcon_core.package_identification:_identify(WUTA-FSD/ros2_ws/src/localization/kiss-icp/eval) by extensions ['colcon_pkg']
[0.198s] Level 1:colcon.colcon_core.package_identification:_identify(WUTA-FSD/ros2_ws/src/localization/kiss-icp/eval) by extension 'colcon_pkg'
[0.198s] Level 1:colcon.colcon_core.package_identification:_identify(WUTA-FSD/ros2_ws/src/localization/kiss-icp/eval) by extensions ['colcon_meta']
[0.198s] Level 1:colcon.colcon_core.package_identification:_identify(WUTA-FSD/ros2_ws/src/localization/kiss-icp/eval) by extension 'colcon_meta'
[0.198s] Level 1:colcon.colcon_core.package_identification:_identify(WUTA-FSD/ros2_ws/src/localization/kiss-icp/eval) by extensions ['ros']
[0.198s] Level 1:colcon.colcon_core.package_identification:_identify(WUTA-FSD/ros2_ws/src/localization/kiss-icp/eval) by extension 'ros'
[0.198s] Level 1:colcon.colcon_core.package_identification:_identify(WUTA-FSD/ros2_ws/src/localization/kiss-icp/eval) by extensions ['cmake', 'python']
[0.198s] Level 1:colcon.colcon_core.package_identification:_identify(WUTA-FSD/ros2_ws/src/localization/kiss-icp/eval) by extension 'cmake'
[0.198s] Level 1:colcon.colcon_core.package_identification:_identify(WUTA-FSD/ros2_ws/src/localization/kiss-icp/eval) by extension 'python'
[0.198s] Level 1:colcon.colcon_core.package_identification:_identify(WUTA-FSD/ros2_ws/src/localization/kiss-icp/eval) by extensions ['python_setup_py']
[0.198s] Level 1:colcon.colcon_core.package_identification:_identify(WUTA-FSD/ros2_ws/src/localization/kiss-icp/eval) by extension 'python_setup_py'
[0.198s] Level 1:colcon.colcon_core.package_identification:_identify(WUTA-FSD/ros2_ws/src/localization/kiss-icp/python) by extensions ['ignore', 'ignore_ament_install']
[0.198s] Level 1:colcon.colcon_core.package_identification:_identify(WUTA-FSD/ros2_ws/src/localization/kiss-icp/python) by extension 'ignore'
[0.198s] Level 1:colcon.colcon_core.package_identification:_identify(WUTA-FSD/ros2_ws/src/localization/kiss-icp/python) ignored
[0.198s] Level 1:colcon.colcon_core.package_identification:_identify(WUTA-FSD/ros2_ws/src/localization/kiss-icp/ros) by extensions ['ignore', 'ignore_ament_install']
[0.198s] Level 1:colcon.colcon_core.package_identification:_identify(WUTA-FSD/ros2_ws/src/localization/kiss-icp/ros) by extension 'ignore'
[0.198s] Level 1:colcon.colcon_core.package_identification:_identify(WUTA-FSD/ros2_ws/src/localization/kiss-icp/ros) by extension 'ignore_ament_install'
[0.198s] Level 1:colcon.colcon_core.package_identification:_identify(WUTA-FSD/ros2_ws/src/localization/kiss-icp/ros) by extensions ['colcon_pkg']
[0.198s] Level 1:colcon.colcon_core.package_identification:_identify(WUTA-FSD/ros2_ws/src/localization/kiss-icp/ros) by extension 'colcon_pkg'
[0.198s] Level 1:colcon.colcon_core.package_identification:_identify(WUTA-FSD/ros2_ws/src/localization/kiss-icp/ros) by extensions ['colcon_meta']
[0.198s] Level 1:colcon.colcon_core.package_identification:_identify(WUTA-FSD/ros2_ws/src/localization/kiss-icp/ros) by extension 'colcon_meta'
[0.198s] Level 1:colcon.colcon_core.package_identification:_identify(WUTA-FSD/ros2_ws/src/localization/kiss-icp/ros) by extensions ['ros']
[0.198s] Level 1:colcon.colcon_core.package_identification:_identify(WUTA-FSD/ros2_ws/src/localization/kiss-icp/ros) by extension 'ros'
[0.199s] DEBUG:colcon.colcon_core.package_identification:Package 'WUTA-FSD/ros2_ws/src/localization/kiss-icp/ros' with type 'ros.ament_cmake' and name 'kiss_icp'
[0.199s] Level 1:colcon.colcon_core.package_identification:_identify(WUTA-FSD/ros2_ws/src/localization/kiss_icp_wrapper) by extensions ['ignore', 'ignore_ament_install']
[0.199s] Level 1:colcon.colcon_core.package_identification:_identify(WUTA-FSD/ros2_ws/src/localization/kiss_icp_wrapper) by extension 'ignore'
[0.199s] Level 1:colcon.colcon_core.package_identification:_identify(WUTA-FSD/ros2_ws/src/localization/kiss_icp_wrapper) by extension 'ignore_ament_install'
[0.199s] Level 1:colcon.colcon_core.package_identification:_identify(WUTA-FSD/ros2_ws/src/localization/kiss_icp_wrapper) by extensions ['colcon_pkg']
[0.199s] Level 1:colcon.colcon_core.package_identification:_identify(WUTA-FSD/ros2_ws/src/localization/kiss_icp_wrapper) by extension 'colcon_pkg'
[0.200s] Level 1:colcon.colcon_core.package_identification:_identify(WUTA-FSD/ros2_ws/src/localization/kiss_icp_wrapper) by extensions ['colcon_meta']
[0.200s] Level 1:colcon.colcon_core.package_identification:_identify(WUTA-FSD/ros2_ws/src/localization/kiss_icp_wrapper) by extension 'colcon_meta'
[0.200s] Level 1:colcon.colcon_core.package_identification:_identify(WUTA-FSD/ros2_ws/src/localization/kiss_icp_wrapper) by extensions ['ros']
[0.200s] Level 1:colcon.colcon_core.package_identification:_identify(WUTA-FSD/ros2_ws/src/localization/kiss_icp_wrapper) by extension 'ros'
[0.200s] DEBUG:colcon.colcon_core.package_identification:Package 'WUTA-FSD/ros2_ws/src/localization/kiss_icp_wrapper' with type 'ros.ament_cmake' and name 'kiss_icp_wrapper'
[0.200s] Level 1:colcon.colcon_core.package_identification:_identify(WUTA-FSD/ros2_ws/src/localization/localization_manager) by extensions ['ignore', 'ignore_ament_install']
[0.200s] Level 1:colcon.colcon_core.package_identification:_identify(WUTA-FSD/ros2_ws/src/localization/localization_manager) by extension 'ignore'
[0.200s] Level 1:colcon.colcon_core.package_identification:_identify(WUTA-FSD/ros2_ws/src/localization/localization_manager) by extension 'ignore_ament_install'
[0.200s] Level 1:colcon.colcon_core.package_identification:_identify(WUTA-FSD/ros2_ws/src/localization/localization_manager) by extensions ['colcon_pkg']
[0.200s] Level 1:colcon.colcon_core.package_identification:_identify(WUTA-FSD/ros2_ws/src/localization/localization_manager) by extension 'colcon_pkg'
[0.200s] Level 1:colcon.colcon_core.package_identification:_identify(WUTA-FSD/ros2_ws/src/localization/localization_manager) by extensions ['colcon_meta']
[0.200s] Level 1:colcon.colcon_core.package_identification:_identify(WUTA-FSD/ros2_ws/src/localization/localization_manager) by extension 'colcon_meta'
[0.200s] Level 1:colcon.colcon_core.package_identification:_identify(WUTA-FSD/ros2_ws/src/localization/localization_manager) by extensions ['ros']
[0.200s] Level 1:colcon.colcon_core.package_identification:_identify(WUTA-FSD/ros2_ws/src/localization/localization_manager) by extension 'ros'
[0.201s] DEBUG:colcon.colcon_core.package_identification:Package 'WUTA-FSD/ros2_ws/src/localization/localization_manager' with type 'ros.ament_cmake' and name 'localization_manager'
[0.201s] Level 1:colcon.colcon_core.package_identification:_identify(WUTA-FSD/ros2_ws/src/localization/ndt_localization) by extensions ['ignore', 'ignore_ament_install']
[0.201s] Level 1:colcon.colcon_core.package_identification:_identify(WUTA-FSD/ros2_ws/src/localization/ndt_localization) by extension 'ignore'
[0.201s] Level 1:colcon.colcon_core.package_identification:_identify(WUTA-FSD/ros2_ws/src/localization/ndt_localization) by extension 'ignore_ament_install'
[0.201s] Level 1:colcon.colcon_core.package_identification:_identify(WUTA-FSD/ros2_ws/src/localization/ndt_localization) by extensions ['colcon_pkg']
[0.201s] Level 1:colcon.colcon_core.package_identification:_identify(WUTA-FSD/ros2_ws/src/localization/ndt_localization) by extension 'colcon_pkg'
[0.201s] Level 1:colcon.colcon_core.package_identification:_identify(WUTA-FSD/ros2_ws/src/localization/ndt_localization) by extensions ['colcon_meta']
[0.201s] Level 1:colcon.colcon_core.package_identification:_identify(WUTA-FSD/ros2_ws/src/localization/ndt_localization) by extension 'colcon_meta'
[0.201s] Level 1:colcon.colcon_core.package_identification:_identify(WUTA-FSD/ros2_ws/src/localization/ndt_localization) by extensions ['ros']
[0.201s] Level 1:colcon.colcon_core.package_identification:_identify(WUTA-FSD/ros2_ws/src/localization/ndt_localization) by extension 'ros'
[0.202s] DEBUG:colcon.colcon_core.package_identification:Package 'WUTA-FSD/ros2_ws/src/localization/ndt_localization' with type 'ros.ament_cmake' and name 'ndt_localization'
[0.202s] Level 1:colcon.colcon_core.package_identification:_identify(WUTA-FSD/ros2_ws/src/localization/robot_localization) by extensions ['ignore', 'ignore_ament_install']
[0.202s] Level 1:colcon.colcon_core.package_identification:_identify(WUTA-FSD/ros2_ws/src/localization/robot_localization) by extension 'ignore'
[0.202s] Level 1:colcon.colcon_core.package_identification:_identify(WUTA-FSD/ros2_ws/src/localization/robot_localization) by extension 'ignore_ament_install'
[0.202s] Level 1:colcon.colcon_core.package_identification:_identify(WUTA-FSD/ros2_ws/src/localization/robot_localization) by extensions ['colcon_pkg']
[0.202s] Level 1:colcon.colcon_core.package_identification:_identify(WUTA-FSD/ros2_ws/src/localization/robot_localization) by extension 'colcon_pkg'
[0.202s] Level 1:colcon.colcon_core.package_identification:_identify(WUTA-FSD/ros2_ws/src/localization/robot_localization) by extensions ['colcon_meta']
[0.202s] Level 1:colcon.colcon_core.package_identification:_identify(WUTA-FSD/ros2_ws/src/localization/robot_localization) by extension 'colcon_meta'
[0.202s] Level 1:colcon.colcon_core.package_identification:_identify(WUTA-FSD/ros2_ws/src/localization/robot_localization) by extensions ['ros']
[0.202s] Level 1:colcon.colcon_core.package_identification:_identify(WUTA-FSD/ros2_ws/src/localization/robot_localization) by extension 'ros'
[0.204s] DEBUG:colcon.colcon_core.package_identification:Package 'WUTA-FSD/ros2_ws/src/localization/robot_localization' with type 'ros.ament_cmake' and name 'robot_localization'
[0.204s] Level 1:colcon.colcon_core.package_identification:_identify(WUTA-FSD/ros2_ws/src/mapping) by extensions ['ignore', 'ignore_ament_install']
[0.204s] Level 1:colcon.colcon_core.package_identification:_identify(WUTA-FSD/ros2_ws/src/mapping) by extension 'ignore'
[0.204s] Level 1:colcon.colcon_core.package_identification:_identify(WUTA-FSD/ros2_ws/src/mapping) by extension 'ignore_ament_install'
[0.204s] Level 1:colcon.colcon_core.package_identification:_identify(WUTA-FSD/ros2_ws/src/mapping) by extensions ['colcon_pkg']
[0.204s] Level 1:colcon.colcon_core.package_identification:_identify(WUTA-FSD/ros2_ws/src/mapping) by extension 'colcon_pkg'
[0.204s] Level 1:colcon.colcon_core.package_identification:_identify(WUTA-FSD/ros2_ws/src/mapping) by extensions ['colcon_meta']
[0.204s] Level 1:colcon.colcon_core.package_identification:_identify(WUTA-FSD/ros2_ws/src/mapping) by extension 'colcon_meta'
[0.204s] Level 1:colcon.colcon_core.package_identification:_identify(WUTA-FSD/ros2_ws/src/mapping) by extensions ['ros']
[0.204s] Level 1:colcon.colcon_core.package_identification:_identify(WUTA-FSD/ros2_ws/src/mapping) by extension 'ros'
[0.204s] Level 1:colcon.colcon_core.package_identification:_identify(WUTA-FSD/ros2_ws/src/mapping) by extensions ['cmake', 'python']
[0.204s] Level 1:colcon.colcon_core.package_identification:_identify(WUTA-FSD/ros2_ws/src/mapping) by extension 'cmake'
[0.204s] Level 1:colcon.colcon_core.package_identification:_identify(WUTA-FSD/ros2_ws/src/mapping) by extension 'python'
[0.204s] Level 1:colcon.colcon_core.package_identification:_identify(WUTA-FSD/ros2_ws/src/mapping) by extensions ['python_setup_py']
[0.204s] Level 1:colcon.colcon_core.package_identification:_identify(WUTA-FSD/ros2_ws/src/mapping) by extension 'python_setup_py'
[0.204s] Level 1:colcon.colcon_core.package_identification:_identify(WUTA-FSD/ros2_ws/src/mapping/cone_map_builder) by extensions ['ignore', 'ignore_ament_install']
[0.204s] Level 1:colcon.colcon_core.package_identification:_identify(WUTA-FSD/ros2_ws/src/mapping/cone_map_builder) by extension 'ignore'
[0.204s] Level 1:colcon.colcon_core.package_identification:_identify(WUTA-FSD/ros2_ws/src/mapping/cone_map_builder) by extension 'ignore_ament_install'
[0.204s] Level 1:colcon.colcon_core.package_identification:_identify(WUTA-FSD/ros2_ws/src/mapping/cone_map_builder) by extensions ['colcon_pkg']
[0.204s] Level 1:colcon.colcon_core.package_identification:_identify(WUTA-FSD/ros2_ws/src/mapping/cone_map_builder) by extension 'colcon_pkg'
[0.204s] Level 1:colcon.colcon_core.package_identification:_identify(WUTA-FSD/ros2_ws/src/mapping/cone_map_builder) by extensions ['colcon_meta']
[0.204s] Level 1:colcon.colcon_core.package_identification:_identify(WUTA-FSD/ros2_ws/src/mapping/cone_map_builder) by extension 'colcon_meta'
[0.204s] Level 1:colcon.colcon_core.package_identification:_identify(WUTA-FSD/ros2_ws/src/mapping/cone_map_builder) by extensions ['ros']
[0.204s] Level 1:colcon.colcon_core.package_identification:_identify(WUTA-FSD/ros2_ws/src/mapping/cone_map_builder) by extension 'ros'
[0.205s] DEBUG:colcon.colcon_core.package_identification:Package 'WUTA-FSD/ros2_ws/src/mapping/cone_map_builder' with type 'ros.ament_cmake' and name 'cone_map_builder'
[0.205s] Level 1:colcon.colcon_core.package_identification:_identify(WUTA-FSD/ros2_ws/src/perception) by extensions ['ignore', 'ignore_ament_install']
[0.205s] Level 1:colcon.colcon_core.package_identification:_identify(WUTA-FSD/ros2_ws/src/perception) by extension 'ignore'
[0.205s] Level 1:colcon.colcon_core.package_identification:_identify(WUTA-FSD/ros2_ws/src/perception) by extension 'ignore_ament_install'
[0.205s] Level 1:colcon.colcon_core.package_identification:_identify(WUTA-FSD/ros2_ws/src/perception) by extensions ['colcon_pkg']
[0.205s] Level 1:colcon.colcon_core.package_identification:_identify(WUTA-FSD/ros2_ws/src/perception) by extension 'colcon_pkg'
[0.205s] Level 1:colcon.colcon_core.package_identification:_identify(WUTA-FSD/ros2_ws/src/perception) by extensions ['colcon_meta']
[0.205s] Level 1:colcon.colcon_core.package_identification:_identify(WUTA-FSD/ros2_ws/src/perception) by extension 'colcon_meta'
[0.205s] Level 1:colcon.colcon_core.package_identification:_identify(WUTA-FSD/ros2_ws/src/perception) by extensions ['ros']
[0.205s] Level 1:colcon.colcon_core.package_identification:_identify(WUTA-FSD/ros2_ws/src/perception) by extension 'ros'
[0.206s] Level 1:colcon.colcon_core.package_identification:_identify(WUTA-FSD/ros2_ws/src/perception) by extensions ['cmake', 'python']
[0.206s] Level 1:colcon.colcon_core.package_identification:_identify(WUTA-FSD/ros2_ws/src/perception) by extension 'cmake'
[0.206s] Level 1:colcon.colcon_core.package_identification:_identify(WUTA-FSD/ros2_ws/src/perception) by extension 'python'
[0.206s] Level 1:colcon.colcon_core.package_identification:_identify(WUTA-FSD/ros2_ws/src/perception) by extensions ['python_setup_py']
[0.206s] Level 1:colcon.colcon_core.package_identification:_identify(WUTA-FSD/ros2_ws/src/perception) by extension 'python_setup_py'
[0.206s] Level 1:colcon.colcon_core.package_identification:_identify(WUTA-FSD/ros2_ws/src/perception/camera_detection) by extensions ['ignore', 'ignore_ament_install']
[0.206s] Level 1:colcon.colcon_core.package_identification:_identify(WUTA-FSD/ros2_ws/src/perception/camera_detection) by extension 'ignore'
[0.206s] Level 1:colcon.colcon_core.package_identification:_identify(WUTA-FSD/ros2_ws/src/perception/camera_detection) by extension 'ignore_ament_install'
[0.206s] Level 1:colcon.colcon_core.package_identification:_identify(WUTA-FSD/ros2_ws/src/perception/camera_detection) by extensions ['colcon_pkg']
[0.206s] Level 1:colcon.colcon_core.package_identification:_identify(WUTA-FSD/ros2_ws/src/perception/camera_detection) by extension 'colcon_pkg'
[0.206s] Level 1:colcon.colcon_core.package_identification:_identify(WUTA-FSD/ros2_ws/src/perception/camera_detection) by extensions ['colcon_meta']
[0.206s] Level 1:colcon.colcon_core.package_identification:_identify(WUTA-FSD/ros2_ws/src/perception/camera_detection) by extension 'colcon_meta'
[0.206s] Level 1:colcon.colcon_core.package_identification:_identify(WUTA-FSD/ros2_ws/src/perception/camera_detection) by extensions ['ros']
[0.206s] Level 1:colcon.colcon_core.package_identification:_identify(WUTA-FSD/ros2_ws/src/perception/camera_detection) by extension 'ros'
[0.206s] DEBUG:colcon.colcon_core.package_identification:Package 'WUTA-FSD/ros2_ws/src/perception/camera_detection' with type 'ros.ament_cmake' and name 'camera_detection'
[0.206s] Level 1:colcon.colcon_core.package_identification:_identify(WUTA-FSD/ros2_ws/src/perception/detection_fusion) by extensions ['ignore', 'ignore_ament_install']
[0.207s] Level 1:colcon.colcon_core.package_identification:_identify(WUTA-FSD/ros2_ws/src/perception/detection_fusion) by extension 'ignore'
[0.207s] Level 1:colcon.colcon_core.package_identification:_identify(WUTA-FSD/ros2_ws/src/perception/detection_fusion) by extension 'ignore_ament_install'
[0.207s] Level 1:colcon.colcon_core.package_identification:_identify(WUTA-FSD/ros2_ws/src/perception/detection_fusion) by extensions ['colcon_pkg']
[0.207s] Level 1:colcon.colcon_core.package_identification:_identify(WUTA-FSD/ros2_ws/src/perception/detection_fusion) by extension 'colcon_pkg'
[0.207s] Level 1:colcon.colcon_core.package_identification:_identify(WUTA-FSD/ros2_ws/src/perception/detection_fusion) by extensions ['colcon_meta']
[0.207s] Level 1:colcon.colcon_core.package_identification:_identify(WUTA-FSD/ros2_ws/src/perception/detection_fusion) by extension 'colcon_meta'
[0.207s] Level 1:colcon.colcon_core.package_identification:_identify(WUTA-FSD/ros2_ws/src/perception/detection_fusion) by extensions ['ros']
[0.207s] Level 1:colcon.colcon_core.package_identification:_identify(WUTA-FSD/ros2_ws/src/perception/detection_fusion) by extension 'ros'
[0.207s] DEBUG:colcon.colcon_core.package_identification:Package 'WUTA-FSD/ros2_ws/src/perception/detection_fusion' with type 'ros.ament_cmake' and name 'detection_fusion'
[0.207s] Level 1:colcon.colcon_core.package_identification:_identify(WUTA-FSD/ros2_ws/src/perception/lidar_detection) by extensions ['ignore', 'ignore_ament_install']
[0.207s] Level 1:colcon.colcon_core.package_identification:_identify(WUTA-FSD/ros2_ws/src/perception/lidar_detection) by extension 'ignore'
[0.207s] Level 1:colcon.colcon_core.package_identification:_identify(WUTA-FSD/ros2_ws/src/perception/lidar_detection) by extension 'ignore_ament_install'
[0.207s] Level 1:colcon.colcon_core.package_identification:_identify(WUTA-FSD/ros2_ws/src/perception/lidar_detection) by extensions ['colcon_pkg']
[0.207s] Level 1:colcon.colcon_core.package_identification:_identify(WUTA-FSD/ros2_ws/src/perception/lidar_detection) by extension 'colcon_pkg'
[0.207s] Level 1:colcon.colcon_core.package_identification:_identify(WUTA-FSD/ros2_ws/src/perception/lidar_detection) by extensions ['colcon_meta']
[0.207s] Level 1:colcon.colcon_core.package_identification:_identify(WUTA-FSD/ros2_ws/src/perception/lidar_detection) by extension 'colcon_meta'
[0.207s] Level 1:colcon.colcon_core.package_identification:_identify(WUTA-FSD/ros2_ws/src/perception/lidar_detection) by extensions ['ros']
[0.207s] Level 1:colcon.colcon_core.package_identification:_identify(WUTA-FSD/ros2_ws/src/perception/lidar_detection) by extension 'ros'
[0.208s] DEBUG:colcon.colcon_core.package_identification:Package 'WUTA-FSD/ros2_ws/src/perception/lidar_detection' with type 'ros.ament_cmake' and name 'lidar_detection'
[0.208s] Level 1:colcon.colcon_core.package_identification:_identify(WUTA-FSD/ros2_ws/src/planning) by extensions ['ignore', 'ignore_ament_install']
[0.208s] Level 1:colcon.colcon_core.package_identification:_identify(WUTA-FSD/ros2_ws/src/planning) by extension 'ignore'
[0.208s] Level 1:colcon.colcon_core.package_identification:_identify(WUTA-FSD/ros2_ws/src/planning) by extension 'ignore_ament_install'
[0.208s] Level 1:colcon.colcon_core.package_identification:_identify(WUTA-FSD/ros2_ws/src/planning) by extensions ['colcon_pkg']
[0.208s] Level 1:colcon.colcon_core.package_identification:_identify(WUTA-FSD/ros2_ws/src/planning) by extension 'colcon_pkg'
[0.208s] Level 1:colcon.colcon_core.package_identification:_identify(WUTA-FSD/ros2_ws/src/planning) by extensions ['colcon_meta']
[0.208s] Level 1:colcon.colcon_core.package_identification:_identify(WUTA-FSD/ros2_ws/src/planning) by extension 'colcon_meta'
[0.208s] Level 1:colcon.colcon_core.package_identification:_identify(WUTA-FSD/ros2_ws/src/planning) by extensions ['ros']
[0.208s] Level 1:colcon.colcon_core.package_identification:_identify(WUTA-FSD/ros2_ws/src/planning) by extension 'ros'
[0.208s] Level 1:colcon.colcon_core.package_identification:_identify(WUTA-FSD/ros2_ws/src/planning) by extensions ['cmake', 'python']
[0.208s] Level 1:colcon.colcon_core.package_identification:_identify(WUTA-FSD/ros2_ws/src/planning) by extension 'cmake'
[0.208s] Level 1:colcon.colcon_core.package_identification:_identify(WUTA-FSD/ros2_ws/src/planning) by extension 'python'
[0.208s] Level 1:colcon.colcon_core.package_identification:_identify(WUTA-FSD/ros2_ws/src/planning) by extensions ['python_setup_py']
[0.208s] Level 1:colcon.colcon_core.package_identification:_identify(WUTA-FSD/ros2_ws/src/planning) by extension 'python_setup_py'
[0.208s] Level 1:colcon.colcon_core.package_identification:_identify(WUTA-FSD/ros2_ws/src/planning/boundary_detector) by extensions ['ignore', 'ignore_ament_install']
[0.209s] Level 1:colcon.colcon_core.package_identification:_identify(WUTA-FSD/ros2_ws/src/planning/boundary_detector) by extension 'ignore'
[0.209s] Level 1:colcon.colcon_core.package_identification:_identify(WUTA-FSD/ros2_ws/src/planning/boundary_detector) by extension 'ignore_ament_install'
[0.209s] Level 1:colcon.colcon_core.package_identification:_identify(WUTA-FSD/ros2_ws/src/planning/boundary_detector) by extensions ['colcon_pkg']
[0.209s] Level 1:colcon.colcon_core.package_identification:_identify(WUTA-FSD/ros2_ws/src/planning/boundary_detector) by extension 'colcon_pkg'
[0.209s] Level 1:colcon.colcon_core.package_identification:_identify(WUTA-FSD/ros2_ws/src/planning/boundary_detector) by extensions ['colcon_meta']
[0.209s] Level 1:colcon.colcon_core.package_identification:_identify(WUTA-FSD/ros2_ws/src/planning/boundary_detector) by extension 'colcon_meta'
[0.209s] Level 1:colcon.colcon_core.package_identification:_identify(WUTA-FSD/ros2_ws/src/planning/boundary_detector) by extensions ['ros']
[0.209s] Level 1:colcon.colcon_core.package_identification:_identify(WUTA-FSD/ros2_ws/src/planning/boundary_detector) by extension 'ros'
[0.209s] DEBUG:colcon.colcon_core.package_identification:Package 'WUTA-FSD/ros2_ws/src/planning/boundary_detector' with type 'ros.ament_cmake' and name 'boundary_detector'
[0.209s] Level 1:colcon.colcon_core.package_identification:_identify(WUTA-FSD/ros2_ws/src/planning/path_generator) by extensions ['ignore', 'ignore_ament_install']
[0.209s] Level 1:colcon.colcon_core.package_identification:_identify(WUTA-FSD/ros2_ws/src/planning/path_generator) by extension 'ignore'
[0.209s] Level 1:colcon.colcon_core.package_identification:_identify(WUTA-FSD/ros2_ws/src/planning/path_generator) by extension 'ignore_ament_install'
[0.209s] Level 1:colcon.colcon_core.package_identification:_identify(WUTA-FSD/ros2_ws/src/planning/path_generator) by extensions ['colcon_pkg']
[0.209s] Level 1:colcon.colcon_core.package_identification:_identify(WUTA-FSD/ros2_ws/src/planning/path_generator) by extension 'colcon_pkg'
[0.209s] Level 1:colcon.colcon_core.package_identification:_identify(WUTA-FSD/ros2_ws/src/planning/path_generator) by extensions ['colcon_meta']
[0.209s] Level 1:colcon.colcon_core.package_identification:_identify(WUTA-FSD/ros2_ws/src/planning/path_generator) by extension 'colcon_meta'
[0.209s] Level 1:colcon.colcon_core.package_identification:_identify(WUTA-FSD/ros2_ws/src/planning/path_generator) by extensions ['ros']
[0.209s] Level 1:colcon.colcon_core.package_identification:_identify(WUTA-FSD/ros2_ws/src/planning/path_generator) by extension 'ros'
[0.210s] DEBUG:colcon.colcon_core.package_identification:Package 'WUTA-FSD/ros2_ws/src/planning/path_generator' with type 'ros.ament_cmake' and name 'path_generator'
[0.210s] Level 1:colcon.colcon_core.package_identification:_identify(WUTA-FSD/ros2_ws/src/system) by extensions ['ignore', 'ignore_ament_install']
[0.210s] Level 1:colcon.colcon_core.package_identification:_identify(WUTA-FSD/ros2_ws/src/system) by extension 'ignore'
[0.210s] Level 1:colcon.colcon_core.package_identification:_identify(WUTA-FSD/ros2_ws/src/system) by extension 'ignore_ament_install'
[0.210s] Level 1:colcon.colcon_core.package_identification:_identify(WUTA-FSD/ros2_ws/src/system) by extensions ['colcon_pkg']
[0.210s] Level 1:colcon.colcon_core.package_identification:_identify(WUTA-FSD/ros2_ws/src/system) by extension 'colcon_pkg'
[0.210s] Level 1:colcon.colcon_core.package_identification:_identify(WUTA-FSD/ros2_ws/src/system) by extensions ['colcon_meta']
[0.210s] Level 1:colcon.colcon_core.package_identification:_identify(WUTA-FSD/ros2_ws/src/system) by extension 'colcon_meta'
[0.210s] Level 1:colcon.colcon_core.package_identification:_identify(WUTA-FSD/ros2_ws/src/system) by extensions ['ros']
[0.210s] Level 1:colcon.colcon_core.package_identification:_identify(WUTA-FSD/ros2_ws/src/system) by extension 'ros'
[0.210s] Level 1:colcon.colcon_core.package_identification:_identify(WUTA-FSD/ros2_ws/src/system) by extensions ['cmake', 'python']
[0.210s] Level 1:colcon.colcon_core.package_identification:_identify(WUTA-FSD/ros2_ws/src/system) by extension 'cmake'
[0.210s] Level 1:colcon.colcon_core.package_identification:_identify(WUTA-FSD/ros2_ws/src/system) by extension 'python'
[0.210s] Level 1:colcon.colcon_core.package_identification:_identify(WUTA-FSD/ros2_ws/src/system) by extensions ['python_setup_py']
[0.210s] Level 1:colcon.colcon_core.package_identification:_identify(WUTA-FSD/ros2_ws/src/system) by extension 'python_setup_py'
[0.210s] Level 1:colcon.colcon_core.package_identification:_identify(WUTA-FSD/ros2_ws/src/system/mission_manager) by extensions ['ignore', 'ignore_ament_install']
[0.211s] Level 1:colcon.colcon_core.package_identification:_identify(WUTA-FSD/ros2_ws/src/system/mission_manager) by extension 'ignore'
[0.211s] Level 1:colcon.colcon_core.package_identification:_identify(WUTA-FSD/ros2_ws/src/system/mission_manager) by extension 'ignore_ament_install'
[0.211s] Level 1:colcon.colcon_core.package_identification:_identify(WUTA-FSD/ros2_ws/src/system/mission_manager) by extensions ['colcon_pkg']
[0.211s] Level 1:colcon.colcon_core.package_identification:_identify(WUTA-FSD/ros2_ws/src/system/mission_manager) by extension 'colcon_pkg'
[0.211s] Level 1:colcon.colcon_core.package_identification:_identify(WUTA-FSD/ros2_ws/src/system/mission_manager) by extensions ['colcon_meta']
[0.211s] Level 1:colcon.colcon_core.package_identification:_identify(WUTA-FSD/ros2_ws/src/system/mission_manager) by extension 'colcon_meta'
[0.211s] Level 1:colcon.colcon_core.package_identification:_identify(WUTA-FSD/ros2_ws/src/system/mission_manager) by extensions ['ros']
[0.211s] Level 1:colcon.colcon_core.package_identification:_identify(WUTA-FSD/ros2_ws/src/system/mission_manager) by extension 'ros'
[0.211s] DEBUG:colcon.colcon_core.package_identification:Package 'WUTA-FSD/ros2_ws/src/system/mission_manager' with type 'ros.ament_cmake' and name 'mission_manager'
[0.211s] Level 1:colcon.colcon_core.package_discovery:discover_packages(recursive) using defaults
