[0.052s] Invoking command in '/home/starry1n/WUTA/build/boundary_detector': CMAKE_PREFIX_PATH=${CMAKE_PREFIX_PATH}:/home/starry1n/WUTA/install/simulator_bringup:/home/starry1n/WUTA/install/vehicle_model:/home/starry1n/WUTA/install/lidar_sim:/home/starry1n/WUTA/install/can_simulator:/opt/ros/humble /usr/bin/cmake /home/starry1n/WUTA/WUTA-FSD/ros2_ws/src/planning/boundary_detector -DAMENT_CMAKE_SYMLINK_INSTALL=1 -DCMAKE_INSTALL_PREFIX=/home/starry1n/WUTA/install/boundary_detector
[0.076s] CMake Deprecation Warning at CMakeLists.txt:1 (cmake_minimum_required):
[0.076s]   Compatibility with CMake < 3.10 will be removed from a future version of
[0.076s]   CMake.
[0.076s] 
[0.077s]   Update the VERSION argument <min> value.  Or, use the <min>...<max> syntax
[0.077s]   to tell CMake that the project requires at least <min> but has been updated
[0.077s]   to work with policies introduced by <max> or earlier.
[0.077s] 
[0.077s] 
[0.172s] -- The C compiler identification is GNU 11.4.0
[0.310s] -- The CXX compiler identification is GNU 11.4.0
[0.326s] -- Detecting C compiler ABI info
[0.498s] -- Detecting C compiler ABI info - done
[0.531s] -- Check for working C compiler: /usr/bin/cc - skipped
[0.531s] -- Detecting C compile features
[0.533s] -- Detecting C compile features - done
[0.564s] -- Detecting CXX compiler ABI info
[0.762s] -- Detecting CXX compiler ABI info - done
[0.796s] -- Check for working CXX compiler: /usr/bin/c++ - skipped
[0.797s] -- Detecting CXX compile features
[0.798s] -- Detecting CXX compile features - done
[0.819s] -- Found ament_cmake: 1.3.14 (/opt/ros/humble/share/ament_cmake/cmake)
[1.089s] -- Found Python3: /usr/bin/python3 (found version "3.10.12") found components: Interpreter
[1.217s] -- Override CMake install command with custom implementation using symlinks instead of copying resources
[1.275s] -- Found rclcpp: 16.0.19 (/opt/ros/humble/share/rclcpp/cmake)
[1.361s] -- Found rosidl_generator_c: 3.1.9 (/opt/ros/humble/share/rosidl_generator_c/cmake)
[1.371s] -- Found rosidl_adapter: 3.1.9 (/opt/ros/humble/share/rosidl_adapter/cmake)
[1.388s] -- Found rosidl_generator_cpp: 3.1.9 (/opt/ros/humble/share/rosidl_generator_cpp/cmake)
[1.411s] -- Using all available rosidl_typesupport_c: rosidl_typesupport_fastrtps_c;rosidl_typesupport_introspection_c
[1.444s] -- Using all available rosidl_typesupport_cpp: rosidl_typesupport_fastrtps_cpp;rosidl_typesupport_introspection_cpp
[1.555s] -- Found rmw_implementation_cmake: 6.1.2 (/opt/ros/humble/share/rmw_implementation_cmake/cmake)
[1.562s] -- Found rmw_fastrtps_cpp: 6.2.10 (/opt/ros/humble/share/rmw_fastrtps_cpp/cmake)
[1.778s] -- Found OpenSSL: /usr/lib/x86_64-linux-gnu/libcrypto.so (found version "3.0.2")
[1.841s] -- Found FastRTPS: /opt/ros/humble/include
[1.922s] -- Using RMW implementation 'rmw_fastrtps_cpp' as default
[1.941s] -- Performing Test CMAKE_HAVE_LIBC_PTHREAD
[2.127s] -- Performing Test CMAKE_HAVE_LIBC_PTHREAD - Success
[2.128s] -- Found Threads: TRUE
[2.255s] -- Found geometry_msgs: 4.9.1 (/opt/ros/humble/share/geometry_msgs/cmake)
[2.283s] -- Found visualization_msgs: 4.9.1 (/opt/ros/humble/share/visualization_msgs/cmake)
[2.382s] -- Found wuta_msgs: 1.0.0 (/home/starry1n/WUTA/install/wuta_msgs/share/wuta_msgs/cmake)
[2.415s] -- Found autoware_msgs: 0.1.0 (/home/starry1n/WUTA/install/autoware_msgs/share/autoware_msgs/cmake)
[2.589s] -- Configuring done (2.5s)
[2.622s] -- Generating done (0.0s)
[2.673s] -- Build files have been written to: /home/starry1n/WUTA/build/boundary_detector
[2.694s] Invoked command in '/home/starry1n/WUTA/build/boundary_detector' returned '0': CMAKE_PREFIX_PATH=${CMAKE_PREFIX_PATH}:/home/starry1n/WUTA/install/simulator_bringup:/home/starry1n/WUTA/install/vehicle_model:/home/starry1n/WUTA/install/lidar_sim:/home/starry1n/WUTA/install/can_simulator:/opt/ros/humble /usr/bin/cmake /home/starry1n/WUTA/WUTA-FSD/ros2_ws/src/planning/boundary_detector -DAMENT_CMAKE_SYMLINK_INSTALL=1 -DCMAKE_INSTALL_PREFIX=/home/starry1n/WUTA/install/boundary_detector
[2.696s] Invoking command in '/home/starry1n/WUTA/build/boundary_detector': CMAKE_PREFIX_PATH=${CMAKE_PREFIX_PATH}:/home/starry1n/WUTA/install/simulator_bringup:/home/starry1n/WUTA/install/vehicle_model:/home/starry1n/WUTA/install/lidar_sim:/home/starry1n/WUTA/install/can_simulator:/opt/ros/humble /usr/bin/cmake --build /home/starry1n/WUTA/build/boundary_detector -- -j8 -l8
[2.834s] [  6%] Building CXX object CMakeFiles/pathplanning.dir/thirdparty/pathplanning/src/BowyerWatson.cpp.o
[2.852s] [ 12%] Building CXX object CMakeFiles/pathplanning.dir/thirdparty/pathplanning/src/Evaluation.cpp.o
[2.857s] [ 18%] Building CXX object CMakeFiles/pathplanning.dir/thirdparty/pathplanning/src/Divide.cpp.o
[2.857s] [ 25%] Building CXX object CMakeFiles/pathplanning.dir/thirdparty/pathplanning/src/Path.cpp.o
[2.857s] [ 31%] Building CXX object CMakeFiles/pathplanning.dir/thirdparty/pathplanning/src/DelaunayTriangle.cpp.o
[2.863s] [ 37%] Building CXX object CMakeFiles/pathplanning.dir/thirdparty/pathplanning/src/Line.cpp.o
[2.869s] [ 43%] Building CXX object CMakeFiles/pathplanning.dir/thirdparty/pathplanning/src/GlobalVariables.cpp.o
[2.869s] [ 50%] Building CXX object CMakeFiles/pathplanning.dir/thirdparty/pathplanning/src/MidPoint.cpp.o
[2.962s] [ 56%] Building CXX object CMakeFiles/pathplanning.dir/thirdparty/pathplanning/src/PathSearch.cpp.o
[2.994s] [ 62%] Building CXX object CMakeFiles/pathplanning.dir/thirdparty/pathplanning/src/Point2d.cpp.o
[3.144s] [ 68%] Building CXX object CMakeFiles/pathplanning.dir/thirdparty/pathplanning/src/Tool.cpp.o
[3.713s] [ 75%] Building CXX object CMakeFiles/pathplanning.dir/thirdparty/pathplanning/src/Triangle.cpp.o
[3.713s] [ 81%] Building CXX object CMakeFiles/pathplanning.dir/thirdparty/pathplanning/src/Vect.cpp.o
[5.760s] [ 87%] Linking CXX static library libpathplanning.a
[5.820s] [ 87%] Built target pathplanning
[5.851s] [ 93%] Building CXX object CMakeFiles/boundary_detector_node.dir/src/boundary_detector_node.cpp.o
[29.933s] [100%] Linking CXX executable boundary_detector_node
[30.703s] [100%] Built target boundary_detector_node
