[0mCMake Deprecation Warning at CMakeLists.txt:1 (cmake_minimum_required):
  Compatibility with CMake < 3.10 will be removed from a future version of
  CMake.

  Update the VERSION argument <min> value.  Or, use the <min>...<max> syntax
  to tell CMake that the project requires at least <min> but has been updated
  to work with policies introduced by <max> or earlier.

[0m
-- The C compiler identification is GNU 11.4.0
-- The CXX compiler identification is GNU 11.4.0
-- Detecting C compiler ABI info
-- Detecting C compiler ABI info - done
-- Check for working C compiler: /usr/bin/cc - skipped
-- Detecting C compile features
-- Detecting C compile features - done
-- Detecting CXX compiler ABI info
-- Detecting CXX compiler ABI info - done
-- Check for working CXX compiler: /usr/bin/c++ - skipped
-- Detecting CXX compile features
-- Detecting CXX compile features - done
-- robot_localization: You did not request a specific build type: selecting 'RelWithDebInfo'.
-- Found ament_cmake: 1.3.14 (/opt/ros/humble/share/ament_cmake/cmake)
-- Found Python3: /usr/bin/python3 (found version "3.10.12") found components: Interpreter
-- Override CMake install command with custom implementation using symlinks instead of copying resources
-- Found angles: 1.15.0 (/opt/ros/humble/share/angles/cmake)
-- Found rclcpp: 16.0.19 (/opt/ros/humble/share/rclcpp/cmake)
-- Found rosidl_generator_c: 3.1.9 (/opt/ros/humble/share/rosidl_generator_c/cmake)
-- Found rosidl_adapter: 3.1.9 (/opt/ros/humble/share/rosidl_adapter/cmake)
-- Found rosidl_generator_cpp: 3.1.9 (/opt/ros/humble/share/rosidl_generator_cpp/cmake)
-- Using all available rosidl_typesupport_c: rosidl_typesupport_fastrtps_c;rosidl_typesupport_introspection_c
-- Using all available rosidl_typesupport_cpp: rosidl_typesupport_fastrtps_cpp;rosidl_typesupport_introspection_cpp
-- Found rmw_implementation_cmake: 6.1.2 (/opt/ros/humble/share/rmw_implementation_cmake/cmake)
-- Found rmw_fastrtps_cpp: 6.2.10 (/opt/ros/humble/share/rmw_fastrtps_cpp/cmake)
-- Found OpenSSL: /usr/lib/x86_64-linux-gnu/libcrypto.so (found version "3.0.2")
-- Found FastRTPS: /opt/ros/humble/include
-- Using RMW implementation 'rmw_fastrtps_cpp' as default
-- Performing Test CMAKE_HAVE_LIBC_PTHREAD
-- Performing Test CMAKE_HAVE_LIBC_PTHREAD - Success
-- Found Threads: TRUE
-- Found diagnostic_msgs: 4.9.1 (/opt/ros/humble/share/diagnostic_msgs/cmake)
-- Found diagnostic_updater: 4.0.7 (/opt/ros/humble/share/diagnostic_updater/cmake)
-- Found geographic_msgs: 1.0.6 (/opt/ros/humble/share/geographic_msgs/cmake)
-- Found message_filters: 4.3.18 (/opt/ros/humble/share/message_filters/cmake)
-- Found nav_msgs: 4.9.1 (/opt/ros/humble/share/nav_msgs/cmake)
-- Found rosidl_default_generators: 1.2.1 (/opt/ros/humble/share/rosidl_default_generators/cmake)
-- Found sensor_msgs: 4.9.1 (/opt/ros/humble/share/sensor_msgs/cmake)
-- Found std_srvs: 4.9.1 (/opt/ros/humble/share/std_srvs/cmake)
-- Found tf2: 0.25.20 (/opt/ros/humble/share/tf2/cmake)
-- Found tf2_eigen: 0.25.20 (/opt/ros/humble/share/tf2_eigen/cmake)
-- Found tf2_geometry_msgs: 0.25.20 (/opt/ros/humble/share/tf2_geometry_msgs/cmake)
-- Found eigen3_cmake_module: 0.1.1 (/opt/ros/humble/share/eigen3_cmake_module/cmake)
-- Found Eigen3: TRUE (found version "3.4.0")
-- Ensuring Eigen3 include directory is part of orocos-kdl CMake target
[33mCMake Warning (dev) at CMakeLists.txt:34 (find_package):
  Policy CMP0167 is not set: The FindBoost module is removed.  Run "cmake
  --help-policy CMP0167" for policy details.  Use the cmake_policy command to
  set the policy and suppress this warning.

This warning is for project developers.  Use -Wno-dev to suppress it.
[0m
-- Found Boost: /usr/lib/x86_64-linux-gnu/cmake/Boost-1.74.0/BoostConfig.cmake (found version "1.74.0")
-- Found yaml_cpp_vendor: 8.0.2 (/opt/ros/humble/share/yaml_cpp_vendor/cmake)
-- Found GeographicLib: /usr/lib/x86_64-linux-gnu
-- Found ament_cmake_cppcheck: 0.12.15 (/opt/ros/humble/share/ament_cmake_cppcheck/cmake)
-- Found ament_cmake_cpplint: 0.12.15 (/opt/ros/humble/share/ament_cmake_cpplint/cmake)
-- Found ament_cmake_uncrustify: 0.12.15 (/opt/ros/humble/share/ament_cmake_uncrustify/cmake)
-- Found ament_cmake_ros: 0.10.0 (/opt/ros/humble/share/ament_cmake_ros/cmake)
-- Using all available rosidl_typesupport_c: rosidl_typesupport_fastrtps_c;rosidl_typesupport_introspection_c
-- Using all available rosidl_typesupport_cpp: rosidl_typesupport_fastrtps_cpp;rosidl_typesupport_introspection_cpp
[33mCMake Warning (dev) at /opt/ros/humble/share/rosidl_generator_py/cmake/rosidl_generator_py_generate_interfaces.cmake:20 (find_package):
  Policy CMP0148 is not set: The FindPythonInterp and FindPythonLibs modules
  are removed.  Run "cmake --help-policy CMP0148" for policy details.  Use
  the cmake_policy command to set the policy and suppress this warning.

Call Stack (most recent call first):
  /opt/ros/humble/share/ament_cmake_core/cmake/core/ament_execute_extensions.cmake:48 (include)
  /opt/ros/humble/share/rosidl_cmake/cmake/rosidl_generate_interfaces.cmake:286 (ament_execute_extensions)
  CMakeLists.txt:43 (rosidl_generate_interfaces)
This warning is for project developers.  Use -Wno-dev to suppress it.
[0m
-- Found PythonInterp: /usr/bin/python3 (found suitable version "3.10.12", minimum required is "3.6")
[33mCMake Warning (dev) at /opt/ros/humble/share/python_cmake_module/cmake/Modules/FindPythonExtra.cmake:52 (find_package):
  Policy CMP0148 is not set: The FindPythonInterp and FindPythonLibs modules
  are removed.  Run "cmake --help-policy CMP0148" for policy details.  Use
  the cmake_policy command to set the policy and suppress this warning.

Call Stack (most recent call first):
  /opt/ros/humble/share/rosidl_generator_py/cmake/rosidl_generator_py_generate_interfaces.cmake:23 (find_package)
  /opt/ros/humble/share/ament_cmake_core/cmake/core/ament_execute_extensions.cmake:48 (include)
  /opt/ros/humble/share/rosidl_cmake/cmake/rosidl_generate_interfaces.cmake:286 (ament_execute_extensions)
  CMakeLists.txt:43 (rosidl_generate_interfaces)
This warning is for project developers.  Use -Wno-dev to suppress it.
[0m
-- Found python_cmake_module: 0.10.0 (/opt/ros/humble/share/python_cmake_module/cmake)
[33mCMake Warning (dev) at /opt/ros/humble/share/python_cmake_module/cmake/Modules/FindPythonExtra.cmake:140 (find_package):
  Policy CMP0148 is not set: The FindPythonInterp and FindPythonLibs modules
  are removed.  Run "cmake --help-policy CMP0148" for policy details.  Use
  the cmake_policy command to set the policy and suppress this warning.

Call Stack (most recent call first):
  /opt/ros/humble/share/rosidl_generator_py/cmake/rosidl_generator_py_generate_interfaces.cmake:23 (find_package)
  /opt/ros/humble/share/ament_cmake_core/cmake/core/ament_execute_extensions.cmake:48 (include)
  /opt/ros/humble/share/rosidl_cmake/cmake/rosidl_generate_interfaces.cmake:286 (ament_execute_extensions)
  CMakeLists.txt:43 (rosidl_generate_interfaces)
This warning is for project developers.  Use -Wno-dev to suppress it.
[0m
-- Found PythonLibs: /usr/lib/x86_64-linux-gnu/libpython3.10.so (found suitable version "3.10.12", minimum required is "3.5")
-- Using PYTHON_EXECUTABLE: /usr/bin/python3
-- Using PYTHON_INCLUDE_DIRS: /usr/include/python3.10
-- Using PYTHON_LIBRARIES: /usr/lib/x86_64-linux-gnu/libpython3.10.so
-- Found PythonExtra: .so
-- Found ament_cmake_flake8: 0.12.15 (/opt/ros/humble/share/ament_cmake_flake8/cmake)
-- Found ament_cmake_pep257: 0.12.15 (/opt/ros/humble/share/ament_cmake_pep257/cmake)
-- Found ament_cmake_lint_cmake: 0.12.15 (/opt/ros/humble/share/ament_cmake_lint_cmake/cmake)
[33mCMake Warning (dev) at /opt/ros/humble/share/python_cmake_module/cmake/Modules/FindPythonExtra.cmake:52 (find_package):
  Policy CMP0148 is not set: The FindPythonInterp and FindPythonLibs modules
  are removed.  Run "cmake --help-policy CMP0148" for policy details.  Use
  the cmake_policy command to set the policy and suppress this warning.

Call Stack (most recent call first):
  /opt/ros/humble/share/launch_testing_ament_cmake/cmake/launch_testing_ament_cmake-extras.cmake:18 (find_package)
  /opt/ros/humble/share/launch_testing_ament_cmake/cmake/launch_testing_ament_cmakeConfig.cmake:41 (include)
  CMakeLists.txt:172 (find_package)
This warning is for project developers.  Use -Wno-dev to suppress it.
[0m
-- Found launch_testing_ament_cmake: 1.0.14 (/opt/ros/humble/share/launch_testing_ament_cmake/cmake)
[33mCMake Warning (dev) at /opt/ros/humble/share/python_cmake_module/cmake/Modules/FindPythonExtra.cmake:140 (find_package):
  Policy CMP0148 is not set: The FindPythonInterp and FindPythonLibs modules
  are removed.  Run "cmake --help-policy CMP0148" for policy details.  Use
  the cmake_policy command to set the policy and suppress this warning.

Call Stack (most recent call first):
  /opt/ros/humble/share/launch_testing_ament_cmake/cmake/launch_testing_ament_cmake-extras.cmake:18 (find_package)
  /opt/ros/humble/share/launch_testing_ament_cmake/cmake/launch_testing_ament_cmakeConfig.cmake:41 (include)
  CMakeLists.txt:172 (find_package)
This warning is for project developers.  Use -Wno-dev to suppress it.
[0m
-- Using PYTHON_EXECUTABLE: /usr/bin/python3
-- Using PYTHON_INCLUDE_DIRS: /usr/include/python3.10
-- Using PYTHON_LIBRARIES: /usr/lib/x86_64-linux-gnu/libpython3.10.so
-- Found gtest sources under '/opt/ros/humble/src/gtest_vendor': C++ tests using 'Google Test' will be built
[0mCMake Deprecation Warning at /opt/ros/humble/src/gtest_vendor/CMakeLists.txt:2 (cmake_minimum_required):
  Compatibility with CMake < 3.10 will be removed from a future version of
  CMake.

  Update the VERSION argument <min> value.  Or, use the <min>...<max> syntax
  to tell CMake that the project requires at least <min> but has been updated
  to work with policies introduced by <max> or earlier.

[0m
-- Configuring done (3.9s)
-- Generating done (0.3s)
-- Build files have been written to: /home/starry1n/WUTA/WUTA-FSD/ros2_ws/build/robot_localization
[  1%] [1m[34mGenerating C code for ROS interfaces[0m
[  3%] [32mBuilding CXX object gtest/CMakeFiles/gtest.dir/src/gtest-all.cc.o[0m
[  3%] [32mBuilding CXX object gtest/CMakeFiles/gtest_main.dir/src/gtest_main.cc.o[0m
[  4%] [1m[34mGenerating Rust code for ROS interfaces[0m
[  5%] [1m[34mGenerating C++ code for ROS interfaces[0m
[  5%] Built target ament_cmake_python_symlink_robot_localization
running egg_info
creating robot_localization.egg-info
writing robot_localization.egg-info/PKG-INFO
writing dependency_links to robot_localization.egg-info/dependency_links.txt
writing top-level names to robot_localization.egg-info/top_level.txt
writing manifest file 'robot_localization.egg-info/SOURCES.txt'
reading manifest file 'robot_localization.egg-info/SOURCES.txt'
writing manifest file 'robot_localization.egg-info/SOURCES.txt'
[  5%] Built target ament_cmake_python_build_robot_localization_egg
[  5%] Built target robot_localization__rs
[  5%] Built target robot_localization__cpp
[  5%] [1m[34mGenerating C++ type support for eProsima Fast-RTPS[0m
[  6%] [1m[34mGenerating C++ introspection for ROS interfaces[0m
[  7%] [1m[34mGenerating C++ type support dispatch for ROS interfaces[0m
[  8%] [32mBuilding C object CMakeFiles/robot_localization__rosidl_generator_c.dir/rosidl_generator_c/robot_localization/srv/detail/get_state__functions.c.o[0m
[  8%] [32mBuilding C object CMakeFiles/robot_localization__rosidl_generator_c.dir/rosidl_generator_c/robot_localization/srv/detail/set_datum__functions.c.o[0m
[  9%] [32mBuilding C object CMakeFiles/robot_localization__rosidl_generator_c.dir/rosidl_generator_c/robot_localization/srv/detail/from_ll__functions.c.o[0m
[  9%] [32mBuilding CXX object CMakeFiles/robot_localization__rosidl_typesupport_cpp.dir/rosidl_typesupport_cpp/robot_localization/srv/from_ll__type_support.cpp.o[0m
[ 10%] [32mBuilding CXX object CMakeFiles/robot_localization__rosidl_typesupport_fastrtps_cpp.dir/rosidl_typesupport_fastrtps_cpp/robot_localization/srv/detail/dds_fastrtps/from_ll__type_support.cpp.o[0m
[ 11%] [32mBuilding CXX object CMakeFiles/robot_localization__rosidl_typesupport_cpp.dir/rosidl_typesupport_cpp/robot_localization/srv/get_state__type_support.cpp.o[0m
[ 12%] [32mBuilding C object CMakeFiles/robot_localization__rosidl_generator_c.dir/rosidl_generator_c/robot_localization/srv/detail/set_pose__functions.c.o[0m
[ 13%] [32mBuilding CXX object CMakeFiles/robot_localization__rosidl_typesupport_introspection_cpp.dir/rosidl_typesupport_introspection_cpp/robot_localization/srv/detail/from_ll__type_support.cpp.o[0m
[ 14%] [32mBuilding C object CMakeFiles/robot_localization__rosidl_generator_c.dir/rosidl_generator_c/robot_localization/srv/detail/toggle_filter_processing__functions.c.o[0m
[ 15%] [32mBuilding CXX object CMakeFiles/robot_localization__rosidl_typesupport_fastrtps_cpp.dir/rosidl_typesupport_fastrtps_cpp/robot_localization/srv/detail/dds_fastrtps/get_state__type_support.cpp.o[0m
[ 16%] [32mBuilding CXX object CMakeFiles/robot_localization__rosidl_typesupport_cpp.dir/rosidl_typesupport_cpp/robot_localization/srv/set_datum__type_support.cpp.o[0m
[ 17%] [32mBuilding C object CMakeFiles/robot_localization__rosidl_generator_c.dir/rosidl_generator_c/robot_localization/srv/detail/to_ll__functions.c.o[0m
[ 18%] [32mBuilding CXX object CMakeFiles/robot_localization__rosidl_typesupport_introspection_cpp.dir/rosidl_typesupport_introspection_cpp/robot_localization/srv/detail/get_state__type_support.cpp.o[0m
[ 19%] [1m[32mLinking C shared library librobot_localization__rosidl_generator_c.so[0m
[ 20%] [1m[32mLinking CXX static library libgtest_main.a[0m
[ 20%] Built target gtest_main
[ 20%] Built target robot_localization__rosidl_generator_c
[ 21%] [32mBuilding CXX object CMakeFiles/robot_localization__rosidl_typesupport_fastrtps_cpp.dir/rosidl_typesupport_fastrtps_cpp/robot_localization/srv/detail/dds_fastrtps/set_datum__type_support.cpp.o[0m
[ 22%] [32mBuilding CXX object CMakeFiles/robot_localization__rosidl_typesupport_introspection_cpp.dir/rosidl_typesupport_introspection_cpp/robot_localization/srv/detail/set_datum__type_support.cpp.o[0m
[ 23%] [32mBuilding CXX object CMakeFiles/robot_localization__rosidl_typesupport_cpp.dir/rosidl_typesupport_cpp/robot_localization/srv/set_pose__type_support.cpp.o[0m
[ 24%] [32mBuilding CXX object CMakeFiles/robot_localization__rosidl_typesupport_fastrtps_cpp.dir/rosidl_typesupport_fastrtps_cpp/robot_localization/srv/detail/dds_fastrtps/set_pose__type_support.cpp.o[0m
[ 25%] [32mBuilding CXX object CMakeFiles/robot_localization__rosidl_typesupport_cpp.dir/rosidl_typesupport_cpp/robot_localization/srv/toggle_filter_processing__type_support.cpp.o[0m
[ 26%] [1m[34mGenerating C type support for eProsima Fast-RTPS[0m
[ 27%] [32mBuilding CXX object CMakeFiles/robot_localization__rosidl_typesupport_cpp.dir/rosidl_typesupport_cpp/robot_localization/srv/to_ll__type_support.cpp.o[0m
[ 27%] [1m[34mGenerating C introspection for ROS interfaces[0m
[ 28%] [1m[34mGenerating C type support dispatch for ROS interfaces[0m
[ 29%] [32mBuilding CXX object CMakeFiles/robot_localization__rosidl_typesupport_introspection_cpp.dir/rosidl_typesupport_introspection_cpp/robot_localization/srv/detail/set_pose__type_support.cpp.o[0m
[ 30%] [32mBuilding CXX object CMakeFiles/robot_localization__rosidl_typesupport_introspection_cpp.dir/rosidl_typesupport_introspection_cpp/robot_localization/srv/detail/toggle_filter_processing__type_support.cpp.o[0m
[ 31%] [32mBuilding CXX object CMakeFiles/robot_localization__rosidl_typesupport_fastrtps_cpp.dir/rosidl_typesupport_fastrtps_cpp/robot_localization/srv/detail/dds_fastrtps/toggle_filter_processing__type_support.cpp.o[0m
[ 32%] [1m[32mLinking CXX shared library librobot_localization__rosidl_typesupport_cpp.so[0m
[ 32%] Built target robot_localization__rosidl_typesupport_cpp
[ 32%] [32mBuilding CXX object CMakeFiles/robot_localization__rosidl_typesupport_introspection_cpp.dir/rosidl_typesupport_introspection_cpp/robot_localization/srv/detail/to_ll__type_support.cpp.o[0m
[ 33%] [32mBuilding CXX object CMakeFiles/robot_localization__rosidl_typesupport_fastrtps_c.dir/rosidl_typesupport_fastrtps_c/robot_localization/srv/detail/from_ll__type_support_c.cpp.o[0m
[ 34%] [32mBuilding CXX object CMakeFiles/robot_localization__rosidl_typesupport_c.dir/rosidl_typesupport_c/robot_localization/srv/from_ll__type_support.cpp.o[0m
[ 35%] [32mBuilding C object CMakeFiles/robot_localization__rosidl_typesupport_introspection_c.dir/rosidl_typesupport_introspection_c/robot_localization/srv/detail/from_ll__type_support.c.o[0m
[ 36%] [32mBuilding CXX object CMakeFiles/robot_localization__rosidl_typesupport_fastrtps_cpp.dir/rosidl_typesupport_fastrtps_cpp/robot_localization/srv/detail/dds_fastrtps/to_ll__type_support.cpp.o[0m
[ 37%] [32mBuilding CXX object CMakeFiles/robot_localization__rosidl_typesupport_c.dir/rosidl_typesupport_c/robot_localization/srv/get_state__type_support.cpp.o[0m
[ 37%] [32mBuilding CXX object CMakeFiles/robot_localization__rosidl_typesupport_c.dir/rosidl_typesupport_c/robot_localization/srv/set_datum__type_support.cpp.o[0m
[ 38%] [32mBuilding C object CMakeFiles/robot_localization__rosidl_typesupport_introspection_c.dir/rosidl_typesupport_introspection_c/robot_localization/srv/detail/get_state__type_support.c.o[0m
[ 39%] [32mBuilding CXX object CMakeFiles/robot_localization__rosidl_typesupport_c.dir/rosidl_typesupport_c/robot_localization/srv/set_pose__type_support.cpp.o[0m
[ 40%] [32mBuilding CXX object CMakeFiles/robot_localization__rosidl_typesupport_c.dir/rosidl_typesupport_c/robot_localization/srv/toggle_filter_processing__type_support.cpp.o[0m
[ 40%] [32mBuilding CXX object CMakeFiles/robot_localization__rosidl_typesupport_fastrtps_c.dir/rosidl_typesupport_fastrtps_c/robot_localization/srv/detail/get_state__type_support_c.cpp.o[0m
[ 41%] [32mBuilding C object CMakeFiles/robot_localization__rosidl_typesupport_introspection_c.dir/rosidl_typesupport_introspection_c/robot_localization/srv/detail/set_datum__type_support.c.o[0m
[ 42%] [32mBuilding CXX object CMakeFiles/robot_localization__rosidl_typesupport_c.dir/rosidl_typesupport_c/robot_localization/srv/to_ll__type_support.cpp.o[0m
[ 43%] [32mBuilding C object CMakeFiles/robot_localization__rosidl_typesupport_introspection_c.dir/rosidl_typesupport_introspection_c/robot_localization/srv/detail/set_pose__type_support.c.o[0m
[ 44%] [1m[32mLinking CXX shared library librobot_localization__rosidl_typesupport_introspection_cpp.so[0m
[ 45%] [32mBuilding C object CMakeFiles/robot_localization__rosidl_typesupport_introspection_c.dir/rosidl_typesupport_introspection_c/robot_localization/srv/detail/toggle_filter_processing__type_support.c.o[0m
[ 46%] [1m[32mLinking CXX shared library librobot_localization__rosidl_typesupport_c.so[0m
[ 47%] [32mBuilding CXX object CMakeFiles/rl_lib.dir/src/ekf.cpp.o[0m
[ 48%] [32mBuilding C object CMakeFiles/robot_localization__rosidl_typesupport_introspection_c.dir/rosidl_typesupport_introspection_c/robot_localization/srv/detail/to_ll__type_support.c.o[0m
[ 48%] Built target robot_localization__rosidl_typesupport_c
[ 49%] [32mBuilding CXX object CMakeFiles/robot_localization__rosidl_typesupport_fastrtps_c.dir/rosidl_typesupport_fastrtps_c/robot_localization/srv/detail/set_datum__type_support_c.cpp.o[0m
[ 50%] [32mBuilding CXX object CMakeFiles/rl_lib.dir/src/ukf.cpp.o[0m
[ 50%] Built target robot_localization__rosidl_typesupport_introspection_cpp
[ 51%] [1m[32mLinking C shared library librobot_localization__rosidl_typesupport_introspection_c.so[0m
[ 52%] [32mBuilding CXX object CMakeFiles/robot_localization__rosidl_typesupport_fastrtps_c.dir/rosidl_typesupport_fastrtps_c/robot_localization/srv/detail/set_pose__type_support_c.cpp.o[0m
[ 52%] Built target robot_localization__rosidl_typesupport_introspection_c
[ 53%] [32mBuilding CXX object CMakeFiles/robot_localization__rosidl_typesupport_fastrtps_c.dir/rosidl_typesupport_fastrtps_c/robot_localization/srv/detail/toggle_filter_processing__type_support_c.cpp.o[0m
[ 54%] [1m[32mLinking CXX shared library librobot_localization__rosidl_typesupport_fastrtps_cpp.so[0m
[ 55%] [32mBuilding CXX object CMakeFiles/robot_localization__rosidl_typesupport_fastrtps_c.dir/rosidl_typesupport_fastrtps_c/robot_localization/srv/detail/to_ll__type_support_c.cpp.o[0m
[ 55%] Built target robot_localization__rosidl_typesupport_fastrtps_cpp
[ 56%] [32mBuilding CXX object CMakeFiles/rl_lib.dir/src/filter_base.cpp.o[0m
[ 57%] [32mBuilding CXX object CMakeFiles/rl_lib.dir/src/filter_utilities.cpp.o[0m
[ 58%] [32mBuilding CXX object CMakeFiles/rl_lib.dir/src/navsat_transform.cpp.o[0m
[ 59%] [32mBuilding CXX object CMakeFiles/rl_lib.dir/src/robot_localization_estimator.cpp.o[0m
[ 60%] [1m[32mLinking CXX shared library librobot_localization__rosidl_typesupport_fastrtps_c.so[0m
[ 60%] Built target robot_localization__rosidl_typesupport_fastrtps_c
[ 60%] [32mBuilding CXX object CMakeFiles/rl_lib.dir/src/ros_filter.cpp.o[0m
[ 60%] Built target robot_localization
[ 61%] [1m[34mGenerating Python code for ROS interfaces[0m
[ 61%] Built target robot_localization__py
[ 62%] [32mBuilding CXX object CMakeFiles/rl_lib.dir/src/ros_filter_utilities.cpp.o[0m
[ 63%] [32mBuilding C object CMakeFiles/robot_localization__rosidl_generator_py.dir/rosidl_generator_py/robot_localization/srv/_from_ll_s.c.o[0m
[ 64%] [32mBuilding C object CMakeFiles/robot_localization__rosidl_generator_py.dir/rosidl_generator_py/robot_localization/srv/_get_state_s.c.o[0m
[ 64%] [32mBuilding C object CMakeFiles/robot_localization__rosidl_generator_py.dir/rosidl_generator_py/robot_localization/srv/_set_datum_s.c.o[0m
[ 65%] [32mBuilding C object CMakeFiles/robot_localization__rosidl_generator_py.dir/rosidl_generator_py/robot_localization/srv/_set_pose_s.c.o[0m
[ 66%] [32mBuilding C object CMakeFiles/robot_localization__rosidl_generator_py.dir/rosidl_generator_py/robot_localization/srv/_toggle_filter_processing_s.c.o[0m
[ 67%] [32mBuilding C object CMakeFiles/robot_localization__rosidl_generator_py.dir/rosidl_generator_py/robot_localization/srv/_to_ll_s.c.o[0m
[ 68%] [1m[32mLinking C shared library rosidl_generator_py/robot_localization/librobot_localization__rosidl_generator_py.so[0m
[ 68%] Built target robot_localization__rosidl_generator_py
[ 69%] [32mBuilding C object CMakeFiles/robot_localization__rosidl_typesupport_fastrtps_c__pyext.dir/rosidl_generator_py/robot_localization/_robot_localization_s.ep.rosidl_typesupport_fastrtps_c.c.o[0m
[ 70%] [1m[32mLinking C shared library rosidl_generator_py/robot_localization/robot_localization_s__rosidl_typesupport_fastrtps_c.cpython-310-x86_64-linux-gnu.so[0m
[ 70%] Built target robot_localization__rosidl_typesupport_fastrtps_c__pyext
[ 71%] [32mBuilding CXX object CMakeFiles/rl_lib.dir/src/ros_robot_localization_listener.cpp.o[0m
[ 71%] [32mBuilding C object CMakeFiles/robot_localization__rosidl_typesupport_introspection_c__pyext.dir/rosidl_generator_py/robot_localization/_robot_localization_s.ep.rosidl_typesupport_introspection_c.c.o[0m
[ 72%] [1m[32mLinking CXX static library libgtest.a[0m
[ 72%] Built target gtest
[ 73%] [32mBuilding C object CMakeFiles/robot_localization__rosidl_typesupport_c__pyext.dir/rosidl_generator_py/robot_localization/_robot_localization_s.ep.rosidl_typesupport_c.c.o[0m
[ 74%] [1m[32mLinking C shared library rosidl_generator_py/robot_localization/robot_localization_s__rosidl_typesupport_introspection_c.cpython-310-x86_64-linux-gnu.so[0m
[ 74%] Built target robot_localization__rosidl_typesupport_introspection_c__pyext
[ 75%] [1m[32mLinking C shared library rosidl_generator_py/robot_localization/robot_localization_s__rosidl_typesupport_c.cpython-310-x86_64-linux-gnu.so[0m
[ 75%] Built target robot_localization__rosidl_typesupport_c__pyext
gmake[2]: *** [CMakeFiles/rl_lib.dir/build.make:163: CMakeFiles/rl_lib.dir/src/ros_filter.cpp.o] ä¸­ć–­
gmake[2]: *** [CMakeFiles/rl_lib.dir/build.make:135: CMakeFiles/rl_lib.dir/src/navsat_transform.cpp.o] ä¸­ć–­
gmake[2]: *** [CMakeFiles/rl_lib.dir/build.make:191: CMakeFiles/rl_lib.dir/src/ros_robot_localization_listener.cpp.o] ä¸­ć–­
gmake[1]: *** [CMakeFiles/Makefile2:820: CMakeFiles/rl_lib.dir/all] ä¸­ć–­
gmake: *** [Makefile:146: all] ä¸­ć–­
