[0.025s] Invoking command in '/home/starry1n/WUTA/WUTA-FSD/ros2_ws/build/robot_localization': CMAKE_PREFIX_PATH=/opt/ros/humble /usr/bin/cmake /home/starry1n/WUTA/WUTA-FSD/ros2_ws/src/localization/robot_localization -DCMAKE_MODULE_PATH=/home/starry1n/WUTA/WUTA-FSD/ros2_ws/cmake -DAMENT_CMAKE_SYMLINK_INSTALL=1 -DCMAKE_INSTALL_PREFIX=/home/starry1n/WUTA/WUTA-FSD/ros2_ws/install/robot_localization
[0.068s] [0mCMake Deprecation Warning at CMakeLists.txt:1 (cmake_minimum_required):
[0.068s]   Compatibility with CMake < 3.10 will be removed from a future version of
[0.068s]   CMake.
[0.068s] 
[0.068s]   Update the VERSION argument <min> value.  Or, use the <min>...<max> syntax
[0.068s]   to tell CMake that the project requires at least <min> but has been updated
[0.068s]   to work with policies introduced by <max> or earlier.
[0.068s] 
[0.068s] [0m
[0.207s] -- The C compiler identification is GNU 11.4.0
[0.284s] -- The CXX compiler identification is GNU 11.4.0
[0.299s] -- Detecting C compiler ABI info
[0.389s] -- Detecting C compiler ABI info - done
[0.404s] -- Check for working C compiler: /usr/bin/cc - skipped
[0.405s] -- Detecting C compile features
[0.405s] -- Detecting C compile features - done
[0.422s] -- Detecting CXX compiler ABI info
[0.502s] -- Detecting CXX compiler ABI info - done
[0.516s] -- Check for working CXX compiler: /usr/bin/c++ - skipped
[0.517s] -- Detecting CXX compile features
[0.517s] -- Detecting CXX compile features - done
[0.525s] -- robot_localization: You did not request a specific build type: selecting 'RelWithDebInfo'.
[0.534s] -- Found ament_cmake: 1.3.14 (/opt/ros/humble/share/ament_cmake/cmake)
[0.653s] -- Found Python3: /usr/bin/python3 (found version "3.10.12") found components: Interpreter
[0.709s] -- Override CMake install command with custom implementation using symlinks instead of copying resources
[0.741s] -- Found angles: 1.15.0 (/opt/ros/humble/share/angles/cmake)
[0.745s] -- Found rclcpp: 16.0.19 (/opt/ros/humble/share/rclcpp/cmake)
[0.788s] -- Found rosidl_generator_c: 3.1.9 (/opt/ros/humble/share/rosidl_generator_c/cmake)
[0.792s] -- Found rosidl_adapter: 3.1.9 (/opt/ros/humble/share/rosidl_adapter/cmake)
[0.801s] -- Found rosidl_generator_cpp: 3.1.9 (/opt/ros/humble/share/rosidl_generator_cpp/cmake)
[0.817s] -- Using all available rosidl_typesupport_c: rosidl_typesupport_fastrtps_c;rosidl_typesupport_introspection_c
[0.831s] -- Using all available rosidl_typesupport_cpp: rosidl_typesupport_fastrtps_cpp;rosidl_typesupport_introspection_cpp
[0.883s] -- Found rmw_implementation_cmake: 6.1.2 (/opt/ros/humble/share/rmw_implementation_cmake/cmake)
[0.887s] -- Found rmw_fastrtps_cpp: 6.2.10 (/opt/ros/humble/share/rmw_fastrtps_cpp/cmake)
[1.007s] -- Found OpenSSL: /usr/lib/x86_64-linux-gnu/libcrypto.so (found version "3.0.2")
[1.033s] -- Found FastRTPS: /opt/ros/humble/include
[1.070s] -- Using RMW implementation 'rmw_fastrtps_cpp' as default
[1.082s] -- Performing Test CMAKE_HAVE_LIBC_PTHREAD
[1.170s] -- Performing Test CMAKE_HAVE_LIBC_PTHREAD - Success
[1.170s] -- Found Threads: TRUE
[1.245s] -- Found diagnostic_msgs: 4.9.1 (/opt/ros/humble/share/diagnostic_msgs/cmake)
[1.263s] -- Found diagnostic_updater: 4.0.7 (/opt/ros/humble/share/diagnostic_updater/cmake)
[1.271s] -- Found geographic_msgs: 1.0.6 (/opt/ros/humble/share/geographic_msgs/cmake)
[1.329s] -- Found message_filters: 4.3.18 (/opt/ros/humble/share/message_filters/cmake)
[1.337s] -- Found nav_msgs: 4.9.1 (/opt/ros/humble/share/nav_msgs/cmake)
[1.362s] -- Found rosidl_default_generators: 1.2.1 (/opt/ros/humble/share/rosidl_default_generators/cmake)
[1.374s] -- Found sensor_msgs: 4.9.1 (/opt/ros/humble/share/sensor_msgs/cmake)
[1.399s] -- Found std_srvs: 4.9.1 (/opt/ros/humble/share/std_srvs/cmake)
[1.418s] -- Found tf2: 0.25.20 (/opt/ros/humble/share/tf2/cmake)
[1.431s] -- Found tf2_eigen: 0.25.20 (/opt/ros/humble/share/tf2_eigen/cmake)
[1.543s] -- Found tf2_geometry_msgs: 0.25.20 (/opt/ros/humble/share/tf2_geometry_msgs/cmake)
[1.553s] -- Found eigen3_cmake_module: 0.1.1 (/opt/ros/humble/share/eigen3_cmake_module/cmake)
[1.555s] -- Found Eigen3: TRUE (found version "3.4.0")
[1.555s] -- Ensuring Eigen3 include directory is part of orocos-kdl CMake target
[1.558s] [33mCMake Warning (dev) at CMakeLists.txt:34 (find_package):
[1.559s]   Policy CMP0167 is not set: The FindBoost module is removed.  Run "cmake
[1.559s]   --help-policy CMP0167" for policy details.  Use the cmake_policy command to
[1.559s]   set the policy and suppress this warning.
[1.559s] 
[1.559s] This warning is for project developers.  Use -Wno-dev to suppress it.
[1.559s] [0m
[1.581s] -- Found Boost: /usr/lib/x86_64-linux-gnu/cmake/Boost-1.74.0/BoostConfig.cmake (found version "1.74.0")
[1.584s] -- Found yaml_cpp_vendor: 8.0.2 (/opt/ros/humble/share/yaml_cpp_vendor/cmake)
[1.592s] -- Found GeographicLib: /usr/lib/x86_64-linux-gnu
[1.981s] -- Found ament_cmake_cppcheck: 0.12.15 (/opt/ros/humble/share/ament_cmake_cppcheck/cmake)
[1.985s] -- Found ament_cmake_cpplint: 0.12.15 (/opt/ros/humble/share/ament_cmake_cpplint/cmake)
[1.988s] -- Found ament_cmake_uncrustify: 0.12.15 (/opt/ros/humble/share/ament_cmake_uncrustify/cmake)
[1.990s] -- Found ament_cmake_ros: 0.10.0 (/opt/ros/humble/share/ament_cmake_ros/cmake)
[2.865s] -- Using all available rosidl_typesupport_c: rosidl_typesupport_fastrtps_c;rosidl_typesupport_introspection_c
[3.372s] -- Using all available rosidl_typesupport_cpp: rosidl_typesupport_fastrtps_cpp;rosidl_typesupport_introspection_cpp
[3.376s] [33mCMake Warning (dev) at /opt/ros/humble/share/rosidl_generator_py/cmake/rosidl_generator_py_generate_interfaces.cmake:20 (find_package):
[3.376s]   Policy CMP0148 is not set: The FindPythonInterp and FindPythonLibs modules
[3.376s]   are removed.  Run "cmake --help-policy CMP0148" for policy details.  Use
[3.376s]   the cmake_policy command to set the policy and suppress this warning.
[3.376s] 
[3.376s] Call Stack (most recent call first):
[3.376s]   /opt/ros/humble/share/ament_cmake_core/cmake/core/ament_execute_extensions.cmake:48 (include)
[3.376s]   /opt/ros/humble/share/rosidl_cmake/cmake/rosidl_generate_interfaces.cmake:286 (ament_execute_extensions)
[3.376s]   CMakeLists.txt:43 (rosidl_generate_interfaces)
[3.376s] This warning is for project developers.  Use -Wno-dev to suppress it.
[3.376s] [0m
[3.399s] -- Found PythonInterp: /usr/bin/python3 (found suitable version "3.10.12", minimum required is "3.6")
[3.402s] [33mCMake Warning (dev) at /opt/ros/humble/share/python_cmake_module/cmake/Modules/FindPythonExtra.cmake:52 (find_package):
[3.402s]   Policy CMP0148 is not set: The FindPythonInterp and FindPythonLibs modules
[3.402s]   are removed.  Run "cmake --help-policy CMP0148" for policy details.  Use
[3.402s]   the cmake_policy command to set the policy and suppress this warning.
[3.402s] 
[3.402s] Call Stack (most recent call first):
[3.406s]   /opt/ros/humble/share/rosidl_generator_py/cmake/rosidl_generator_py_generate_interfaces.cmake:23 (find_package)
[3.406s]   /opt/ros/humble/share/ament_cmake_core/cmake/core/ament_execute_extensions.cmake:48 (include)
[3.406s]   /opt/ros/humble/share/rosidl_cmake/cmake/rosidl_generate_interfaces.cmake:286 (ament_execute_extensions)
[3.406s]   CMakeLists.txt:43 (rosidl_generate_interfaces)
[3.406s] This warning is for project developers.  Use -Wno-dev to suppress it.
[3.406s] [0m
[3.406s] -- Found python_cmake_module: 0.10.0 (/opt/ros/humble/share/python_cmake_module/cmake)
[3.432s] [33mCMake Warning (dev) at /opt/ros/humble/share/python_cmake_module/cmake/Modules/FindPythonExtra.cmake:140 (find_package):
[3.432s]   Policy CMP0148 is not set: The FindPythonInterp and FindPythonLibs modules
[3.432s]   are removed.  Run "cmake --help-policy CMP0148" for policy details.  Use
[3.432s]   the cmake_policy command to set the policy and suppress this warning.
[3.432s] 
[3.432s] Call Stack (most recent call first):
[3.432s]   /opt/ros/humble/share/rosidl_generator_py/cmake/rosidl_generator_py_generate_interfaces.cmake:23 (find_package)
[3.432s]   /opt/ros/humble/share/ament_cmake_core/cmake/core/ament_execute_extensions.cmake:48 (include)
[3.432s]   /opt/ros/humble/share/rosidl_cmake/cmake/rosidl_generate_interfaces.cmake:286 (ament_execute_extensions)
[3.432s]   CMakeLists.txt:43 (rosidl_generate_interfaces)
[3.433s] This warning is for project developers.  Use -Wno-dev to suppress it.
[3.433s] [0m
[3.444s] -- Found PythonLibs: /usr/lib/x86_64-linux-gnu/libpython3.10.so (found suitable version "3.10.12", minimum required is "3.5")
[3.447s] -- Using PYTHON_EXECUTABLE: /usr/bin/python3
[3.447s] -- Using PYTHON_INCLUDE_DIRS: /usr/include/python3.10
[3.447s] -- Using PYTHON_LIBRARIES: /usr/lib/x86_64-linux-gnu/libpython3.10.so
[3.475s] -- Found PythonExtra: .so
[3.568s] -- Found ament_cmake_flake8: 0.12.15 (/opt/ros/humble/share/ament_cmake_flake8/cmake)
[3.569s] -- Found ament_cmake_pep257: 0.12.15 (/opt/ros/humble/share/ament_cmake_pep257/cmake)
[3.764s] -- Found ament_cmake_lint_cmake: 0.12.15 (/opt/ros/humble/share/ament_cmake_lint_cmake/cmake)
[3.769s] [33mCMake Warning (dev) at /opt/ros/humble/share/python_cmake_module/cmake/Modules/FindPythonExtra.cmake:52 (find_package):
[3.769s]   Policy CMP0148 is not set: The FindPythonInterp and FindPythonLibs modules
[3.769s]   are removed.  Run "cmake --help-policy CMP0148" for policy details.  Use
[3.769s]   the cmake_policy command to set the policy and suppress this warning.
[3.769s] 
[3.769s] Call Stack (most recent call first):
[3.769s]   /opt/ros/humble/share/launch_testing_ament_cmake/cmake/launch_testing_ament_cmake-extras.cmake:18 (find_package)
[3.770s]   /opt/ros/humble/share/launch_testing_ament_cmake/cmake/launch_testing_ament_cmakeConfig.cmake:41 (include)
[3.770s]   CMakeLists.txt:172 (find_package)
[3.770s] This warning is for project developers.  Use -Wno-dev to suppress it.
[3.770s] [0m
[3.770s] -- Found launch_testing_ament_cmake: 1.0.14 (/opt/ros/humble/share/launch_testing_ament_cmake/cmake)
[3.835s] [33mCMake Warning (dev) at /opt/ros/humble/share/python_cmake_module/cmake/Modules/FindPythonExtra.cmake:140 (find_package):
[3.835s]   Policy CMP0148 is not set: The FindPythonInterp and FindPythonLibs modules
[3.835s]   are removed.  Run "cmake --help-policy CMP0148" for policy details.  Use
[3.836s]   the cmake_policy command to set the policy and suppress this warning.
[3.836s] 
[3.836s] Call Stack (most recent call first):
[3.836s]   /opt/ros/humble/share/launch_testing_ament_cmake/cmake/launch_testing_ament_cmake-extras.cmake:18 (find_package)
[3.836s]   /opt/ros/humble/share/launch_testing_ament_cmake/cmake/launch_testing_ament_cmakeConfig.cmake:41 (include)
[3.836s]   CMakeLists.txt:172 (find_package)
[3.836s] This warning is for project developers.  Use -Wno-dev to suppress it.
[3.836s] [0m
[3.846s] -- Using PYTHON_EXECUTABLE: /usr/bin/python3
[3.846s] -- Using PYTHON_INCLUDE_DIRS: /usr/include/python3.10
[3.846s] -- Using PYTHON_LIBRARIES: /usr/lib/x86_64-linux-gnu/libpython3.10.so
[3.898s] -- Found gtest sources under '/opt/ros/humble/src/gtest_vendor': C++ tests using 'Google Test' will be built
[3.903s] [0mCMake Deprecation Warning at /opt/ros/humble/src/gtest_vendor/CMakeLists.txt:2 (cmake_minimum_required):
[3.903s]   Compatibility with CMake < 3.10 will be removed from a future version of
[3.903s]   CMake.
[3.903s] 
[3.903s]   Update the VERSION argument <min> value.  Or, use the <min>...<max> syntax
[3.904s]   to tell CMake that the project requires at least <min> but has been updated
[3.904s]   to work with policies introduced by <max> or earlier.
[3.908s] 
[3.909s] [0m
[3.945s] -- Configuring done (3.9s)
[4.198s] -- Generating done (0.3s)
[4.335s] -- Build files have been written to: /home/starry1n/WUTA/WUTA-FSD/ros2_ws/build/robot_localization
[4.376s] Invoked command in '/home/starry1n/WUTA/WUTA-FSD/ros2_ws/build/robot_localization' returned '0': CMAKE_PREFIX_PATH=/opt/ros/humble /usr/bin/cmake /home/starry1n/WUTA/WUTA-FSD/ros2_ws/src/localization/robot_localization -DCMAKE_MODULE_PATH=/home/starry1n/WUTA/WUTA-FSD/ros2_ws/cmake -DAMENT_CMAKE_SYMLINK_INSTALL=1 -DCMAKE_INSTALL_PREFIX=/home/starry1n/WUTA/WUTA-FSD/ros2_ws/install/robot_localization
[4.376s] Invoking command in '/home/starry1n/WUTA/WUTA-FSD/ros2_ws/build/robot_localization': CMAKE_PREFIX_PATH=/opt/ros/humble /usr/bin/cmake --build /home/starry1n/WUTA/WUTA-FSD/ros2_ws/build/robot_localization -- -j8 -l8
[4.485s] [  1%] [1m[34mGenerating C code for ROS interfaces[0m
[4.522s] [  3%] [32mBuilding CXX object gtest/CMakeFiles/gtest.dir/src/gtest-all.cc.o[0m
[4.522s] [  3%] [32mBuilding CXX object gtest/CMakeFiles/gtest_main.dir/src/gtest_main.cc.o[0m
[4.536s] [  4%] [1m[34mGenerating Rust code for ROS interfaces[0m
[4.548s] [  5%] [1m[34mGenerating C++ code for ROS interfaces[0m
[4.555s] [  5%] Built target ament_cmake_python_symlink_robot_localization
[4.871s] running egg_info
[4.873s] creating robot_localization.egg-info
[4.874s] writing robot_localization.egg-info/PKG-INFO
[4.874s] writing dependency_links to robot_localization.egg-info/dependency_links.txt
[4.874s] writing top-level names to robot_localization.egg-info/top_level.txt
[4.876s] writing manifest file 'robot_localization.egg-info/SOURCES.txt'
[4.878s] reading manifest file 'robot_localization.egg-info/SOURCES.txt'
[4.879s] writing manifest file 'robot_localization.egg-info/SOURCES.txt'
[4.907s] [  5%] Built target ament_cmake_python_build_robot_localization_egg
[5.020s] [  5%] Built target robot_localization__rs
[5.433s] [  5%] Built target robot_localization__cpp
[5.456s] [  5%] [1m[34mGenerating C++ type support for eProsima Fast-RTPS[0m
[5.485s] [  6%] [1m[34mGenerating C++ introspection for ROS interfaces[0m
[5.485s] [  7%] [1m[34mGenerating C++ type support dispatch for ROS interfaces[0m
[5.649s] [  8%] [32mBuilding C object CMakeFiles/robot_localization__rosidl_generator_c.dir/rosidl_generator_c/robot_localization/srv/detail/get_state__functions.c.o[0m
[5.650s] [  8%] [32mBuilding C object CMakeFiles/robot_localization__rosidl_generator_c.dir/rosidl_generator_c/robot_localization/srv/detail/set_datum__functions.c.o[0m
[5.650s] [  9%] [32mBuilding C object CMakeFiles/robot_localization__rosidl_generator_c.dir/rosidl_generator_c/robot_localization/srv/detail/from_ll__functions.c.o[0m
[5.900s] [  9%] [32mBuilding CXX object CMakeFiles/robot_localization__rosidl_typesupport_cpp.dir/rosidl_typesupport_cpp/robot_localization/srv/from_ll__type_support.cpp.o[0m
[6.422s] [ 10%] [32mBuilding CXX object CMakeFiles/robot_localization__rosidl_typesupport_fastrtps_cpp.dir/rosidl_typesupport_fastrtps_cpp/robot_localization/srv/detail/dds_fastrtps/from_ll__type_support.cpp.o[0m
[6.443s] [ 11%] [32mBuilding CXX object CMakeFiles/robot_localization__rosidl_typesupport_cpp.dir/rosidl_typesupport_cpp/robot_localization/srv/get_state__type_support.cpp.o[0m
[6.512s] [ 12%] [32mBuilding C object CMakeFiles/robot_localization__rosidl_generator_c.dir/rosidl_generator_c/robot_localization/srv/detail/set_pose__functions.c.o[0m
[6.519s] [ 13%] [32mBuilding CXX object CMakeFiles/robot_localization__rosidl_typesupport_introspection_cpp.dir/rosidl_typesupport_introspection_cpp/robot_localization/srv/detail/from_ll__type_support.cpp.o[0m
[6.524s] [ 14%] [32mBuilding C object CMakeFiles/robot_localization__rosidl_generator_c.dir/rosidl_generator_c/robot_localization/srv/detail/toggle_filter_processing__functions.c.o[0m
[6.762s] [ 15%] [32mBuilding CXX object CMakeFiles/robot_localization__rosidl_typesupport_fastrtps_cpp.dir/rosidl_typesupport_fastrtps_cpp/robot_localization/srv/detail/dds_fastrtps/get_state__type_support.cpp.o[0m
[6.813s] [ 16%] [32mBuilding CXX object CMakeFiles/robot_localization__rosidl_typesupport_cpp.dir/rosidl_typesupport_cpp/robot_localization/srv/set_datum__type_support.cpp.o[0m
[6.867s] [ 17%] [32mBuilding C object CMakeFiles/robot_localization__rosidl_generator_c.dir/rosidl_generator_c/robot_localization/srv/detail/to_ll__functions.c.o[0m
[6.886s] [ 18%] [32mBuilding CXX object CMakeFiles/robot_localization__rosidl_typesupport_introspection_cpp.dir/rosidl_typesupport_introspection_cpp/robot_localization/srv/detail/get_state__type_support.cpp.o[0m
[7.110s] [ 19%] [1m[32mLinking C shared library librobot_localization__rosidl_generator_c.so[0m
[7.125s] [ 20%] [1m[32mLinking CXX static library libgtest_main.a[0m
[7.214s] [ 20%] Built target gtest_main
[7.229s] [ 20%] Built target robot_localization__rosidl_generator_c
[7.231s] [ 21%] [32mBuilding CXX object CMakeFiles/robot_localization__rosidl_typesupport_fastrtps_cpp.dir/rosidl_typesupport_fastrtps_cpp/robot_localization/srv/detail/dds_fastrtps/set_datum__type_support.cpp.o[0m
[7.241s] [ 22%] [32mBuilding CXX object CMakeFiles/robot_localization__rosidl_typesupport_introspection_cpp.dir/rosidl_typesupport_introspection_cpp/robot_localization/srv/detail/set_datum__type_support.cpp.o[0m
[7.253s] [ 23%] [32mBuilding CXX object CMakeFiles/robot_localization__rosidl_typesupport_cpp.dir/rosidl_typesupport_cpp/robot_localization/srv/set_pose__type_support.cpp.o[0m
[7.271s] [ 24%] [32mBuilding CXX object CMakeFiles/robot_localization__rosidl_typesupport_fastrtps_cpp.dir/rosidl_typesupport_fastrtps_cpp/robot_localization/srv/detail/dds_fastrtps/set_pose__type_support.cpp.o[0m
[7.349s] [ 25%] [32mBuilding CXX object CMakeFiles/robot_localization__rosidl_typesupport_cpp.dir/rosidl_typesupport_cpp/robot_localization/srv/toggle_filter_processing__type_support.cpp.o[0m
[7.588s] [ 26%] [1m[34mGenerating C type support for eProsima Fast-RTPS[0m
[7.631s] [ 27%] [32mBuilding CXX object CMakeFiles/robot_localization__rosidl_typesupport_cpp.dir/rosidl_typesupport_cpp/robot_localization/srv/to_ll__type_support.cpp.o[0m
[7.903s] [ 27%] [1m[34mGenerating C introspection for ROS interfaces[0m
[7.967s] [ 28%] [1m[34mGenerating C type support dispatch for ROS interfaces[0m
[8.004s] [ 29%] [32mBuilding CXX object CMakeFiles/robot_localization__rosidl_typesupport_introspection_cpp.dir/rosidl_typesupport_introspection_cpp/robot_localization/srv/detail/set_pose__type_support.cpp.o[0m
[8.024s] [ 30%] [32mBuilding CXX object CMakeFiles/robot_localization__rosidl_typesupport_introspection_cpp.dir/rosidl_typesupport_introspection_cpp/robot_localization/srv/detail/toggle_filter_processing__type_support.cpp.o[0m
[8.031s] [ 31%] [32mBuilding CXX object CMakeFiles/robot_localization__rosidl_typesupport_fastrtps_cpp.dir/rosidl_typesupport_fastrtps_cpp/robot_localization/srv/detail/dds_fastrtps/toggle_filter_processing__type_support.cpp.o[0m
[8.253s] [ 32%] [1m[32mLinking CXX shared library librobot_localization__rosidl_typesupport_cpp.so[0m
[8.403s] [ 32%] Built target robot_localization__rosidl_typesupport_cpp
[8.463s] [ 32%] [32mBuilding CXX object CMakeFiles/robot_localization__rosidl_typesupport_introspection_cpp.dir/rosidl_typesupport_introspection_cpp/robot_localization/srv/detail/to_ll__type_support.cpp.o[0m
[8.525s] [ 33%] [32mBuilding CXX object CMakeFiles/robot_localization__rosidl_typesupport_fastrtps_c.dir/rosidl_typesupport_fastrtps_c/robot_localization/srv/detail/from_ll__type_support_c.cpp.o[0m
[8.753s] [ 34%] [32mBuilding CXX object CMakeFiles/robot_localization__rosidl_typesupport_c.dir/rosidl_typesupport_c/robot_localization/srv/from_ll__type_support.cpp.o[0m
[8.818s] [ 35%] [32mBuilding C object CMakeFiles/robot_localization__rosidl_typesupport_introspection_c.dir/rosidl_typesupport_introspection_c/robot_localization/srv/detail/from_ll__type_support.c.o[0m
[8.838s] [ 36%] [32mBuilding CXX object CMakeFiles/robot_localization__rosidl_typesupport_fastrtps_cpp.dir/rosidl_typesupport_fastrtps_cpp/robot_localization/srv/detail/dds_fastrtps/to_ll__type_support.cpp.o[0m
[8.858s] [ 37%] [32mBuilding CXX object CMakeFiles/robot_localization__rosidl_typesupport_c.dir/rosidl_typesupport_c/robot_localization/srv/get_state__type_support.cpp.o[0m
[8.880s] [ 37%] [32mBuilding CXX object CMakeFiles/robot_localization__rosidl_typesupport_c.dir/rosidl_typesupport_c/robot_localization/srv/set_datum__type_support.cpp.o[0m
[8.931s] [ 38%] [32mBuilding C object CMakeFiles/robot_localization__rosidl_typesupport_introspection_c.dir/rosidl_typesupport_introspection_c/robot_localization/srv/detail/get_state__type_support.c.o[0m
[8.967s] [ 39%] [32mBuilding CXX object CMakeFiles/robot_localization__rosidl_typesupport_c.dir/rosidl_typesupport_c/robot_localization/srv/set_pose__type_support.cpp.o[0m
[8.989s] [ 40%] [32mBuilding CXX object CMakeFiles/robot_localization__rosidl_typesupport_c.dir/rosidl_typesupport_c/robot_localization/srv/toggle_filter_processing__type_support.cpp.o[0m
[9.026s] [ 40%] [32mBuilding CXX object CMakeFiles/robot_localization__rosidl_typesupport_fastrtps_c.dir/rosidl_typesupport_fastrtps_c/robot_localization/srv/detail/get_state__type_support_c.cpp.o[0m
[9.074s] [ 41%] [32mBuilding C object CMakeFiles/robot_localization__rosidl_typesupport_introspection_c.dir/rosidl_typesupport_introspection_c/robot_localization/srv/detail/set_datum__type_support.c.o[0m
[9.079s] [ 42%] [32mBuilding CXX object CMakeFiles/robot_localization__rosidl_typesupport_c.dir/rosidl_typesupport_c/robot_localization/srv/to_ll__type_support.cpp.o[0m
[9.087s] [ 43%] [32mBuilding C object CMakeFiles/robot_localization__rosidl_typesupport_introspection_c.dir/rosidl_typesupport_introspection_c/robot_localization/srv/detail/set_pose__type_support.c.o[0m
[9.148s] [ 44%] [1m[32mLinking CXX shared library librobot_localization__rosidl_typesupport_introspection_cpp.so[0m
[9.169s] [ 45%] [32mBuilding C object CMakeFiles/robot_localization__rosidl_typesupport_introspection_c.dir/rosidl_typesupport_introspection_c/robot_localization/srv/detail/toggle_filter_processing__type_support.c.o[0m
[9.184s] [ 46%] [1m[32mLinking CXX shared library librobot_localization__rosidl_typesupport_c.so[0m
[9.208s] [ 47%] [32mBuilding CXX object CMakeFiles/rl_lib.dir/src/ekf.cpp.o[0m
[9.269s] [ 48%] [32mBuilding C object CMakeFiles/robot_localization__rosidl_typesupport_introspection_c.dir/rosidl_typesupport_introspection_c/robot_localization/srv/detail/to_ll__type_support.c.o[0m
[9.289s] [ 48%] Built target robot_localization__rosidl_typesupport_c
[9.318s] [ 49%] [32mBuilding CXX object CMakeFiles/robot_localization__rosidl_typesupport_fastrtps_c.dir/rosidl_typesupport_fastrtps_c/robot_localization/srv/detail/set_datum__type_support_c.cpp.o[0m
[9.318s] [ 50%] [32mBuilding CXX object CMakeFiles/rl_lib.dir/src/ukf.cpp.o[0m
[9.342s] [ 50%] Built target robot_localization__rosidl_typesupport_introspection_cpp
[9.348s] [ 51%] [1m[32mLinking C shared library librobot_localization__rosidl_typesupport_introspection_c.so[0m
[9.375s] [ 52%] [32mBuilding CXX object CMakeFiles/robot_localization__rosidl_typesupport_fastrtps_c.dir/rosidl_typesupport_fastrtps_c/robot_localization/srv/detail/set_pose__type_support_c.cpp.o[0m
[9.446s] [ 52%] Built target robot_localization__rosidl_typesupport_introspection_c
[9.470s] [ 53%] [32mBuilding CXX object CMakeFiles/robot_localization__rosidl_typesupport_fastrtps_c.dir/rosidl_typesupport_fastrtps_c/robot_localization/srv/detail/toggle_filter_processing__type_support_c.cpp.o[0m
[9.623s] [ 54%] [1m[32mLinking CXX shared library librobot_localization__rosidl_typesupport_fastrtps_cpp.so[0m
[9.721s] [ 55%] [32mBuilding CXX object CMakeFiles/robot_localization__rosidl_typesupport_fastrtps_c.dir/rosidl_typesupport_fastrtps_c/robot_localization/srv/detail/to_ll__type_support_c.cpp.o[0m
[9.781s] [ 55%] Built target robot_localization__rosidl_typesupport_fastrtps_cpp
[9.808s] [ 56%] [32mBuilding CXX object CMakeFiles/rl_lib.dir/src/filter_base.cpp.o[0m
[10.010s] [ 57%] [32mBuilding CXX object CMakeFiles/rl_lib.dir/src/filter_utilities.cpp.o[0m
[10.013s] [ 58%] [32mBuilding CXX object CMakeFiles/rl_lib.dir/src/navsat_transform.cpp.o[0m
[10.073s] [ 59%] [32mBuilding CXX object CMakeFiles/rl_lib.dir/src/robot_localization_estimator.cpp.o[0m
[10.273s] [ 60%] [1m[32mLinking CXX shared library librobot_localization__rosidl_typesupport_fastrtps_c.so[0m
[10.501s] [ 60%] Built target robot_localization__rosidl_typesupport_fastrtps_c
[10.524s] [ 60%] [32mBuilding CXX object CMakeFiles/rl_lib.dir/src/ros_filter.cpp.o[0m
[13.731s] [ 60%] Built target robot_localization
[13.793s] [ 61%] [1m[34mGenerating Python code for ROS interfaces[0m
[15.759s] [ 61%] Built target robot_localization__py
[15.771s] [ 62%] [32mBuilding CXX object CMakeFiles/rl_lib.dir/src/ros_filter_utilities.cpp.o[0m
[16.195s] [ 63%] [32mBuilding C object CMakeFiles/robot_localization__rosidl_generator_py.dir/rosidl_generator_py/robot_localization/srv/_from_ll_s.c.o[0m
[17.435s] [ 64%] [32mBuilding C object CMakeFiles/robot_localization__rosidl_generator_py.dir/rosidl_generator_py/robot_localization/srv/_get_state_s.c.o[0m
[18.425s] [ 64%] [32mBuilding C object CMakeFiles/robot_localization__rosidl_generator_py.dir/rosidl_generator_py/robot_localization/srv/_set_datum_s.c.o[0m
[18.869s] [ 65%] [32mBuilding C object CMakeFiles/robot_localization__rosidl_generator_py.dir/rosidl_generator_py/robot_localization/srv/_set_pose_s.c.o[0m
[19.390s] [ 66%] [32mBuilding C object CMakeFiles/robot_localization__rosidl_generator_py.dir/rosidl_generator_py/robot_localization/srv/_toggle_filter_processing_s.c.o[0m
[19.820s] [ 67%] [32mBuilding C object CMakeFiles/robot_localization__rosidl_generator_py.dir/rosidl_generator_py/robot_localization/srv/_to_ll_s.c.o[0m
[20.084s] [ 68%] [1m[32mLinking C shared library rosidl_generator_py/robot_localization/librobot_localization__rosidl_generator_py.so[0m
[20.231s] [ 68%] Built target robot_localization__rosidl_generator_py
[20.298s] [ 69%] [32mBuilding C object CMakeFiles/robot_localization__rosidl_typesupport_fastrtps_c__pyext.dir/rosidl_generator_py/robot_localization/_robot_localization_s.ep.rosidl_typesupport_fastrtps_c.c.o[0m
[20.733s] [ 70%] [1m[32mLinking C shared library rosidl_generator_py/robot_localization/robot_localization_s__rosidl_typesupport_fastrtps_c.cpython-310-x86_64-linux-gnu.so[0m
[20.862s] [ 70%] Built target robot_localization__rosidl_typesupport_fastrtps_c__pyext
[20.881s] [ 71%] [32mBuilding CXX object CMakeFiles/rl_lib.dir/src/ros_robot_localization_listener.cpp.o[0m
[25.989s] [ 71%] [32mBuilding C object CMakeFiles/robot_localization__rosidl_typesupport_introspection_c__pyext.dir/rosidl_generator_py/robot_localization/_robot_localization_s.ep.rosidl_typesupport_introspection_c.c.o[0m
[26.008s] [ 72%] [1m[32mLinking CXX static library libgtest.a[0m
[26.380s] [ 72%] Built target gtest
[26.456s] [ 73%] [32mBuilding C object CMakeFiles/robot_localization__rosidl_typesupport_c__pyext.dir/rosidl_generator_py/robot_localization/_robot_localization_s.ep.rosidl_typesupport_c.c.o[0m
[26.597s] [ 74%] [1m[32mLinking C shared library rosidl_generator_py/robot_localization/robot_localization_s__rosidl_typesupport_introspection_c.cpython-310-x86_64-linux-gnu.so[0m
[26.832s] [ 74%] Built target robot_localization__rosidl_typesupport_introspection_c__pyext
[27.051s] [ 75%] [1m[32mLinking C shared library rosidl_generator_py/robot_localization/robot_localization_s__rosidl_typesupport_c.cpython-310-x86_64-linux-gnu.so[0m
[27.195s] [ 75%] Built target robot_localization__rosidl_typesupport_c__pyext
[37.978s] gmake[2]: *** [CMakeFiles/rl_lib.dir/build.make:163: CMakeFiles/rl_lib.dir/src/ros_filter.cpp.o] 中断
[37.978s] gmake[2]: *** [CMakeFiles/rl_lib.dir/build.make:135: CMakeFiles/rl_lib.dir/src/navsat_transform.cpp.o] 中断
[37.978s] gmake[2]: *** [CMakeFiles/rl_lib.dir/build.make:191: CMakeFiles/rl_lib.dir/src/ros_robot_localization_listener.cpp.o] 中断
[37.979s] gmake[1]: *** [CMakeFiles/Makefile2:820: CMakeFiles/rl_lib.dir/all] 中断
[37.980s] gmake: *** [Makefile:146: all] 中断
