[0.046s] Invoking command in '/home/starry1n/WUTA/build/controller': CMAKE_PREFIX_PATH=${CMAKE_PREFIX_PATH}:/home/starry1n/WUTA/install/simulator_bringup:/home/starry1n/WUTA/install/vehicle_model:/home/starry1n/WUTA/install/lidar_sim:/home/starry1n/WUTA/install/can_simulator:/opt/ros/humble /usr/bin/cmake /home/starry1n/WUTA/WUTA-FSD/ros2_ws/src/control/controller -DAMENT_CMAKE_SYMLINK_INSTALL=1 -DCMAKE_INSTALL_PREFIX=/home/starry1n/WUTA/install/controller
[0.062s] CMake Deprecation Warning at CMakeLists.txt:1 (cmake_minimum_required):
[0.062s]   Compatibility with CMake < 3.10 will be removed from a future version of
[0.062s]   CMake.
[0.062s] 
[0.062s]   Update the VERSION argument <min> value.  Or, use the <min>...<max> syntax
[0.062s]   to tell CMake that the project requires at least <min> but has been updated
[0.062s]   to work with policies introduced by <max> or earlier.
[0.062s] 
[0.062s] 
[0.161s] -- The C compiler identification is GNU 11.4.0
[0.308s] -- The CXX compiler identification is GNU 11.4.0
[0.324s] -- Detecting C compiler ABI info
[0.503s] -- Detecting C compiler ABI info - done
[0.527s] -- Check for working C compiler: /usr/bin/cc - skipped
[0.528s] -- Detecting C compile features
[0.529s] -- Detecting C compile features - done
[0.559s] -- Detecting CXX compiler ABI info
[0.734s] -- Detecting CXX compiler ABI info - done
[0.764s] -- Check for working CXX compiler: /usr/bin/c++ - skipped
[0.765s] -- Detecting CXX compile features
[0.765s] -- Detecting CXX compile features - done
[0.785s] -- Found ament_cmake: 1.3.14 (/opt/ros/humble/share/ament_cmake/cmake)
[1.069s] -- Found Python3: /usr/bin/python3 (found version "3.10.12") found components: Interpreter
[1.198s] -- Override CMake install command with custom implementation using symlinks instead of copying resources
[1.262s] -- Found rclcpp: 16.0.19 (/opt/ros/humble/share/rclcpp/cmake)
[1.350s] -- Found rosidl_generator_c: 3.1.9 (/opt/ros/humble/share/rosidl_generator_c/cmake)
[1.360s] -- Found rosidl_adapter: 3.1.9 (/opt/ros/humble/share/rosidl_adapter/cmake)
[1.376s] -- Found rosidl_generator_cpp: 3.1.9 (/opt/ros/humble/share/rosidl_generator_cpp/cmake)
[1.400s] -- Using all available rosidl_typesupport_c: rosidl_typesupport_fastrtps_c;rosidl_typesupport_introspection_c
[1.434s] -- Using all available rosidl_typesupport_cpp: rosidl_typesupport_fastrtps_cpp;rosidl_typesupport_introspection_cpp
[1.536s] -- Found rmw_implementation_cmake: 6.1.2 (/opt/ros/humble/share/rmw_implementation_cmake/cmake)
[1.543s] -- Found rmw_fastrtps_cpp: 6.2.10 (/opt/ros/humble/share/rmw_fastrtps_cpp/cmake)
[1.753s] -- Found OpenSSL: /usr/lib/x86_64-linux-gnu/libcrypto.so (found version "3.0.2")
[1.812s] -- Found FastRTPS: /opt/ros/humble/include
[1.892s] -- Using RMW implementation 'rmw_fastrtps_cpp' as default
[1.911s] -- Performing Test CMAKE_HAVE_LIBC_PTHREAD
[2.086s] -- Performing Test CMAKE_HAVE_LIBC_PTHREAD - Success
[2.088s] -- Found Threads: TRUE
[2.222s] -- Found geometry_msgs: 4.9.1 (/opt/ros/humble/share/geometry_msgs/cmake)
[2.254s] -- Found visualization_msgs: 4.9.1 (/opt/ros/humble/share/visualization_msgs/cmake)
[2.357s] -- Found autoware_msgs: 0.1.0 (/home/starry1n/WUTA/install/autoware_msgs/share/autoware_msgs/cmake)
[2.390s] -- Found wuta_msgs: 1.0.0 (/home/starry1n/WUTA/install/wuta_msgs/share/wuta_msgs/cmake)
[2.567s] -- Configuring done (2.5s)
[2.588s] -- Generating done (0.0s)
[2.644s] -- Build files have been written to: /home/starry1n/WUTA/build/controller
[2.663s] Invoked command in '/home/starry1n/WUTA/build/controller' returned '0': CMAKE_PREFIX_PATH=${CMAKE_PREFIX_PATH}:/home/starry1n/WUTA/install/simulator_bringup:/home/starry1n/WUTA/install/vehicle_model:/home/starry1n/WUTA/install/lidar_sim:/home/starry1n/WUTA/install/can_simulator:/opt/ros/humble /usr/bin/cmake /home/starry1n/WUTA/WUTA-FSD/ros2_ws/src/control/controller -DAMENT_CMAKE_SYMLINK_INSTALL=1 -DCMAKE_INSTALL_PREFIX=/home/starry1n/WUTA/install/controller
[2.670s] Invoking command in '/home/starry1n/WUTA/build/controller': CMAKE_PREFIX_PATH=${CMAKE_PREFIX_PATH}:/home/starry1n/WUTA/install/simulator_bringup:/home/starry1n/WUTA/install/vehicle_model:/home/starry1n/WUTA/install/lidar_sim:/home/starry1n/WUTA/install/can_simulator:/opt/ros/humble /usr/bin/cmake --build /home/starry1n/WUTA/build/controller -- -j8 -l8
[2.769s] [ 25%] Building CXX object CMakeFiles/controller_node.dir/src/controller_node.cpp.o
[2.769s] [ 50%] Building CXX object CMakeFiles/controller_node.dir/src/pure_pursuit.cpp.o
[2.769s] [ 75%] Building CXX object CMakeFiles/controller_node.dir/src/twist_filter.cpp.o
[31.053s] [100%] Linking CXX executable controller_node
[31.858s] [100%] Built target controller_node
