[0.008s] Invoking command in '/home/starry1n/WUTA/build/autoware_msgs': CMAKE_PREFIX_PATH=/opt/ros/humble /usr/bin/cmake /home/starry1n/WUTA/WUTA-FSD/ros2_ws/src/common/autoware_msgs -DAMENT_CMAKE_SYMLINK_INSTALL=1 -DCMAKE_INSTALL_PREFIX=/home/starry1n/WUTA/install/autoware_msgs
[0.019s] CMake Deprecation Warning at CMakeLists.txt:1 (cmake_minimum_required):
[0.019s]   Compatibility with CMake < 3.10 will be removed from a future version of
[0.019s]   CMake.
[0.019s] 
[0.019s]   Update the VERSION argument <min> value.  Or, use the <min>...<max> syntax
[0.019s]   to tell CMake that the project requires at least <min> but has been updated
[0.019s]   to work with policies introduced by <max> or earlier.
[0.019s] 
[0.019s] 
[0.097s] -- The C compiler identification is GNU 11.4.0
[0.174s] -- The CXX compiler identification is GNU 11.4.0
[0.181s] -- Detecting C compiler ABI info
[0.261s] -- Detecting C compiler ABI info - done
[0.273s] -- Check for working C compiler: /usr/bin/cc - skipped
[0.274s] -- Detecting C compile features
[0.274s] -- Detecting C compile features - done
[0.288s] -- Detecting CXX compiler ABI info
[0.367s] -- Detecting CXX compiler ABI info - done
[0.379s] -- Check for working CXX compiler: /usr/bin/c++ - skipped
[0.379s] -- Detecting CXX compile features
[0.379s] -- Detecting CXX compile features - done
[0.390s] -- Found ament_cmake: 1.3.14 (/opt/ros/humble/share/ament_cmake/cmake)
[0.498s] -- Found Python3: /usr/bin/python3 (found version "3.10.12") found components: Interpreter
[0.546s] -- Override CMake install command with custom implementation using symlinks instead of copying resources
[0.569s] -- Found rosidl_default_generators: 1.2.1 (/opt/ros/humble/share/rosidl_default_generators/cmake)
[0.572s] -- Using all available rosidl_typesupport_c: rosidl_typesupport_fastrtps_c;rosidl_typesupport_introspection_c
[0.578s] -- Found rosidl_adapter: 3.1.9 (/opt/ros/humble/share/rosidl_adapter/cmake)
[0.612s] -- Using all available rosidl_typesupport_cpp: rosidl_typesupport_fastrtps_cpp;rosidl_typesupport_introspection_cpp
[0.642s] -- Found std_msgs: 4.9.1 (/opt/ros/humble/share/std_msgs/cmake)
[0.671s] -- Found geometry_msgs: 4.9.1 (/opt/ros/humble/share/geometry_msgs/cmake)
[1.046s] -- Found ament_cmake_ros: 0.10.0 (/opt/ros/humble/share/ament_cmake_ros/cmake)
[1.448s] -- Using all available rosidl_typesupport_c: rosidl_typesupport_fastrtps_c;rosidl_typesupport_introspection_c
[2.535s] -- Using all available rosidl_typesupport_cpp: rosidl_typesupport_fastrtps_cpp;rosidl_typesupport_introspection_cpp
[2.542s] CMake Warning (dev) at /opt/ros/humble/share/rosidl_generator_py/cmake/rosidl_generator_py_generate_interfaces.cmake:20 (find_package):
[2.542s]   Policy CMP0148 is not set: The FindPythonInterp and FindPythonLibs modules
[2.542s]   are removed.  Run "cmake --help-policy CMP0148" for policy details.  Use
[2.542s]   the cmake_policy command to set the policy and suppress this warning.
[2.543s] 
[2.543s] Call Stack (most recent call first):
[2.543s]   /opt/ros/humble/share/ament_cmake_core/cmake/core/ament_execute_extensions.cmake:48 (include)
[2.543s]   /opt/ros/humble/share/rosidl_cmake/cmake/rosidl_generate_interfaces.cmake:286 (ament_execute_extensions)
[2.543s]   CMakeLists.txt:13 (rosidl_generate_interfaces)
[2.543s] This warning is for project developers.  Use -Wno-dev to suppress it.
[2.543s] 
[2.586s] -- Found PythonInterp: /usr/bin/python3 (found suitable version "3.10.12", minimum required is "3.6")
[2.590s] -- Found python_cmake_module: 0.10.0 (/opt/ros/humble/share/python_cmake_module/cmake)
[2.591s] CMake Warning (dev) at /opt/ros/humble/share/python_cmake_module/cmake/Modules/FindPythonExtra.cmake:52 (find_package):
[2.592s]   Policy CMP0148 is not set: The FindPythonInterp and FindPythonLibs modules
[2.592s]   are removed.  Run "cmake --help-policy CMP0148" for policy details.  Use
[2.592s]   the cmake_policy command to set the policy and suppress this warning.
[2.592s] 
[2.592s] Call Stack (most recent call first):
[2.592s]   /opt/ros/humble/share/rosidl_generator_py/cmake/rosidl_generator_py_generate_interfaces.cmake:23 (find_package)
[2.593s]   /opt/ros/humble/share/ament_cmake_core/cmake/core/ament_execute_extensions.cmake:48 (include)
[2.593s]   /opt/ros/humble/share/rosidl_cmake/cmake/rosidl_generate_interfaces.cmake:286 (ament_execute_extensions)
[2.593s]   CMakeLists.txt:13 (rosidl_generate_interfaces)
[2.593s] This warning is for project developers.  Use -Wno-dev to suppress it.
[2.593s] 
[2.632s] CMake Warning (dev) at /opt/ros/humble/share/python_cmake_module/cmake/Modules/FindPythonExtra.cmake:140 (find_package):
[2.632s]   Policy CMP0148 is not set: The FindPythonInterp and FindPythonLibs modules
[2.632s]   are removed.  Run "cmake --help-policy CMP0148" for policy details.  Use
[2.632s]   the cmake_policy command to set the policy and suppress this warning.
[2.632s] 
[2.633s] Call Stack (most recent call first):
[2.633s]   /opt/ros/humble/share/rosidl_generator_py/cmake/rosidl_generator_py_generate_interfaces.cmake:23 (find_package)
[2.633s]   /opt/ros/humble/share/ament_cmake_core/cmake/core/ament_execute_extensions.cmake:48 (include)
[2.633s]   /opt/ros/humble/share/rosidl_cmake/cmake/rosidl_generate_interfaces.cmake:286 (ament_execute_extensions)
[2.633s]   CMakeLists.txt:13 (rosidl_generate_interfaces)
[2.633s] This warning is for project developers.  Use -Wno-dev to suppress it.
[2.633s] 
[2.648s] -- Found PythonLibs: /usr/lib/x86_64-linux-gnu/libpython3.10.so (found suitable version "3.10.12", minimum required is "3.5")
[2.648s] -- Using PYTHON_EXECUTABLE: /usr/bin/python3
[2.648s] -- Using PYTHON_INCLUDE_DIRS: /usr/include/python3.10
[2.648s] -- Using PYTHON_LIBRARIES: /usr/lib/x86_64-linux-gnu/libpython3.10.so
[2.692s] -- Found PythonExtra: .so
[3.124s] -- Configuring done (3.1s)
[3.216s] -- Generating done (0.1s)
[3.249s] -- Build files have been written to: /home/starry1n/WUTA/build/autoware_msgs
[3.308s] Invoked command in '/home/starry1n/WUTA/build/autoware_msgs' returned '0': CMAKE_PREFIX_PATH=/opt/ros/humble /usr/bin/cmake /home/starry1n/WUTA/WUTA-FSD/ros2_ws/src/common/autoware_msgs -DAMENT_CMAKE_SYMLINK_INSTALL=1 -DCMAKE_INSTALL_PREFIX=/home/starry1n/WUTA/install/autoware_msgs
[3.309s] Invoking command in '/home/starry1n/WUTA/build/autoware_msgs': CMAKE_PREFIX_PATH=/opt/ros/humble /usr/bin/cmake --build /home/starry1n/WUTA/build/autoware_msgs -- -j8 -l8
[3.402s] [  2%] Generating C code for ROS interfaces
[3.440s] [  4%] Generating C++ code for ROS interfaces
[3.441s] [  6%] Generating Rust code for ROS interfaces
[3.454s] [  6%] Built target ament_cmake_python_symlink_autoware_msgs
[3.954s] running egg_info
[3.954s] creating autoware_msgs.egg-info
[3.955s] writing autoware_msgs.egg-info/PKG-INFO
[3.955s] writing dependency_links to autoware_msgs.egg-info/dependency_links.txt
[3.956s] writing top-level names to autoware_msgs.egg-info/top_level.txt
[3.956s] writing manifest file 'autoware_msgs.egg-info/SOURCES.txt'
[3.962s] reading manifest file 'autoware_msgs.egg-info/SOURCES.txt'
[3.966s] writing manifest file 'autoware_msgs.egg-info/SOURCES.txt'
[4.020s] [  6%] Built target autoware_msgs__rs
[4.044s] [  6%] Built target ament_cmake_python_build_autoware_msgs_egg
[4.176s] [  8%] Building C object CMakeFiles/autoware_msgs__rosidl_generator_c.dir/rosidl_generator_c/autoware_msgs/msg/detail/waypoint__functions.c.o
[4.189s] [ 10%] Building C object CMakeFiles/autoware_msgs__rosidl_generator_c.dir/rosidl_generator_c/autoware_msgs/msg/detail/command__functions.c.o
[4.190s] [ 12%] Building C object CMakeFiles/autoware_msgs__rosidl_generator_c.dir/rosidl_generator_c/autoware_msgs/msg/detail/lane__functions.c.o
[4.207s] [ 12%] Built target autoware_msgs__cpp
[4.240s] [ 14%] Generating C++ type support dispatch for ROS interfaces
[4.246s] [ 16%] Generating C++ introspection for ROS interfaces
[4.262s] [ 18%] Generating C++ type support for eProsima Fast-RTPS
[4.326s] [ 20%] Linking C shared library libautoware_msgs__rosidl_generator_c.so
[4.447s] [ 20%] Built target autoware_msgs__rosidl_generator_c
[4.479s] [ 22%] Generating C type support dispatch for ROS interfaces
[4.483s] [ 25%] Generating C introspection for ROS interfaces
[4.492s] [ 27%] Generating C type support for eProsima Fast-RTPS
[5.037s] [ 29%] Building CXX object CMakeFiles/autoware_msgs__rosidl_typesupport_cpp.dir/rosidl_typesupport_cpp/autoware_msgs/msg/waypoint__type_support.cpp.o
[5.048s] [ 31%] Building CXX object CMakeFiles/autoware_msgs__rosidl_typesupport_cpp.dir/rosidl_typesupport_cpp/autoware_msgs/msg/lane__type_support.cpp.o
[5.078s] [ 33%] Building CXX object CMakeFiles/autoware_msgs__rosidl_typesupport_cpp.dir/rosidl_typesupport_cpp/autoware_msgs/msg/command__type_support.cpp.o
[5.115s] [ 35%] Building CXX object CMakeFiles/autoware_msgs__rosidl_typesupport_introspection_cpp.dir/rosidl_typesupport_introspection_cpp/autoware_msgs/msg/detail/waypoint__type_support.cpp.o
[5.144s] [ 37%] Building CXX object CMakeFiles/autoware_msgs__rosidl_typesupport_fastrtps_cpp.dir/rosidl_typesupport_fastrtps_cpp/autoware_msgs/msg/detail/dds_fastrtps/waypoint__type_support.cpp.o
[5.223s] [ 39%] Building CXX object CMakeFiles/autoware_msgs__rosidl_typesupport_c.dir/rosidl_typesupport_c/autoware_msgs/msg/waypoint__type_support.cpp.o
[5.333s] [ 41%] Building CXX object CMakeFiles/autoware_msgs__rosidl_typesupport_c.dir/rosidl_typesupport_c/autoware_msgs/msg/lane__type_support.cpp.o
[5.491s] [ 43%] Building CXX object CMakeFiles/autoware_msgs__rosidl_typesupport_fastrtps_c.dir/rosidl_typesupport_fastrtps_c/autoware_msgs/msg/detail/waypoint__type_support_c.cpp.o
[5.508s] [ 45%] Building CXX object CMakeFiles/autoware_msgs__rosidl_typesupport_c.dir/rosidl_typesupport_c/autoware_msgs/msg/command__type_support.cpp.o
[5.523s] [ 47%] Building C object CMakeFiles/autoware_msgs__rosidl_typesupport_introspection_c.dir/rosidl_typesupport_introspection_c/autoware_msgs/msg/detail/waypoint__type_support.c.o
[5.613s] [ 50%] Linking CXX shared library libautoware_msgs__rosidl_typesupport_c.so
[5.765s] [ 50%] Built target autoware_msgs__rosidl_typesupport_c
[5.784s] [ 52%] Building CXX object CMakeFiles/autoware_msgs__rosidl_typesupport_introspection_cpp.dir/rosidl_typesupport_introspection_cpp/autoware_msgs/msg/detail/lane__type_support.cpp.o
[5.793s] [ 54%] Building C object CMakeFiles/autoware_msgs__rosidl_typesupport_introspection_c.dir/rosidl_typesupport_introspection_c/autoware_msgs/msg/detail/lane__type_support.c.o
[6.113s] [ 56%] Building C object CMakeFiles/autoware_msgs__rosidl_typesupport_introspection_c.dir/rosidl_typesupport_introspection_c/autoware_msgs/msg/detail/command__type_support.c.o
[6.221s] [ 58%] Building CXX object CMakeFiles/autoware_msgs__rosidl_typesupport_fastrtps_cpp.dir/rosidl_typesupport_fastrtps_cpp/autoware_msgs/msg/detail/dds_fastrtps/lane__type_support.cpp.o
[6.290s] [ 60%] Building CXX object CMakeFiles/autoware_msgs__rosidl_typesupport_fastrtps_c.dir/rosidl_typesupport_fastrtps_c/autoware_msgs/msg/detail/lane__type_support_c.cpp.o
[6.396s] [ 62%] Linking C shared library libautoware_msgs__rosidl_typesupport_introspection_c.so
[6.502s] [ 64%] Linking CXX shared library libautoware_msgs__rosidl_typesupport_cpp.so
[6.568s] [ 64%] Built target autoware_msgs__rosidl_typesupport_introspection_c
[6.602s] [ 66%] Building CXX object CMakeFiles/autoware_msgs__rosidl_typesupport_introspection_cpp.dir/rosidl_typesupport_introspection_cpp/autoware_msgs/msg/detail/command__type_support.cpp.o
[6.836s] [ 68%] Building CXX object CMakeFiles/autoware_msgs__rosidl_typesupport_fastrtps_cpp.dir/rosidl_typesupport_fastrtps_cpp/autoware_msgs/msg/detail/dds_fastrtps/command__type_support.cpp.o
[6.866s] [ 68%] Built target autoware_msgs__rosidl_typesupport_cpp
[6.936s] [ 70%] Building CXX object CMakeFiles/autoware_msgs__rosidl_typesupport_fastrtps_c.dir/rosidl_typesupport_fastrtps_c/autoware_msgs/msg/detail/command__type_support_c.cpp.o
[9.102s] [ 72%] Linking CXX shared library libautoware_msgs__rosidl_typesupport_fastrtps_c.so
[9.394s] [ 75%] Linking CXX shared library libautoware_msgs__rosidl_typesupport_introspection_cpp.so
[9.530s] [ 75%] Built target autoware_msgs__rosidl_typesupport_fastrtps_c
[9.826s] [ 75%] Built target autoware_msgs__rosidl_typesupport_introspection_cpp
[9.853s] [ 77%] Linking CXX shared library libautoware_msgs__rosidl_typesupport_fastrtps_cpp.so
[10.114s] [ 77%] Built target autoware_msgs__rosidl_typesupport_fastrtps_cpp
[10.196s] [ 77%] Built target autoware_msgs
[10.283s] [ 79%] Generating Python code for ROS interfaces
[11.252s] [ 79%] Built target autoware_msgs__py
[11.309s] [ 81%] Building C object CMakeFiles/autoware_msgs__rosidl_generator_py.dir/rosidl_generator_py/autoware_msgs/msg/_waypoint_s.c.o
[11.310s] [ 83%] Building C object CMakeFiles/autoware_msgs__rosidl_generator_py.dir/rosidl_generator_py/autoware_msgs/msg/_lane_s.c.o
[11.311s] [ 85%] Building C object CMakeFiles/autoware_msgs__rosidl_generator_py.dir/rosidl_generator_py/autoware_msgs/msg/_command_s.c.o
[11.542s] [ 87%] Linking C shared library rosidl_generator_py/autoware_msgs/libautoware_msgs__rosidl_generator_py.so
[11.657s] [ 87%] Built target autoware_msgs__rosidl_generator_py
[11.711s] [ 89%] Building C object CMakeFiles/autoware_msgs__rosidl_typesupport_fastrtps_c__pyext.dir/rosidl_generator_py/autoware_msgs/_autoware_msgs_s.ep.rosidl_typesupport_fastrtps_c.c.o
[11.713s] [ 91%] Building C object CMakeFiles/autoware_msgs__rosidl_typesupport_introspection_c__pyext.dir/rosidl_generator_py/autoware_msgs/_autoware_msgs_s.ep.rosidl_typesupport_introspection_c.c.o
[11.715s] [ 93%] Building C object CMakeFiles/autoware_msgs__rosidl_typesupport_c__pyext.dir/rosidl_generator_py/autoware_msgs/_autoware_msgs_s.ep.rosidl_typesupport_c.c.o
[11.972s] [ 95%] Linking C shared library rosidl_generator_py/autoware_msgs/autoware_msgs_s__rosidl_typesupport_introspection_c.cpython-310-x86_64-linux-gnu.so
[11.977s] [ 97%] Linking C shared library rosidl_generator_py/autoware_msgs/autoware_msgs_s__rosidl_typesupport_fastrtps_c.cpython-310-x86_64-linux-gnu.so
[11.996s] [100%] Linking C shared library rosidl_generator_py/autoware_msgs/autoware_msgs_s__rosidl_typesupport_c.cpython-310-x86_64-linux-gnu.so
[12.092s] [100%] Built target autoware_msgs__rosidl_typesupport_introspection_c__pyext
[12.097s] [100%] Built target autoware_msgs__rosidl_typesupport_fastrtps_c__pyext
[12.102s] [100%] Built target autoware_msgs__rosidl_typesupport_c__pyext
[12.125s] Invoked command in '/home/starry1n/WUTA/build/autoware_msgs' returned '0': CMAKE_PREFIX_PATH=/opt/ros/humble /usr/bin/cmake --build /home/starry1n/WUTA/build/autoware_msgs -- -j8 -l8
[12.148s] Invoking command in '/home/starry1n/WUTA/build/autoware_msgs': CMAKE_PREFIX_PATH=/opt/ros/humble /usr/bin/cmake --install /home/starry1n/WUTA/build/autoware_msgs
[12.164s] -- Install configuration: ""
[12.165s] -- Execute custom install script
[12.166s] -- Symlinking: /home/starry1n/WUTA/install/autoware_msgs/share/ament_index/resource_index/rosidl_interfaces/autoware_msgs
[12.189s] -- Symlinking: /home/starry1n/WUTA/install/autoware_msgs/include/autoware_msgs/autoware_msgs/msg/command.h
[12.211s] -- Symlinking: /home/starry1n/WUTA/install/autoware_msgs/include/autoware_msgs/autoware_msgs/msg/detail/command__functions.h
[12.228s] -- Symlinking: /home/starry1n/WUTA/install/autoware_msgs/include/autoware_msgs/autoware_msgs/msg/detail/command__struct.h
[12.247s] -- Symlinking: /home/starry1n/WUTA/install/autoware_msgs/include/autoware_msgs/autoware_msgs/msg/detail/command__type_support.h
[12.316s] -- Symlinking: /home/starry1n/WUTA/install/autoware_msgs/include/autoware_msgs/autoware_msgs/msg/detail/lane__functions.h
[12.352s] -- Symlinking: /home/starry1n/WUTA/install/autoware_msgs/include/autoware_msgs/autoware_msgs/msg/detail/lane__struct.h
[12.372s] -- Symlinking: /home/starry1n/WUTA/install/autoware_msgs/include/autoware_msgs/autoware_msgs/msg/detail/lane__type_support.h
[12.393s] -- Symlinking: /home/starry1n/WUTA/install/autoware_msgs/include/autoware_msgs/autoware_msgs/msg/detail/waypoint__functions.h
[12.415s] -- Symlinking: /home/starry1n/WUTA/install/autoware_msgs/include/autoware_msgs/autoware_msgs/msg/detail/waypoint__struct.h
[12.435s] -- Symlinking: /home/starry1n/WUTA/install/autoware_msgs/include/autoware_msgs/autoware_msgs/msg/detail/waypoint__type_support.h
[12.454s] -- Symlinking: /home/starry1n/WUTA/install/autoware_msgs/include/autoware_msgs/autoware_msgs/msg/lane.h
[12.473s] -- Symlinking: /home/starry1n/WUTA/install/autoware_msgs/include/autoware_msgs/autoware_msgs/msg/rosidl_generator_c__visibility_control.h
[12.490s] -- Symlinking: /home/starry1n/WUTA/install/autoware_msgs/include/autoware_msgs/autoware_msgs/msg/waypoint.h
[12.511s] -- Symlinking: /home/starry1n/WUTA/install/autoware_msgs/share/autoware_msgs/environment/library_path.sh
[12.527s] -- Symlinking: /home/starry1n/WUTA/install/autoware_msgs/share/autoware_msgs/environment/library_path.dsv
[12.555s] -- Symlinking: /home/starry1n/WUTA/install/autoware_msgs/include/autoware_msgs/autoware_msgs/msg/detail/command__rosidl_typesupport_fastrtps_c.h
[12.579s] -- Symlinking: /home/starry1n/WUTA/install/autoware_msgs/include/autoware_msgs/autoware_msgs/msg/detail/lane__rosidl_typesupport_fastrtps_c.h
[12.599s] -- Symlinking: /home/starry1n/WUTA/install/autoware_msgs/include/autoware_msgs/autoware_msgs/msg/detail/waypoint__rosidl_typesupport_fastrtps_c.h
[12.617s] -- Symlinking: /home/starry1n/WUTA/install/autoware_msgs/include/autoware_msgs/autoware_msgs/msg/rosidl_typesupport_fastrtps_c__visibility_control.h
[12.637s] -- Symlinking: /home/starry1n/WUTA/install/autoware_msgs/include/autoware_msgs/autoware_msgs/msg/detail/command__rosidl_typesupport_introspection_c.h
[12.658s] -- Symlinking: /home/starry1n/WUTA/install/autoware_msgs/include/autoware_msgs/autoware_msgs/msg/detail/lane__rosidl_typesupport_introspection_c.h
[12.674s] -- Symlinking: /home/starry1n/WUTA/install/autoware_msgs/include/autoware_msgs/autoware_msgs/msg/detail/waypoint__rosidl_typesupport_introspection_c.h
[12.699s] -- Symlinking: /home/starry1n/WUTA/install/autoware_msgs/include/autoware_msgs/autoware_msgs/msg/rosidl_typesupport_introspection_c__visibility_control.h
[12.717s] -- Symlinking: /home/starry1n/WUTA/install/autoware_msgs/include/autoware_msgs/autoware_msgs/msg/command.hpp
[12.734s] -- Symlinking: /home/starry1n/WUTA/install/autoware_msgs/include/autoware_msgs/autoware_msgs/msg/detail/command__builder.hpp
[12.751s] -- Symlinking: /home/starry1n/WUTA/install/autoware_msgs/include/autoware_msgs/autoware_msgs/msg/detail/command__struct.hpp
[12.772s] -- Symlinking: /home/starry1n/WUTA/install/autoware_msgs/include/autoware_msgs/autoware_msgs/msg/detail/command__traits.hpp
[12.795s] -- Symlinking: /home/starry1n/WUTA/install/autoware_msgs/include/autoware_msgs/autoware_msgs/msg/detail/command__type_support.hpp
[12.818s] -- Symlinking: /home/starry1n/WUTA/install/autoware_msgs/include/autoware_msgs/autoware_msgs/msg/detail/lane__builder.hpp
[12.840s] -- Symlinking: /home/starry1n/WUTA/install/autoware_msgs/include/autoware_msgs/autoware_msgs/msg/detail/lane__struct.hpp
[12.861s] -- Symlinking: /home/starry1n/WUTA/install/autoware_msgs/include/autoware_msgs/autoware_msgs/msg/detail/lane__traits.hpp
[12.881s] -- Symlinking: /home/starry1n/WUTA/install/autoware_msgs/include/autoware_msgs/autoware_msgs/msg/detail/lane__type_support.hpp
[12.898s] -- Symlinking: /home/starry1n/WUTA/install/autoware_msgs/include/autoware_msgs/autoware_msgs/msg/detail/waypoint__builder.hpp
[12.917s] -- Symlinking: /home/starry1n/WUTA/install/autoware_msgs/include/autoware_msgs/autoware_msgs/msg/detail/waypoint__struct.hpp
[12.936s] -- Symlinking: /home/starry1n/WUTA/install/autoware_msgs/include/autoware_msgs/autoware_msgs/msg/detail/waypoint__traits.hpp
[12.955s] -- Symlinking: /home/starry1n/WUTA/install/autoware_msgs/include/autoware_msgs/autoware_msgs/msg/detail/waypoint__type_support.hpp
[12.977s] -- Symlinking: /home/starry1n/WUTA/install/autoware_msgs/include/autoware_msgs/autoware_msgs/msg/lane.hpp
[12.996s] -- Symlinking: /home/starry1n/WUTA/install/autoware_msgs/include/autoware_msgs/autoware_msgs/msg/rosidl_generator_cpp__visibility_control.hpp
[13.013s] -- Symlinking: /home/starry1n/WUTA/install/autoware_msgs/include/autoware_msgs/autoware_msgs/msg/waypoint.hpp
[13.033s] -- Symlinking: /home/starry1n/WUTA/install/autoware_msgs/include/autoware_msgs/autoware_msgs/msg/detail/command__rosidl_typesupport_fastrtps_cpp.hpp
[13.059s] -- Symlinking: /home/starry1n/WUTA/install/autoware_msgs/include/autoware_msgs/autoware_msgs/msg/detail/lane__rosidl_typesupport_fastrtps_cpp.hpp
[13.079s] -- Symlinking: /home/starry1n/WUTA/install/autoware_msgs/include/autoware_msgs/autoware_msgs/msg/detail/waypoint__rosidl_typesupport_fastrtps_cpp.hpp
[13.098s] -- Symlinking: /home/starry1n/WUTA/install/autoware_msgs/include/autoware_msgs/autoware_msgs/msg/rosidl_typesupport_fastrtps_cpp__visibility_control.h
[13.119s] -- Symlinking: /home/starry1n/WUTA/install/autoware_msgs/include/autoware_msgs/autoware_msgs/msg/detail/command__rosidl_typesupport_introspection_cpp.hpp
[13.140s] -- Symlinking: /home/starry1n/WUTA/install/autoware_msgs/include/autoware_msgs/autoware_msgs/msg/detail/lane__rosidl_typesupport_introspection_cpp.hpp
[13.161s] -- Symlinking: /home/starry1n/WUTA/install/autoware_msgs/include/autoware_msgs/autoware_msgs/msg/detail/waypoint__rosidl_typesupport_introspection_cpp.hpp
[13.178s] -- Symlinking: /home/starry1n/WUTA/install/autoware_msgs/share/autoware_msgs/environment/pythonpath.sh
[13.196s] -- Symlinking: /home/starry1n/WUTA/install/autoware_msgs/share/autoware_msgs/environment/pythonpath.dsv
[13.218s] -- Symlinking: /home/starry1n/WUTA/install/autoware_msgs/local/lib/python3.10/dist-packages/autoware_msgs-0.1.0-py3.10.egg-info/PKG-INFO
[13.239s] -- Symlinking: /home/starry1n/WUTA/install/autoware_msgs/local/lib/python3.10/dist-packages/autoware_msgs-0.1.0-py3.10.egg-info/SOURCES.txt
[13.268s] -- Symlinking: /home/starry1n/WUTA/install/autoware_msgs/local/lib/python3.10/dist-packages/autoware_msgs-0.1.0-py3.10.egg-info/dependency_links.txt
[13.289s] -- Symlinking: /home/starry1n/WUTA/install/autoware_msgs/local/lib/python3.10/dist-packages/autoware_msgs-0.1.0-py3.10.egg-info/top_level.txt
[13.312s] -- Symlinking: /home/starry1n/WUTA/install/autoware_msgs/local/lib/python3.10/dist-packages/autoware_msgs/__init__.py
[13.332s] -- Symlinking: /home/starry1n/WUTA/install/autoware_msgs/local/lib/python3.10/dist-packages/autoware_msgs/_autoware_msgs_s.ep.rosidl_typesupport_c.c
[13.356s] -- Symlinking: /home/starry1n/WUTA/install/autoware_msgs/local/lib/python3.10/dist-packages/autoware_msgs/_autoware_msgs_s.ep.rosidl_typesupport_fastrtps_c.c
[13.380s] -- Symlinking: /home/starry1n/WUTA/install/autoware_msgs/local/lib/python3.10/dist-packages/autoware_msgs/_autoware_msgs_s.ep.rosidl_typesupport_introspection_c.c
[13.404s] -- Symlinking: /home/starry1n/WUTA/install/autoware_msgs/local/lib/python3.10/dist-packages/autoware_msgs/autoware_msgs_s__rosidl_typesupport_c.cpython-310-x86_64-linux-gnu.so
[13.427s] -- Symlinking: /home/starry1n/WUTA/install/autoware_msgs/local/lib/python3.10/dist-packages/autoware_msgs/autoware_msgs_s__rosidl_typesupport_fastrtps_c.cpython-310-x86_64-linux-gnu.so
[13.450s] -- Symlinking: /home/starry1n/WUTA/install/autoware_msgs/local/lib/python3.10/dist-packages/autoware_msgs/autoware_msgs_s__rosidl_typesupport_introspection_c.cpython-310-x86_64-linux-gnu.so
[13.473s] -- Symlinking: /home/starry1n/WUTA/install/autoware_msgs/local/lib/python3.10/dist-packages/autoware_msgs/libautoware_msgs__rosidl_generator_py.so
[13.497s] -- Symlinking: /home/starry1n/WUTA/install/autoware_msgs/local/lib/python3.10/dist-packages/autoware_msgs/msg/__init__.py
[13.515s] -- Symlinking: /home/starry1n/WUTA/install/autoware_msgs/local/lib/python3.10/dist-packages/autoware_msgs/msg/_command.py
[13.538s] -- Symlinking: /home/starry1n/WUTA/install/autoware_msgs/local/lib/python3.10/dist-packages/autoware_msgs/msg/_command_s.c
[13.561s] -- Symlinking: /home/starry1n/WUTA/install/autoware_msgs/local/lib/python3.10/dist-packages/autoware_msgs/msg/_lane.py
[13.591s] -- Symlinking: /home/starry1n/WUTA/install/autoware_msgs/local/lib/python3.10/dist-packages/autoware_msgs/msg/_lane_s.c
[13.610s] -- Symlinking: /home/starry1n/WUTA/install/autoware_msgs/local/lib/python3.10/dist-packages/autoware_msgs/msg/_waypoint.py
[13.631s] -- Symlinking: /home/starry1n/WUTA/install/autoware_msgs/local/lib/python3.10/dist-packages/autoware_msgs/msg/_waypoint_s.c
[13.649s] -- Up-to-date symlink: /home/starry1n/WUTA/install/autoware_msgs/local/lib/python3.10/dist-packages/autoware_msgs/autoware_msgs_s__rosidl_typesupport_fastrtps_c.cpython-310-x86_64-linux-gnu.so
[13.650s] -- Up-to-date symlink: /home/starry1n/WUTA/install/autoware_msgs/local/lib/python3.10/dist-packages/autoware_msgs/autoware_msgs_s__rosidl_typesupport_introspection_c.cpython-310-x86_64-linux-gnu.so
[13.650s] -- Up-to-date symlink: /home/starry1n/WUTA/install/autoware_msgs/local/lib/python3.10/dist-packages/autoware_msgs/autoware_msgs_s__rosidl_typesupport_c.cpython-310-x86_64-linux-gnu.so
[13.651s] -- Symlinking: /home/starry1n/WUTA/install/autoware_msgs/share/ament_index/resource_index/rust_packages/autoware_msgs
[13.672s] -- Symlinking: /home/starry1n/WUTA/install/autoware_msgs/share/autoware_msgs/rust/Cargo.toml
[13.693s] -- Symlinking: /home/starry1n/WUTA/install/autoware_msgs/share/autoware_msgs/rust/build.rs
[13.712s] -- Symlinking: /home/starry1n/WUTA/install/autoware_msgs/share/autoware_msgs/rust/src/lib.rs
[13.733s] -- Symlinking: /home/starry1n/WUTA/install/autoware_msgs/share/autoware_msgs/rust/src/msg.rs
[13.753s] -- Symlinking: /home/starry1n/WUTA/install/autoware_msgs/share/autoware_msgs/rust/src/msg/rmw.rs
[13.771s] -- Symlinking: /home/starry1n/WUTA/install/autoware_msgs/share/autoware_msgs/msg/Waypoint.idl
[13.790s] -- Symlinking: /home/starry1n/WUTA/install/autoware_msgs/share/autoware_msgs/msg/Lane.idl
[13.816s] -- Symlinking: /home/starry1n/WUTA/install/autoware_msgs/share/autoware_msgs/msg/Command.idl
[13.835s] -- Symlinking: /home/starry1n/WUTA/install/autoware_msgs/share/autoware_msgs/msg/Waypoint.msg
[13.853s] -- Symlinking: /home/starry1n/WUTA/install/autoware_msgs/share/autoware_msgs/msg/Lane.msg
[13.871s] -- Symlinking: /home/starry1n/WUTA/install/autoware_msgs/share/autoware_msgs/msg/Command.msg
[13.890s] -- Symlinking: /home/starry1n/WUTA/install/autoware_msgs/share/ament_index/resource_index/package_run_dependencies/autoware_msgs
[13.905s] -- Symlinking: /home/starry1n/WUTA/install/autoware_msgs/share/ament_index/resource_index/parent_prefix_path/autoware_msgs
[13.928s] -- Symlinking: /home/starry1n/WUTA/install/autoware_msgs/share/autoware_msgs/environment/ament_prefix_path.sh
[13.946s] -- Symlinking: /home/starry1n/WUTA/install/autoware_msgs/share/autoware_msgs/environment/ament_prefix_path.dsv
[13.966s] -- Symlinking: /home/starry1n/WUTA/install/autoware_msgs/share/autoware_msgs/environment/path.sh
[13.981s] -- Symlinking: /home/starry1n/WUTA/install/autoware_msgs/share/autoware_msgs/environment/path.dsv
[14.003s] -- Symlinking: /home/starry1n/WUTA/install/autoware_msgs/share/autoware_msgs/local_setup.bash
[14.018s] -- Symlinking: /home/starry1n/WUTA/install/autoware_msgs/share/autoware_msgs/local_setup.sh
[14.037s] -- Symlinking: /home/starry1n/WUTA/install/autoware_msgs/share/autoware_msgs/local_setup.zsh
[14.064s] -- Symlinking: /home/starry1n/WUTA/install/autoware_msgs/share/autoware_msgs/local_setup.dsv
[14.081s] -- Symlinking: /home/starry1n/WUTA/install/autoware_msgs/share/autoware_msgs/package.dsv
[14.099s] -- Symlinking: /home/starry1n/WUTA/install/autoware_msgs/share/ament_index/resource_index/packages/autoware_msgs
[14.113s] -- Symlinking: /home/starry1n/WUTA/install/autoware_msgs/share/autoware_msgs/cmake/rosidl_cmake-extras.cmake
[14.139s] -- Symlinking: /home/starry1n/WUTA/install/autoware_msgs/share/autoware_msgs/cmake/ament_cmake_export_dependencies-extras.cmake
[14.155s] -- Symlinking: /home/starry1n/WUTA/install/autoware_msgs/share/autoware_msgs/cmake/ament_cmake_export_include_directories-extras.cmake
[14.174s] -- Symlinking: /home/starry1n/WUTA/install/autoware_msgs/share/autoware_msgs/cmake/ament_cmake_export_libraries-extras.cmake
[14.191s] -- Symlinking: /home/starry1n/WUTA/install/autoware_msgs/share/autoware_msgs/cmake/ament_cmake_export_targets-extras.cmake
[14.209s] -- Symlinking: /home/starry1n/WUTA/install/autoware_msgs/share/autoware_msgs/cmake/rosidl_cmake_export_typesupport_targets-extras.cmake
[14.231s] -- Symlinking: /home/starry1n/WUTA/install/autoware_msgs/share/autoware_msgs/cmake/rosidl_cmake_export_typesupport_libraries-extras.cmake
[14.250s] -- Symlinking: /home/starry1n/WUTA/install/autoware_msgs/share/autoware_msgs/cmake/rosidl_cmake_aggregate_target-extras.cmake
[14.271s] -- Symlinking: /home/starry1n/WUTA/install/autoware_msgs/share/autoware_msgs/cmake/autoware_msgsConfig.cmake
[14.290s] -- Symlinking: /home/starry1n/WUTA/install/autoware_msgs/share/autoware_msgs/cmake/autoware_msgsConfig-version.cmake
[14.315s] -- Symlinking: /home/starry1n/WUTA/install/autoware_msgs/share/autoware_msgs/package.xml
[14.335s] -- Installing: /home/starry1n/WUTA/install/autoware_msgs/lib/libautoware_msgs__rosidl_generator_c.so
[14.336s] -- Set non-toolchain portion of runtime path of "/home/starry1n/WUTA/install/autoware_msgs/lib/libautoware_msgs__rosidl_generator_c.so" to ""
[14.336s] -- Installing: /home/starry1n/WUTA/install/autoware_msgs/lib/libautoware_msgs__rosidl_typesupport_fastrtps_c.so
[14.337s] -- Set non-toolchain portion of runtime path of "/home/starry1n/WUTA/install/autoware_msgs/lib/libautoware_msgs__rosidl_typesupport_fastrtps_c.so" to ""
[14.337s] -- Installing: /home/starry1n/WUTA/install/autoware_msgs/lib/libautoware_msgs__rosidl_typesupport_introspection_c.so
[14.337s] -- Set non-toolchain portion of runtime path of "/home/starry1n/WUTA/install/autoware_msgs/lib/libautoware_msgs__rosidl_typesupport_introspection_c.so" to ""
[14.337s] -- Installing: /home/starry1n/WUTA/install/autoware_msgs/lib/libautoware_msgs__rosidl_typesupport_c.so
[14.338s] -- Set non-toolchain portion of runtime path of "/home/starry1n/WUTA/install/autoware_msgs/lib/libautoware_msgs__rosidl_typesupport_c.so" to ""
[14.338s] -- Installing: /home/starry1n/WUTA/install/autoware_msgs/lib/libautoware_msgs__rosidl_typesupport_fastrtps_cpp.so
[14.339s] -- Set non-toolchain portion of runtime path of "/home/starry1n/WUTA/install/autoware_msgs/lib/libautoware_msgs__rosidl_typesupport_fastrtps_cpp.so" to ""
[14.340s] -- Installing: /home/starry1n/WUTA/install/autoware_msgs/lib/libautoware_msgs__rosidl_typesupport_introspection_cpp.so
[14.340s] -- Set non-toolchain portion of runtime path of "/home/starry1n/WUTA/install/autoware_msgs/lib/libautoware_msgs__rosidl_typesupport_introspection_cpp.so" to ""
[14.340s] -- Installing: /home/starry1n/WUTA/install/autoware_msgs/lib/libautoware_msgs__rosidl_typesupport_cpp.so
[14.341s] -- Set non-toolchain portion of runtime path of "/home/starry1n/WUTA/install/autoware_msgs/lib/libautoware_msgs__rosidl_typesupport_cpp.so" to ""
[14.420s] Listing '/home/starry1n/WUTA/install/autoware_msgs/local/lib/python3.10/dist-packages/autoware_msgs'...
[14.421s] Compiling '/home/starry1n/WUTA/install/autoware_msgs/local/lib/python3.10/dist-packages/autoware_msgs/__init__.py'...
[14.421s] Listing '/home/starry1n/WUTA/install/autoware_msgs/local/lib/python3.10/dist-packages/autoware_msgs/msg'...
[14.421s] Compiling '/home/starry1n/WUTA/install/autoware_msgs/local/lib/python3.10/dist-packages/autoware_msgs/msg/__init__.py'...
[14.421s] Compiling '/home/starry1n/WUTA/install/autoware_msgs/local/lib/python3.10/dist-packages/autoware_msgs/msg/_command.py'...
[14.421s] Compiling '/home/starry1n/WUTA/install/autoware_msgs/local/lib/python3.10/dist-packages/autoware_msgs/msg/_lane.py'...
[14.421s] Compiling '/home/starry1n/WUTA/install/autoware_msgs/local/lib/python3.10/dist-packages/autoware_msgs/msg/_waypoint.py'...
[14.441s] -- Installing: /home/starry1n/WUTA/install/autoware_msgs/lib/libautoware_msgs__rosidl_generator_py.so
[14.441s] -- Set non-toolchain portion of runtime path of "/home/starry1n/WUTA/install/autoware_msgs/lib/libautoware_msgs__rosidl_generator_py.so" to ""
[14.442s] -- Installing: /home/starry1n/WUTA/install/autoware_msgs/share/autoware_msgs/cmake/export_autoware_msgs__rosidl_generator_cExport.cmake
[14.445s] -- Installing: /home/starry1n/WUTA/install/autoware_msgs/share/autoware_msgs/cmake/export_autoware_msgs__rosidl_generator_cExport-noconfig.cmake
[14.445s] -- Installing: /home/starry1n/WUTA/install/autoware_msgs/share/autoware_msgs/cmake/export_autoware_msgs__rosidl_typesupport_fastrtps_cExport.cmake
[14.445s] -- Installing: /home/starry1n/WUTA/install/autoware_msgs/share/autoware_msgs/cmake/export_autoware_msgs__rosidl_typesupport_fastrtps_cExport-noconfig.cmake
[14.445s] -- Installing: /home/starry1n/WUTA/install/autoware_msgs/share/autoware_msgs/cmake/autoware_msgs__rosidl_typesupport_introspection_cExport.cmake
[14.446s] -- Installing: /home/starry1n/WUTA/install/autoware_msgs/share/autoware_msgs/cmake/autoware_msgs__rosidl_typesupport_introspection_cExport-noconfig.cmake
[14.446s] -- Installing: /home/starry1n/WUTA/install/autoware_msgs/share/autoware_msgs/cmake/autoware_msgs__rosidl_typesupport_cExport.cmake
[14.446s] -- Installing: /home/starry1n/WUTA/install/autoware_msgs/share/autoware_msgs/cmake/autoware_msgs__rosidl_typesupport_cExport-noconfig.cmake
[14.446s] -- Installing: /home/starry1n/WUTA/install/autoware_msgs/share/autoware_msgs/cmake/export_autoware_msgs__rosidl_generator_cppExport.cmake
[14.446s] -- Installing: /home/starry1n/WUTA/install/autoware_msgs/share/autoware_msgs/cmake/export_autoware_msgs__rosidl_typesupport_fastrtps_cppExport.cmake
[14.446s] -- Installing: /home/starry1n/WUTA/install/autoware_msgs/share/autoware_msgs/cmake/export_autoware_msgs__rosidl_typesupport_fastrtps_cppExport-noconfig.cmake
[14.446s] -- Installing: /home/starry1n/WUTA/install/autoware_msgs/share/autoware_msgs/cmake/autoware_msgs__rosidl_typesupport_introspection_cppExport.cmake
[14.446s] -- Installing: /home/starry1n/WUTA/install/autoware_msgs/share/autoware_msgs/cmake/autoware_msgs__rosidl_typesupport_introspection_cppExport-noconfig.cmake
[14.446s] -- Installing: /home/starry1n/WUTA/install/autoware_msgs/share/autoware_msgs/cmake/autoware_msgs__rosidl_typesupport_cppExport.cmake
[14.446s] -- Installing: /home/starry1n/WUTA/install/autoware_msgs/share/autoware_msgs/cmake/autoware_msgs__rosidl_typesupport_cppExport-noconfig.cmake
[14.446s] -- Installing: /home/starry1n/WUTA/install/autoware_msgs/share/autoware_msgs/cmake/export_autoware_msgs__rosidl_generator_pyExport.cmake
[14.446s] -- Installing: /home/starry1n/WUTA/install/autoware_msgs/share/autoware_msgs/cmake/export_autoware_msgs__rosidl_generator_pyExport-noconfig.cmake
[14.491s] Invoked command in '/home/starry1n/WUTA/build/autoware_msgs' returned '0': CMAKE_PREFIX_PATH=/opt/ros/humble /usr/bin/cmake --install /home/starry1n/WUTA/build/autoware_msgs
