[0.044s] Invoking command in '/home/starry1n/WUTA/build/path_generator': CMAKE_PREFIX_PATH=${CMAKE_PREFIX_PATH}:/home/starry1n/WUTA/install/simulator_bringup:/home/starry1n/WUTA/install/vehicle_model:/home/starry1n/WUTA/install/lidar_sim:/home/starry1n/WUTA/install/can_simulator:/opt/ros/humble /usr/bin/cmake /home/starry1n/WUTA/WUTA-FSD/ros2_ws/src/planning/path_generator -DAMENT_CMAKE_SYMLINK_INSTALL=1 -DCMAKE_INSTALL_PREFIX=/home/starry1n/WUTA/install/path_generator
[0.059s] CMake Deprecation Warning at CMakeLists.txt:1 (cmake_minimum_required):
[0.059s]   Compatibility with CMake < 3.10 will be removed from a future version of
[0.059s]   CMake.
[0.059s] 
[0.059s]   Update the VERSION argument <min> value.  Or, use the <min>...<max> syntax
[0.059s]   to tell CMake that the project requires at least <min> but has been updated
[0.059s]   to work with policies introduced by <max> or earlier.
[0.059s] 
[0.059s] 
[0.154s] -- The C compiler identification is GNU 11.4.0
[0.298s] -- The CXX compiler identification is GNU 11.4.0
[0.313s] -- Detecting C compiler ABI info
[0.492s] -- Detecting C compiler ABI info - done
[0.515s] -- Check for working C compiler: /usr/bin/cc - skipped
[0.515s] -- Detecting C compile features
[0.516s] -- Detecting C compile features - done
[0.549s] -- Detecting CXX compiler ABI info
[0.736s] -- Detecting CXX compiler ABI info - done
[0.764s] -- Check for working CXX compiler: /usr/bin/c++ - skipped
[0.765s] -- Detecting CXX compile features
[0.765s] -- Detecting CXX compile features - done
[0.785s] -- Found ament_cmake: 1.3.14 (/opt/ros/humble/share/ament_cmake/cmake)
[1.054s] -- Found Python3: /usr/bin/python3 (found version "3.10.12") found components: Interpreter
[1.175s] -- Override CMake install command with custom implementation using symlinks instead of copying resources
[1.236s] -- Found rclcpp: 16.0.19 (/opt/ros/humble/share/rclcpp/cmake)
[1.323s] -- Found rosidl_generator_c: 3.1.9 (/opt/ros/humble/share/rosidl_generator_c/cmake)
[1.331s] -- Found rosidl_adapter: 3.1.9 (/opt/ros/humble/share/rosidl_adapter/cmake)
[1.347s] -- Found rosidl_generator_cpp: 3.1.9 (/opt/ros/humble/share/rosidl_generator_cpp/cmake)
[1.370s] -- Using all available rosidl_typesupport_c: rosidl_typesupport_fastrtps_c;rosidl_typesupport_introspection_c
[1.405s] -- Using all available rosidl_typesupport_cpp: rosidl_typesupport_fastrtps_cpp;rosidl_typesupport_introspection_cpp
[1.510s] -- Found rmw_implementation_cmake: 6.1.2 (/opt/ros/humble/share/rmw_implementation_cmake/cmake)
[1.515s] -- Found rmw_fastrtps_cpp: 6.2.10 (/opt/ros/humble/share/rmw_fastrtps_cpp/cmake)
[1.732s] -- Found OpenSSL: /usr/lib/x86_64-linux-gnu/libcrypto.so (found version "3.0.2")
[1.792s] -- Found FastRTPS: /opt/ros/humble/include
[1.871s] -- Using RMW implementation 'rmw_fastrtps_cpp' as default
[1.890s] -- Performing Test CMAKE_HAVE_LIBC_PTHREAD
[2.068s] -- Performing Test CMAKE_HAVE_LIBC_PTHREAD - Success
[2.071s] -- Found Threads: TRUE
[2.203s] -- Found geometry_msgs: 4.9.1 (/opt/ros/humble/share/geometry_msgs/cmake)
[2.232s] -- Found wuta_msgs: 1.0.0 (/home/starry1n/WUTA/install/wuta_msgs/share/wuta_msgs/cmake)
[2.267s] -- Found autoware_msgs: 0.1.0 (/home/starry1n/WUTA/install/autoware_msgs/share/autoware_msgs/cmake)
[2.444s] -- Configuring done (2.4s)
[2.470s] -- Generating done (0.0s)
[2.514s] -- Build files have been written to: /home/starry1n/WUTA/build/path_generator
[2.539s] Invoked command in '/home/starry1n/WUTA/build/path_generator' returned '0': CMAKE_PREFIX_PATH=${CMAKE_PREFIX_PATH}:/home/starry1n/WUTA/install/simulator_bringup:/home/starry1n/WUTA/install/vehicle_model:/home/starry1n/WUTA/install/lidar_sim:/home/starry1n/WUTA/install/can_simulator:/opt/ros/humble /usr/bin/cmake /home/starry1n/WUTA/WUTA-FSD/ros2_ws/src/planning/path_generator -DAMENT_CMAKE_SYMLINK_INSTALL=1 -DCMAKE_INSTALL_PREFIX=/home/starry1n/WUTA/install/path_generator
[2.541s] Invoking command in '/home/starry1n/WUTA/build/path_generator': CMAKE_PREFIX_PATH=${CMAKE_PREFIX_PATH}:/home/starry1n/WUTA/install/simulator_bringup:/home/starry1n/WUTA/install/vehicle_model:/home/starry1n/WUTA/install/lidar_sim:/home/starry1n/WUTA/install/can_simulator:/opt/ros/humble /usr/bin/cmake --build /home/starry1n/WUTA/build/path_generator -- -j8 -l8
[2.655s] [ 50%] Building CXX object CMakeFiles/path_generator_node.dir/src/path_generator_node.cpp.o
[27.442s] [100%] Linking CXX executable path_generator_node
[28.169s] [100%] Built target path_generator_node
