CMake Deprecation Warning at CMakeLists.txt:1 (cmake_minimum_required):
  Compatibility with CMake < 3.10 will be removed from a future version of
  CMake.

  Update the VERSION argument <min> value.  Or, use the <min>...<max> syntax
  to tell CMake that the project requires at least <min> but has been updated
  to work with policies introduced by <max> or earlier.


CMake Warning (dev) at /usr/lib/x86_64-linux-gnu/cmake/pcl/PCLConfig.cmake:146 (find_package):
  Policy CMP0144 is not set: find_package uses upper-case <PACKAGENAME>_ROOT
  variables.  Run "cmake --help-policy CMP0144" for policy details.  Use the
  cmake_policy command to set the policy and suppress this warning.

  CMake variable EIGEN_ROOT is set to:

    /usr/include/eigen3

  For compatibility, find_package is ignoring the variable, but code in a
  .cmake module might still use it.
Call Stack (most recent call first):
  /usr/lib/x86_64-linux-gnu/cmake/pcl/PCLConfig.cmake:299 (find_eigen)
  /usr/lib/x86_64-linux-gnu/cmake/pcl/PCLConfig.cmake:543 (find_external_library)
  CMakeLists.txt:11 (find_package)
This warning is for project developers.  Use -Wno-dev to suppress it.

CMake Warning (dev) at /usr/lib/x86_64-linux-gnu/cmake/pcl/PCLConfig.cmake:128 (find_package):
  Policy CMP0167 is not set: The FindBoost module is removed.  Run "cmake
  --help-policy CMP0167" for policy details.  Use the cmake_policy command to
  set the policy and suppress this warning.

Call Stack (most recent call first):
  /usr/lib/x86_64-linux-gnu/cmake/pcl/PCLConfig.cmake:297 (find_boost)
  /usr/lib/x86_64-linux-gnu/cmake/pcl/PCLConfig.cmake:543 (find_external_library)
  CMakeLists.txt:11 (find_package)
This warning is for project developers.  Use -Wno-dev to suppress it.

CMake Error in /home/starry1n/WUTA/build/lidar_detection/CMakeFiles/CMakeScratch/TryCompile-3cJXfo/CMakeLists.txt:
  Imported target "MPI::MPI_C" includes non-existent path

    "/home/starry1n/WUTA/WUTA-FSD/ros2_ws/src/perception/lidar_detection/-I/usr/lib/x86_64-linux-gnu/openmpi/include"

  in its INTERFACE_INCLUDE_DIRECTORIES.  Possible reasons include:

  * The path was deleted, renamed, or moved to another location.

  * An install or uninstall procedure did not complete successfully.

  * The installation package was faulty and references files it does not
  provide.



CMake Error at /usr/share/cmake-4.3/Modules/FindMPI.cmake:1447 (try_compile):
  Failed to generate test project build system.
Call Stack (most recent call first):
  /usr/share/cmake-4.3/Modules/FindMPI.cmake:1491 (_MPI_try_staged_settings)
  /usr/share/cmake-4.3/Modules/FindMPI.cmake:1814 (_MPI_check_lang_works)
  /usr/lib/x86_64-linux-gnu/cmake/vtk-9.1/VTK-vtk-module-find-packages.cmake:397 (find_package)
  /usr/lib/x86_64-linux-gnu/cmake/vtk-9.1/vtk-config.cmake:150 (include)
  /usr/lib/x86_64-linux-gnu/cmake/pcl/PCLConfig.cmake:270 (find_package)
  /usr/lib/x86_64-linux-gnu/cmake/pcl/PCLConfig.cmake:319 (find_VTK)
  /usr/lib/x86_64-linux-gnu/cmake/pcl/PCLConfig.cmake:540 (find_external_library)
  CMakeLists.txt:11 (find_package)


