[0.045s] Invoking command in '/home/starry1n/WUTA/build/lidar_detection': CMAKE_PREFIX_PATH=${CMAKE_PREFIX_PATH}:/home/starry1n/WUTA/install/simulator_bringup:/home/starry1n/WUTA/install/vehicle_model:/home/starry1n/WUTA/install/lidar_sim:/home/starry1n/WUTA/install/can_simulator:/opt/ros/humble /usr/bin/cmake /home/starry1n/WUTA/WUTA-FSD/ros2_ws/src/perception/lidar_detection -DAMENT_CMAKE_SYMLINK_INSTALL=1 -DCMAKE_INSTALL_PREFIX=/home/starry1n/WUTA/install/lidar_detection
[0.059s] CMake Deprecation Warning at CMakeLists.txt:1 (cmake_minimum_required):
[0.059s]   Compatibility with CMake < 3.10 will be removed from a future version of
[0.060s]   CMake.
[0.060s] 
[0.060s]   Update the VERSION argument <min> value.  Or, use the <min>...<max> syntax
[0.060s]   to tell CMake that the project requires at least <min> but has been updated
[0.060s]   to work with policies introduced by <max> or earlier.
[0.060s] 
[0.060s] 
[0.161s] -- The C compiler identification is GNU 11.4.0
[0.304s] -- The CXX compiler identification is GNU 11.4.0
[0.322s] -- Detecting C compiler ABI info
[0.496s] -- Detecting C compiler ABI info - done
[0.520s] -- Check for working C compiler: /usr/bin/cc - skipped
[0.521s] -- Detecting C compile features
[0.521s] -- Detecting C compile features - done
[0.550s] -- Detecting CXX compiler ABI info
[0.738s] -- Detecting CXX compiler ABI info - done
[0.770s] -- Check for working CXX compiler: /usr/bin/c++ - skipped
[0.770s] -- Detecting CXX compile features
[0.771s] -- Detecting CXX compile features - done
[0.791s] -- Found ament_cmake: 1.3.14 (/opt/ros/humble/share/ament_cmake/cmake)
[1.080s] -- Found Python3: /usr/bin/python3 (found version "3.10.12") found components: Interpreter
[1.216s] -- Override CMake install command with custom implementation using symlinks instead of copying resources
[1.278s] -- Found rclcpp: 16.0.19 (/opt/ros/humble/share/rclcpp/cmake)
[1.361s] -- Found rosidl_generator_c: 3.1.9 (/opt/ros/humble/share/rosidl_generator_c/cmake)
[1.371s] -- Found rosidl_adapter: 3.1.9 (/opt/ros/humble/share/rosidl_adapter/cmake)
[1.389s] -- Found rosidl_generator_cpp: 3.1.9 (/opt/ros/humble/share/rosidl_generator_cpp/cmake)
[1.413s] -- Using all available rosidl_typesupport_c: rosidl_typesupport_fastrtps_c;rosidl_typesupport_introspection_c
[1.444s] -- Using all available rosidl_typesupport_cpp: rosidl_typesupport_fastrtps_cpp;rosidl_typesupport_introspection_cpp
[1.550s] -- Found rmw_implementation_cmake: 6.1.2 (/opt/ros/humble/share/rmw_implementation_cmake/cmake)
[1.555s] -- Found rmw_fastrtps_cpp: 6.2.10 (/opt/ros/humble/share/rmw_fastrtps_cpp/cmake)
[1.774s] -- Found OpenSSL: /usr/lib/x86_64-linux-gnu/libcrypto.so (found version "3.0.2")
[1.830s] -- Found FastRTPS: /opt/ros/humble/include
[1.909s] -- Using RMW implementation 'rmw_fastrtps_cpp' as default
[1.932s] -- Performing Test CMAKE_HAVE_LIBC_PTHREAD
[2.124s] -- Performing Test CMAKE_HAVE_LIBC_PTHREAD - Success
[2.125s] -- Found Threads: TRUE
[2.254s] -- Found sensor_msgs: 4.9.1 (/opt/ros/humble/share/sensor_msgs/cmake)
[2.336s] -- Found visualization_msgs: 4.9.1 (/opt/ros/humble/share/visualization_msgs/cmake)
[2.393s] -- Found wuta_msgs: 1.0.0 (/home/starry1n/WUTA/install/wuta_msgs/share/wuta_msgs/cmake)
[2.457s] CMake Warning (dev) at /usr/lib/x86_64-linux-gnu/cmake/pcl/PCLConfig.cmake:146 (find_package):
[2.457s]   Policy CMP0144 is not set: find_package uses upper-case <PACKAGENAME>_ROOT
[2.457s]   variables.  Run "cmake --help-policy CMP0144" for policy details.  Use the
[2.457s]   cmake_policy command to set the policy and suppress this warning.
[2.457s] 
[2.457s]   CMake variable EIGEN_ROOT is set to:
[2.457s] 
[2.457s]     /usr/include/eigen3
[2.457s] 
[2.457s]   For compatibility, find_package is ignoring the variable, but code in a
[2.457s]   .cmake module might still use it.
[2.457s] Call Stack (most recent call first):
[2.457s]   /usr/lib/x86_64-linux-gnu/cmake/pcl/PCLConfig.cmake:299 (find_eigen)
[2.458s]   /usr/lib/x86_64-linux-gnu/cmake/pcl/PCLConfig.cmake:543 (find_external_library)
[2.458s]   CMakeLists.txt:11 (find_package)
[2.458s] This warning is for project developers.  Use -Wno-dev to suppress it.
[2.458s] 
[2.469s] -- Checking for module 'eigen3'
[2.503s] --   Found eigen3, version 3.4.0
[2.608s] -- Found Eigen: /usr/include/eigen3 (Required is at least version "3.1")
[2.608s] -- Eigen found (include: /usr/include/eigen3, version: 3.4.0)
[2.609s] CMake Warning (dev) at /usr/lib/x86_64-linux-gnu/cmake/pcl/PCLConfig.cmake:128 (find_package):
[2.609s]   Policy CMP0167 is not set: The FindBoost module is removed.  Run "cmake
[2.609s]   --help-policy CMP0167" for policy details.  Use the cmake_policy command to
[2.609s]   set the policy and suppress this warning.
[2.609s] 
[2.609s] Call Stack (most recent call first):
[2.610s]   /usr/lib/x86_64-linux-gnu/cmake/pcl/PCLConfig.cmake:297 (find_boost)
[2.610s]   /usr/lib/x86_64-linux-gnu/cmake/pcl/PCLConfig.cmake:543 (find_external_library)
[2.610s]   CMakeLists.txt:11 (find_package)
[2.610s] This warning is for project developers.  Use -Wno-dev to suppress it.
[2.610s] 
[2.668s] -- Found Boost: /usr/lib/x86_64-linux-gnu/cmake/Boost-1.74.0/BoostConfig.cmake (found suitable version "1.74.0", minimum required is "1.65.0") found components: system filesystem date_time iostreams serialization
[2.746s] -- Found GLEW: /usr/lib/x86_64-linux-gnu/libGLEW.so
[2.761s] -- Found OpenGL: /usr/lib/x86_64-linux-gnu/libOpenGL.so  found components: OpenGL GLX
[3.115s] CMake Error in /home/starry1n/WUTA/build/lidar_detection/CMakeFiles/CMakeScratch/TryCompile-3cJXfo/CMakeLists.txt:
[3.115s]   Imported target "MPI::MPI_C" includes non-existent path
[3.115s] 
[3.116s]     "/home/starry1n/WUTA/WUTA-FSD/ros2_ws/src/perception/lidar_detection/-I/usr/lib/x86_64-linux-gnu/openmpi/include"
[3.116s] 
[3.116s]   in its INTERFACE_INCLUDE_DIRECTORIES.  Possible reasons include:
[3.116s] 
[3.116s]   * The path was deleted, renamed, or moved to another location.
[3.116s] 
[3.116s]   * An install or uninstall procedure did not complete successfully.
[3.116s] 
[3.116s]   * The installation package was faulty and references files it does not
[3.116s]   provide.
[3.116s] 
[3.117s] 
[3.122s] 
[3.127s] CMake Error at /usr/share/cmake-4.3/Modules/FindMPI.cmake:1447 (try_compile):
[3.127s]   Failed to generate test project build system.
[3.128s] Call Stack (most recent call first):
[3.128s]   /usr/share/cmake-4.3/Modules/FindMPI.cmake:1491 (_MPI_try_staged_settings)
[3.128s]   /usr/share/cmake-4.3/Modules/FindMPI.cmake:1814 (_MPI_check_lang_works)
[3.128s]   /usr/lib/x86_64-linux-gnu/cmake/vtk-9.1/VTK-vtk-module-find-packages.cmake:397 (find_package)
[3.128s]   /usr/lib/x86_64-linux-gnu/cmake/vtk-9.1/vtk-config.cmake:150 (include)
[3.128s]   /usr/lib/x86_64-linux-gnu/cmake/pcl/PCLConfig.cmake:270 (find_package)
[3.128s]   /usr/lib/x86_64-linux-gnu/cmake/pcl/PCLConfig.cmake:319 (find_VTK)
[3.128s]   /usr/lib/x86_64-linux-gnu/cmake/pcl/PCLConfig.cmake:540 (find_external_library)
[3.128s]   CMakeLists.txt:11 (find_package)
[3.128s] 
[3.136s] 
[3.142s] -- Configuring incomplete, errors occurred!
[3.188s] Invoked command in '/home/starry1n/WUTA/build/lidar_detection' returned '1': CMAKE_PREFIX_PATH=${CMAKE_PREFIX_PATH}:/home/starry1n/WUTA/install/simulator_bringup:/home/starry1n/WUTA/install/vehicle_model:/home/starry1n/WUTA/install/lidar_sim:/home/starry1n/WUTA/install/can_simulator:/opt/ros/humble /usr/bin/cmake /home/starry1n/WUTA/WUTA-FSD/ros2_ws/src/perception/lidar_detection -DAMENT_CMAKE_SYMLINK_INSTALL=1 -DCMAKE_INSTALL_PREFIX=/home/starry1n/WUTA/install/lidar_detection
