[0mCMake Deprecation Warning at /home/starry1n/WUTA/WUTA-FSD/ros2_ws/src/localization/kiss-icp/cpp/kiss_icp/3rdparty/find_dependencies.cmake:25 (cmake_policy):
  The OLD behavior for policy CMP0135 will be removed from a future version
  of CMake.

  The cmake-policies(7) manual explains that the OLD behaviors of all
  policies are deprecated and that a policy should be set to OLD only under
  specific short-term circumstances.  Projects should be ported to the NEW
  behavior and not rely on setting a policy to OLD.
Call Stack (most recent call first):
  /home/starry1n/WUTA/WUTA-FSD/ros2_ws/src/localization/kiss-icp/cpp/kiss_icp/CMakeLists.txt:48 (include)

[0m
[0m[ 11%] Creating directories for 'sophus-populate'
[ 22%] Performing download step (download, verify and extract) for 'sophus-populate'
-- Downloading...
   dst='/home/starry1n/WUTA/WUTA-FSD/ros2_ws/build/kiss_icp/_deps/sophus-subbuild/sophus-populate-prefix/src/1.24.6.tar.gz'
   timeout='none'
   inactivity timeout='none'
-- Using src='https://github.com/strasdat/Sophus/archive/refs/tags/1.24.6.tar.gz'
CMake Error at sophus-subbuild/sophus-populate-prefix/src/sophus-populate-stamp/download-sophus-populate.cmake:163 (message):
  Each download failed!

    error: downloading 'https://github.com/strasdat/Sophus/archive/refs/tags/1.24.6.tar.gz' failed
          status_code: 56
          status_string: "Failure when receiving data from the peer"
          log:
          --- LOG BEGIN ---
            Trying 20.205.243.166:443...

  Connected to github.com (20.205.243.166) port 443 (#0)

  ALPN, offering h2

  ALPN, offering http/1.1

   CAfile: /etc/ssl/certs/ca-certificates.crt
   CApath: /etc/ssl/certs

  TLSv1.0 (OUT), TLS header, Certificate Status (22):

  [5 bytes data]

  TLSv1.3 (OUT), TLS handshake, Client hello (1):

  [512 bytes data]

  TLSv1.2 (IN), TLS header, Certificate Status (22):

  [5 bytes data]

  TLSv1.3 (IN), TLS handshake, Server hello (2):

  [122 bytes data]

  TLSv1.2 (IN), TLS header, Finished (20):

  [5 bytes data]

  TLSv1.2 (IN), TLS header, Supplemental data (23):

  [5 bytes data]

  [1 bytes data]

  TLSv1.3 (IN), TLS handshake, Encrypted Extensions (8):

  [19 bytes data]

  TLSv1.2 (IN), TLS header, Supplemental data (23):

  [5 bytes data]

  [1 bytes data]

  TLSv1.3 (IN), TLS handshake, Certificate (11):

  [2742 bytes data]

  TLSv1.2 (IN), TLS header, Supplemental data (23):

  [5 bytes data]

  [1 bytes data]

  TLSv1.3 (IN), TLS handshake, CERT verify (15):

  [78 bytes data]

  TLSv1.2 (IN), TLS header, Supplemental data (23):

  [5 bytes data]

  [1 bytes data]

  TLSv1.3 (IN), TLS handshake, Finished (20):

  [36 bytes data]

  TLSv1.2 (OUT), TLS header, Finished (20):

  [5 bytes data]

  TLSv1.3 (OUT), TLS change cipher, Change cipher spec (1):

  [1 bytes data]

  TLSv1.2 (OUT), TLS header, Supplemental data (23):

  [5 bytes data]

  [1 bytes data]

  TLSv1.3 (OUT), TLS handshake, Finished (20):

  [36 bytes data]

  SSL connection using TLSv1.3 / TLS_AES_128_GCM_SHA256

  ALPN, server accepted to use h2

  Server certificate:

   subject: CN=github.com
   start date: Jul  3 00:00:00 2026 GMT
   expire date: Sep 30 23:59:59 2026 GMT
   subjectAltName: host "github.com" matched cert's "github.com"
   issuer: C=GB; O=Sectigo Limited; CN=Sectigo Public Server Authentication CA DV E36
   SSL certificate verify ok.

  Using HTTP2, server supports multiplexing

  Connection state changed (HTTP/2 confirmed)

  Copying HTTP/2 data in stream buffer to connection buffer after upgrade:
  len=0

  TLSv1.2 (OUT), TLS header, Supplemental data (23):

  [5 bytes data]

  [1 bytes data]

  TLSv1.2 (OUT), TLS header, Supplemental data (23):

  [5 bytes data]

  [1 bytes data]

  TLSv1.2 (OUT), TLS header, Supplemental data (23):

  [5 bytes data]

  [1 bytes data]

  Using Stream ID: 1 (easy handle 0x59d3de9af090)

  TLSv1.2 (OUT), TLS header, Supplemental data (23):

  [5 bytes data]

  [1 bytes data]

  GET /strasdat/Sophus/archive/refs/tags/1.24.6.tar.gz HTTP/2

  Host: github.com

  user-agent: curl/7.81.0

  accept: */*

  

  OpenSSL SSL_read: Connection reset by peer, errno 104

  Failed receiving HTTP2 data

  TLSv1.2 (OUT), TLS header, Supplemental data (23):

  [5 bytes data]

  [1 bytes data]

  OpenSSL SSL_write: Broken pipe, errno 32

  Failed sending HTTP2 data

  Connection #0 to host github.com left intact



          --- LOG END ---
          
    


gmake[2]: *** [CMakeFiles/sophus-populate.dir/build.make:100：sophus-populate-prefix/src/sophus-populate-stamp/sophus-populate-download] 错误 1
gmake[1]: *** [CMakeFiles/Makefile2:87：CMakeFiles/sophus-populate.dir/all] 错误 2
gmake: *** [Makefile:91：all] 错误 2
[0m
[31mCMake Error at /usr/share/cmake-4.3/Modules/FetchContent.cmake:1931 (message):
  Build step for sophus failed: 2
Call Stack (most recent call first):
  /usr/share/cmake-4.3/Modules/FetchContent.cmake:1622 (__FetchContent_populateSubbuild)
  /usr/share/cmake-4.3/Modules/FetchContent.cmake:2158:EVAL:2 (__FetchContent_doPopulation)
  /usr/share/cmake-4.3/Modules/FetchContent.cmake:2158 (cmake_language)
  /usr/share/cmake-4.3/Modules/FetchContent.cmake:2399 (__FetchContent_Populate)
  /home/starry1n/WUTA/WUTA-FSD/ros2_ws/src/localization/kiss-icp/cpp/kiss_icp/3rdparty/sophus/sophus.cmake:29 (FetchContent_MakeAvailable)
  /home/starry1n/WUTA/WUTA-FSD/ros2_ws/src/localization/kiss-icp/cpp/kiss_icp/3rdparty/find_dependencies.cmake:36 (include)
  /home/starry1n/WUTA/WUTA-FSD/ros2_ws/src/localization/kiss-icp/cpp/kiss_icp/3rdparty/find_dependencies.cmake:41 (find_external_dependency)
  /home/starry1n/WUTA/WUTA-FSD/ros2_ws/src/localization/kiss-icp/cpp/kiss_icp/CMakeLists.txt:48 (include)

[0m
