[1.066s] Invoking command in '/home/starry1n/WUTA/WUTA-SIM/build/can_simulator': PYTHONPATH=/home/starry1n/WUTA/WUTA-SIM/build/can_simulator/prefix_override:/usr/lib/python3/dist-packages/colcon_core/task/python/colcon_distutils_commands:/home/starry1n/WUTA/WUTA-SIM/install/can_simulator/lib/python3.10/site-packages:${PYTHONPATH} /usr/bin/python3 -W ignore:setup.py install is deprecated -W ignore:easy_install command is deprecated setup.py develop --editable --build-directory /home/starry1n/WUTA/WUTA-SIM/build/can_simulator/build --no-deps symlink_data
[1.235s] running develop
[1.333s] running egg_info
[1.333s] creating can_simulator.egg-info
[1.335s] writing can_simulator.egg-info/PKG-INFO
[1.336s] writing dependency_links to can_simulator.egg-info/dependency_links.txt
[1.336s] writing entry points to can_simulator.egg-info/entry_points.txt
[1.336s] writing requirements to can_simulator.egg-info/requires.txt
[1.336s] writing top-level names to can_simulator.egg-info/top_level.txt
[1.337s] writing manifest file 'can_simulator.egg-info/SOURCES.txt'
[1.338s] reading manifest file 'can_simulator.egg-info/SOURCES.txt'
[1.338s] writing manifest file 'can_simulator.egg-info/SOURCES.txt'
[1.339s] running build_ext
[1.339s] Creating /home/starry1n/WUTA/WUTA-SIM/install/can_simulator/lib/python3.10/site-packages/can-simulator.egg-link (link to .)
[1.340s] Installing can_simulator script to /home/starry1n/WUTA/WUTA-SIM/install/can_simulator/lib/can_simulator
[1.342s] 
[1.342s] Installed /home/starry1n/WUTA/WUTA-SIM/build/can_simulator
[1.342s] running symlink_data
[1.342s] creating /home/starry1n/WUTA/WUTA-SIM/install/can_simulator/share/ament_index
[1.342s] creating /home/starry1n/WUTA/WUTA-SIM/install/can_simulator/share/ament_index/resource_index
[1.342s] creating /home/starry1n/WUTA/WUTA-SIM/install/can_simulator/share/ament_index/resource_index/packages
[1.342s] symbolically linking /home/starry1n/WUTA/WUTA-SIM/build/can_simulator/resource/can_simulator -> /home/starry1n/WUTA/WUTA-SIM/install/can_simulator/share/ament_index/resource_index/packages
[1.342s] symbolically linking /home/starry1n/WUTA/WUTA-SIM/build/can_simulator/package.xml -> /home/starry1n/WUTA/WUTA-SIM/install/can_simulator/share/can_simulator
[1.342s] creating /home/starry1n/WUTA/WUTA-SIM/install/can_simulator/share/can_simulator/launch
[1.342s] symbolically linking /home/starry1n/WUTA/WUTA-SIM/build/can_simulator/launch/can_simulator.launch.py -> /home/starry1n/WUTA/WUTA-SIM/install/can_simulator/share/can_simulator/launch
[1.359s] Invoked command in '/home/starry1n/WUTA/WUTA-SIM/build/can_simulator' returned '0': PYTHONPATH=/home/starry1n/WUTA/WUTA-SIM/build/can_simulator/prefix_override:/usr/lib/python3/dist-packages/colcon_core/task/python/colcon_distutils_commands:/home/starry1n/WUTA/WUTA-SIM/install/can_simulator/lib/python3.10/site-packages:${PYTHONPATH} /usr/bin/python3 -W ignore:setup.py install is deprecated -W ignore:easy_install command is deprecated setup.py develop --editable --build-directory /home/starry1n/WUTA/WUTA-SIM/build/can_simulator/build --no-deps symlink_data
