[0.149s] DEBUG:colcon:Command line arguments: ['/usr/bin/colcon', 'build', '--base-paths', 'WUTA-FSD/ros2_ws/src', 'WUTA-SIM', '--packages-select', 'vehicle_model', '--symlink-install']
[0.149s] DEBUG:colcon:Parsed command line arguments: Namespace(log_base=None, log_level=None, verb_name='build', build_base='build', install_base='install', merge_install=False, symlink_install=True, test_result_base=None, continue_on_error=False, executor='parallel', parallel_workers=8, event_handlers=None, ignore_user_meta=False, metas=['./colcon.meta'], base_paths=['WUTA-FSD/ros2_ws/src', 'WUTA-SIM'], packages_ignore=None, packages_ignore_regex=None, paths=None, packages_up_to=None, packages_up_to_regex=None, packages_above=None, packages_above_and_dependencies=None, packages_above_depth=None, packages_select_by_dep=None, packages_skip_by_dep=None, packages_skip_up_to=None, packages_select_build_failed=False, packages_skip_build_finished=False, packages_select_test_failures=False, packages_skip_test_passed=False, packages_select=['vehicle_model'], packages_skip=None, packages_select_regex=None, packages_skip_regex=None, packages_start=None, packages_end=None, allow_overriding=[], cmake_args=None, cmake_target=None, cmake_target_skip_unavailable=False, cmake_clean_cache=False, cmake_clean_first=False, cmake_force_configure=False, ament_cmake_args=None, catkin_cmake_args=None, catkin_skip_building_tests=False, verb_parser=<colcon_defaults.argument_parser.defaults.DefaultArgumentsDecorator object at 0x700f5e9ccfa0>, verb_extension=<colcon_core.verb.build.BuildVerb object at 0x700f5ebc6e30>, main=<bound method BuildVerb.main of <colcon_core.verb.build.BuildVerb object at 0x700f5ebc6e30>>)
[0.403s] Level 1:colcon.colcon_core.package_discovery:discover_packages(colcon_meta) check parameters
[0.404s] Level 1:colcon.colcon_core.package_discovery:discover_packages(recursive) check parameters
[0.404s] Level 1:colcon.colcon_core.package_discovery:discover_packages(ignore) check parameters
[0.404s] Level 1:colcon.colcon_core.package_discovery:discover_packages(path) check parameters
[0.404s] Level 1:colcon.colcon_core.package_discovery:discover_packages(recursive) discover
[0.404s] INFO:colcon.colcon_core.package_discovery:Crawling recursively for packages in '/home/starry1n/WUTA/WUTA-FSD/ros2_ws/src', '/home/starry1n/WUTA/WUTA-SIM'
[0.404s] Level 1:colcon.colcon_core.package_identification:_identify(WUTA-FSD/ros2_ws/src) by extensions ['ignore', 'ignore_ament_install']
[0.404s] Level 1:colcon.colcon_core.package_identification:_identify(WUTA-FSD/ros2_ws/src) by extension 'ignore'
[0.404s] Level 1:colcon.colcon_core.package_identification:_identify(WUTA-FSD/ros2_ws/src) by extension 'ignore_ament_install'
[0.405s] Level 1:colcon.colcon_core.package_identification:_identify(WUTA-FSD/ros2_ws/src) by extensions ['colcon_pkg']
[0.405s] Level 1:colcon.colcon_core.package_identification:_identify(WUTA-FSD/ros2_ws/src) by extension 'colcon_pkg'
[0.405s] Level 1:colcon.colcon_core.package_identification:_identify(WUTA-FSD/ros2_ws/src) by extensions ['colcon_meta']
[0.405s] Level 1:colcon.colcon_core.package_identification:_identify(WUTA-FSD/ros2_ws/src) by extension 'colcon_meta'
[0.405s] Level 1:colcon.colcon_core.package_identification:_identify(WUTA-FSD/ros2_ws/src) by extensions ['ros']
[0.405s] Level 1:colcon.colcon_core.package_identification:_identify(WUTA-FSD/ros2_ws/src) by extension 'ros'
[0.425s] Level 1:colcon.colcon_core.package_identification:_identify(WUTA-FSD/ros2_ws/src) by extensions ['cmake', 'python']
[0.425s] Level 1:colcon.colcon_core.package_identification:_identify(WUTA-FSD/ros2_ws/src) by extension 'cmake'
[0.425s] Level 1:colcon.colcon_core.package_identification:_identify(WUTA-FSD/ros2_ws/src) by extension 'python'
[0.425s] Level 1:colcon.colcon_core.package_identification:_identify(WUTA-FSD/ros2_ws/src) by extensions ['python_setup_py']
[0.425s] Level 1:colcon.colcon_core.package_identification:_identify(WUTA-FSD/ros2_ws/src) by extension 'python_setup_py'
[0.425s] Level 1:colcon.colcon_core.package_identification:_identify(WUTA-FSD/ros2_ws/src/common) by extensions ['ignore', 'ignore_ament_install']
[0.426s] Level 1:colcon.colcon_core.package_identification:_identify(WUTA-FSD/ros2_ws/src/common) by extension 'ignore'
[0.426s] Level 1:colcon.colcon_core.package_identification:_identify(WUTA-FSD/ros2_ws/src/common) by extension 'ignore_ament_install'
[0.426s] Level 1:colcon.colcon_core.package_identification:_identify(WUTA-FSD/ros2_ws/src/common) by extensions ['colcon_pkg']
[0.426s] Level 1:colcon.colcon_core.package_identification:_identify(WUTA-FSD/ros2_ws/src/common) by extension 'colcon_pkg'
[0.426s] Level 1:colcon.colcon_core.package_identification:_identify(WUTA-FSD/ros2_ws/src/common) by extensions ['colcon_meta']
[0.426s] Level 1:colcon.colcon_core.package_identification:_identify(WUTA-FSD/ros2_ws/src/common) by extension 'colcon_meta'
[0.426s] Level 1:colcon.colcon_core.package_identification:_identify(WUTA-FSD/ros2_ws/src/common) by extensions ['ros']
[0.426s] Level 1:colcon.colcon_core.package_identification:_identify(WUTA-FSD/ros2_ws/src/common) by extension 'ros'
[0.426s] Level 1:colcon.colcon_core.package_identification:_identify(WUTA-FSD/ros2_ws/src/common) by extensions ['cmake', 'python']
[0.426s] Level 1:colcon.colcon_core.package_identification:_identify(WUTA-FSD/ros2_ws/src/common) by extension 'cmake'
[0.426s] Level 1:colcon.colcon_core.package_identification:_identify(WUTA-FSD/ros2_ws/src/common) by extension 'python'
[0.426s] Level 1:colcon.colcon_core.package_identification:_identify(WUTA-FSD/ros2_ws/src/common) by extensions ['python_setup_py']
[0.426s] Level 1:colcon.colcon_core.package_identification:_identify(WUTA-FSD/ros2_ws/src/common) by extension 'python_setup_py'
[0.427s] Level 1:colcon.colcon_core.package_identification:_identify(WUTA-FSD/ros2_ws/src/common/autoware_msgs) by extensions ['ignore', 'ignore_ament_install']
[0.427s] Level 1:colcon.colcon_core.package_identification:_identify(WUTA-FSD/ros2_ws/src/common/autoware_msgs) by extension 'ignore'
[0.427s] Level 1:colcon.colcon_core.package_identification:_identify(WUTA-FSD/ros2_ws/src/common/autoware_msgs) by extension 'ignore_ament_install'
[0.427s] Level 1:colcon.colcon_core.package_identification:_identify(WUTA-FSD/ros2_ws/src/common/autoware_msgs) by extensions ['colcon_pkg']
[0.427s] Level 1:colcon.colcon_core.package_identification:_identify(WUTA-FSD/ros2_ws/src/common/autoware_msgs) by extension 'colcon_pkg'
[0.427s] Level 1:colcon.colcon_core.package_identification:_identify(WUTA-FSD/ros2_ws/src/common/autoware_msgs) by extensions ['colcon_meta']
[0.427s] Level 1:colcon.colcon_core.package_identification:_identify(WUTA-FSD/ros2_ws/src/common/autoware_msgs) by extension 'colcon_meta'
[0.427s] Level 1:colcon.colcon_core.package_identification:_identify(WUTA-FSD/ros2_ws/src/common/autoware_msgs) by extensions ['ros']
[0.427s] Level 1:colcon.colcon_core.package_identification:_identify(WUTA-FSD/ros2_ws/src/common/autoware_msgs) by extension 'ros'
[0.431s] DEBUG:colcon.colcon_core.package_identification:Package 'WUTA-FSD/ros2_ws/src/common/autoware_msgs' with type 'ros.ament_cmake' and name 'autoware_msgs'
[0.432s] Level 1:colcon.colcon_core.package_identification:_identify(WUTA-FSD/ros2_ws/src/common/wuta_msgs) by extensions ['ignore', 'ignore_ament_install']
[0.432s] Level 1:colcon.colcon_core.package_identification:_identify(WUTA-FSD/ros2_ws/src/common/wuta_msgs) by extension 'ignore'
[0.432s] Level 1:colcon.colcon_core.package_identification:_identify(WUTA-FSD/ros2_ws/src/common/wuta_msgs) by extension 'ignore_ament_install'
[0.432s] Level 1:colcon.colcon_core.package_identification:_identify(WUTA-FSD/ros2_ws/src/common/wuta_msgs) by extensions ['colcon_pkg']
[0.432s] Level 1:colcon.colcon_core.package_identification:_identify(WUTA-FSD/ros2_ws/src/common/wuta_msgs) by extension 'colcon_pkg'
[0.432s] Level 1:colcon.colcon_core.package_identification:_identify(WUTA-FSD/ros2_ws/src/common/wuta_msgs) by extensions ['colcon_meta']
[0.432s] Level 1:colcon.colcon_core.package_identification:_identify(WUTA-FSD/ros2_ws/src/common/wuta_msgs) by extension 'colcon_meta'
[0.432s] Level 1:colcon.colcon_core.package_identification:_identify(WUTA-FSD/ros2_ws/src/common/wuta_msgs) by extensions ['ros']
[0.432s] Level 1:colcon.colcon_core.package_identification:_identify(WUTA-FSD/ros2_ws/src/common/wuta_msgs) by extension 'ros'
[0.434s] DEBUG:colcon.colcon_core.package_identification:Package 'WUTA-FSD/ros2_ws/src/common/wuta_msgs' with type 'ros.ament_cmake' and name 'wuta_msgs'
[0.435s] Level 1:colcon.colcon_core.package_identification:_identify(WUTA-FSD/ros2_ws/src/common/wuta_tools) by extensions ['ignore', 'ignore_ament_install']
[0.435s] Level 1:colcon.colcon_core.package_identification:_identify(WUTA-FSD/ros2_ws/src/common/wuta_tools) by extension 'ignore'
[0.435s] Level 1:colcon.colcon_core.package_identification:_identify(WUTA-FSD/ros2_ws/src/common/wuta_tools) by extension 'ignore_ament_install'
[0.435s] Level 1:colcon.colcon_core.package_identification:_identify(WUTA-FSD/ros2_ws/src/common/wuta_tools) by extensions ['colcon_pkg']
[0.435s] Level 1:colcon.colcon_core.package_identification:_identify(WUTA-FSD/ros2_ws/src/common/wuta_tools) by extension 'colcon_pkg'
[0.435s] Level 1:colcon.colcon_core.package_identification:_identify(WUTA-FSD/ros2_ws/src/common/wuta_tools) by extensions ['colcon_meta']
[0.435s] Level 1:colcon.colcon_core.package_identification:_identify(WUTA-FSD/ros2_ws/src/common/wuta_tools) by extension 'colcon_meta'
[0.436s] Level 1:colcon.colcon_core.package_identification:_identify(WUTA-FSD/ros2_ws/src/common/wuta_tools) by extensions ['ros']
[0.436s] Level 1:colcon.colcon_core.package_identification:_identify(WUTA-FSD/ros2_ws/src/common/wuta_tools) by extension 'ros'
[0.437s] DEBUG:colcon.colcon_core.package_identification:Package 'WUTA-FSD/ros2_ws/src/common/wuta_tools' with type 'ros.ament_cmake' and name 'wuta_tools'
[0.437s] Level 1:colcon.colcon_core.package_identification:_identify(WUTA-FSD/ros2_ws/src/control) by extensions ['ignore', 'ignore_ament_install']
[0.438s] Level 1:colcon.colcon_core.package_identification:_identify(WUTA-FSD/ros2_ws/src/control) by extension 'ignore'
[0.438s] Level 1:colcon.colcon_core.package_identification:_identify(WUTA-FSD/ros2_ws/src/control) by extension 'ignore_ament_install'
[0.438s] Level 1:colcon.colcon_core.package_identification:_identify(WUTA-FSD/ros2_ws/src/control) by extensions ['colcon_pkg']
[0.438s] Level 1:colcon.colcon_core.package_identification:_identify(WUTA-FSD/ros2_ws/src/control) by extension 'colcon_pkg'
[0.438s] Level 1:colcon.colcon_core.package_identification:_identify(WUTA-FSD/ros2_ws/src/control) by extensions ['colcon_meta']
[0.438s] Level 1:colcon.colcon_core.package_identification:_identify(WUTA-FSD/ros2_ws/src/control) by extension 'colcon_meta'
[0.438s] Level 1:colcon.colcon_core.package_identification:_identify(WUTA-FSD/ros2_ws/src/control) by extensions ['ros']
[0.438s] Level 1:colcon.colcon_core.package_identification:_identify(WUTA-FSD/ros2_ws/src/control) by extension 'ros'
[0.438s] Level 1:colcon.colcon_core.package_identification:_identify(WUTA-FSD/ros2_ws/src/control) by extensions ['cmake', 'python']
[0.438s] Level 1:colcon.colcon_core.package_identification:_identify(WUTA-FSD/ros2_ws/src/control) by extension 'cmake'
[0.438s] Level 1:colcon.colcon_core.package_identification:_identify(WUTA-FSD/ros2_ws/src/control) by extension 'python'
[0.439s] Level 1:colcon.colcon_core.package_identification:_identify(WUTA-FSD/ros2_ws/src/control) by extensions ['python_setup_py']
[0.439s] Level 1:colcon.colcon_core.package_identification:_identify(WUTA-FSD/ros2_ws/src/control) by extension 'python_setup_py'
[0.439s] Level 1:colcon.colcon_core.package_identification:_identify(WUTA-FSD/ros2_ws/src/control/controller) by extensions ['ignore', 'ignore_ament_install']
[0.439s] Level 1:colcon.colcon_core.package_identification:_identify(WUTA-FSD/ros2_ws/src/control/controller) by extension 'ignore'
[0.439s] Level 1:colcon.colcon_core.package_identification:_identify(WUTA-FSD/ros2_ws/src/control/controller) by extension 'ignore_ament_install'
[0.439s] Level 1:colcon.colcon_core.package_identification:_identify(WUTA-FSD/ros2_ws/src/control/controller) by extensions ['colcon_pkg']
[0.439s] Level 1:colcon.colcon_core.package_identification:_identify(WUTA-FSD/ros2_ws/src/control/controller) by extension 'colcon_pkg'
[0.440s] Level 1:colcon.colcon_core.package_identification:_identify(WUTA-FSD/ros2_ws/src/control/controller) by extensions ['colcon_meta']
[0.440s] Level 1:colcon.colcon_core.package_identification:_identify(WUTA-FSD/ros2_ws/src/control/controller) by extension 'colcon_meta'
[0.440s] Level 1:colcon.colcon_core.package_identification:_identify(WUTA-FSD/ros2_ws/src/control/controller) by extensions ['ros']
[0.440s] Level 1:colcon.colcon_core.package_identification:_identify(WUTA-FSD/ros2_ws/src/control/controller) by extension 'ros'
[0.441s] DEBUG:colcon.colcon_core.package_identification:Package 'WUTA-FSD/ros2_ws/src/control/controller' with type 'ros.ament_cmake' and name 'controller'
[0.441s] Level 1:colcon.colcon_core.package_identification:_identify(WUTA-FSD/ros2_ws/src/localization) by extensions ['ignore', 'ignore_ament_install']
[0.442s] Level 1:colcon.colcon_core.package_identification:_identify(WUTA-FSD/ros2_ws/src/localization) by extension 'ignore'
[0.442s] Level 1:colcon.colcon_core.package_identification:_identify(WUTA-FSD/ros2_ws/src/localization) by extension 'ignore_ament_install'
[0.442s] Level 1:colcon.colcon_core.package_identification:_identify(WUTA-FSD/ros2_ws/src/localization) by extensions ['colcon_pkg']
[0.442s] Level 1:colcon.colcon_core.package_identification:_identify(WUTA-FSD/ros2_ws/src/localization) by extension 'colcon_pkg'
[0.442s] Level 1:colcon.colcon_core.package_identification:_identify(WUTA-FSD/ros2_ws/src/localization) by extensions ['colcon_meta']
[0.442s] Level 1:colcon.colcon_core.package_identification:_identify(WUTA-FSD/ros2_ws/src/localization) by extension 'colcon_meta'
[0.442s] Level 1:colcon.colcon_core.package_identification:_identify(WUTA-FSD/ros2_ws/src/localization) by extensions ['ros']
[0.442s] Level 1:colcon.colcon_core.package_identification:_identify(WUTA-FSD/ros2_ws/src/localization) by extension 'ros'
[0.442s] Level 1:colcon.colcon_core.package_identification:_identify(WUTA-FSD/ros2_ws/src/localization) by extensions ['cmake', 'python']
[0.442s] Level 1:colcon.colcon_core.package_identification:_identify(WUTA-FSD/ros2_ws/src/localization) by extension 'cmake'
[0.442s] Level 1:colcon.colcon_core.package_identification:_identify(WUTA-FSD/ros2_ws/src/localization) by extension 'python'
[0.442s] Level 1:colcon.colcon_core.package_identification:_identify(WUTA-FSD/ros2_ws/src/localization) by extensions ['python_setup_py']
[0.442s] Level 1:colcon.colcon_core.package_identification:_identify(WUTA-FSD/ros2_ws/src/localization) by extension 'python_setup_py'
[0.443s] Level 1:colcon.colcon_core.package_identification:_identify(WUTA-FSD/ros2_ws/src/localization/kiss-icp) by extensions ['ignore', 'ignore_ament_install']
[0.443s] Level 1:colcon.colcon_core.package_identification:_identify(WUTA-FSD/ros2_ws/src/localization/kiss-icp) by extension 'ignore'
[0.443s] Level 1:colcon.colcon_core.package_identification:_identify(WUTA-FSD/ros2_ws/src/localization/kiss-icp) by extension 'ignore_ament_install'
[0.443s] Level 1:colcon.colcon_core.package_identification:_identify(WUTA-FSD/ros2_ws/src/localization/kiss-icp) by extensions ['colcon_pkg']
[0.443s] Level 1:colcon.colcon_core.package_identification:_identify(WUTA-FSD/ros2_ws/src/localization/kiss-icp) by extension 'colcon_pkg'
[0.443s] Level 1:colcon.colcon_core.package_identification:_identify(WUTA-FSD/ros2_ws/src/localization/kiss-icp) by extensions ['colcon_meta']
[0.443s] Level 1:colcon.colcon_core.package_identification:_identify(WUTA-FSD/ros2_ws/src/localization/kiss-icp) by extension 'colcon_meta'
[0.443s] Level 1:colcon.colcon_core.package_identification:_identify(WUTA-FSD/ros2_ws/src/localization/kiss-icp) by extensions ['ros']
[0.443s] Level 1:colcon.colcon_core.package_identification:_identify(WUTA-FSD/ros2_ws/src/localization/kiss-icp) by extension 'ros'
[0.443s] Level 1:colcon.colcon_core.package_identification:_identify(WUTA-FSD/ros2_ws/src/localization/kiss-icp) by extensions ['cmake', 'python']
[0.444s] Level 1:colcon.colcon_core.package_identification:_identify(WUTA-FSD/ros2_ws/src/localization/kiss-icp) by extension 'cmake'
[0.444s] Level 1:colcon.colcon_core.package_identification:_identify(WUTA-FSD/ros2_ws/src/localization/kiss-icp) by extension 'python'
[0.444s] Level 1:colcon.colcon_core.package_identification:_identify(WUTA-FSD/ros2_ws/src/localization/kiss-icp) by extensions ['python_setup_py']
[0.444s] Level 1:colcon.colcon_core.package_identification:_identify(WUTA-FSD/ros2_ws/src/localization/kiss-icp) by extension 'python_setup_py'
[0.444s] Level 1:colcon.colcon_core.package_identification:_identify(WUTA-FSD/ros2_ws/src/localization/kiss-icp/config) by extensions ['ignore', 'ignore_ament_install']
[0.444s] Level 1:colcon.colcon_core.package_identification:_identify(WUTA-FSD/ros2_ws/src/localization/kiss-icp/config) by extension 'ignore'
[0.444s] Level 1:colcon.colcon_core.package_identification:_identify(WUTA-FSD/ros2_ws/src/localization/kiss-icp/config) by extension 'ignore_ament_install'
[0.444s] Level 1:colcon.colcon_core.package_identification:_identify(WUTA-FSD/ros2_ws/src/localization/kiss-icp/config) by extensions ['colcon_pkg']
[0.444s] Level 1:colcon.colcon_core.package_identification:_identify(WUTA-FSD/ros2_ws/src/localization/kiss-icp/config) by extension 'colcon_pkg'
[0.444s] Level 1:colcon.colcon_core.package_identification:_identify(WUTA-FSD/ros2_ws/src/localization/kiss-icp/config) by extensions ['colcon_meta']
[0.444s] Level 1:colcon.colcon_core.package_identification:_identify(WUTA-FSD/ros2_ws/src/localization/kiss-icp/config) by extension 'colcon_meta'
[0.444s] Level 1:colcon.colcon_core.package_identification:_identify(WUTA-FSD/ros2_ws/src/localization/kiss-icp/config) by extensions ['ros']
[0.445s] Level 1:colcon.colcon_core.package_identification:_identify(WUTA-FSD/ros2_ws/src/localization/kiss-icp/config) by extension 'ros'
[0.445s] Level 1:colcon.colcon_core.package_identification:_identify(WUTA-FSD/ros2_ws/src/localization/kiss-icp/config) by extensions ['cmake', 'python']
[0.445s] Level 1:colcon.colcon_core.package_identification:_identify(WUTA-FSD/ros2_ws/src/localization/kiss-icp/config) by extension 'cmake'
[0.445s] Level 1:colcon.colcon_core.package_identification:_identify(WUTA-FSD/ros2_ws/src/localization/kiss-icp/config) by extension 'python'
[0.445s] Level 1:colcon.colcon_core.package_identification:_identify(WUTA-FSD/ros2_ws/src/localization/kiss-icp/config) by extensions ['python_setup_py']
[0.445s] Level 1:colcon.colcon_core.package_identification:_identify(WUTA-FSD/ros2_ws/src/localization/kiss-icp/config) by extension 'python_setup_py'
[0.445s] Level 1:colcon.colcon_core.package_identification:_identify(WUTA-FSD/ros2_ws/src/localization/kiss-icp/cpp) by extensions ['ignore', 'ignore_ament_install']
[0.445s] Level 1:colcon.colcon_core.package_identification:_identify(WUTA-FSD/ros2_ws/src/localization/kiss-icp/cpp) by extension 'ignore'
[0.445s] Level 1:colcon.colcon_core.package_identification:_identify(WUTA-FSD/ros2_ws/src/localization/kiss-icp/cpp) ignored
[0.446s] Level 1:colcon.colcon_core.package_identification:_identify(WUTA-FSD/ros2_ws/src/localization/kiss-icp/eval) by extensions ['ignore', 'ignore_ament_install']
[0.446s] Level 1:colcon.colcon_core.package_identification:_identify(WUTA-FSD/ros2_ws/src/localization/kiss-icp/eval) by extension 'ignore'
[0.446s] Level 1:colcon.colcon_core.package_identification:_identify(WUTA-FSD/ros2_ws/src/localization/kiss-icp/eval) by extension 'ignore_ament_install'
[0.446s] Level 1:colcon.colcon_core.package_identification:_identify(WUTA-FSD/ros2_ws/src/localization/kiss-icp/eval) by extensions ['colcon_pkg']
[0.446s] Level 1:colcon.colcon_core.package_identification:_identify(WUTA-FSD/ros2_ws/src/localization/kiss-icp/eval) by extension 'colcon_pkg'
[0.446s] Level 1:colcon.colcon_core.package_identification:_identify(WUTA-FSD/ros2_ws/src/localization/kiss-icp/eval) by extensions ['colcon_meta']
[0.446s] Level 1:colcon.colcon_core.package_identification:_identify(WUTA-FSD/ros2_ws/src/localization/kiss-icp/eval) by extension 'colcon_meta'
[0.447s] Level 1:colcon.colcon_core.package_identification:_identify(WUTA-FSD/ros2_ws/src/localization/kiss-icp/eval) by extensions ['ros']
[0.447s] Level 1:colcon.colcon_core.package_identification:_identify(WUTA-FSD/ros2_ws/src/localization/kiss-icp/eval) by extension 'ros'
[0.447s] Level 1:colcon.colcon_core.package_identification:_identify(WUTA-FSD/ros2_ws/src/localization/kiss-icp/eval) by extensions ['cmake', 'python']
[0.447s] Level 1:colcon.colcon_core.package_identification:_identify(WUTA-FSD/ros2_ws/src/localization/kiss-icp/eval) by extension 'cmake'
[0.447s] Level 1:colcon.colcon_core.package_identification:_identify(WUTA-FSD/ros2_ws/src/localization/kiss-icp/eval) by extension 'python'
[0.447s] Level 1:colcon.colcon_core.package_identification:_identify(WUTA-FSD/ros2_ws/src/localization/kiss-icp/eval) by extensions ['python_setup_py']
[0.447s] Level 1:colcon.colcon_core.package_identification:_identify(WUTA-FSD/ros2_ws/src/localization/kiss-icp/eval) by extension 'python_setup_py'
[0.447s] Level 1:colcon.colcon_core.package_identification:_identify(WUTA-FSD/ros2_ws/src/localization/kiss-icp/python) by extensions ['ignore', 'ignore_ament_install']
[0.448s] Level 1:colcon.colcon_core.package_identification:_identify(WUTA-FSD/ros2_ws/src/localization/kiss-icp/python) by extension 'ignore'
[0.448s] Level 1:colcon.colcon_core.package_identification:_identify(WUTA-FSD/ros2_ws/src/localization/kiss-icp/python) ignored
[0.448s] Level 1:colcon.colcon_core.package_identification:_identify(WUTA-FSD/ros2_ws/src/localization/kiss-icp/ros) by extensions ['ignore', 'ignore_ament_install']
[0.448s] Level 1:colcon.colcon_core.package_identification:_identify(WUTA-FSD/ros2_ws/src/localization/kiss-icp/ros) by extension 'ignore'
[0.448s] Level 1:colcon.colcon_core.package_identification:_identify(WUTA-FSD/ros2_ws/src/localization/kiss-icp/ros) by extension 'ignore_ament_install'
[0.448s] Level 1:colcon.colcon_core.package_identification:_identify(WUTA-FSD/ros2_ws/src/localization/kiss-icp/ros) by extensions ['colcon_pkg']
[0.448s] Level 1:colcon.colcon_core.package_identification:_identify(WUTA-FSD/ros2_ws/src/localization/kiss-icp/ros) by extension 'colcon_pkg'
[0.448s] Level 1:colcon.colcon_core.package_identification:_identify(WUTA-FSD/ros2_ws/src/localization/kiss-icp/ros) by extensions ['colcon_meta']
[0.448s] Level 1:colcon.colcon_core.package_identification:_identify(WUTA-FSD/ros2_ws/src/localization/kiss-icp/ros) by extension 'colcon_meta'
[0.448s] Level 1:colcon.colcon_core.package_identification:_identify(WUTA-FSD/ros2_ws/src/localization/kiss-icp/ros) by extensions ['ros']
[0.448s] Level 1:colcon.colcon_core.package_identification:_identify(WUTA-FSD/ros2_ws/src/localization/kiss-icp/ros) by extension 'ros'
[0.451s] DEBUG:colcon.colcon_core.package_identification:Package 'WUTA-FSD/ros2_ws/src/localization/kiss-icp/ros' with type 'ros.ament_cmake' and name 'kiss_icp'
[0.451s] Level 1:colcon.colcon_core.package_identification:_identify(WUTA-FSD/ros2_ws/src/localization/kiss_icp_wrapper) by extensions ['ignore', 'ignore_ament_install']
[0.452s] Level 1:colcon.colcon_core.package_identification:_identify(WUTA-FSD/ros2_ws/src/localization/kiss_icp_wrapper) by extension 'ignore'
[0.452s] Level 1:colcon.colcon_core.package_identification:_identify(WUTA-FSD/ros2_ws/src/localization/kiss_icp_wrapper) by extension 'ignore_ament_install'
[0.452s] Level 1:colcon.colcon_core.package_identification:_identify(WUTA-FSD/ros2_ws/src/localization/kiss_icp_wrapper) by extensions ['colcon_pkg']
[0.452s] Level 1:colcon.colcon_core.package_identification:_identify(WUTA-FSD/ros2_ws/src/localization/kiss_icp_wrapper) by extension 'colcon_pkg'
[0.452s] Level 1:colcon.colcon_core.package_identification:_identify(WUTA-FSD/ros2_ws/src/localization/kiss_icp_wrapper) by extensions ['colcon_meta']
[0.452s] Level 1:colcon.colcon_core.package_identification:_identify(WUTA-FSD/ros2_ws/src/localization/kiss_icp_wrapper) by extension 'colcon_meta'
[0.452s] Level 1:colcon.colcon_core.package_identification:_identify(WUTA-FSD/ros2_ws/src/localization/kiss_icp_wrapper) by extensions ['ros']
[0.452s] Level 1:colcon.colcon_core.package_identification:_identify(WUTA-FSD/ros2_ws/src/localization/kiss_icp_wrapper) by extension 'ros'
[0.454s] DEBUG:colcon.colcon_core.package_identification:Package 'WUTA-FSD/ros2_ws/src/localization/kiss_icp_wrapper' with type 'ros.ament_cmake' and name 'kiss_icp_wrapper'
[0.455s] Level 1:colcon.colcon_core.package_identification:_identify(WUTA-FSD/ros2_ws/src/localization/localization_manager) by extensions ['ignore', 'ignore_ament_install']
[0.455s] Level 1:colcon.colcon_core.package_identification:_identify(WUTA-FSD/ros2_ws/src/localization/localization_manager) by extension 'ignore'
[0.455s] Level 1:colcon.colcon_core.package_identification:_identify(WUTA-FSD/ros2_ws/src/localization/localization_manager) by extension 'ignore_ament_install'
[0.455s] Level 1:colcon.colcon_core.package_identification:_identify(WUTA-FSD/ros2_ws/src/localization/localization_manager) by extensions ['colcon_pkg']
[0.455s] Level 1:colcon.colcon_core.package_identification:_identify(WUTA-FSD/ros2_ws/src/localization/localization_manager) by extension 'colcon_pkg'
[0.455s] Level 1:colcon.colcon_core.package_identification:_identify(WUTA-FSD/ros2_ws/src/localization/localization_manager) by extensions ['colcon_meta']
[0.455s] Level 1:colcon.colcon_core.package_identification:_identify(WUTA-FSD/ros2_ws/src/localization/localization_manager) by extension 'colcon_meta'
[0.455s] Level 1:colcon.colcon_core.package_identification:_identify(WUTA-FSD/ros2_ws/src/localization/localization_manager) by extensions ['ros']
[0.456s] Level 1:colcon.colcon_core.package_identification:_identify(WUTA-FSD/ros2_ws/src/localization/localization_manager) by extension 'ros'
[0.458s] DEBUG:colcon.colcon_core.package_identification:Package 'WUTA-FSD/ros2_ws/src/localization/localization_manager' with type 'ros.ament_cmake' and name 'localization_manager'
[0.458s] Level 1:colcon.colcon_core.package_identification:_identify(WUTA-FSD/ros2_ws/src/localization/ndt_localization) by extensions ['ignore', 'ignore_ament_install']
[0.458s] Level 1:colcon.colcon_core.package_identification:_identify(WUTA-FSD/ros2_ws/src/localization/ndt_localization) by extension 'ignore'
[0.458s] Level 1:colcon.colcon_core.package_identification:_identify(WUTA-FSD/ros2_ws/src/localization/ndt_localization) by extension 'ignore_ament_install'
[0.458s] Level 1:colcon.colcon_core.package_identification:_identify(WUTA-FSD/ros2_ws/src/localization/ndt_localization) by extensions ['colcon_pkg']
[0.458s] Level 1:colcon.colcon_core.package_identification:_identify(WUTA-FSD/ros2_ws/src/localization/ndt_localization) by extension 'colcon_pkg'
[0.458s] Level 1:colcon.colcon_core.package_identification:_identify(WUTA-FSD/ros2_ws/src/localization/ndt_localization) by extensions ['colcon_meta']
[0.458s] Level 1:colcon.colcon_core.package_identification:_identify(WUTA-FSD/ros2_ws/src/localization/ndt_localization) by extension 'colcon_meta'
[0.459s] Level 1:colcon.colcon_core.package_identification:_identify(WUTA-FSD/ros2_ws/src/localization/ndt_localization) by extensions ['ros']
[0.459s] Level 1:colcon.colcon_core.package_identification:_identify(WUTA-FSD/ros2_ws/src/localization/ndt_localization) by extension 'ros'
[0.460s] DEBUG:colcon.colcon_core.package_identification:Package 'WUTA-FSD/ros2_ws/src/localization/ndt_localization' with type 'ros.ament_cmake' and name 'ndt_localization'
[0.460s] Level 1:colcon.colcon_core.package_identification:_identify(WUTA-FSD/ros2_ws/src/localization/robot_localization) by extensions ['ignore', 'ignore_ament_install']
[0.460s] Level 1:colcon.colcon_core.package_identification:_identify(WUTA-FSD/ros2_ws/src/localization/robot_localization) by extension 'ignore'
[0.460s] Level 1:colcon.colcon_core.package_identification:_identify(WUTA-FSD/ros2_ws/src/localization/robot_localization) by extension 'ignore_ament_install'
[0.461s] Level 1:colcon.colcon_core.package_identification:_identify(WUTA-FSD/ros2_ws/src/localization/robot_localization) by extensions ['colcon_pkg']
[0.461s] Level 1:colcon.colcon_core.package_identification:_identify(WUTA-FSD/ros2_ws/src/localization/robot_localization) by extension 'colcon_pkg'
[0.461s] Level 1:colcon.colcon_core.package_identification:_identify(WUTA-FSD/ros2_ws/src/localization/robot_localization) by extensions ['colcon_meta']
[0.461s] Level 1:colcon.colcon_core.package_identification:_identify(WUTA-FSD/ros2_ws/src/localization/robot_localization) by extension 'colcon_meta'
[0.461s] Level 1:colcon.colcon_core.package_identification:_identify(WUTA-FSD/ros2_ws/src/localization/robot_localization) by extensions ['ros']
[0.461s] Level 1:colcon.colcon_core.package_identification:_identify(WUTA-FSD/ros2_ws/src/localization/robot_localization) by extension 'ros'
[0.463s] DEBUG:colcon.colcon_core.package_identification:Package 'WUTA-FSD/ros2_ws/src/localization/robot_localization' with type 'ros.ament_cmake' and name 'robot_localization'
[0.464s] Level 1:colcon.colcon_core.package_identification:_identify(WUTA-FSD/ros2_ws/src/mapping) by extensions ['ignore', 'ignore_ament_install']
[0.464s] Level 1:colcon.colcon_core.package_identification:_identify(WUTA-FSD/ros2_ws/src/mapping) by extension 'ignore'
[0.464s] Level 1:colcon.colcon_core.package_identification:_identify(WUTA-FSD/ros2_ws/src/mapping) by extension 'ignore_ament_install'
[0.464s] Level 1:colcon.colcon_core.package_identification:_identify(WUTA-FSD/ros2_ws/src/mapping) by extensions ['colcon_pkg']
[0.464s] Level 1:colcon.colcon_core.package_identification:_identify(WUTA-FSD/ros2_ws/src/mapping) by extension 'colcon_pkg'
[0.464s] Level 1:colcon.colcon_core.package_identification:_identify(WUTA-FSD/ros2_ws/src/mapping) by extensions ['colcon_meta']
[0.464s] Level 1:colcon.colcon_core.package_identification:_identify(WUTA-FSD/ros2_ws/src/mapping) by extension 'colcon_meta'
[0.464s] Level 1:colcon.colcon_core.package_identification:_identify(WUTA-FSD/ros2_ws/src/mapping) by extensions ['ros']
[0.464s] Level 1:colcon.colcon_core.package_identification:_identify(WUTA-FSD/ros2_ws/src/mapping) by extension 'ros'
[0.464s] Level 1:colcon.colcon_core.package_identification:_identify(WUTA-FSD/ros2_ws/src/mapping) by extensions ['cmake', 'python']
[0.464s] Level 1:colcon.colcon_core.package_identification:_identify(WUTA-FSD/ros2_ws/src/mapping) by extension 'cmake'
[0.464s] Level 1:colcon.colcon_core.package_identification:_identify(WUTA-FSD/ros2_ws/src/mapping) by extension 'python'
[0.464s] Level 1:colcon.colcon_core.package_identification:_identify(WUTA-FSD/ros2_ws/src/mapping) by extensions ['python_setup_py']
[0.464s] Level 1:colcon.colcon_core.package_identification:_identify(WUTA-FSD/ros2_ws/src/mapping) by extension 'python_setup_py'
[0.465s] Level 1:colcon.colcon_core.package_identification:_identify(WUTA-FSD/ros2_ws/src/mapping/cone_map_builder) by extensions ['ignore', 'ignore_ament_install']
[0.465s] Level 1:colcon.colcon_core.package_identification:_identify(WUTA-FSD/ros2_ws/src/mapping/cone_map_builder) by extension 'ignore'
[0.465s] Level 1:colcon.colcon_core.package_identification:_identify(WUTA-FSD/ros2_ws/src/mapping/cone_map_builder) by extension 'ignore_ament_install'
[0.465s] Level 1:colcon.colcon_core.package_identification:_identify(WUTA-FSD/ros2_ws/src/mapping/cone_map_builder) by extensions ['colcon_pkg']
[0.465s] Level 1:colcon.colcon_core.package_identification:_identify(WUTA-FSD/ros2_ws/src/mapping/cone_map_builder) by extension 'colcon_pkg'
[0.465s] Level 1:colcon.colcon_core.package_identification:_identify(WUTA-FSD/ros2_ws/src/mapping/cone_map_builder) by extensions ['colcon_meta']
[0.465s] Level 1:colcon.colcon_core.package_identification:_identify(WUTA-FSD/ros2_ws/src/mapping/cone_map_builder) by extension 'colcon_meta'
[0.465s] Level 1:colcon.colcon_core.package_identification:_identify(WUTA-FSD/ros2_ws/src/mapping/cone_map_builder) by extensions ['ros']
[0.465s] Level 1:colcon.colcon_core.package_identification:_identify(WUTA-FSD/ros2_ws/src/mapping/cone_map_builder) by extension 'ros'
[0.466s] DEBUG:colcon.colcon_core.package_identification:Package 'WUTA-FSD/ros2_ws/src/mapping/cone_map_builder' with type 'ros.ament_cmake' and name 'cone_map_builder'
[0.467s] Level 1:colcon.colcon_core.package_identification:_identify(WUTA-FSD/ros2_ws/src/perception) by extensions ['ignore', 'ignore_ament_install']
[0.467s] Level 1:colcon.colcon_core.package_identification:_identify(WUTA-FSD/ros2_ws/src/perception) by extension 'ignore'
[0.467s] Level 1:colcon.colcon_core.package_identification:_identify(WUTA-FSD/ros2_ws/src/perception) by extension 'ignore_ament_install'
[0.467s] Level 1:colcon.colcon_core.package_identification:_identify(WUTA-FSD/ros2_ws/src/perception) by extensions ['colcon_pkg']
[0.467s] Level 1:colcon.colcon_core.package_identification:_identify(WUTA-FSD/ros2_ws/src/perception) by extension 'colcon_pkg'
[0.467s] Level 1:colcon.colcon_core.package_identification:_identify(WUTA-FSD/ros2_ws/src/perception) by extensions ['colcon_meta']
[0.467s] Level 1:colcon.colcon_core.package_identification:_identify(WUTA-FSD/ros2_ws/src/perception) by extension 'colcon_meta'
[0.467s] Level 1:colcon.colcon_core.package_identification:_identify(WUTA-FSD/ros2_ws/src/perception) by extensions ['ros']
[0.467s] Level 1:colcon.colcon_core.package_identification:_identify(WUTA-FSD/ros2_ws/src/perception) by extension 'ros'
[0.467s] Level 1:colcon.colcon_core.package_identification:_identify(WUTA-FSD/ros2_ws/src/perception) by extensions ['cmake', 'python']
[0.467s] Level 1:colcon.colcon_core.package_identification:_identify(WUTA-FSD/ros2_ws/src/perception) by extension 'cmake'
[0.467s] Level 1:colcon.colcon_core.package_identification:_identify(WUTA-FSD/ros2_ws/src/perception) by extension 'python'
[0.467s] Level 1:colcon.colcon_core.package_identification:_identify(WUTA-FSD/ros2_ws/src/perception) by extensions ['python_setup_py']
[0.467s] Level 1:colcon.colcon_core.package_identification:_identify(WUTA-FSD/ros2_ws/src/perception) by extension 'python_setup_py'
[0.468s] Level 1:colcon.colcon_core.package_identification:_identify(WUTA-FSD/ros2_ws/src/perception/camera_detection) by extensions ['ignore', 'ignore_ament_install']
[0.468s] Level 1:colcon.colcon_core.package_identification:_identify(WUTA-FSD/ros2_ws/src/perception/camera_detection) by extension 'ignore'
[0.468s] Level 1:colcon.colcon_core.package_identification:_identify(WUTA-FSD/ros2_ws/src/perception/camera_detection) by extension 'ignore_ament_install'
[0.468s] Level 1:colcon.colcon_core.package_identification:_identify(WUTA-FSD/ros2_ws/src/perception/camera_detection) by extensions ['colcon_pkg']
[0.468s] Level 1:colcon.colcon_core.package_identification:_identify(WUTA-FSD/ros2_ws/src/perception/camera_detection) by extension 'colcon_pkg'
[0.468s] Level 1:colcon.colcon_core.package_identification:_identify(WUTA-FSD/ros2_ws/src/perception/camera_detection) by extensions ['colcon_meta']
[0.468s] Level 1:colcon.colcon_core.package_identification:_identify(WUTA-FSD/ros2_ws/src/perception/camera_detection) by extension 'colcon_meta'
[0.469s] Level 1:colcon.colcon_core.package_identification:_identify(WUTA-FSD/ros2_ws/src/perception/camera_detection) by extensions ['ros']
[0.469s] Level 1:colcon.colcon_core.package_identification:_identify(WUTA-FSD/ros2_ws/src/perception/camera_detection) by extension 'ros'
[0.470s] DEBUG:colcon.colcon_core.package_identification:Package 'WUTA-FSD/ros2_ws/src/perception/camera_detection' with type 'ros.ament_cmake' and name 'camera_detection'
[0.470s] Level 1:colcon.colcon_core.package_identification:_identify(WUTA-FSD/ros2_ws/src/perception/detection_fusion) by extensions ['ignore', 'ignore_ament_install']
[0.470s] Level 1:colcon.colcon_core.package_identification:_identify(WUTA-FSD/ros2_ws/src/perception/detection_fusion) by extension 'ignore'
[0.471s] Level 1:colcon.colcon_core.package_identification:_identify(WUTA-FSD/ros2_ws/src/perception/detection_fusion) by extension 'ignore_ament_install'
[0.471s] Level 1:colcon.colcon_core.package_identification:_identify(WUTA-FSD/ros2_ws/src/perception/detection_fusion) by extensions ['colcon_pkg']
[0.471s] Level 1:colcon.colcon_core.package_identification:_identify(WUTA-FSD/ros2_ws/src/perception/detection_fusion) by extension 'colcon_pkg'
[0.471s] Level 1:colcon.colcon_core.package_identification:_identify(WUTA-FSD/ros2_ws/src/perception/detection_fusion) by extensions ['colcon_meta']
[0.471s] Level 1:colcon.colcon_core.package_identification:_identify(WUTA-FSD/ros2_ws/src/perception/detection_fusion) by extension 'colcon_meta'
[0.471s] Level 1:colcon.colcon_core.package_identification:_identify(WUTA-FSD/ros2_ws/src/perception/detection_fusion) by extensions ['ros']
[0.471s] Level 1:colcon.colcon_core.package_identification:_identify(WUTA-FSD/ros2_ws/src/perception/detection_fusion) by extension 'ros'
[0.472s] DEBUG:colcon.colcon_core.package_identification:Package 'WUTA-FSD/ros2_ws/src/perception/detection_fusion' with type 'ros.ament_cmake' and name 'detection_fusion'
[0.472s] Level 1:colcon.colcon_core.package_identification:_identify(WUTA-FSD/ros2_ws/src/perception/lidar_detection) by extensions ['ignore', 'ignore_ament_install']
[0.472s] Level 1:colcon.colcon_core.package_identification:_identify(WUTA-FSD/ros2_ws/src/perception/lidar_detection) by extension 'ignore'
[0.472s] Level 1:colcon.colcon_core.package_identification:_identify(WUTA-FSD/ros2_ws/src/perception/lidar_detection) by extension 'ignore_ament_install'
[0.472s] Level 1:colcon.colcon_core.package_identification:_identify(WUTA-FSD/ros2_ws/src/perception/lidar_detection) by extensions ['colcon_pkg']
[0.472s] Level 1:colcon.colcon_core.package_identification:_identify(WUTA-FSD/ros2_ws/src/perception/lidar_detection) by extension 'colcon_pkg'
[0.472s] Level 1:colcon.colcon_core.package_identification:_identify(WUTA-FSD/ros2_ws/src/perception/lidar_detection) by extensions ['colcon_meta']
[0.472s] Level 1:colcon.colcon_core.package_identification:_identify(WUTA-FSD/ros2_ws/src/perception/lidar_detection) by extension 'colcon_meta'
[0.472s] Level 1:colcon.colcon_core.package_identification:_identify(WUTA-FSD/ros2_ws/src/perception/lidar_detection) by extensions ['ros']
[0.472s] Level 1:colcon.colcon_core.package_identification:_identify(WUTA-FSD/ros2_ws/src/perception/lidar_detection) by extension 'ros'
[0.473s] DEBUG:colcon.colcon_core.package_identification:Package 'WUTA-FSD/ros2_ws/src/perception/lidar_detection' with type 'ros.ament_cmake' and name 'lidar_detection'
[0.473s] Level 1:colcon.colcon_core.package_identification:_identify(WUTA-FSD/ros2_ws/src/planning) by extensions ['ignore', 'ignore_ament_install']
[0.473s] Level 1:colcon.colcon_core.package_identification:_identify(WUTA-FSD/ros2_ws/src/planning) by extension 'ignore'
[0.473s] Level 1:colcon.colcon_core.package_identification:_identify(WUTA-FSD/ros2_ws/src/planning) by extension 'ignore_ament_install'
[0.473s] Level 1:colcon.colcon_core.package_identification:_identify(WUTA-FSD/ros2_ws/src/planning) by extensions ['colcon_pkg']
[0.474s] Level 1:colcon.colcon_core.package_identification:_identify(WUTA-FSD/ros2_ws/src/planning) by extension 'colcon_pkg'
[0.474s] Level 1:colcon.colcon_core.package_identification:_identify(WUTA-FSD/ros2_ws/src/planning) by extensions ['colcon_meta']
[0.474s] Level 1:colcon.colcon_core.package_identification:_identify(WUTA-FSD/ros2_ws/src/planning) by extension 'colcon_meta'
[0.474s] Level 1:colcon.colcon_core.package_identification:_identify(WUTA-FSD/ros2_ws/src/planning) by extensions ['ros']
[0.474s] Level 1:colcon.colcon_core.package_identification:_identify(WUTA-FSD/ros2_ws/src/planning) by extension 'ros'
[0.474s] Level 1:colcon.colcon_core.package_identification:_identify(WUTA-FSD/ros2_ws/src/planning) by extensions ['cmake', 'python']
[0.474s] Level 1:colcon.colcon_core.package_identification:_identify(WUTA-FSD/ros2_ws/src/planning) by extension 'cmake'
[0.474s] Level 1:colcon.colcon_core.package_identification:_identify(WUTA-FSD/ros2_ws/src/planning) by extension 'python'
[0.474s] Level 1:colcon.colcon_core.package_identification:_identify(WUTA-FSD/ros2_ws/src/planning) by extensions ['python_setup_py']
[0.474s] Level 1:colcon.colcon_core.package_identification:_identify(WUTA-FSD/ros2_ws/src/planning) by extension 'python_setup_py'
[0.474s] Level 1:colcon.colcon_core.package_identification:_identify(WUTA-FSD/ros2_ws/src/planning/boundary_detector) by extensions ['ignore', 'ignore_ament_install']
[0.474s] Level 1:colcon.colcon_core.package_identification:_identify(WUTA-FSD/ros2_ws/src/planning/boundary_detector) by extension 'ignore'
[0.475s] Level 1:colcon.colcon_core.package_identification:_identify(WUTA-FSD/ros2_ws/src/planning/boundary_detector) by extension 'ignore_ament_install'
[0.475s] Level 1:colcon.colcon_core.package_identification:_identify(WUTA-FSD/ros2_ws/src/planning/boundary_detector) by extensions ['colcon_pkg']
[0.475s] Level 1:colcon.colcon_core.package_identification:_identify(WUTA-FSD/ros2_ws/src/planning/boundary_detector) by extension 'colcon_pkg'
[0.475s] Level 1:colcon.colcon_core.package_identification:_identify(WUTA-FSD/ros2_ws/src/planning/boundary_detector) by extensions ['colcon_meta']
[0.475s] Level 1:colcon.colcon_core.package_identification:_identify(WUTA-FSD/ros2_ws/src/planning/boundary_detector) by extension 'colcon_meta'
[0.475s] Level 1:colcon.colcon_core.package_identification:_identify(WUTA-FSD/ros2_ws/src/planning/boundary_detector) by extensions ['ros']
[0.475s] Level 1:colcon.colcon_core.package_identification:_identify(WUTA-FSD/ros2_ws/src/planning/boundary_detector) by extension 'ros'
[0.476s] DEBUG:colcon.colcon_core.package_identification:Package 'WUTA-FSD/ros2_ws/src/planning/boundary_detector' with type 'ros.ament_cmake' and name 'boundary_detector'
[0.476s] Level 1:colcon.colcon_core.package_identification:_identify(WUTA-FSD/ros2_ws/src/planning/path_generator) by extensions ['ignore', 'ignore_ament_install']
[0.476s] Level 1:colcon.colcon_core.package_identification:_identify(WUTA-FSD/ros2_ws/src/planning/path_generator) by extension 'ignore'
[0.476s] Level 1:colcon.colcon_core.package_identification:_identify(WUTA-FSD/ros2_ws/src/planning/path_generator) by extension 'ignore_ament_install'
[0.477s] Level 1:colcon.colcon_core.package_identification:_identify(WUTA-FSD/ros2_ws/src/planning/path_generator) by extensions ['colcon_pkg']
[0.477s] Level 1:colcon.colcon_core.package_identification:_identify(WUTA-FSD/ros2_ws/src/planning/path_generator) by extension 'colcon_pkg'
[0.477s] Level 1:colcon.colcon_core.package_identification:_identify(WUTA-FSD/ros2_ws/src/planning/path_generator) by extensions ['colcon_meta']
[0.477s] Level 1:colcon.colcon_core.package_identification:_identify(WUTA-FSD/ros2_ws/src/planning/path_generator) by extension 'colcon_meta'
[0.477s] Level 1:colcon.colcon_core.package_identification:_identify(WUTA-FSD/ros2_ws/src/planning/path_generator) by extensions ['ros']
[0.477s] Level 1:colcon.colcon_core.package_identification:_identify(WUTA-FSD/ros2_ws/src/planning/path_generator) by extension 'ros'
[0.477s] DEBUG:colcon.colcon_core.package_identification:Package 'WUTA-FSD/ros2_ws/src/planning/path_generator' with type 'ros.ament_cmake' and name 'path_generator'
[0.478s] Level 1:colcon.colcon_core.package_identification:_identify(WUTA-FSD/ros2_ws/src/system) by extensions ['ignore', 'ignore_ament_install']
[0.478s] Level 1:colcon.colcon_core.package_identification:_identify(WUTA-FSD/ros2_ws/src/system) by extension 'ignore'
[0.478s] Level 1:colcon.colcon_core.package_identification:_identify(WUTA-FSD/ros2_ws/src/system) by extension 'ignore_ament_install'
[0.478s] Level 1:colcon.colcon_core.package_identification:_identify(WUTA-FSD/ros2_ws/src/system) by extensions ['colcon_pkg']
[0.478s] Level 1:colcon.colcon_core.package_identification:_identify(WUTA-FSD/ros2_ws/src/system) by extension 'colcon_pkg'
[0.478s] Level 1:colcon.colcon_core.package_identification:_identify(WUTA-FSD/ros2_ws/src/system) by extensions ['colcon_meta']
[0.478s] Level 1:colcon.colcon_core.package_identification:_identify(WUTA-FSD/ros2_ws/src/system) by extension 'colcon_meta'
[0.478s] Level 1:colcon.colcon_core.package_identification:_identify(WUTA-FSD/ros2_ws/src/system) by extensions ['ros']
[0.478s] Level 1:colcon.colcon_core.package_identification:_identify(WUTA-FSD/ros2_ws/src/system) by extension 'ros'
[0.478s] Level 1:colcon.colcon_core.package_identification:_identify(WUTA-FSD/ros2_ws/src/system) by extensions ['cmake', 'python']
[0.478s] Level 1:colcon.colcon_core.package_identification:_identify(WUTA-FSD/ros2_ws/src/system) by extension 'cmake'
[0.478s] Level 1:colcon.colcon_core.package_identification:_identify(WUTA-FSD/ros2_ws/src/system) by extension 'python'
[0.478s] Level 1:colcon.colcon_core.package_identification:_identify(WUTA-FSD/ros2_ws/src/system) by extensions ['python_setup_py']
[0.478s] Level 1:colcon.colcon_core.package_identification:_identify(WUTA-FSD/ros2_ws/src/system) by extension 'python_setup_py'
[0.478s] Level 1:colcon.colcon_core.package_identification:_identify(WUTA-FSD/ros2_ws/src/system/mission_manager) by extensions ['ignore', 'ignore_ament_install']
[0.478s] Level 1:colcon.colcon_core.package_identification:_identify(WUTA-FSD/ros2_ws/src/system/mission_manager) by extension 'ignore'
[0.478s] Level 1:colcon.colcon_core.package_identification:_identify(WUTA-FSD/ros2_ws/src/system/mission_manager) by extension 'ignore_ament_install'
[0.478s] Level 1:colcon.colcon_core.package_identification:_identify(WUTA-FSD/ros2_ws/src/system/mission_manager) by extensions ['colcon_pkg']
[0.478s] Level 1:colcon.colcon_core.package_identification:_identify(WUTA-FSD/ros2_ws/src/system/mission_manager) by extension 'colcon_pkg'
[0.478s] Level 1:colcon.colcon_core.package_identification:_identify(WUTA-FSD/ros2_ws/src/system/mission_manager) by extensions ['colcon_meta']
[0.478s] Level 1:colcon.colcon_core.package_identification:_identify(WUTA-FSD/ros2_ws/src/system/mission_manager) by extension 'colcon_meta'
[0.479s] Level 1:colcon.colcon_core.package_identification:_identify(WUTA-FSD/ros2_ws/src/system/mission_manager) by extensions ['ros']
[0.479s] Level 1:colcon.colcon_core.package_identification:_identify(WUTA-FSD/ros2_ws/src/system/mission_manager) by extension 'ros'
[0.479s] DEBUG:colcon.colcon_core.package_identification:Package 'WUTA-FSD/ros2_ws/src/system/mission_manager' with type 'ros.ament_cmake' and name 'mission_manager'
[0.480s] Level 1:colcon.colcon_core.package_identification:_identify(WUTA-SIM) by extensions ['ignore', 'ignore_ament_install']
[0.480s] Level 1:colcon.colcon_core.package_identification:_identify(WUTA-SIM) by extension 'ignore'
[0.480s] Level 1:colcon.colcon_core.package_identification:_identify(WUTA-SIM) by extension 'ignore_ament_install'
[0.480s] Level 1:colcon.colcon_core.package_identification:_identify(WUTA-SIM) by extensions ['colcon_pkg']
[0.480s] Level 1:colcon.colcon_core.package_identification:_identify(WUTA-SIM) by extension 'colcon_pkg'
[0.480s] Level 1:colcon.colcon_core.package_identification:_identify(WUTA-SIM) by extensions ['colcon_meta']
[0.480s] Level 1:colcon.colcon_core.package_identification:_identify(WUTA-SIM) by extension 'colcon_meta'
[0.480s] Level 1:colcon.colcon_core.package_identification:_identify(WUTA-SIM) by extensions ['ros']
[0.480s] Level 1:colcon.colcon_core.package_identification:_identify(WUTA-SIM) by extension 'ros'
[0.480s] Level 1:colcon.colcon_core.package_identification:_identify(WUTA-SIM) by extensions ['cmake', 'python']
[0.480s] Level 1:colcon.colcon_core.package_identification:_identify(WUTA-SIM) by extension 'cmake'
[0.480s] Level 1:colcon.colcon_core.package_identification:_identify(WUTA-SIM) by extension 'python'
[0.480s] Level 1:colcon.colcon_core.package_identification:_identify(WUTA-SIM) by extensions ['python_setup_py']
[0.480s] Level 1:colcon.colcon_core.package_identification:_identify(WUTA-SIM) by extension 'python_setup_py'
[0.481s] Level 1:colcon.colcon_core.package_identification:_identify(WUTA-SIM/can_simulator) by extensions ['ignore', 'ignore_ament_install']
[0.481s] Level 1:colcon.colcon_core.package_identification:_identify(WUTA-SIM/can_simulator) by extension 'ignore'
[0.481s] Level 1:colcon.colcon_core.package_identification:_identify(WUTA-SIM/can_simulator) by extension 'ignore_ament_install'
[0.481s] Level 1:colcon.colcon_core.package_identification:_identify(WUTA-SIM/can_simulator) by extensions ['colcon_pkg']
[0.481s] Level 1:colcon.colcon_core.package_identification:_identify(WUTA-SIM/can_simulator) by extension 'colcon_pkg'
[0.481s] Level 1:colcon.colcon_core.package_identification:_identify(WUTA-SIM/can_simulator) by extensions ['colcon_meta']
[0.481s] Level 1:colcon.colcon_core.package_identification:_identify(WUTA-SIM/can_simulator) by extension 'colcon_meta'
[0.481s] Level 1:colcon.colcon_core.package_identification:_identify(WUTA-SIM/can_simulator) by extensions ['ros']
[0.481s] Level 1:colcon.colcon_core.package_identification:_identify(WUTA-SIM/can_simulator) by extension 'ros'
[0.481s] Level 1:colcon.colcon_core.package_identification:_identify(WUTA-SIM/can_simulator) by extensions ['cmake', 'python']
[0.481s] Level 1:colcon.colcon_core.package_identification:_identify(WUTA-SIM/can_simulator) by extension 'cmake'
[0.481s] Level 1:colcon.colcon_core.package_identification:_identify(WUTA-SIM/can_simulator) by extension 'python'
[0.481s] Level 1:colcon.colcon_core.package_identification:_identify(WUTA-SIM/can_simulator) by extensions ['python_setup_py']
[0.481s] Level 1:colcon.colcon_core.package_identification:_identify(WUTA-SIM/can_simulator) by extension 'python_setup_py'
[0.481s] Level 1:colcon.colcon_core.package_identification:_identify(WUTA-SIM/can_simulator/src) by extensions ['ignore', 'ignore_ament_install']
[0.482s] Level 1:colcon.colcon_core.package_identification:_identify(WUTA-SIM/can_simulator/src) by extension 'ignore'
[0.482s] Level 1:colcon.colcon_core.package_identification:_identify(WUTA-SIM/can_simulator/src) by extension 'ignore_ament_install'
[0.482s] Level 1:colcon.colcon_core.package_identification:_identify(WUTA-SIM/can_simulator/src) by extensions ['colcon_pkg']
[0.482s] Level 1:colcon.colcon_core.package_identification:_identify(WUTA-SIM/can_simulator/src) by extension 'colcon_pkg'
[0.482s] Level 1:colcon.colcon_core.package_identification:_identify(WUTA-SIM/can_simulator/src) by extensions ['colcon_meta']
[0.482s] Level 1:colcon.colcon_core.package_identification:_identify(WUTA-SIM/can_simulator/src) by extension 'colcon_meta'
[0.482s] Level 1:colcon.colcon_core.package_identification:_identify(WUTA-SIM/can_simulator/src) by extensions ['ros']
[0.482s] Level 1:colcon.colcon_core.package_identification:_identify(WUTA-SIM/can_simulator/src) by extension 'ros'
[0.482s] Level 1:colcon.colcon_core.package_identification:_identify(WUTA-SIM/can_simulator/src) by extensions ['cmake', 'python']
[0.482s] Level 1:colcon.colcon_core.package_identification:_identify(WUTA-SIM/can_simulator/src) by extension 'cmake'
[0.482s] Level 1:colcon.colcon_core.package_identification:_identify(WUTA-SIM/can_simulator/src) by extension 'python'
[0.482s] Level 1:colcon.colcon_core.package_identification:_identify(WUTA-SIM/can_simulator/src) by extensions ['python_setup_py']
[0.482s] Level 1:colcon.colcon_core.package_identification:_identify(WUTA-SIM/can_simulator/src) by extension 'python_setup_py'
[0.482s] Level 1:colcon.colcon_core.package_identification:_identify(WUTA-SIM/can_simulator/src/can_simulator) by extensions ['ignore', 'ignore_ament_install']
[0.482s] Level 1:colcon.colcon_core.package_identification:_identify(WUTA-SIM/can_simulator/src/can_simulator) by extension 'ignore'
[0.482s] Level 1:colcon.colcon_core.package_identification:_identify(WUTA-SIM/can_simulator/src/can_simulator) by extension 'ignore_ament_install'
[0.482s] Level 1:colcon.colcon_core.package_identification:_identify(WUTA-SIM/can_simulator/src/can_simulator) by extensions ['colcon_pkg']
[0.482s] Level 1:colcon.colcon_core.package_identification:_identify(WUTA-SIM/can_simulator/src/can_simulator) by extension 'colcon_pkg'
[0.483s] Level 1:colcon.colcon_core.package_identification:_identify(WUTA-SIM/can_simulator/src/can_simulator) by extensions ['colcon_meta']
[0.483s] Level 1:colcon.colcon_core.package_identification:_identify(WUTA-SIM/can_simulator/src/can_simulator) by extension 'colcon_meta'
[0.483s] Level 1:colcon.colcon_core.package_identification:_identify(WUTA-SIM/can_simulator/src/can_simulator) by extensions ['ros']
[0.483s] Level 1:colcon.colcon_core.package_identification:_identify(WUTA-SIM/can_simulator/src/can_simulator) by extension 'ros'
[0.484s] DEBUG:colcon.colcon_core.package_identification:Package 'WUTA-SIM/can_simulator/src/can_simulator' with type 'ros.ament_python' and name 'can_simulator'
[0.484s] Level 1:colcon.colcon_core.package_identification:_identify(WUTA-SIM/docs) by extensions ['ignore', 'ignore_ament_install']
[0.485s] Level 1:colcon.colcon_core.package_identification:_identify(WUTA-SIM/docs) by extension 'ignore'
[0.485s] Level 1:colcon.colcon_core.package_identification:_identify(WUTA-SIM/docs) by extension 'ignore_ament_install'
[0.485s] Level 1:colcon.colcon_core.package_identification:_identify(WUTA-SIM/docs) by extensions ['colcon_pkg']
[0.485s] Level 1:colcon.colcon_core.package_identification:_identify(WUTA-SIM/docs) by extension 'colcon_pkg'
[0.485s] Level 1:colcon.colcon_core.package_identification:_identify(WUTA-SIM/docs) by extensions ['colcon_meta']
[0.485s] Level 1:colcon.colcon_core.package_identification:_identify(WUTA-SIM/docs) by extension 'colcon_meta'
[0.485s] Level 1:colcon.colcon_core.package_identification:_identify(WUTA-SIM/docs) by extensions ['ros']
[0.485s] Level 1:colcon.colcon_core.package_identification:_identify(WUTA-SIM/docs) by extension 'ros'
[0.485s] Level 1:colcon.colcon_core.package_identification:_identify(WUTA-SIM/docs) by extensions ['cmake', 'python']
[0.485s] Level 1:colcon.colcon_core.package_identification:_identify(WUTA-SIM/docs) by extension 'cmake'
[0.485s] Level 1:colcon.colcon_core.package_identification:_identify(WUTA-SIM/docs) by extension 'python'
[0.486s] Level 1:colcon.colcon_core.package_identification:_identify(WUTA-SIM/docs) by extensions ['python_setup_py']
[0.486s] Level 1:colcon.colcon_core.package_identification:_identify(WUTA-SIM/docs) by extension 'python_setup_py'
[0.486s] Level 1:colcon.colcon_core.package_identification:_identify(WUTA-SIM/perception_simulation) by extensions ['ignore', 'ignore_ament_install']
[0.486s] Level 1:colcon.colcon_core.package_identification:_identify(WUTA-SIM/perception_simulation) by extension 'ignore'
[0.486s] Level 1:colcon.colcon_core.package_identification:_identify(WUTA-SIM/perception_simulation) by extension 'ignore_ament_install'
[0.486s] Level 1:colcon.colcon_core.package_identification:_identify(WUTA-SIM/perception_simulation) by extensions ['colcon_pkg']
[0.486s] Level 1:colcon.colcon_core.package_identification:_identify(WUTA-SIM/perception_simulation) by extension 'colcon_pkg'
[0.486s] Level 1:colcon.colcon_core.package_identification:_identify(WUTA-SIM/perception_simulation) by extensions ['colcon_meta']
[0.486s] Level 1:colcon.colcon_core.package_identification:_identify(WUTA-SIM/perception_simulation) by extension 'colcon_meta'
[0.486s] Level 1:colcon.colcon_core.package_identification:_identify(WUTA-SIM/perception_simulation) by extensions ['ros']
[0.486s] Level 1:colcon.colcon_core.package_identification:_identify(WUTA-SIM/perception_simulation) by extension 'ros'
[0.488s] DEBUG:colcon.colcon_core.package_identification:Package 'WUTA-SIM/perception_simulation' with type 'ros.ament_python' and name 'lidar_sim'
[0.488s] Level 1:colcon.colcon_core.package_identification:_identify(WUTA-SIM/simulator_bringup) by extensions ['ignore', 'ignore_ament_install']
[0.488s] Level 1:colcon.colcon_core.package_identification:_identify(WUTA-SIM/simulator_bringup) by extension 'ignore'
[0.488s] Level 1:colcon.colcon_core.package_identification:_identify(WUTA-SIM/simulator_bringup) by extension 'ignore_ament_install'
[0.488s] Level 1:colcon.colcon_core.package_identification:_identify(WUTA-SIM/simulator_bringup) by extensions ['colcon_pkg']
[0.488s] Level 1:colcon.colcon_core.package_identification:_identify(WUTA-SIM/simulator_bringup) by extension 'colcon_pkg'
[0.488s] Level 1:colcon.colcon_core.package_identification:_identify(WUTA-SIM/simulator_bringup) by extensions ['colcon_meta']
[0.488s] Level 1:colcon.colcon_core.package_identification:_identify(WUTA-SIM/simulator_bringup) by extension 'colcon_meta'
[0.489s] Level 1:colcon.colcon_core.package_identification:_identify(WUTA-SIM/simulator_bringup) by extensions ['ros']
[0.489s] Level 1:colcon.colcon_core.package_identification:_identify(WUTA-SIM/simulator_bringup) by extension 'ros'
[0.490s] DEBUG:colcon.colcon_core.package_identification:Package 'WUTA-SIM/simulator_bringup' with type 'ros.ament_python' and name 'simulator_bringup'
[0.490s] Level 1:colcon.colcon_core.package_identification:_identify(WUTA-SIM/vehicle_model) by extensions ['ignore', 'ignore_ament_install']
[0.490s] Level 1:colcon.colcon_core.package_identification:_identify(WUTA-SIM/vehicle_model) by extension 'ignore'
[0.490s] Level 1:colcon.colcon_core.package_identification:_identify(WUTA-SIM/vehicle_model) by extension 'ignore_ament_install'
[0.490s] Level 1:colcon.colcon_core.package_identification:_identify(WUTA-SIM/vehicle_model) by extensions ['colcon_pkg']
[0.490s] Level 1:colcon.colcon_core.package_identification:_identify(WUTA-SIM/vehicle_model) by extension 'colcon_pkg'
[0.490s] Level 1:colcon.colcon_core.package_identification:_identify(WUTA-SIM/vehicle_model) by extensions ['colcon_meta']
[0.490s] Level 1:colcon.colcon_core.package_identification:_identify(WUTA-SIM/vehicle_model) by extension 'colcon_meta'
[0.491s] Level 1:colcon.colcon_core.package_identification:_identify(WUTA-SIM/vehicle_model) by extensions ['ros']
[0.491s] Level 1:colcon.colcon_core.package_identification:_identify(WUTA-SIM/vehicle_model) by extension 'ros'
[0.491s] Level 1:colcon.colcon_core.package_identification:_identify(WUTA-SIM/vehicle_model) by extensions ['cmake', 'python']
[0.491s] Level 1:colcon.colcon_core.package_identification:_identify(WUTA-SIM/vehicle_model) by extension 'cmake'
[0.491s] Level 1:colcon.colcon_core.package_identification:_identify(WUTA-SIM/vehicle_model) by extension 'python'
[0.491s] Level 1:colcon.colcon_core.package_identification:_identify(WUTA-SIM/vehicle_model) by extensions ['python_setup_py']
[0.491s] Level 1:colcon.colcon_core.package_identification:_identify(WUTA-SIM/vehicle_model) by extension 'python_setup_py'
[0.491s] Level 1:colcon.colcon_core.package_identification:_identify(WUTA-SIM/vehicle_model/src) by extensions ['ignore', 'ignore_ament_install']
[0.491s] Level 1:colcon.colcon_core.package_identification:_identify(WUTA-SIM/vehicle_model/src) by extension 'ignore'
[0.491s] Level 1:colcon.colcon_core.package_identification:_identify(WUTA-SIM/vehicle_model/src) by extension 'ignore_ament_install'
[0.491s] Level 1:colcon.colcon_core.package_identification:_identify(WUTA-SIM/vehicle_model/src) by extensions ['colcon_pkg']
[0.491s] Level 1:colcon.colcon_core.package_identification:_identify(WUTA-SIM/vehicle_model/src) by extension 'colcon_pkg'
[0.492s] Level 1:colcon.colcon_core.package_identification:_identify(WUTA-SIM/vehicle_model/src) by extensions ['colcon_meta']
[0.492s] Level 1:colcon.colcon_core.package_identification:_identify(WUTA-SIM/vehicle_model/src) by extension 'colcon_meta'
[0.492s] Level 1:colcon.colcon_core.package_identification:_identify(WUTA-SIM/vehicle_model/src) by extensions ['ros']
[0.492s] Level 1:colcon.colcon_core.package_identification:_identify(WUTA-SIM/vehicle_model/src) by extension 'ros'
[0.492s] Level 1:colcon.colcon_core.package_identification:_identify(WUTA-SIM/vehicle_model/src) by extensions ['cmake', 'python']
[0.492s] Level 1:colcon.colcon_core.package_identification:_identify(WUTA-SIM/vehicle_model/src) by extension 'cmake'
[0.492s] Level 1:colcon.colcon_core.package_identification:_identify(WUTA-SIM/vehicle_model/src) by extension 'python'
[0.492s] Level 1:colcon.colcon_core.package_identification:_identify(WUTA-SIM/vehicle_model/src) by extensions ['python_setup_py']
[0.492s] Level 1:colcon.colcon_core.package_identification:_identify(WUTA-SIM/vehicle_model/src) by extension 'python_setup_py'
[0.492s] Level 1:colcon.colcon_core.package_identification:_identify(WUTA-SIM/vehicle_model/src/vehicle_model) by extensions ['ignore', 'ignore_ament_install']
[0.492s] Level 1:colcon.colcon_core.package_identification:_identify(WUTA-SIM/vehicle_model/src/vehicle_model) by extension 'ignore'
[0.492s] Level 1:colcon.colcon_core.package_identification:_identify(WUTA-SIM/vehicle_model/src/vehicle_model) by extension 'ignore_ament_install'
[0.492s] Level 1:colcon.colcon_core.package_identification:_identify(WUTA-SIM/vehicle_model/src/vehicle_model) by extensions ['colcon_pkg']
[0.492s] Level 1:colcon.colcon_core.package_identification:_identify(WUTA-SIM/vehicle_model/src/vehicle_model) by extension 'colcon_pkg'
[0.492s] Level 1:colcon.colcon_core.package_identification:_identify(WUTA-SIM/vehicle_model/src/vehicle_model) by extensions ['colcon_meta']
[0.492s] Level 1:colcon.colcon_core.package_identification:_identify(WUTA-SIM/vehicle_model/src/vehicle_model) by extension 'colcon_meta'
[0.493s] Level 1:colcon.colcon_core.package_identification:_identify(WUTA-SIM/vehicle_model/src/vehicle_model) by extensions ['ros']
[0.493s] Level 1:colcon.colcon_core.package_identification:_identify(WUTA-SIM/vehicle_model/src/vehicle_model) by extension 'ros'
[0.494s] DEBUG:colcon.colcon_core.package_identification:Package 'WUTA-SIM/vehicle_model/src/vehicle_model' with type 'ros.ament_python' and name 'vehicle_model'
[0.494s] Level 1:colcon.colcon_core.package_discovery:discover_packages(recursive) using defaults
[0.564s] INFO:colcon.colcon_core.package_selection:Skipping not selected package 'autoware_msgs' in 'WUTA-FSD/ros2_ws/src/common/autoware_msgs'
[0.564s] INFO:colcon.colcon_core.package_selection:Skipping not selected package 'can_simulator' in 'WUTA-SIM/can_simulator/src/can_simulator'
[0.564s] INFO:colcon.colcon_core.package_selection:Skipping not selected package 'kiss_icp' in 'WUTA-FSD/ros2_ws/src/localization/kiss-icp/ros'
[0.564s] INFO:colcon.colcon_core.package_selection:Skipping not selected package 'lidar_sim' in 'WUTA-SIM/perception_simulation'
[0.564s] INFO:colcon.colcon_core.package_selection:Skipping not selected package 'robot_localization' in 'WUTA-FSD/ros2_ws/src/localization/robot_localization'
[0.564s] INFO:colcon.colcon_core.package_selection:Skipping not selected package 'wuta_msgs' in 'WUTA-FSD/ros2_ws/src/common/wuta_msgs'
[0.564s] INFO:colcon.colcon_core.package_selection:Skipping not selected package 'boundary_detector' in 'WUTA-FSD/ros2_ws/src/planning/boundary_detector'
[0.564s] INFO:colcon.colcon_core.package_selection:Skipping not selected package 'camera_detection' in 'WUTA-FSD/ros2_ws/src/perception/camera_detection'
[0.564s] INFO:colcon.colcon_core.package_selection:Skipping not selected package 'cone_map_builder' in 'WUTA-FSD/ros2_ws/src/mapping/cone_map_builder'
[0.564s] INFO:colcon.colcon_core.package_selection:Skipping not selected package 'controller' in 'WUTA-FSD/ros2_ws/src/control/controller'
[0.564s] INFO:colcon.colcon_core.package_selection:Skipping not selected package 'detection_fusion' in 'WUTA-FSD/ros2_ws/src/perception/detection_fusion'
[0.564s] INFO:colcon.colcon_core.package_selection:Skipping not selected package 'kiss_icp_wrapper' in 'WUTA-FSD/ros2_ws/src/localization/kiss_icp_wrapper'
[0.564s] INFO:colcon.colcon_core.package_selection:Skipping not selected package 'lidar_detection' in 'WUTA-FSD/ros2_ws/src/perception/lidar_detection'
[0.564s] INFO:colcon.colcon_core.package_selection:Skipping not selected package 'localization_manager' in 'WUTA-FSD/ros2_ws/src/localization/localization_manager'
[0.564s] INFO:colcon.colcon_core.package_selection:Skipping not selected package 'mission_manager' in 'WUTA-FSD/ros2_ws/src/system/mission_manager'
[0.564s] INFO:colcon.colcon_core.package_selection:Skipping not selected package 'ndt_localization' in 'WUTA-FSD/ros2_ws/src/localization/ndt_localization'
[0.564s] INFO:colcon.colcon_core.package_selection:Skipping not selected package 'path_generator' in 'WUTA-FSD/ros2_ws/src/planning/path_generator'
[0.565s] INFO:colcon.colcon_core.package_selection:Skipping not selected package 'wuta_tools' in 'WUTA-FSD/ros2_ws/src/common/wuta_tools'
[0.565s] INFO:colcon.colcon_core.package_selection:Skipping not selected package 'simulator_bringup' in 'WUTA-SIM/simulator_bringup'
[0.565s] Level 1:colcon.colcon_core.package_discovery:discover_packages(prefix_path) check parameters
[0.565s] Level 1:colcon.colcon_core.package_discovery:discover_packages(prefix_path) discover
[0.570s] DEBUG:colcon.colcon_installed_package_information.package_discovery:Found 6 installed packages in /home/starry1n/WUTA/install
[0.572s] DEBUG:colcon.colcon_installed_package_information.package_discovery:Found 289 installed packages in /opt/ros/humble
[0.574s] Level 1:colcon.colcon_core.package_discovery:discover_packages(prefix_path) using defaults
[0.641s] WARNING:colcon.colcon_core.package_selection:Some selected packages are already built in one or more underlay workspaces:
	'vehicle_model' is in: /home/starry1n/WUTA/install/vehicle_model
If a package in a merged underlay workspace is overridden and it installs headers, then all packages in the overlay must sort their include directories by workspace order. Failure to do so may result in build failures or undefined behavior at run time.
If the overridden package is used by another package in any underlay, then the overriding package in the overlay must be API and ABI compatible or undefined behavior at run time may occur.

If you understand the risks and want to override a package anyways, add the following to the command line:
	--allow-overriding vehicle_model

This may be promoted to an error in a future release of colcon-override-check.
[0.642s] Level 5:colcon.colcon_core.verb:set package 'vehicle_model' build argument 'cmake_args' from command line to 'None'
[0.642s] Level 5:colcon.colcon_core.verb:set package 'vehicle_model' build argument 'cmake_target' from command line to 'None'
[0.642s] Level 5:colcon.colcon_core.verb:set package 'vehicle_model' build argument 'cmake_target_skip_unavailable' from command line to 'False'
[0.642s] Level 5:colcon.colcon_core.verb:set package 'vehicle_model' build argument 'cmake_clean_cache' from command line to 'False'
[0.642s] Level 5:colcon.colcon_core.verb:set package 'vehicle_model' build argument 'cmake_clean_first' from command line to 'False'
[0.642s] Level 5:colcon.colcon_core.verb:set package 'vehicle_model' build argument 'cmake_force_configure' from command line to 'False'
[0.642s] Level 5:colcon.colcon_core.verb:set package 'vehicle_model' build argument 'ament_cmake_args' from command line to 'None'
[0.642s] Level 5:colcon.colcon_core.verb:set package 'vehicle_model' build argument 'catkin_cmake_args' from command line to 'None'
[0.642s] Level 5:colcon.colcon_core.verb:set package 'vehicle_model' build argument 'catkin_skip_building_tests' from command line to 'False'
[0.642s] DEBUG:colcon.colcon_core.verb:Building package 'vehicle_model' with the following arguments: {'ament_cmake_args': None, 'build_base': '/home/starry1n/WUTA/build/vehicle_model', 'catkin_cmake_args': None, 'catkin_skip_building_tests': False, 'cmake_args': None, 'cmake_clean_cache': False, 'cmake_clean_first': False, 'cmake_force_configure': False, 'cmake_target': None, 'cmake_target_skip_unavailable': False, 'install_base': '/home/starry1n/WUTA/install/vehicle_model', 'merge_install': False, 'path': '/home/starry1n/WUTA/WUTA-SIM/vehicle_model/src/vehicle_model', 'symlink_install': True, 'test_result_base': None}
[0.643s] INFO:colcon.colcon_core.executor:Executing jobs using 'parallel' executor
[0.647s] DEBUG:colcon.colcon_parallel_executor.executor.parallel:run_until_complete
[0.647s] INFO:colcon.colcon_ros.task.ament_python.build:Building ROS package in '/home/starry1n/WUTA/WUTA-SIM/vehicle_model/src/vehicle_model' with build type 'ament_python'
[0.647s] Level 1:colcon.colcon_core.shell:create_environment_hook('vehicle_model', 'ament_prefix_path')
[0.655s] INFO:colcon.colcon_core.plugin_system:Skipping extension 'colcon_core.shell.bat': Not used on non-Windows systems
[0.655s] INFO:colcon.colcon_core.shell:Creating environment hook '/home/starry1n/WUTA/install/vehicle_model/share/vehicle_model/hook/ament_prefix_path.ps1'
[0.657s] INFO:colcon.colcon_core.shell:Creating environment descriptor '/home/starry1n/WUTA/install/vehicle_model/share/vehicle_model/hook/ament_prefix_path.dsv'
[0.659s] INFO:colcon.colcon_core.shell:Creating environment hook '/home/starry1n/WUTA/install/vehicle_model/share/vehicle_model/hook/ament_prefix_path.sh'
[0.661s] INFO:colcon.colcon_core.shell:Skip shell extension 'powershell' for command environment: Not usable outside of PowerShell
[0.661s] DEBUG:colcon.colcon_core.shell:Skip shell extension 'dsv' for command environment
[1.130s] INFO:colcon.colcon_core.task.python.build:Building Python package in '/home/starry1n/WUTA/WUTA-SIM/vehicle_model/src/vehicle_model'
[1.130s] INFO:colcon.colcon_core.shell:Skip shell extension 'powershell' for command environment: Not usable outside of PowerShell
[1.130s] DEBUG:colcon.colcon_core.shell:Skip shell extension 'dsv' for command environment
[1.770s] DEBUG:colcon.colcon_core.task.python.build:Available setuptools commands: install_lib, easy_install, setopt, register, alias, install_headers, develop, build, rotate, bdist_dumb, test, install_data, clean, upload, install_egg_info, upload_docs, build_py, build_scripts, build_ext, bdist, sdist, install_scripts, symlink_data, install, check, bdist_rpm, egg_info, bdist_egg, saveopts, build_clib, dist_info
[2.261s] DEBUG:colcon.colcon_core.task.python.build:Available setuptools 'develop' options: --version, --multi-version, --dry-run, --always-unzip, --build-directory, --help, --quiet, --script-dir, --record, --prefix, --force-installation-into-system-dir, --index-url, --editable, --allow-hosts, --egg-path, --optimize, --local-snapshots-ok, --verbose, --find-links, --no-find-links, --always-copy, --uninstall, --exclude-scripts, --upgrade, --site-dirs, --install-dir, --install-layout, --zip-ok, --no-user-cfg, --user, --no-deps
[2.266s] DEBUG:colcon.colcon_core.event_handler.log_command:Invoking command in '/home/starry1n/WUTA/build/vehicle_model': CMAKE_PREFIX_PATH=/home/starry1n/WUTA/install/autoware_msgs:/home/starry1n/WUTA/install/wuta_msgs LD_LIBRARY_PATH=/home/starry1n/WUTA/install/autoware_msgs/lib:/home/starry1n/WUTA/install/wuta_msgs/lib:/opt/ros/humble/opt/rviz_ogre_vendor/lib:/opt/ros/humble/lib/x86_64-linux-gnu:/opt/ros/humble/lib PYTHONPATH=/home/starry1n/WUTA/build/vehicle_model/prefix_override:/usr/lib/python3/dist-packages/colcon_core/task/python/colcon_distutils_commands:/home/starry1n/WUTA/install/vehicle_model/lib/python3.10/site-packages:${PYTHONPATH} /usr/bin/python3 -W ignore:setup.py install is deprecated -W ignore:easy_install command is deprecated setup.py develop --editable --build-directory /home/starry1n/WUTA/build/vehicle_model/build --no-deps symlink_data
[30.675s] Level 1:colcon.colcon_core.shell:create_environment_hook('vehicle_model', 'pythonpath_develop')
[30.676s] INFO:colcon.colcon_core.shell:Creating environment hook '/home/starry1n/WUTA/build/vehicle_model/share/vehicle_model/hook/pythonpath_develop.ps1'
[30.677s] DEBUG:colcon.colcon_core.event_handler.log_command:Invoked command in '/home/starry1n/WUTA/build/vehicle_model' returned '0': CMAKE_PREFIX_PATH=/home/starry1n/WUTA/install/autoware_msgs:/home/starry1n/WUTA/install/wuta_msgs LD_LIBRARY_PATH=/home/starry1n/WUTA/install/autoware_msgs/lib:/home/starry1n/WUTA/install/wuta_msgs/lib:/opt/ros/humble/opt/rviz_ogre_vendor/lib:/opt/ros/humble/lib/x86_64-linux-gnu:/opt/ros/humble/lib PYTHONPATH=/home/starry1n/WUTA/build/vehicle_model/prefix_override:/usr/lib/python3/dist-packages/colcon_core/task/python/colcon_distutils_commands:/home/starry1n/WUTA/install/vehicle_model/lib/python3.10/site-packages:${PYTHONPATH} /usr/bin/python3 -W ignore:setup.py install is deprecated -W ignore:easy_install command is deprecated setup.py develop --editable --build-directory /home/starry1n/WUTA/build/vehicle_model/build --no-deps symlink_data
[30.679s] INFO:colcon.colcon_core.shell:Creating environment descriptor '/home/starry1n/WUTA/build/vehicle_model/share/vehicle_model/hook/pythonpath_develop.dsv'
[30.679s] INFO:colcon.colcon_core.shell:Creating environment hook '/home/starry1n/WUTA/build/vehicle_model/share/vehicle_model/hook/pythonpath_develop.sh'
[30.685s] Level 1:colcon.colcon_core.environment:checking '/home/starry1n/WUTA/install/vehicle_model' for CMake module files
[30.686s] Level 1:colcon.colcon_core.environment:checking '/home/starry1n/WUTA/install/vehicle_model' for CMake config files
[30.687s] Level 1:colcon.colcon_core.environment:checking '/home/starry1n/WUTA/install/vehicle_model/lib'
[30.688s] Level 1:colcon.colcon_core.environment:checking '/home/starry1n/WUTA/install/vehicle_model/bin'
[30.688s] Level 1:colcon.colcon_core.environment:checking '/home/starry1n/WUTA/install/vehicle_model/lib/pkgconfig/vehicle_model.pc'
[30.688s] Level 1:colcon.colcon_core.environment:checking '/home/starry1n/WUTA/install/vehicle_model/lib/python3.10/site-packages'
[30.688s] Level 1:colcon.colcon_core.shell:create_environment_hook('vehicle_model', 'pythonpath')
[30.689s] INFO:colcon.colcon_core.shell:Creating environment hook '/home/starry1n/WUTA/install/vehicle_model/share/vehicle_model/hook/pythonpath.ps1'
[30.690s] INFO:colcon.colcon_core.shell:Creating environment descriptor '/home/starry1n/WUTA/install/vehicle_model/share/vehicle_model/hook/pythonpath.dsv'
[30.692s] INFO:colcon.colcon_core.shell:Creating environment hook '/home/starry1n/WUTA/install/vehicle_model/share/vehicle_model/hook/pythonpath.sh'
[30.694s] Level 1:colcon.colcon_core.environment:checking '/home/starry1n/WUTA/install/vehicle_model/bin'
[30.694s] Level 1:colcon.colcon_core.environment:create_environment_scripts_only(vehicle_model)
[30.695s] INFO:colcon.colcon_core.shell:Creating package script '/home/starry1n/WUTA/install/vehicle_model/share/vehicle_model/package.ps1'
[30.697s] INFO:colcon.colcon_core.shell:Creating package descriptor '/home/starry1n/WUTA/install/vehicle_model/share/vehicle_model/package.dsv'
[30.699s] INFO:colcon.colcon_core.shell:Creating package script '/home/starry1n/WUTA/install/vehicle_model/share/vehicle_model/package.sh'
[30.700s] INFO:colcon.colcon_core.shell:Creating package script '/home/starry1n/WUTA/install/vehicle_model/share/vehicle_model/package.bash'
[30.702s] INFO:colcon.colcon_core.shell:Creating package script '/home/starry1n/WUTA/install/vehicle_model/share/vehicle_model/package.zsh'
[30.703s] Level 1:colcon.colcon_core.environment:create_file_with_runtime_dependencies(/home/starry1n/WUTA/install/vehicle_model/share/colcon-core/packages/vehicle_model)
[30.705s] DEBUG:colcon.colcon_parallel_executor.executor.parallel:closing loop
[30.706s] DEBUG:colcon.colcon_parallel_executor.executor.parallel:loop closed
[30.706s] DEBUG:colcon.colcon_parallel_executor.executor.parallel:run_until_complete finished with '0'
[30.707s] DEBUG:colcon.colcon_core.event_reactor:joining thread
[30.717s] INFO:colcon.colcon_core.plugin_system:Skipping extension 'colcon_notification.desktop_notification.terminal_notifier': Not used on non-Darwin systems
[30.717s] INFO:colcon.colcon_core.plugin_system:Skipping extension 'colcon_notification.desktop_notification.win32': Not used on non-Windows systems
[30.717s] INFO:colcon.colcon_notification.desktop_notification:Sending desktop notification using 'notify2'
[30.718s] DEBUG:colcon.colcon_notification.desktop_notification.notify2:Failed to initialize notify2: org.freedesktop.DBus.Error.AccessDenied: Failed to connect to socket /run/user/1000/bus: Operation not permitted
[30.718s] DEBUG:colcon.colcon_core.event_reactor:joined thread
[30.718s] INFO:colcon.colcon_core.shell:Creating prefix script '/home/starry1n/WUTA/install/local_setup.ps1'
[30.719s] INFO:colcon.colcon_core.shell:Creating prefix util module '/home/starry1n/WUTA/install/_local_setup_util_ps1.py'
[30.722s] INFO:colcon.colcon_core.shell:Creating prefix chain script '/home/starry1n/WUTA/install/setup.ps1'
[30.724s] INFO:colcon.colcon_core.shell:Creating prefix script '/home/starry1n/WUTA/install/local_setup.sh'
[30.727s] INFO:colcon.colcon_core.shell:Creating prefix util module '/home/starry1n/WUTA/install/_local_setup_util_sh.py'
[30.728s] INFO:colcon.colcon_core.shell:Creating prefix chain script '/home/starry1n/WUTA/install/setup.sh'
[30.729s] INFO:colcon.colcon_core.shell:Creating prefix script '/home/starry1n/WUTA/install/local_setup.bash'
[30.731s] INFO:colcon.colcon_core.shell:Creating prefix chain script '/home/starry1n/WUTA/install/setup.bash'
[30.733s] INFO:colcon.colcon_core.shell:Creating prefix script '/home/starry1n/WUTA/install/local_setup.zsh'
[30.734s] INFO:colcon.colcon_core.shell:Creating prefix chain script '/home/starry1n/WUTA/install/setup.zsh'
