[0.062s] DEBUG:colcon:Command line arguments: ['/usr/bin/colcon', 'build', '--base-paths', '.', '--symlink-install', '--packages-up-to', 'simulator_bringup']
[0.062s] DEBUG:colcon:Parsed command line arguments: Namespace(log_base=None, log_level=None, verb_name='build', build_base='build', install_base='install', merge_install=False, symlink_install=True, test_result_base=None, continue_on_error=False, executor='parallel', parallel_workers=8, event_handlers=None, ignore_user_meta=False, metas=['./colcon.meta'], base_paths=['.'], packages_ignore=None, packages_ignore_regex=None, paths=None, packages_up_to=['simulator_bringup'], packages_up_to_regex=None, packages_above=None, packages_above_and_dependencies=None, packages_above_depth=None, packages_select_by_dep=None, packages_skip_by_dep=None, packages_skip_up_to=None, packages_select_build_failed=False, packages_skip_build_finished=False, packages_select_test_failures=False, packages_skip_test_passed=False, packages_select=None, packages_skip=None, packages_select_regex=None, packages_skip_regex=None, packages_start=None, packages_end=None, allow_overriding=[], cmake_args=None, cmake_target=None, cmake_target_skip_unavailable=False, cmake_clean_cache=False, cmake_clean_first=False, cmake_force_configure=False, ament_cmake_args=None, catkin_cmake_args=None, catkin_skip_building_tests=False, verb_parser=<colcon_defaults.argument_parser.defaults.DefaultArgumentsDecorator object at 0x7887f4c33970>, verb_extension=<colcon_core.verb.build.BuildVerb object at 0x7887f4de5840>, main=<bound method BuildVerb.main of <colcon_core.verb.build.BuildVerb object at 0x7887f4de5840>>)
[0.148s] Level 1:colcon.colcon_core.package_discovery:discover_packages(colcon_meta) check parameters
[0.148s] Level 1:colcon.colcon_core.package_discovery:discover_packages(recursive) check parameters
[0.148s] Level 1:colcon.colcon_core.package_discovery:discover_packages(ignore) check parameters
[0.148s] Level 1:colcon.colcon_core.package_discovery:discover_packages(path) check parameters
[0.148s] Level 1:colcon.colcon_core.package_discovery:discover_packages(recursive) discover
[0.149s] INFO:colcon.colcon_core.package_discovery:Crawling recursively for packages in '/home/starry1n/WUTA/WUTA-SIM'
[0.149s] Level 1:colcon.colcon_core.package_identification:_identify(.) by extensions ['ignore', 'ignore_ament_install']
[0.149s] Level 1:colcon.colcon_core.package_identification:_identify(.) by extension 'ignore'
[0.149s] Level 1:colcon.colcon_core.package_identification:_identify(.) by extension 'ignore_ament_install'
[0.149s] Level 1:colcon.colcon_core.package_identification:_identify(.) by extensions ['colcon_pkg']
[0.149s] Level 1:colcon.colcon_core.package_identification:_identify(.) by extension 'colcon_pkg'
[0.149s] Level 1:colcon.colcon_core.package_identification:_identify(.) by extensions ['colcon_meta']
[0.149s] Level 1:colcon.colcon_core.package_identification:_identify(.) by extension 'colcon_meta'
[0.149s] Level 1:colcon.colcon_core.package_identification:_identify(.) by extensions ['ros']
[0.149s] Level 1:colcon.colcon_core.package_identification:_identify(.) by extension 'ros'
[0.155s] Level 1:colcon.colcon_core.package_identification:_identify(.) by extensions ['cmake', 'python']
[0.156s] Level 1:colcon.colcon_core.package_identification:_identify(.) by extension 'cmake'
[0.156s] Level 1:colcon.colcon_core.package_identification:_identify(.) by extension 'python'
[0.156s] Level 1:colcon.colcon_core.package_identification:_identify(.) by extensions ['python_setup_py']
[0.156s] Level 1:colcon.colcon_core.package_identification:_identify(.) by extension 'python_setup_py'
[0.156s] Level 1:colcon.colcon_core.package_identification:_identify(build) by extensions ['ignore', 'ignore_ament_install']
[0.156s] Level 1:colcon.colcon_core.package_identification:_identify(build) by extension 'ignore'
[0.156s] Level 1:colcon.colcon_core.package_identification:_identify(build) ignored
[0.156s] Level 1:colcon.colcon_core.package_identification:_identify(can_simulator) by extensions ['ignore', 'ignore_ament_install']
[0.156s] Level 1:colcon.colcon_core.package_identification:_identify(can_simulator) by extension 'ignore'
[0.156s] Level 1:colcon.colcon_core.package_identification:_identify(can_simulator) by extension 'ignore_ament_install'
[0.156s] Level 1:colcon.colcon_core.package_identification:_identify(can_simulator) by extensions ['colcon_pkg']
[0.156s] Level 1:colcon.colcon_core.package_identification:_identify(can_simulator) by extension 'colcon_pkg'
[0.156s] Level 1:colcon.colcon_core.package_identification:_identify(can_simulator) by extensions ['colcon_meta']
[0.156s] Level 1:colcon.colcon_core.package_identification:_identify(can_simulator) by extension 'colcon_meta'
[0.156s] Level 1:colcon.colcon_core.package_identification:_identify(can_simulator) by extensions ['ros']
[0.156s] Level 1:colcon.colcon_core.package_identification:_identify(can_simulator) by extension 'ros'
[0.156s] Level 1:colcon.colcon_core.package_identification:_identify(can_simulator) by extensions ['cmake', 'python']
[0.156s] Level 1:colcon.colcon_core.package_identification:_identify(can_simulator) by extension 'cmake'
[0.156s] Level 1:colcon.colcon_core.package_identification:_identify(can_simulator) by extension 'python'
[0.156s] Level 1:colcon.colcon_core.package_identification:_identify(can_simulator) by extensions ['python_setup_py']
[0.156s] Level 1:colcon.colcon_core.package_identification:_identify(can_simulator) by extension 'python_setup_py'
[0.156s] Level 1:colcon.colcon_core.package_identification:_identify(can_simulator/src) by extensions ['ignore', 'ignore_ament_install']
[0.156s] Level 1:colcon.colcon_core.package_identification:_identify(can_simulator/src) by extension 'ignore'
[0.156s] Level 1:colcon.colcon_core.package_identification:_identify(can_simulator/src) by extension 'ignore_ament_install'
[0.156s] Level 1:colcon.colcon_core.package_identification:_identify(can_simulator/src) by extensions ['colcon_pkg']
[0.156s] Level 1:colcon.colcon_core.package_identification:_identify(can_simulator/src) by extension 'colcon_pkg'
[0.156s] Level 1:colcon.colcon_core.package_identification:_identify(can_simulator/src) by extensions ['colcon_meta']
[0.156s] Level 1:colcon.colcon_core.package_identification:_identify(can_simulator/src) by extension 'colcon_meta'
[0.156s] Level 1:colcon.colcon_core.package_identification:_identify(can_simulator/src) by extensions ['ros']
[0.156s] Level 1:colcon.colcon_core.package_identification:_identify(can_simulator/src) by extension 'ros'
[0.157s] Level 1:colcon.colcon_core.package_identification:_identify(can_simulator/src) by extensions ['cmake', 'python']
[0.157s] Level 1:colcon.colcon_core.package_identification:_identify(can_simulator/src) by extension 'cmake'
[0.157s] Level 1:colcon.colcon_core.package_identification:_identify(can_simulator/src) by extension 'python'
[0.157s] Level 1:colcon.colcon_core.package_identification:_identify(can_simulator/src) by extensions ['python_setup_py']
[0.157s] Level 1:colcon.colcon_core.package_identification:_identify(can_simulator/src) by extension 'python_setup_py'
[0.157s] Level 1:colcon.colcon_core.package_identification:_identify(can_simulator/src/can_simulator) by extensions ['ignore', 'ignore_ament_install']
[0.157s] Level 1:colcon.colcon_core.package_identification:_identify(can_simulator/src/can_simulator) by extension 'ignore'
[0.157s] Level 1:colcon.colcon_core.package_identification:_identify(can_simulator/src/can_simulator) by extension 'ignore_ament_install'
[0.157s] Level 1:colcon.colcon_core.package_identification:_identify(can_simulator/src/can_simulator) by extensions ['colcon_pkg']
[0.157s] Level 1:colcon.colcon_core.package_identification:_identify(can_simulator/src/can_simulator) by extension 'colcon_pkg'
[0.157s] Level 1:colcon.colcon_core.package_identification:_identify(can_simulator/src/can_simulator) by extensions ['colcon_meta']
[0.157s] Level 1:colcon.colcon_core.package_identification:_identify(can_simulator/src/can_simulator) by extension 'colcon_meta'
[0.157s] Level 1:colcon.colcon_core.package_identification:_identify(can_simulator/src/can_simulator) by extensions ['ros']
[0.157s] Level 1:colcon.colcon_core.package_identification:_identify(can_simulator/src/can_simulator) by extension 'ros'
[0.158s] DEBUG:colcon.colcon_core.package_identification:Package 'can_simulator/src/can_simulator' with type 'ros.ament_python' and name 'can_simulator'
[0.159s] Level 1:colcon.colcon_core.package_identification:_identify(docs) by extensions ['ignore', 'ignore_ament_install']
[0.159s] Level 1:colcon.colcon_core.package_identification:_identify(docs) by extension 'ignore'
[0.159s] Level 1:colcon.colcon_core.package_identification:_identify(docs) by extension 'ignore_ament_install'
[0.159s] Level 1:colcon.colcon_core.package_identification:_identify(docs) by extensions ['colcon_pkg']
[0.159s] Level 1:colcon.colcon_core.package_identification:_identify(docs) by extension 'colcon_pkg'
[0.159s] Level 1:colcon.colcon_core.package_identification:_identify(docs) by extensions ['colcon_meta']
[0.159s] Level 1:colcon.colcon_core.package_identification:_identify(docs) by extension 'colcon_meta'
[0.159s] Level 1:colcon.colcon_core.package_identification:_identify(docs) by extensions ['ros']
[0.159s] Level 1:colcon.colcon_core.package_identification:_identify(docs) by extension 'ros'
[0.159s] Level 1:colcon.colcon_core.package_identification:_identify(docs) by extensions ['cmake', 'python']
[0.159s] Level 1:colcon.colcon_core.package_identification:_identify(docs) by extension 'cmake'
[0.159s] Level 1:colcon.colcon_core.package_identification:_identify(docs) by extension 'python'
[0.159s] Level 1:colcon.colcon_core.package_identification:_identify(docs) by extensions ['python_setup_py']
[0.159s] Level 1:colcon.colcon_core.package_identification:_identify(docs) by extension 'python_setup_py'
[0.159s] Level 1:colcon.colcon_core.package_identification:_identify(install) by extensions ['ignore', 'ignore_ament_install']
[0.159s] Level 1:colcon.colcon_core.package_identification:_identify(install) by extension 'ignore'
[0.159s] Level 1:colcon.colcon_core.package_identification:_identify(install) ignored
[0.159s] Level 1:colcon.colcon_core.package_identification:_identify(log) by extensions ['ignore', 'ignore_ament_install']
[0.160s] Level 1:colcon.colcon_core.package_identification:_identify(log) by extension 'ignore'
[0.160s] Level 1:colcon.colcon_core.package_identification:_identify(log) ignored
[0.160s] Level 1:colcon.colcon_core.package_identification:_identify(perception_simulation) by extensions ['ignore', 'ignore_ament_install']
[0.160s] Level 1:colcon.colcon_core.package_identification:_identify(perception_simulation) by extension 'ignore'
[0.160s] Level 1:colcon.colcon_core.package_identification:_identify(perception_simulation) by extension 'ignore_ament_install'
[0.160s] Level 1:colcon.colcon_core.package_identification:_identify(perception_simulation) by extensions ['colcon_pkg']
[0.160s] Level 1:colcon.colcon_core.package_identification:_identify(perception_simulation) by extension 'colcon_pkg'
[0.160s] Level 1:colcon.colcon_core.package_identification:_identify(perception_simulation) by extensions ['colcon_meta']
[0.160s] Level 1:colcon.colcon_core.package_identification:_identify(perception_simulation) by extension 'colcon_meta'
[0.160s] Level 1:colcon.colcon_core.package_identification:_identify(perception_simulation) by extensions ['ros']
[0.160s] Level 1:colcon.colcon_core.package_identification:_identify(perception_simulation) by extension 'ros'
[0.160s] DEBUG:colcon.colcon_core.package_identification:Package 'perception_simulation' with type 'ros.ament_python' and name 'lidar_sim'
[0.160s] Level 1:colcon.colcon_core.package_identification:_identify(simulator_bringup) by extensions ['ignore', 'ignore_ament_install']
[0.160s] Level 1:colcon.colcon_core.package_identification:_identify(simulator_bringup) by extension 'ignore'
[0.160s] Level 1:colcon.colcon_core.package_identification:_identify(simulator_bringup) by extension 'ignore_ament_install'
[0.160s] Level 1:colcon.colcon_core.package_identification:_identify(simulator_bringup) by extensions ['colcon_pkg']
[0.160s] Level 1:colcon.colcon_core.package_identification:_identify(simulator_bringup) by extension 'colcon_pkg'
[0.161s] Level 1:colcon.colcon_core.package_identification:_identify(simulator_bringup) by extensions ['colcon_meta']
[0.161s] Level 1:colcon.colcon_core.package_identification:_identify(simulator_bringup) by extension 'colcon_meta'
[0.161s] Level 1:colcon.colcon_core.package_identification:_identify(simulator_bringup) by extensions ['ros']
[0.161s] Level 1:colcon.colcon_core.package_identification:_identify(simulator_bringup) by extension 'ros'
[0.161s] DEBUG:colcon.colcon_core.package_identification:Package 'simulator_bringup' with type 'ros.ament_python' and name 'simulator_bringup'
[0.161s] Level 1:colcon.colcon_core.package_identification:_identify(vehicle_model) by extensions ['ignore', 'ignore_ament_install']
[0.161s] Level 1:colcon.colcon_core.package_identification:_identify(vehicle_model) by extension 'ignore'
[0.161s] Level 1:colcon.colcon_core.package_identification:_identify(vehicle_model) by extension 'ignore_ament_install'
[0.161s] Level 1:colcon.colcon_core.package_identification:_identify(vehicle_model) by extensions ['colcon_pkg']
[0.161s] Level 1:colcon.colcon_core.package_identification:_identify(vehicle_model) by extension 'colcon_pkg'
[0.161s] Level 1:colcon.colcon_core.package_identification:_identify(vehicle_model) by extensions ['colcon_meta']
[0.161s] Level 1:colcon.colcon_core.package_identification:_identify(vehicle_model) by extension 'colcon_meta'
[0.161s] Level 1:colcon.colcon_core.package_identification:_identify(vehicle_model) by extensions ['ros']
[0.161s] Level 1:colcon.colcon_core.package_identification:_identify(vehicle_model) by extension 'ros'
[0.161s] Level 1:colcon.colcon_core.package_identification:_identify(vehicle_model) by extensions ['cmake', 'python']
[0.161s] Level 1:colcon.colcon_core.package_identification:_identify(vehicle_model) by extension 'cmake'
[0.161s] Level 1:colcon.colcon_core.package_identification:_identify(vehicle_model) by extension 'python'
[0.161s] Level 1:colcon.colcon_core.package_identification:_identify(vehicle_model) by extensions ['python_setup_py']
[0.161s] Level 1:colcon.colcon_core.package_identification:_identify(vehicle_model) by extension 'python_setup_py'
[0.161s] Level 1:colcon.colcon_core.package_identification:_identify(vehicle_model/src) by extensions ['ignore', 'ignore_ament_install']
[0.161s] Level 1:colcon.colcon_core.package_identification:_identify(vehicle_model/src) by extension 'ignore'
[0.161s] Level 1:colcon.colcon_core.package_identification:_identify(vehicle_model/src) by extension 'ignore_ament_install'
[0.161s] Level 1:colcon.colcon_core.package_identification:_identify(vehicle_model/src) by extensions ['colcon_pkg']
[0.162s] Level 1:colcon.colcon_core.package_identification:_identify(vehicle_model/src) by extension 'colcon_pkg'
[0.162s] Level 1:colcon.colcon_core.package_identification:_identify(vehicle_model/src) by extensions ['colcon_meta']
[0.162s] Level 1:colcon.colcon_core.package_identification:_identify(vehicle_model/src) by extension 'colcon_meta'
[0.162s] Level 1:colcon.colcon_core.package_identification:_identify(vehicle_model/src) by extensions ['ros']
[0.162s] Level 1:colcon.colcon_core.package_identification:_identify(vehicle_model/src) by extension 'ros'
[0.162s] Level 1:colcon.colcon_core.package_identification:_identify(vehicle_model/src) by extensions ['cmake', 'python']
[0.162s] Level 1:colcon.colcon_core.package_identification:_identify(vehicle_model/src) by extension 'cmake'
[0.162s] Level 1:colcon.colcon_core.package_identification:_identify(vehicle_model/src) by extension 'python'
[0.162s] Level 1:colcon.colcon_core.package_identification:_identify(vehicle_model/src) by extensions ['python_setup_py']
[0.162s] Level 1:colcon.colcon_core.package_identification:_identify(vehicle_model/src) by extension 'python_setup_py'
[0.162s] Level 1:colcon.colcon_core.package_identification:_identify(vehicle_model/src/vehicle_model) by extensions ['ignore', 'ignore_ament_install']
[0.162s] Level 1:colcon.colcon_core.package_identification:_identify(vehicle_model/src/vehicle_model) by extension 'ignore'
[0.162s] Level 1:colcon.colcon_core.package_identification:_identify(vehicle_model/src/vehicle_model) by extension 'ignore_ament_install'
[0.162s] Level 1:colcon.colcon_core.package_identification:_identify(vehicle_model/src/vehicle_model) by extensions ['colcon_pkg']
[0.162s] Level 1:colcon.colcon_core.package_identification:_identify(vehicle_model/src/vehicle_model) by extension 'colcon_pkg'
[0.162s] Level 1:colcon.colcon_core.package_identification:_identify(vehicle_model/src/vehicle_model) by extensions ['colcon_meta']
[0.162s] Level 1:colcon.colcon_core.package_identification:_identify(vehicle_model/src/vehicle_model) by extension 'colcon_meta'
[0.162s] Level 1:colcon.colcon_core.package_identification:_identify(vehicle_model/src/vehicle_model) by extensions ['ros']
[0.162s] Level 1:colcon.colcon_core.package_identification:_identify(vehicle_model/src/vehicle_model) by extension 'ros'
[0.162s] DEBUG:colcon.colcon_core.package_identification:Package 'vehicle_model/src/vehicle_model' with type 'ros.ament_python' and name 'vehicle_model'
[0.163s] Level 1:colcon.colcon_core.package_identification:_identify(wuta-ins-simulator) by extensions ['ignore', 'ignore_ament_install']
[0.163s] Level 1:colcon.colcon_core.package_identification:_identify(wuta-ins-simulator) by extension 'ignore'
[0.163s] Level 1:colcon.colcon_core.package_identification:_identify(wuta-ins-simulator) by extension 'ignore_ament_install'
[0.163s] Level 1:colcon.colcon_core.package_identification:_identify(wuta-ins-simulator) by extensions ['colcon_pkg']
[0.163s] Level 1:colcon.colcon_core.package_identification:_identify(wuta-ins-simulator) by extension 'colcon_pkg'
[0.163s] Level 1:colcon.colcon_core.package_identification:_identify(wuta-ins-simulator) by extensions ['colcon_meta']
[0.163s] Level 1:colcon.colcon_core.package_identification:_identify(wuta-ins-simulator) by extension 'colcon_meta'
[0.163s] Level 1:colcon.colcon_core.package_identification:_identify(wuta-ins-simulator) by extensions ['ros']
[0.163s] Level 1:colcon.colcon_core.package_identification:_identify(wuta-ins-simulator) by extension 'ros'
[0.163s] DEBUG:colcon.colcon_core.package_identification:Package 'wuta-ins-simulator' with type 'ros.ament_python' and name 'ins_simulator'
[0.163s] Level 1:colcon.colcon_core.package_discovery:discover_packages(recursive) using defaults
[0.177s] Level 1:colcon.colcon_core.package_discovery:discover_packages(prefix_path) check parameters
[0.177s] Level 1:colcon.colcon_core.package_discovery:discover_packages(prefix_path) discover
[0.179s] DEBUG:colcon.colcon_installed_package_information.package_discovery:Found 16 installed packages in /home/starry1n/WUTA/WUTA-FSD/ros2_ws/install
[0.180s] DEBUG:colcon.colcon_installed_package_information.package_discovery:Found 289 installed packages in /opt/ros/humble
[0.186s] Level 1:colcon.colcon_core.package_discovery:discover_packages(prefix_path) using defaults
[0.209s] Level 5:colcon.colcon_core.verb:set package 'can_simulator' build argument 'cmake_args' from command line to 'None'
[0.209s] Level 5:colcon.colcon_core.verb:set package 'can_simulator' build argument 'cmake_target' from command line to 'None'
[0.209s] Level 5:colcon.colcon_core.verb:set package 'can_simulator' build argument 'cmake_target_skip_unavailable' from command line to 'False'
[0.209s] Level 5:colcon.colcon_core.verb:set package 'can_simulator' build argument 'cmake_clean_cache' from command line to 'False'
[0.209s] Level 5:colcon.colcon_core.verb:set package 'can_simulator' build argument 'cmake_clean_first' from command line to 'False'
[0.209s] Level 5:colcon.colcon_core.verb:set package 'can_simulator' build argument 'cmake_force_configure' from command line to 'False'
[0.209s] Level 5:colcon.colcon_core.verb:set package 'can_simulator' build argument 'ament_cmake_args' from command line to 'None'
[0.209s] Level 5:colcon.colcon_core.verb:set package 'can_simulator' build argument 'catkin_cmake_args' from command line to 'None'
[0.209s] Level 5:colcon.colcon_core.verb:set package 'can_simulator' build argument 'catkin_skip_building_tests' from command line to 'False'
[0.209s] DEBUG:colcon.colcon_core.verb:Building package 'can_simulator' with the following arguments: {'ament_cmake_args': None, 'build_base': '/home/starry1n/WUTA/WUTA-SIM/build/can_simulator', 'catkin_cmake_args': None, 'catkin_skip_building_tests': False, 'cmake_args': None, 'cmake_clean_cache': False, 'cmake_clean_first': False, 'cmake_force_configure': False, 'cmake_target': None, 'cmake_target_skip_unavailable': False, 'install_base': '/home/starry1n/WUTA/WUTA-SIM/install/can_simulator', 'merge_install': False, 'path': '/home/starry1n/WUTA/WUTA-SIM/can_simulator/src/can_simulator', 'symlink_install': True, 'test_result_base': None}
[0.209s] Level 5:colcon.colcon_core.verb:set package 'ins_simulator' build argument 'cmake_args' from command line to 'None'
[0.209s] Level 5:colcon.colcon_core.verb:set package 'ins_simulator' build argument 'cmake_target' from command line to 'None'
[0.209s] Level 5:colcon.colcon_core.verb:set package 'ins_simulator' build argument 'cmake_target_skip_unavailable' from command line to 'False'
[0.209s] Level 5:colcon.colcon_core.verb:set package 'ins_simulator' build argument 'cmake_clean_cache' from command line to 'False'
[0.209s] Level 5:colcon.colcon_core.verb:set package 'ins_simulator' build argument 'cmake_clean_first' from command line to 'False'
[0.209s] Level 5:colcon.colcon_core.verb:set package 'ins_simulator' build argument 'cmake_force_configure' from command line to 'False'
[0.209s] Level 5:colcon.colcon_core.verb:set package 'ins_simulator' build argument 'ament_cmake_args' from command line to 'None'
[0.209s] Level 5:colcon.colcon_core.verb:set package 'ins_simulator' build argument 'catkin_cmake_args' from command line to 'None'
[0.209s] Level 5:colcon.colcon_core.verb:set package 'ins_simulator' build argument 'catkin_skip_building_tests' from command line to 'False'
[0.209s] DEBUG:colcon.colcon_core.verb:Building package 'ins_simulator' with the following arguments: {'ament_cmake_args': None, 'build_base': '/home/starry1n/WUTA/WUTA-SIM/build/ins_simulator', 'catkin_cmake_args': None, 'catkin_skip_building_tests': False, 'cmake_args': None, 'cmake_clean_cache': False, 'cmake_clean_first': False, 'cmake_force_configure': False, 'cmake_target': None, 'cmake_target_skip_unavailable': False, 'install_base': '/home/starry1n/WUTA/WUTA-SIM/install/ins_simulator', 'merge_install': False, 'path': '/home/starry1n/WUTA/WUTA-SIM/wuta-ins-simulator', 'symlink_install': True, 'test_result_base': None}
[0.209s] Level 5:colcon.colcon_core.verb:set package 'lidar_sim' build argument 'cmake_args' from command line to 'None'
[0.209s] Level 5:colcon.colcon_core.verb:set package 'lidar_sim' build argument 'cmake_target' from command line to 'None'
[0.209s] Level 5:colcon.colcon_core.verb:set package 'lidar_sim' build argument 'cmake_target_skip_unavailable' from command line to 'False'
[0.209s] Level 5:colcon.colcon_core.verb:set package 'lidar_sim' build argument 'cmake_clean_cache' from command line to 'False'
[0.209s] Level 5:colcon.colcon_core.verb:set package 'lidar_sim' build argument 'cmake_clean_first' from command line to 'False'
[0.209s] Level 5:colcon.colcon_core.verb:set package 'lidar_sim' build argument 'cmake_force_configure' from command line to 'False'
[0.209s] Level 5:colcon.colcon_core.verb:set package 'lidar_sim' build argument 'ament_cmake_args' from command line to 'None'
[0.209s] Level 5:colcon.colcon_core.verb:set package 'lidar_sim' build argument 'catkin_cmake_args' from command line to 'None'
[0.209s] Level 5:colcon.colcon_core.verb:set package 'lidar_sim' build argument 'catkin_skip_building_tests' from command line to 'False'
[0.209s] DEBUG:colcon.colcon_core.verb:Building package 'lidar_sim' with the following arguments: {'ament_cmake_args': None, 'build_base': '/home/starry1n/WUTA/WUTA-SIM/build/lidar_sim', 'catkin_cmake_args': None, 'catkin_skip_building_tests': False, 'cmake_args': None, 'cmake_clean_cache': False, 'cmake_clean_first': False, 'cmake_force_configure': False, 'cmake_target': None, 'cmake_target_skip_unavailable': False, 'install_base': '/home/starry1n/WUTA/WUTA-SIM/install/lidar_sim', 'merge_install': False, 'path': '/home/starry1n/WUTA/WUTA-SIM/perception_simulation', 'symlink_install': True, 'test_result_base': None}
[0.210s] Level 5:colcon.colcon_core.verb:set package 'vehicle_model' build argument 'cmake_args' from command line to 'None'
[0.210s] Level 5:colcon.colcon_core.verb:set package 'vehicle_model' build argument 'cmake_target' from command line to 'None'
[0.210s] Level 5:colcon.colcon_core.verb:set package 'vehicle_model' build argument 'cmake_target_skip_unavailable' from command line to 'False'
[0.210s] Level 5:colcon.colcon_core.verb:set package 'vehicle_model' build argument 'cmake_clean_cache' from command line to 'False'
[0.210s] Level 5:colcon.colcon_core.verb:set package 'vehicle_model' build argument 'cmake_clean_first' from command line to 'False'
[0.210s] Level 5:colcon.colcon_core.verb:set package 'vehicle_model' build argument 'cmake_force_configure' from command line to 'False'
[0.210s] Level 5:colcon.colcon_core.verb:set package 'vehicle_model' build argument 'ament_cmake_args' from command line to 'None'
[0.210s] Level 5:colcon.colcon_core.verb:set package 'vehicle_model' build argument 'catkin_cmake_args' from command line to 'None'
[0.210s] Level 5:colcon.colcon_core.verb:set package 'vehicle_model' build argument 'catkin_skip_building_tests' from command line to 'False'
[0.210s] DEBUG:colcon.colcon_core.verb:Building package 'vehicle_model' with the following arguments: {'ament_cmake_args': None, 'build_base': '/home/starry1n/WUTA/WUTA-SIM/build/vehicle_model', 'catkin_cmake_args': None, 'catkin_skip_building_tests': False, 'cmake_args': None, 'cmake_clean_cache': False, 'cmake_clean_first': False, 'cmake_force_configure': False, 'cmake_target': None, 'cmake_target_skip_unavailable': False, 'install_base': '/home/starry1n/WUTA/WUTA-SIM/install/vehicle_model', 'merge_install': False, 'path': '/home/starry1n/WUTA/WUTA-SIM/vehicle_model/src/vehicle_model', 'symlink_install': True, 'test_result_base': None}
[0.210s] Level 5:colcon.colcon_core.verb:set package 'simulator_bringup' build argument 'cmake_args' from command line to 'None'
[0.210s] Level 5:colcon.colcon_core.verb:set package 'simulator_bringup' build argument 'cmake_target' from command line to 'None'
[0.210s] Level 5:colcon.colcon_core.verb:set package 'simulator_bringup' build argument 'cmake_target_skip_unavailable' from command line to 'False'
[0.210s] Level 5:colcon.colcon_core.verb:set package 'simulator_bringup' build argument 'cmake_clean_cache' from command line to 'False'
[0.210s] Level 5:colcon.colcon_core.verb:set package 'simulator_bringup' build argument 'cmake_clean_first' from command line to 'False'
[0.210s] Level 5:colcon.colcon_core.verb:set package 'simulator_bringup' build argument 'cmake_force_configure' from command line to 'False'
[0.210s] Level 5:colcon.colcon_core.verb:set package 'simulator_bringup' build argument 'ament_cmake_args' from command line to 'None'
[0.210s] Level 5:colcon.colcon_core.verb:set package 'simulator_bringup' build argument 'catkin_cmake_args' from command line to 'None'
[0.210s] Level 5:colcon.colcon_core.verb:set package 'simulator_bringup' build argument 'catkin_skip_building_tests' from command line to 'False'
[0.210s] DEBUG:colcon.colcon_core.verb:Building package 'simulator_bringup' with the following arguments: {'ament_cmake_args': None, 'build_base': '/home/starry1n/WUTA/WUTA-SIM/build/simulator_bringup', 'catkin_cmake_args': None, 'catkin_skip_building_tests': False, 'cmake_args': None, 'cmake_clean_cache': False, 'cmake_clean_first': False, 'cmake_force_configure': False, 'cmake_target': None, 'cmake_target_skip_unavailable': False, 'install_base': '/home/starry1n/WUTA/WUTA-SIM/install/simulator_bringup', 'merge_install': False, 'path': '/home/starry1n/WUTA/WUTA-SIM/simulator_bringup', 'symlink_install': True, 'test_result_base': None}
[0.210s] INFO:colcon.colcon_core.executor:Executing jobs using 'parallel' executor
[0.211s] DEBUG:colcon.colcon_parallel_executor.executor.parallel:run_until_complete
[0.211s] INFO:colcon.colcon_ros.task.ament_python.build:Building ROS package in '/home/starry1n/WUTA/WUTA-SIM/can_simulator/src/can_simulator' with build type 'ament_python'
[0.211s] Level 1:colcon.colcon_core.shell:create_environment_hook('can_simulator', 'ament_prefix_path')
[0.213s] INFO:colcon.colcon_core.plugin_system:Skipping extension 'colcon_core.shell.bat': Not used on non-Windows systems
[0.213s] INFO:colcon.colcon_core.shell:Creating environment hook '/home/starry1n/WUTA/WUTA-SIM/install/can_simulator/share/can_simulator/hook/ament_prefix_path.ps1'
[0.213s] INFO:colcon.colcon_core.shell:Creating environment descriptor '/home/starry1n/WUTA/WUTA-SIM/install/can_simulator/share/can_simulator/hook/ament_prefix_path.dsv'
[0.214s] INFO:colcon.colcon_core.shell:Creating environment hook '/home/starry1n/WUTA/WUTA-SIM/install/can_simulator/share/can_simulator/hook/ament_prefix_path.sh'
[0.214s] INFO:colcon.colcon_core.shell:Skip shell extension 'powershell' for command environment: Not usable outside of PowerShell
[0.214s] DEBUG:colcon.colcon_core.shell:Skip shell extension 'dsv' for command environment
[0.217s] INFO:colcon.colcon_ros.task.ament_python.build:Building ROS package in '/home/starry1n/WUTA/WUTA-SIM/wuta-ins-simulator' with build type 'ament_python'
[0.217s] Level 1:colcon.colcon_core.shell:create_environment_hook('ins_simulator', 'ament_prefix_path')
[0.217s] INFO:colcon.colcon_core.shell:Creating environment hook '/home/starry1n/WUTA/WUTA-SIM/install/ins_simulator/share/ins_simulator/hook/ament_prefix_path.ps1'
[0.218s] INFO:colcon.colcon_core.shell:Creating environment descriptor '/home/starry1n/WUTA/WUTA-SIM/install/ins_simulator/share/ins_simulator/hook/ament_prefix_path.dsv'
[0.218s] INFO:colcon.colcon_core.shell:Creating environment hook '/home/starry1n/WUTA/WUTA-SIM/install/ins_simulator/share/ins_simulator/hook/ament_prefix_path.sh'
[0.219s] INFO:colcon.colcon_core.shell:Skip shell extension 'powershell' for command environment: Not usable outside of PowerShell
[0.219s] DEBUG:colcon.colcon_core.shell:Skip shell extension 'dsv' for command environment
[0.222s] INFO:colcon.colcon_ros.task.ament_python.build:Building ROS package in '/home/starry1n/WUTA/WUTA-SIM/perception_simulation' with build type 'ament_python'
[0.222s] Level 1:colcon.colcon_core.shell:create_environment_hook('lidar_sim', 'ament_prefix_path')
[0.222s] INFO:colcon.colcon_core.shell:Creating environment hook '/home/starry1n/WUTA/WUTA-SIM/install/lidar_sim/share/lidar_sim/hook/ament_prefix_path.ps1'
[0.222s] INFO:colcon.colcon_core.shell:Creating environment descriptor '/home/starry1n/WUTA/WUTA-SIM/install/lidar_sim/share/lidar_sim/hook/ament_prefix_path.dsv'
[0.223s] INFO:colcon.colcon_core.shell:Creating environment hook '/home/starry1n/WUTA/WUTA-SIM/install/lidar_sim/share/lidar_sim/hook/ament_prefix_path.sh'
[0.223s] INFO:colcon.colcon_core.shell:Skip shell extension 'powershell' for command environment: Not usable outside of PowerShell
[0.223s] DEBUG:colcon.colcon_core.shell:Skip shell extension 'dsv' for command environment
[0.226s] INFO:colcon.colcon_ros.task.ament_python.build:Building ROS package in '/home/starry1n/WUTA/WUTA-SIM/vehicle_model/src/vehicle_model' with build type 'ament_python'
[0.226s] Level 1:colcon.colcon_core.shell:create_environment_hook('vehicle_model', 'ament_prefix_path')
[0.226s] INFO:colcon.colcon_core.shell:Creating environment hook '/home/starry1n/WUTA/WUTA-SIM/install/vehicle_model/share/vehicle_model/hook/ament_prefix_path.ps1'
[0.227s] INFO:colcon.colcon_core.shell:Creating environment descriptor '/home/starry1n/WUTA/WUTA-SIM/install/vehicle_model/share/vehicle_model/hook/ament_prefix_path.dsv'
[0.227s] INFO:colcon.colcon_core.shell:Creating environment hook '/home/starry1n/WUTA/WUTA-SIM/install/vehicle_model/share/vehicle_model/hook/ament_prefix_path.sh'
[0.228s] INFO:colcon.colcon_core.shell:Skip shell extension 'powershell' for command environment: Not usable outside of PowerShell
[0.228s] DEBUG:colcon.colcon_core.shell:Skip shell extension 'dsv' for command environment
[0.370s] INFO:colcon.colcon_core.task.python.build:Building Python package in '/home/starry1n/WUTA/WUTA-SIM/can_simulator/src/can_simulator'
[0.371s] INFO:colcon.colcon_core.shell:Skip shell extension 'powershell' for command environment: Not usable outside of PowerShell
[0.371s] DEBUG:colcon.colcon_core.shell:Skip shell extension 'dsv' for command environment
[0.515s] INFO:colcon.colcon_core.task.python.build:Building Python package in '/home/starry1n/WUTA/WUTA-SIM/wuta-ins-simulator'
[0.515s] INFO:colcon.colcon_core.shell:Skip shell extension 'powershell' for command environment: Not usable outside of PowerShell
[0.515s] DEBUG:colcon.colcon_core.shell:Skip shell extension 'dsv' for command environment
[0.659s] INFO:colcon.colcon_core.task.python.build:Building Python package in '/home/starry1n/WUTA/WUTA-SIM/perception_simulation'
[0.659s] INFO:colcon.colcon_core.shell:Skip shell extension 'powershell' for command environment: Not usable outside of PowerShell
[0.659s] DEBUG:colcon.colcon_core.shell:Skip shell extension 'dsv' for command environment
[0.800s] INFO:colcon.colcon_core.task.python.build:Building Python package in '/home/starry1n/WUTA/WUTA-SIM/vehicle_model/src/vehicle_model'
[0.800s] INFO:colcon.colcon_core.shell:Skip shell extension 'powershell' for command environment: Not usable outside of PowerShell
[0.800s] DEBUG:colcon.colcon_core.shell:Skip shell extension 'dsv' for command environment
[1.011s] DEBUG:colcon.colcon_core.task.python.build:Available setuptools commands: install_egg_info, build_scripts, check, install_lib, install_headers, rotate, build_clib, easy_install, install_data, upload_docs, symlink_data, bdist_rpm, build_py, install, setopt, bdist_egg, saveopts, sdist, install_scripts, build_ext, build, test, clean, bdist_dumb, register, develop, upload, alias, dist_info, bdist, egg_info
[1.015s] DEBUG:colcon.colcon_core.task.python.build:Available setuptools commands: install_egg_info, build_scripts, check, install_lib, install_headers, rotate, build_clib, easy_install, install_data, upload_docs, symlink_data, bdist_rpm, build_py, install, setopt, bdist_egg, saveopts, sdist, install_scripts, build_ext, build, test, clean, bdist_dumb, register, develop, upload, alias, dist_info, bdist, egg_info
[1.019s] DEBUG:colcon.colcon_core.task.python.build:Available setuptools commands: install_egg_info, build_scripts, check, install_lib, install_headers, rotate, build_clib, easy_install, install_data, upload_docs, symlink_data, bdist_rpm, build_py, install, setopt, bdist_egg, saveopts, sdist, install_scripts, build_ext, build, test, clean, bdist_dumb, register, develop, upload, alias, dist_info, bdist, egg_info
[1.020s] DEBUG:colcon.colcon_core.task.python.build:Available setuptools commands: install_egg_info, build_scripts, check, install_lib, install_headers, rotate, build_clib, easy_install, install_data, upload_docs, symlink_data, bdist_rpm, build_py, install, setopt, bdist_egg, saveopts, sdist, install_scripts, build_ext, build, test, clean, bdist_dumb, register, develop, upload, alias, dist_info, bdist, egg_info
[1.202s] DEBUG:colcon.colcon_core.task.python.build:Available setuptools 'develop' options: --help, --zip-ok, --script-dir, --always-copy, --no-user-cfg, --multi-version, --no-find-links, --record, --upgrade, --always-unzip, --allow-hosts, --editable, --version, --local-snapshots-ok, --find-links, --exclude-scripts, --install-dir, --uninstall, --force-installation-into-system-dir, --no-deps, --index-url, --install-layout, --quiet, --site-dirs, --egg-path, --dry-run, --prefix, --verbose, --build-directory, --user, --optimize
[1.207s] DEBUG:colcon.colcon_core.event_handler.log_command:Invoking command in '/home/starry1n/WUTA/WUTA-SIM/build/vehicle_model': PYTHONPATH=/home/starry1n/WUTA/WUTA-SIM/build/vehicle_model/prefix_override:/usr/lib/python3/dist-packages/colcon_core/task/python/colcon_distutils_commands:/home/starry1n/WUTA/WUTA-SIM/install/vehicle_model/lib/python3.10/site-packages:${PYTHONPATH} /usr/bin/python3 -W ignore:setup.py install is deprecated -W ignore:easy_install command is deprecated setup.py develop --editable --build-directory /home/starry1n/WUTA/WUTA-SIM/build/vehicle_model/build --no-deps symlink_data
[1.207s] DEBUG:colcon.colcon_core.task.python.build:Available setuptools 'develop' options: --help, --zip-ok, --script-dir, --always-copy, --no-user-cfg, --multi-version, --no-find-links, --record, --upgrade, --always-unzip, --allow-hosts, --editable, --version, --local-snapshots-ok, --find-links, --exclude-scripts, --install-dir, --uninstall, --force-installation-into-system-dir, --no-deps, --index-url, --install-layout, --quiet, --site-dirs, --egg-path, --dry-run, --prefix, --verbose, --build-directory, --user, --optimize
[1.209s] DEBUG:colcon.colcon_core.event_handler.log_command:Invoking command in '/home/starry1n/WUTA/WUTA-SIM/build/lidar_sim': PYTHONPATH=/home/starry1n/WUTA/WUTA-SIM/build/lidar_sim/prefix_override:/usr/lib/python3/dist-packages/colcon_core/task/python/colcon_distutils_commands:/home/starry1n/WUTA/WUTA-SIM/install/lidar_sim/lib/python3.10/site-packages:${PYTHONPATH} /usr/bin/python3 -W ignore:setup.py install is deprecated -W ignore:easy_install command is deprecated setup.py develop --editable --build-directory /home/starry1n/WUTA/WUTA-SIM/build/lidar_sim/build --no-deps symlink_data
[1.212s] DEBUG:colcon.colcon_core.task.python.build:Available setuptools 'develop' options: --help, --zip-ok, --script-dir, --always-copy, --no-user-cfg, --multi-version, --no-find-links, --record, --upgrade, --always-unzip, --allow-hosts, --editable, --version, --local-snapshots-ok, --find-links, --exclude-scripts, --install-dir, --uninstall, --force-installation-into-system-dir, --no-deps, --index-url, --install-layout, --quiet, --site-dirs, --egg-path, --dry-run, --prefix, --verbose, --build-directory, --user, --optimize
[1.214s] DEBUG:colcon.colcon_core.event_handler.log_command:Invoking command in '/home/starry1n/WUTA/WUTA-SIM/build/ins_simulator': PYTHONPATH=/home/starry1n/WUTA/WUTA-SIM/build/ins_simulator/prefix_override:/usr/lib/python3/dist-packages/colcon_core/task/python/colcon_distutils_commands:/home/starry1n/WUTA/WUTA-SIM/install/ins_simulator/lib/python3.10/site-packages:${PYTHONPATH} /usr/bin/python3 -W ignore:setup.py install is deprecated -W ignore:easy_install command is deprecated setup.py develop --editable --build-directory /home/starry1n/WUTA/WUTA-SIM/build/ins_simulator/build --no-deps symlink_data
[1.218s] DEBUG:colcon.colcon_core.task.python.build:Available setuptools 'develop' options: --help, --zip-ok, --script-dir, --always-copy, --no-user-cfg, --multi-version, --no-find-links, --record, --upgrade, --always-unzip, --allow-hosts, --editable, --version, --local-snapshots-ok, --find-links, --exclude-scripts, --install-dir, --uninstall, --force-installation-into-system-dir, --no-deps, --index-url, --install-layout, --quiet, --site-dirs, --egg-path, --dry-run, --prefix, --verbose, --build-directory, --user, --optimize
[1.220s] DEBUG:colcon.colcon_core.event_handler.log_command:Invoking command in '/home/starry1n/WUTA/WUTA-SIM/build/can_simulator': PYTHONPATH=/home/starry1n/WUTA/WUTA-SIM/build/can_simulator/prefix_override:/usr/lib/python3/dist-packages/colcon_core/task/python/colcon_distutils_commands:/home/starry1n/WUTA/WUTA-SIM/install/can_simulator/lib/python3.10/site-packages:${PYTHONPATH} /usr/bin/python3 -W ignore:setup.py install is deprecated -W ignore:easy_install command is deprecated setup.py develop --editable --build-directory /home/starry1n/WUTA/WUTA-SIM/build/can_simulator/build --no-deps symlink_data
[1.496s] Level 1:colcon.colcon_core.shell:create_environment_hook('ins_simulator', 'pythonpath_develop')
[1.496s] DEBUG:colcon.colcon_core.event_handler.log_command:Invoked command in '/home/starry1n/WUTA/WUTA-SIM/build/ins_simulator' returned '0': PYTHONPATH=/home/starry1n/WUTA/WUTA-SIM/build/ins_simulator/prefix_override:/usr/lib/python3/dist-packages/colcon_core/task/python/colcon_distutils_commands:/home/starry1n/WUTA/WUTA-SIM/install/ins_simulator/lib/python3.10/site-packages:${PYTHONPATH} /usr/bin/python3 -W ignore:setup.py install is deprecated -W ignore:easy_install command is deprecated setup.py develop --editable --build-directory /home/starry1n/WUTA/WUTA-SIM/build/ins_simulator/build --no-deps symlink_data
[1.496s] INFO:colcon.colcon_core.shell:Creating environment hook '/home/starry1n/WUTA/WUTA-SIM/build/ins_simulator/share/ins_simulator/hook/pythonpath_develop.ps1'
[1.497s] INFO:colcon.colcon_core.shell:Creating environment descriptor '/home/starry1n/WUTA/WUTA-SIM/build/ins_simulator/share/ins_simulator/hook/pythonpath_develop.dsv'
[1.497s] INFO:colcon.colcon_core.shell:Creating environment hook '/home/starry1n/WUTA/WUTA-SIM/build/ins_simulator/share/ins_simulator/hook/pythonpath_develop.sh'
[1.499s] Level 1:colcon.colcon_core.environment:checking '/home/starry1n/WUTA/WUTA-SIM/install/ins_simulator' for CMake module files
[1.499s] Level 1:colcon.colcon_core.environment:checking '/home/starry1n/WUTA/WUTA-SIM/install/ins_simulator' for CMake config files
[1.501s] Level 1:colcon.colcon_core.environment:checking '/home/starry1n/WUTA/WUTA-SIM/install/ins_simulator/lib'
[1.501s] Level 1:colcon.colcon_core.environment:checking '/home/starry1n/WUTA/WUTA-SIM/install/ins_simulator/bin'
[1.501s] Level 1:colcon.colcon_core.environment:checking '/home/starry1n/WUTA/WUTA-SIM/install/ins_simulator/lib/pkgconfig/ins_simulator.pc'
[1.501s] Level 1:colcon.colcon_core.environment:checking '/home/starry1n/WUTA/WUTA-SIM/install/ins_simulator/lib/python3.10/site-packages'
[1.501s] Level 1:colcon.colcon_core.shell:create_environment_hook('ins_simulator', 'pythonpath')
[1.502s] INFO:colcon.colcon_core.shell:Creating environment hook '/home/starry1n/WUTA/WUTA-SIM/install/ins_simulator/share/ins_simulator/hook/pythonpath.ps1'
[1.503s] INFO:colcon.colcon_core.shell:Creating environment descriptor '/home/starry1n/WUTA/WUTA-SIM/install/ins_simulator/share/ins_simulator/hook/pythonpath.dsv'
[1.504s] INFO:colcon.colcon_core.shell:Creating environment hook '/home/starry1n/WUTA/WUTA-SIM/install/ins_simulator/share/ins_simulator/hook/pythonpath.sh'
[1.505s] Level 1:colcon.colcon_core.environment:checking '/home/starry1n/WUTA/WUTA-SIM/install/ins_simulator/bin'
[1.505s] Level 1:colcon.colcon_core.environment:create_environment_scripts_only(ins_simulator)
[1.506s] INFO:colcon.colcon_core.shell:Creating package script '/home/starry1n/WUTA/WUTA-SIM/install/ins_simulator/share/ins_simulator/package.ps1'
[1.507s] INFO:colcon.colcon_core.shell:Creating package descriptor '/home/starry1n/WUTA/WUTA-SIM/install/ins_simulator/share/ins_simulator/package.dsv'
[1.508s] INFO:colcon.colcon_core.shell:Creating package script '/home/starry1n/WUTA/WUTA-SIM/install/ins_simulator/share/ins_simulator/package.sh'
[1.508s] INFO:colcon.colcon_core.shell:Creating package script '/home/starry1n/WUTA/WUTA-SIM/install/ins_simulator/share/ins_simulator/package.bash'
[1.509s] INFO:colcon.colcon_core.shell:Creating package script '/home/starry1n/WUTA/WUTA-SIM/install/ins_simulator/share/ins_simulator/package.zsh'
[1.509s] Level 1:colcon.colcon_core.environment:create_file_with_runtime_dependencies(/home/starry1n/WUTA/WUTA-SIM/install/ins_simulator/share/colcon-core/packages/ins_simulator)
[1.511s] Level 1:colcon.colcon_core.shell:create_environment_hook('vehicle_model', 'pythonpath_develop')
[1.511s] INFO:colcon.colcon_core.shell:Creating environment hook '/home/starry1n/WUTA/WUTA-SIM/build/vehicle_model/share/vehicle_model/hook/pythonpath_develop.ps1'
[1.512s] DEBUG:colcon.colcon_core.event_handler.log_command:Invoked command in '/home/starry1n/WUTA/WUTA-SIM/build/vehicle_model' returned '0': PYTHONPATH=/home/starry1n/WUTA/WUTA-SIM/build/vehicle_model/prefix_override:/usr/lib/python3/dist-packages/colcon_core/task/python/colcon_distutils_commands:/home/starry1n/WUTA/WUTA-SIM/install/vehicle_model/lib/python3.10/site-packages:${PYTHONPATH} /usr/bin/python3 -W ignore:setup.py install is deprecated -W ignore:easy_install command is deprecated setup.py develop --editable --build-directory /home/starry1n/WUTA/WUTA-SIM/build/vehicle_model/build --no-deps symlink_data
[1.512s] INFO:colcon.colcon_core.shell:Creating environment descriptor '/home/starry1n/WUTA/WUTA-SIM/build/vehicle_model/share/vehicle_model/hook/pythonpath_develop.dsv'
[1.513s] INFO:colcon.colcon_core.shell:Creating environment hook '/home/starry1n/WUTA/WUTA-SIM/build/vehicle_model/share/vehicle_model/hook/pythonpath_develop.sh'
[1.514s] Level 1:colcon.colcon_core.environment:checking '/home/starry1n/WUTA/WUTA-SIM/install/vehicle_model' for CMake module files
[1.514s] Level 1:colcon.colcon_core.environment:checking '/home/starry1n/WUTA/WUTA-SIM/install/vehicle_model' for CMake config files
[1.515s] Level 1:colcon.colcon_core.environment:checking '/home/starry1n/WUTA/WUTA-SIM/install/vehicle_model/lib'
[1.515s] Level 1:colcon.colcon_core.environment:checking '/home/starry1n/WUTA/WUTA-SIM/install/vehicle_model/bin'
[1.515s] Level 1:colcon.colcon_core.environment:checking '/home/starry1n/WUTA/WUTA-SIM/install/vehicle_model/lib/pkgconfig/vehicle_model.pc'
[1.515s] Level 1:colcon.colcon_core.environment:checking '/home/starry1n/WUTA/WUTA-SIM/install/vehicle_model/lib/python3.10/site-packages'
[1.515s] Level 1:colcon.colcon_core.shell:create_environment_hook('vehicle_model', 'pythonpath')
[1.515s] INFO:colcon.colcon_core.shell:Creating environment hook '/home/starry1n/WUTA/WUTA-SIM/install/vehicle_model/share/vehicle_model/hook/pythonpath.ps1'
[1.515s] INFO:colcon.colcon_core.shell:Creating environment descriptor '/home/starry1n/WUTA/WUTA-SIM/install/vehicle_model/share/vehicle_model/hook/pythonpath.dsv'
[1.516s] INFO:colcon.colcon_core.shell:Creating environment hook '/home/starry1n/WUTA/WUTA-SIM/install/vehicle_model/share/vehicle_model/hook/pythonpath.sh'
[1.516s] Level 1:colcon.colcon_core.environment:checking '/home/starry1n/WUTA/WUTA-SIM/install/vehicle_model/bin'
[1.516s] Level 1:colcon.colcon_core.environment:create_environment_scripts_only(vehicle_model)
[1.516s] INFO:colcon.colcon_core.shell:Creating package script '/home/starry1n/WUTA/WUTA-SIM/install/vehicle_model/share/vehicle_model/package.ps1'
[1.517s] INFO:colcon.colcon_core.shell:Creating package descriptor '/home/starry1n/WUTA/WUTA-SIM/install/vehicle_model/share/vehicle_model/package.dsv'
[1.517s] INFO:colcon.colcon_core.shell:Creating package script '/home/starry1n/WUTA/WUTA-SIM/install/vehicle_model/share/vehicle_model/package.sh'
[1.518s] INFO:colcon.colcon_core.shell:Creating package script '/home/starry1n/WUTA/WUTA-SIM/install/vehicle_model/share/vehicle_model/package.bash'
[1.518s] INFO:colcon.colcon_core.shell:Creating package script '/home/starry1n/WUTA/WUTA-SIM/install/vehicle_model/share/vehicle_model/package.zsh'
[1.518s] Level 1:colcon.colcon_core.environment:create_file_with_runtime_dependencies(/home/starry1n/WUTA/WUTA-SIM/install/vehicle_model/share/colcon-core/packages/vehicle_model)
[1.519s] Level 1:colcon.colcon_core.shell:create_environment_hook('lidar_sim', 'pythonpath_develop')
[1.519s] INFO:colcon.colcon_core.shell:Creating environment hook '/home/starry1n/WUTA/WUTA-SIM/build/lidar_sim/share/lidar_sim/hook/pythonpath_develop.ps1'
[1.520s] DEBUG:colcon.colcon_core.event_handler.log_command:Invoked command in '/home/starry1n/WUTA/WUTA-SIM/build/lidar_sim' returned '0': PYTHONPATH=/home/starry1n/WUTA/WUTA-SIM/build/lidar_sim/prefix_override:/usr/lib/python3/dist-packages/colcon_core/task/python/colcon_distutils_commands:/home/starry1n/WUTA/WUTA-SIM/install/lidar_sim/lib/python3.10/site-packages:${PYTHONPATH} /usr/bin/python3 -W ignore:setup.py install is deprecated -W ignore:easy_install command is deprecated setup.py develop --editable --build-directory /home/starry1n/WUTA/WUTA-SIM/build/lidar_sim/build --no-deps symlink_data
[1.520s] INFO:colcon.colcon_core.shell:Creating environment descriptor '/home/starry1n/WUTA/WUTA-SIM/build/lidar_sim/share/lidar_sim/hook/pythonpath_develop.dsv'
[1.520s] INFO:colcon.colcon_core.shell:Creating environment hook '/home/starry1n/WUTA/WUTA-SIM/build/lidar_sim/share/lidar_sim/hook/pythonpath_develop.sh'
[1.521s] Level 1:colcon.colcon_core.environment:checking '/home/starry1n/WUTA/WUTA-SIM/install/lidar_sim' for CMake module files
[1.521s] Level 1:colcon.colcon_core.environment:checking '/home/starry1n/WUTA/WUTA-SIM/install/lidar_sim' for CMake config files
[1.521s] Level 1:colcon.colcon_core.environment:checking '/home/starry1n/WUTA/WUTA-SIM/install/lidar_sim/lib'
[1.521s] Level 1:colcon.colcon_core.environment:checking '/home/starry1n/WUTA/WUTA-SIM/install/lidar_sim/bin'
[1.521s] Level 1:colcon.colcon_core.environment:checking '/home/starry1n/WUTA/WUTA-SIM/install/lidar_sim/lib/pkgconfig/lidar_sim.pc'
[1.522s] Level 1:colcon.colcon_core.environment:checking '/home/starry1n/WUTA/WUTA-SIM/install/lidar_sim/lib/python3.10/site-packages'
[1.522s] Level 1:colcon.colcon_core.shell:create_environment_hook('lidar_sim', 'pythonpath')
[1.522s] INFO:colcon.colcon_core.shell:Creating environment hook '/home/starry1n/WUTA/WUTA-SIM/install/lidar_sim/share/lidar_sim/hook/pythonpath.ps1'
[1.522s] INFO:colcon.colcon_core.shell:Creating environment descriptor '/home/starry1n/WUTA/WUTA-SIM/install/lidar_sim/share/lidar_sim/hook/pythonpath.dsv'
[1.523s] INFO:colcon.colcon_core.shell:Creating environment hook '/home/starry1n/WUTA/WUTA-SIM/install/lidar_sim/share/lidar_sim/hook/pythonpath.sh'
[1.523s] Level 1:colcon.colcon_core.environment:checking '/home/starry1n/WUTA/WUTA-SIM/install/lidar_sim/bin'
[1.523s] Level 1:colcon.colcon_core.environment:create_environment_scripts_only(lidar_sim)
[1.523s] INFO:colcon.colcon_core.shell:Creating package script '/home/starry1n/WUTA/WUTA-SIM/install/lidar_sim/share/lidar_sim/package.ps1'
[1.524s] INFO:colcon.colcon_core.shell:Creating package descriptor '/home/starry1n/WUTA/WUTA-SIM/install/lidar_sim/share/lidar_sim/package.dsv'
[1.524s] INFO:colcon.colcon_core.shell:Creating package script '/home/starry1n/WUTA/WUTA-SIM/install/lidar_sim/share/lidar_sim/package.sh'
[1.524s] INFO:colcon.colcon_core.shell:Creating package script '/home/starry1n/WUTA/WUTA-SIM/install/lidar_sim/share/lidar_sim/package.bash'
[1.525s] INFO:colcon.colcon_core.shell:Creating package script '/home/starry1n/WUTA/WUTA-SIM/install/lidar_sim/share/lidar_sim/package.zsh'
[1.526s] Level 1:colcon.colcon_core.environment:create_file_with_runtime_dependencies(/home/starry1n/WUTA/WUTA-SIM/install/lidar_sim/share/colcon-core/packages/lidar_sim)
[1.527s] Level 1:colcon.colcon_core.shell:create_environment_hook('can_simulator', 'pythonpath_develop')
[1.527s] DEBUG:colcon.colcon_core.event_handler.log_command:Invoked command in '/home/starry1n/WUTA/WUTA-SIM/build/can_simulator' returned '0': PYTHONPATH=/home/starry1n/WUTA/WUTA-SIM/build/can_simulator/prefix_override:/usr/lib/python3/dist-packages/colcon_core/task/python/colcon_distutils_commands:/home/starry1n/WUTA/WUTA-SIM/install/can_simulator/lib/python3.10/site-packages:${PYTHONPATH} /usr/bin/python3 -W ignore:setup.py install is deprecated -W ignore:easy_install command is deprecated setup.py develop --editable --build-directory /home/starry1n/WUTA/WUTA-SIM/build/can_simulator/build --no-deps symlink_data
[1.527s] INFO:colcon.colcon_core.shell:Creating environment hook '/home/starry1n/WUTA/WUTA-SIM/build/can_simulator/share/can_simulator/hook/pythonpath_develop.ps1'
[1.528s] INFO:colcon.colcon_core.shell:Creating environment descriptor '/home/starry1n/WUTA/WUTA-SIM/build/can_simulator/share/can_simulator/hook/pythonpath_develop.dsv'
[1.528s] INFO:colcon.colcon_core.shell:Creating environment hook '/home/starry1n/WUTA/WUTA-SIM/build/can_simulator/share/can_simulator/hook/pythonpath_develop.sh'
[1.528s] Level 1:colcon.colcon_core.environment:checking '/home/starry1n/WUTA/WUTA-SIM/install/can_simulator' for CMake module files
[1.529s] Level 1:colcon.colcon_core.environment:checking '/home/starry1n/WUTA/WUTA-SIM/install/can_simulator' for CMake config files
[1.529s] Level 1:colcon.colcon_core.environment:checking '/home/starry1n/WUTA/WUTA-SIM/install/can_simulator/lib'
[1.529s] Level 1:colcon.colcon_core.environment:checking '/home/starry1n/WUTA/WUTA-SIM/install/can_simulator/bin'
[1.529s] Level 1:colcon.colcon_core.environment:checking '/home/starry1n/WUTA/WUTA-SIM/install/can_simulator/lib/pkgconfig/can_simulator.pc'
[1.529s] Level 1:colcon.colcon_core.environment:checking '/home/starry1n/WUTA/WUTA-SIM/install/can_simulator/lib/python3.10/site-packages'
[1.529s] Level 1:colcon.colcon_core.shell:create_environment_hook('can_simulator', 'pythonpath')
[1.529s] INFO:colcon.colcon_core.shell:Creating environment hook '/home/starry1n/WUTA/WUTA-SIM/install/can_simulator/share/can_simulator/hook/pythonpath.ps1'
[1.530s] INFO:colcon.colcon_core.shell:Creating environment descriptor '/home/starry1n/WUTA/WUTA-SIM/install/can_simulator/share/can_simulator/hook/pythonpath.dsv'
[1.530s] INFO:colcon.colcon_core.shell:Creating environment hook '/home/starry1n/WUTA/WUTA-SIM/install/can_simulator/share/can_simulator/hook/pythonpath.sh'
[1.530s] Level 1:colcon.colcon_core.environment:checking '/home/starry1n/WUTA/WUTA-SIM/install/can_simulator/bin'
[1.530s] Level 1:colcon.colcon_core.environment:create_environment_scripts_only(can_simulator)
[1.531s] INFO:colcon.colcon_core.shell:Creating package script '/home/starry1n/WUTA/WUTA-SIM/install/can_simulator/share/can_simulator/package.ps1'
[1.531s] INFO:colcon.colcon_core.shell:Creating package descriptor '/home/starry1n/WUTA/WUTA-SIM/install/can_simulator/share/can_simulator/package.dsv'
[1.531s] INFO:colcon.colcon_core.shell:Creating package script '/home/starry1n/WUTA/WUTA-SIM/install/can_simulator/share/can_simulator/package.sh'
[1.532s] INFO:colcon.colcon_core.shell:Creating package script '/home/starry1n/WUTA/WUTA-SIM/install/can_simulator/share/can_simulator/package.bash'
[1.532s] INFO:colcon.colcon_core.shell:Creating package script '/home/starry1n/WUTA/WUTA-SIM/install/can_simulator/share/can_simulator/package.zsh'
[1.532s] Level 1:colcon.colcon_core.environment:create_file_with_runtime_dependencies(/home/starry1n/WUTA/WUTA-SIM/install/can_simulator/share/colcon-core/packages/can_simulator)
[1.532s] INFO:colcon.colcon_ros.task.ament_python.build:Building ROS package in '/home/starry1n/WUTA/WUTA-SIM/simulator_bringup' with build type 'ament_python'
[1.532s] Level 1:colcon.colcon_core.shell:create_environment_hook('simulator_bringup', 'ament_prefix_path')
[1.533s] INFO:colcon.colcon_core.shell:Creating environment hook '/home/starry1n/WUTA/WUTA-SIM/install/simulator_bringup/share/simulator_bringup/hook/ament_prefix_path.ps1'
[1.533s] INFO:colcon.colcon_core.shell:Creating environment descriptor '/home/starry1n/WUTA/WUTA-SIM/install/simulator_bringup/share/simulator_bringup/hook/ament_prefix_path.dsv'
[1.533s] INFO:colcon.colcon_core.shell:Creating environment hook '/home/starry1n/WUTA/WUTA-SIM/install/simulator_bringup/share/simulator_bringup/hook/ament_prefix_path.sh'
[1.534s] INFO:colcon.colcon_core.shell:Skip shell extension 'powershell' for command environment: Not usable outside of PowerShell
[1.534s] DEBUG:colcon.colcon_core.shell:Skip shell extension 'dsv' for command environment
[1.694s] INFO:colcon.colcon_core.task.python.build:Building Python package in '/home/starry1n/WUTA/WUTA-SIM/simulator_bringup'
[1.694s] INFO:colcon.colcon_core.shell:Skip shell extension 'powershell' for command environment: Not usable outside of PowerShell
[1.694s] DEBUG:colcon.colcon_core.shell:Skip shell extension 'dsv' for command environment
[1.892s] DEBUG:colcon.colcon_core.task.python.build:Available setuptools commands: install_egg_info, build_scripts, check, install_lib, install_headers, rotate, build_clib, easy_install, install_data, upload_docs, symlink_data, bdist_rpm, build_py, install, setopt, bdist_egg, saveopts, sdist, install_scripts, build_ext, build, test, clean, bdist_dumb, register, develop, upload, alias, dist_info, bdist, egg_info
[2.058s] DEBUG:colcon.colcon_core.task.python.build:Available setuptools 'develop' options: --help, --zip-ok, --script-dir, --always-copy, --no-user-cfg, --multi-version, --no-find-links, --record, --upgrade, --always-unzip, --allow-hosts, --editable, --version, --local-snapshots-ok, --find-links, --exclude-scripts, --install-dir, --uninstall, --force-installation-into-system-dir, --no-deps, --index-url, --install-layout, --quiet, --site-dirs, --egg-path, --dry-run, --prefix, --verbose, --build-directory, --user, --optimize
[2.061s] DEBUG:colcon.colcon_core.event_handler.log_command:Invoking command in '/home/starry1n/WUTA/WUTA-SIM/build/simulator_bringup': AMENT_PREFIX_PATH=/home/starry1n/WUTA/WUTA-SIM/install/vehicle_model:/home/starry1n/WUTA/WUTA-SIM/install/lidar_sim:/home/starry1n/WUTA/WUTA-SIM/install/ins_simulator:/home/starry1n/WUTA/WUTA-SIM/install/can_simulator:${AMENT_PREFIX_PATH} PYTHONPATH=/home/starry1n/WUTA/WUTA-SIM/build/simulator_bringup/prefix_override:/usr/lib/python3/dist-packages/colcon_core/task/python/colcon_distutils_commands:/home/starry1n/WUTA/WUTA-SIM/install/simulator_bringup/lib/python3.10/site-packages:/home/starry1n/WUTA/WUTA-SIM/build/vehicle_model:/home/starry1n/WUTA/WUTA-SIM/install/vehicle_model/lib/python3.10/site-packages:/home/starry1n/WUTA/WUTA-SIM/build/lidar_sim:/home/starry1n/WUTA/WUTA-SIM/install/lidar_sim/lib/python3.10/site-packages:/home/starry1n/WUTA/WUTA-SIM/build/ins_simulator:/home/starry1n/WUTA/WUTA-SIM/install/ins_simulator/lib/python3.10/site-packages:/home/starry1n/WUTA/WUTA-SIM/build/can_simulator:/home/starry1n/WUTA/WUTA-SIM/install/can_simulator/lib/python3.10/site-packages:${PYTHONPATH} /usr/bin/python3 -W ignore:setup.py install is deprecated -W ignore:easy_install command is deprecated setup.py develop --editable --build-directory /home/starry1n/WUTA/WUTA-SIM/build/simulator_bringup/build --no-deps symlink_data
[2.311s] Level 1:colcon.colcon_core.shell:create_environment_hook('simulator_bringup', 'pythonpath_develop')
[2.311s] INFO:colcon.colcon_core.shell:Creating environment hook '/home/starry1n/WUTA/WUTA-SIM/build/simulator_bringup/share/simulator_bringup/hook/pythonpath_develop.ps1'
[2.312s] DEBUG:colcon.colcon_core.event_handler.log_command:Invoked command in '/home/starry1n/WUTA/WUTA-SIM/build/simulator_bringup' returned '0': AMENT_PREFIX_PATH=/home/starry1n/WUTA/WUTA-SIM/install/vehicle_model:/home/starry1n/WUTA/WUTA-SIM/install/lidar_sim:/home/starry1n/WUTA/WUTA-SIM/install/ins_simulator:/home/starry1n/WUTA/WUTA-SIM/install/can_simulator:${AMENT_PREFIX_PATH} PYTHONPATH=/home/starry1n/WUTA/WUTA-SIM/build/simulator_bringup/prefix_override:/usr/lib/python3/dist-packages/colcon_core/task/python/colcon_distutils_commands:/home/starry1n/WUTA/WUTA-SIM/install/simulator_bringup/lib/python3.10/site-packages:/home/starry1n/WUTA/WUTA-SIM/build/vehicle_model:/home/starry1n/WUTA/WUTA-SIM/install/vehicle_model/lib/python3.10/site-packages:/home/starry1n/WUTA/WUTA-SIM/build/lidar_sim:/home/starry1n/WUTA/WUTA-SIM/install/lidar_sim/lib/python3.10/site-packages:/home/starry1n/WUTA/WUTA-SIM/build/ins_simulator:/home/starry1n/WUTA/WUTA-SIM/install/ins_simulator/lib/python3.10/site-packages:/home/starry1n/WUTA/WUTA-SIM/build/can_simulator:/home/starry1n/WUTA/WUTA-SIM/install/can_simulator/lib/python3.10/site-packages:${PYTHONPATH} /usr/bin/python3 -W ignore:setup.py install is deprecated -W ignore:easy_install command is deprecated setup.py develop --editable --build-directory /home/starry1n/WUTA/WUTA-SIM/build/simulator_bringup/build --no-deps symlink_data
[2.312s] INFO:colcon.colcon_core.shell:Creating environment descriptor '/home/starry1n/WUTA/WUTA-SIM/build/simulator_bringup/share/simulator_bringup/hook/pythonpath_develop.dsv'
[2.312s] INFO:colcon.colcon_core.shell:Creating environment hook '/home/starry1n/WUTA/WUTA-SIM/build/simulator_bringup/share/simulator_bringup/hook/pythonpath_develop.sh'
[2.313s] Level 1:colcon.colcon_core.environment:checking '/home/starry1n/WUTA/WUTA-SIM/install/simulator_bringup' for CMake module files
[2.313s] Level 1:colcon.colcon_core.environment:checking '/home/starry1n/WUTA/WUTA-SIM/install/simulator_bringup' for CMake config files
[2.313s] Level 1:colcon.colcon_core.environment:checking '/home/starry1n/WUTA/WUTA-SIM/install/simulator_bringup/lib'
[2.313s] Level 1:colcon.colcon_core.environment:checking '/home/starry1n/WUTA/WUTA-SIM/install/simulator_bringup/bin'
[2.313s] Level 1:colcon.colcon_core.environment:checking '/home/starry1n/WUTA/WUTA-SIM/install/simulator_bringup/lib/pkgconfig/simulator_bringup.pc'
[2.313s] Level 1:colcon.colcon_core.environment:checking '/home/starry1n/WUTA/WUTA-SIM/install/simulator_bringup/lib/python3.10/site-packages'
[2.313s] Level 1:colcon.colcon_core.shell:create_environment_hook('simulator_bringup', 'pythonpath')
[2.313s] INFO:colcon.colcon_core.shell:Creating environment hook '/home/starry1n/WUTA/WUTA-SIM/install/simulator_bringup/share/simulator_bringup/hook/pythonpath.ps1'
[2.314s] INFO:colcon.colcon_core.shell:Creating environment descriptor '/home/starry1n/WUTA/WUTA-SIM/install/simulator_bringup/share/simulator_bringup/hook/pythonpath.dsv'
[2.314s] INFO:colcon.colcon_core.shell:Creating environment hook '/home/starry1n/WUTA/WUTA-SIM/install/simulator_bringup/share/simulator_bringup/hook/pythonpath.sh'
[2.314s] Level 1:colcon.colcon_core.environment:checking '/home/starry1n/WUTA/WUTA-SIM/install/simulator_bringup/bin'
[2.314s] Level 1:colcon.colcon_core.environment:create_environment_scripts_only(simulator_bringup)
[2.315s] INFO:colcon.colcon_core.shell:Creating package script '/home/starry1n/WUTA/WUTA-SIM/install/simulator_bringup/share/simulator_bringup/package.ps1'
[2.315s] INFO:colcon.colcon_core.shell:Creating package descriptor '/home/starry1n/WUTA/WUTA-SIM/install/simulator_bringup/share/simulator_bringup/package.dsv'
[2.315s] INFO:colcon.colcon_core.shell:Creating package script '/home/starry1n/WUTA/WUTA-SIM/install/simulator_bringup/share/simulator_bringup/package.sh'
[2.315s] INFO:colcon.colcon_core.shell:Creating package script '/home/starry1n/WUTA/WUTA-SIM/install/simulator_bringup/share/simulator_bringup/package.bash'
[2.316s] INFO:colcon.colcon_core.shell:Creating package script '/home/starry1n/WUTA/WUTA-SIM/install/simulator_bringup/share/simulator_bringup/package.zsh'
[2.316s] Level 1:colcon.colcon_core.environment:create_file_with_runtime_dependencies(/home/starry1n/WUTA/WUTA-SIM/install/simulator_bringup/share/colcon-core/packages/simulator_bringup)
[2.316s] DEBUG:colcon.colcon_parallel_executor.executor.parallel:closing loop
[2.317s] DEBUG:colcon.colcon_parallel_executor.executor.parallel:loop closed
[2.317s] DEBUG:colcon.colcon_parallel_executor.executor.parallel:run_until_complete finished with '0'
[2.317s] DEBUG:colcon.colcon_core.event_reactor:joining thread
[2.327s] INFO:colcon.colcon_core.plugin_system:Skipping extension 'colcon_notification.desktop_notification.terminal_notifier': Not used on non-Darwin systems
[2.327s] INFO:colcon.colcon_core.plugin_system:Skipping extension 'colcon_notification.desktop_notification.win32': Not used on non-Windows systems
[2.327s] INFO:colcon.colcon_notification.desktop_notification:Sending desktop notification using 'notify2'
[2.334s] DEBUG:colcon.colcon_core.event_reactor:joined thread
[2.334s] INFO:colcon.colcon_core.shell:Creating prefix script '/home/starry1n/WUTA/WUTA-SIM/install/local_setup.ps1'
[2.335s] INFO:colcon.colcon_core.shell:Creating prefix util module '/home/starry1n/WUTA/WUTA-SIM/install/_local_setup_util_ps1.py'
[2.336s] INFO:colcon.colcon_core.shell:Creating prefix chain script '/home/starry1n/WUTA/WUTA-SIM/install/setup.ps1'
[2.337s] INFO:colcon.colcon_core.shell:Creating prefix script '/home/starry1n/WUTA/WUTA-SIM/install/local_setup.sh'
[2.337s] INFO:colcon.colcon_core.shell:Creating prefix util module '/home/starry1n/WUTA/WUTA-SIM/install/_local_setup_util_sh.py'
[2.338s] INFO:colcon.colcon_core.shell:Creating prefix chain script '/home/starry1n/WUTA/WUTA-SIM/install/setup.sh'
[2.339s] INFO:colcon.colcon_core.shell:Creating prefix script '/home/starry1n/WUTA/WUTA-SIM/install/local_setup.bash'
[2.339s] INFO:colcon.colcon_core.shell:Creating prefix chain script '/home/starry1n/WUTA/WUTA-SIM/install/setup.bash'
[2.340s] INFO:colcon.colcon_core.shell:Creating prefix script '/home/starry1n/WUTA/WUTA-SIM/install/local_setup.zsh'
[2.340s] INFO:colcon.colcon_core.shell:Creating prefix chain script '/home/starry1n/WUTA/WUTA-SIM/install/setup.zsh'
